[1562957398.520][INFO]: Starting ChromeDriver 75.0.3770.90 (a6dcaf7e3ec6f70a194cc25e8149475c6590e025-refs/branch-heads/3770@{#1003})
[1562957398.520][INFO]: Please protect ports used by ChromeDriver and related test frameworks to prevent access by malicious code.
[1562957398.847][INFO]: [1655e1d914f99e3db790bf2b4b180798] COMMAND InitSession {
   "capabilities": {
      "firstMatch": [ {
         "browserName": "chrome",
         "goog:chromeOptions": {
            "args": [  ],
            "extensions": [  ]
         }
      } ]
   },
   "desiredCapabilities": {
      "browserName": "chrome",
      "goog:chromeOptions": {
         "args": [  ],
         "extensions": [  ]
      }
   }
}
[1562957398.864][INFO]: Populating Preferences file: {
   "alternate_error_pages": {
      "enabled": false
   },
   "autofill": {
      "enabled": false
   },
   "browser": {
      "check_default_browser": false
   },
   "distribution": {
      "import_bookmarks": false,
      "import_history": false,
      "import_search_engine": false,
      "make_chrome_default_for_user": false,
      "skip_first_run_ui": true
   },
   "dns_prefetching": {
      "enabled": false
   },
   "profile": {
      "content_settings": {
         "pattern_pairs": {
            "https://*,*": {
               "media-stream": {
                  "audio": "Default",
                  "video": "Default"
               }
            }
         }
      },
      "default_content_setting_values": {
         "geolocation": 1
      },
      "default_content_settings": {
         "geolocation": 1,
         "mouselock": 1,
         "notifications": 1,
         "popups": 1,
         "ppapi-broker": 1
      },
      "password_manager_enabled": false
   },
   "safebrowsing": {
      "enabled": false
   },
   "search": {
      "suggest_enabled": false
   },
   "translate": {
      "enabled": false
   }
}
[1562957398.876][INFO]: Populating Local State file: {
   "background_mode": {
      "enabled": false
   },
   "ssl": {
      "rev_checking": {
         "enabled": false
      }
   }
}
[1562957398.888][INFO]: Launching chrome: "C:\Program Files (x86)\Google\Chrome\Application\chrome.exe" --disable-background-networking --disable-client-side-phishing-detection --disable-default-apps --disable-hang-monitor --disable-popup-blocking --disable-prompt-on-repost --disable-sync --disable-web-resources --enable-automation --enable-blink-features=ShadowDOMV0 --enable-logging --force-fieldtrials=SiteIsolationExtensions/Control --ignore-certificate-errors --load-extension="C:\Users\Adrian\AppData\Local\Temp\scoped_dir16056_52\internal" --log-level=0 --no-first-run --password-store=basic --remote-debugging-port=0 --test-type=webdriver --use-mock-keychain --user-data-dir="C:\Users\Adrian\AppData\Local\Temp\scoped_dir16056_13128" data:,
[1562957400.503][INFO]: resolved localhost to ["::1","127.0.0.1"]
[1562957401.569][INFO]: [1655e1d914f99e3db790bf2b4b180798] RESPONSE InitSession {
   "capabilities": {
      "acceptInsecureCerts": false,
      "browserName": "chrome",
      "browserVersion": "75.0.3770.100",
      "chrome": {
         "chromedriverVersion": "75.0.3770.90 (a6dcaf7e3ec6f70a194cc25e8149475c6590e025-refs/branch-heads/3770@{#1003})",
         "userDataDir": "C:\\Users\\Adrian\\AppData\\Local\\Temp\\scoped_dir16056_13128"
      },
      "goog:chromeOptions": {
         "debuggerAddress": "localhost:53935"
      },
      "networkConnectionEnabled": false,
      "pageLoadStrategy": "normal",
      "platformName": "windows nt",
      "proxy": {

      },
      "setWindowRect": true,
      "strictFileInteractability": false,
      "timeouts": {
         "implicit": 0,
         "pageLoad": 300000,
         "script": 30000
      },
      "unhandledPromptBehavior": "dismiss and notify"
   },
   "sessionId": "1655e1d914f99e3db790bf2b4b180798"
}
[1562957401.580][INFO]: [1655e1d914f99e3db790bf2b4b180798] COMMAND MaximizeWindow {

}
[1562957401.580][INFO]: Waiting for pending navigations...
[1562957401.600][INFO]: Done waiting for pending navigations. Status: ok
[1562957401.601][INFO]: resolved localhost to ["::1","127.0.0.1"]
[1562957402.756][INFO]: Waiting for pending navigations...
[1562957402.758][INFO]: Done waiting for pending navigations. Status: ok
[1562957402.758][INFO]: [1655e1d914f99e3db790bf2b4b180798] RESPONSE MaximizeWindow {
   "height": 744,
   "width": 1382,
   "x": -8,
   "y": -8
}
[1562957402.763][INFO]: [1655e1d914f99e3db790bf2b4b180798] COMMAND SetTimeouts {
   "implicit": 5000
}
[1562957402.763][INFO]: [1655e1d914f99e3db790bf2b4b180798] RESPONSE SetTimeouts
[1562957402.768][INFO]: [1655e1d914f99e3db790bf2b4b180798] COMMAND Navigate {
   "url": "https://app.dev.drillinginfo.com/courthouse/"
}
[1562957402.768][INFO]: Waiting for pending navigations...
[1562957402.770][INFO]: Done waiting for pending navigations. Status: ok
[1562957403.626][INFO]: Waiting for pending navigations...
[1562957412.712][INFO]: Done waiting for pending navigations. Status: ok
[1562957412.712][INFO]: [1655e1d914f99e3db790bf2b4b180798] RESPONSE Navigate
[1562957412.727][INFO]: [1655e1d914f99e3db790bf2b4b180798] COMMAND FindElements {
   "using": "xpath",
   "value": "//p[@class='signInText-login']"
}
[1562957412.727][INFO]: Waiting for pending navigations...
[1562957412.741][INFO]: Done waiting for pending navigations. Status: ok
[1562957412.765][INFO]: Waiting for pending navigations...
[1562957412.768][INFO]: Done waiting for pending navigations. Status: ok
[1562957412.769][INFO]: [1655e1d914f99e3db790bf2b4b180798] RESPONSE FindElements [ {
   "element-6066-11e4-a52e-4f735466cecf": "8f579f46-e974-41a5-bcac-2da8b2c82ee7"
} ]
[1562957412.849][INFO]: [1655e1d914f99e3db790bf2b4b180798] COMMAND ExecuteScript {
   "args": [ {
      "element-6066-11e4-a52e-4f735466cecf": "8f579f46-e974-41a5-bcac-2da8b2c82ee7"
   } ],
   "script": "return (function(){return function(){var k=this;function l(a){return void 0!==a}function m(a){return\"string\"==typeof a}function aa(a,b){a=a.split(\".\");var c=k;a[0]in c||!c.execScript||c.execScript(..."
}
[1562957412.849][INFO]: Waiting for pending navigations...
[1562957412.851][INFO]: Done waiting for pending navigations. Status: ok
[1562957412.875][INFO]: Waiting for pending navigations...
[1562957412.876][INFO]: Done waiting for pending navigations. Status: ok
[1562957412.876][INFO]: [1655e1d914f99e3db790bf2b4b180798] RESPONSE ExecuteScript true
[1562957412.881][INFO]: [1655e1d914f99e3db790bf2b4b180798] COMMAND SetTimeouts {
   "implicit": 0
}
[1562957412.881][INFO]: [1655e1d914f99e3db790bf2b4b180798] RESPONSE SetTimeouts
[1562957412.888][INFO]: [1655e1d914f99e3db790bf2b4b180798] COMMAND FindElement {
   "using": "css selector",
   "value": "#username"
}
[1562957412.888][INFO]: Waiting for pending navigations...
[1562957412.913][INFO]: Done waiting for pending navigations. Status: ok
[1562957412.988][INFO]: Waiting for pending navigations...
[1562957413.064][INFO]: Done waiting for pending navigations. Status: ok
[1562957413.064][INFO]: [1655e1d914f99e3db790bf2b4b180798] RESPONSE FindElement {
   "element-6066-11e4-a52e-4f735466cecf": "30c4a7ad-6742-401b-8afa-017b336675c2"
}
[1562957413.069][INFO]: [1655e1d914f99e3db790bf2b4b180798] COMMAND FindElement {
   "using": "css selector",
   "value": "#username"
}
[1562957413.069][INFO]: Waiting for pending navigations...
[1562957413.074][INFO]: Done waiting for pending navigations. Status: ok
[1562957413.083][INFO]: Waiting for pending navigations...
[1562957413.085][INFO]: Done waiting for pending navigations. Status: ok
[1562957413.085][INFO]: [1655e1d914f99e3db790bf2b4b180798] RESPONSE FindElement {
   "element-6066-11e4-a52e-4f735466cecf": "30c4a7ad-6742-401b-8afa-017b336675c2"
}
[1562957413.089][INFO]: [1655e1d914f99e3db790bf2b4b180798] COMMAND TypeElement {
   "id": "30c4a7ad-6742-401b-8afa-017b336675c2",
   "text": "diplus2",
   "value": [ "d", "i", "p", "l", "u", "s", "2" ]
}
[1562957413.089][INFO]: Waiting for pending navigations...
[1562957413.090][INFO]: Done waiting for pending navigations. Status: ok
[1562957413.206][INFO]: Waiting for pending navigations...
[1562957413.209][INFO]: Done waiting for pending navigations. Status: ok
[1562957413.209][INFO]: [1655e1d914f99e3db790bf2b4b180798] RESPONSE TypeElement
[1562957413.213][INFO]: [1655e1d914f99e3db790bf2b4b180798] COMMAND SetTimeouts {
   "implicit": 0
}
[1562957413.213][INFO]: [1655e1d914f99e3db790bf2b4b180798] RESPONSE SetTimeouts
[1562957413.220][INFO]: [1655e1d914f99e3db790bf2b4b180798] COMMAND FindElement {
   "using": "css selector",
   "value": "#password"
}
[1562957413.220][INFO]: Waiting for pending navigations...
[1562957413.222][INFO]: Done waiting for pending navigations. Status: ok
[1562957413.248][INFO]: Waiting for pending navigations...
[1562957413.250][INFO]: Done waiting for pending navigations. Status: ok
[1562957413.250][INFO]: [1655e1d914f99e3db790bf2b4b180798] RESPONSE FindElement {
   "element-6066-11e4-a52e-4f735466cecf": "74ec6cb0-de4c-4481-87a1-ed94b816af40"
}
[1562957413.255][INFO]: [1655e1d914f99e3db790bf2b4b180798] COMMAND FindElement {
   "using": "css selector",
   "value": "#password"
}
[1562957413.255][INFO]: Waiting for pending navigations...
[1562957413.257][INFO]: Done waiting for pending navigations. Status: ok
[1562957413.267][INFO]: Waiting for pending navigations...
[1562957413.272][INFO]: Done waiting for pending navigations. Status: ok
[1562957413.272][INFO]: [1655e1d914f99e3db790bf2b4b180798] RESPONSE FindElement {
   "element-6066-11e4-a52e-4f735466cecf": "74ec6cb0-de4c-4481-87a1-ed94b816af40"
}
[1562957413.277][INFO]: [1655e1d914f99e3db790bf2b4b180798] COMMAND TypeElement {
   "id": "74ec6cb0-de4c-4481-87a1-ed94b816af40",
   "text": "drillin6",
   "value": [ "d", "r", "i", "l", "l", "i", "n", "6" ]
}
[1562957413.277][INFO]: Waiting for pending navigations...
[1562957413.280][INFO]: Done waiting for pending navigations. Status: ok
[1562957413.400][INFO]: Waiting for pending navigations...
[1562957413.427][INFO]: Done waiting for pending navigations. Status: ok
[1562957413.428][INFO]: [1655e1d914f99e3db790bf2b4b180798] RESPONSE TypeElement
[1562957414.445][INFO]: [1655e1d914f99e3db790bf2b4b180798] COMMAND FindElements {
   "using": "css selector",
   "value": "#login"
}
[1562957414.445][INFO]: Waiting for pending navigations...
[1562957414.446][INFO]: Done waiting for pending navigations. Status: ok
[1562957414.472][INFO]: Waiting for pending navigations...
[1562957414.476][INFO]: Done waiting for pending navigations. Status: ok
[1562957414.476][INFO]: [1655e1d914f99e3db790bf2b4b180798] RESPONSE FindElements [ {
   "element-6066-11e4-a52e-4f735466cecf": "9ebc5e21-2ae2-461b-a8b7-74d66c694c8b"
} ]
[1562957414.480][INFO]: [1655e1d914f99e3db790bf2b4b180798] COMMAND ClickElement {
   "id": "9ebc5e21-2ae2-461b-a8b7-74d66c694c8b"
}
[1562957414.480][INFO]: Waiting for pending navigations...
[1562957414.481][INFO]: Done waiting for pending navigations. Status: ok
[1562957414.774][INFO]: Waiting for pending navigations...
[1562957425.123][INFO]: Done waiting for pending navigations. Status: ok
[1562957425.123][INFO]: [1655e1d914f99e3db790bf2b4b180798] RESPONSE ClickElement
[1562957425.127][INFO]: [1655e1d914f99e3db790bf2b4b180798] COMMAND FindElements {
   "using": "xpath",
   "value": "//div[@class='di-app-loading-message']"
}
[1562957425.127][INFO]: Waiting for pending navigations...
[1562957425.129][INFO]: Done waiting for pending navigations. Status: ok
[1562957425.171][INFO]: Waiting for pending navigations...
[1562957425.199][INFO]: Done waiting for pending navigations. Status: ok
[1562957425.199][INFO]: [1655e1d914f99e3db790bf2b4b180798] RESPONSE FindElements [ {
   "element-6066-11e4-a52e-4f735466cecf": "50b95c79-a4b8-49cd-90fc-2ae67767393a"
} ]
[1562957425.229][INFO]: [1655e1d914f99e3db790bf2b4b180798] COMMAND ExecuteScript {
   "args": [ {
      "element-6066-11e4-a52e-4f735466cecf": "50b95c79-a4b8-49cd-90fc-2ae67767393a"
   } ],
   "script": "return (function(){return function(){var k=this;function l(a){return void 0!==a}function m(a){return\"string\"==typeof a}function aa(a,b){a=a.split(\".\");var c=k;a[0]in c||!c.execScript||c.execScript(..."
}
[1562957425.229][INFO]: Waiting for pending navigations...
[1562957425.232][INFO]: Done waiting for pending navigations. Status: ok
[1562957425.268][INFO]: Waiting for pending navigations...
[1562957425.270][INFO]: Done waiting for pending navigations. Status: ok
[1562957425.270][INFO]: [1655e1d914f99e3db790bf2b4b180798] RESPONSE ExecuteScript true
[1562957425.775][INFO]: [1655e1d914f99e3db790bf2b4b180798] COMMAND FindElements {
   "using": "xpath",
   "value": "//div[@class='di-app-loading-message']"
}
[1562957425.776][INFO]: Waiting for pending navigations...
[1562957425.826][INFO]: Done waiting for pending navigations. Status: ok
[1562957425.839][INFO]: Waiting for pending navigations...
[1562957425.841][INFO]: Done waiting for pending navigations. Status: ok
[1562957425.841][INFO]: [1655e1d914f99e3db790bf2b4b180798] RESPONSE FindElements [ {
   "element-6066-11e4-a52e-4f735466cecf": "38ead68e-54ad-437f-95b5-34b5283ebb50"
} ]
[1562957425.869][INFO]: [1655e1d914f99e3db790bf2b4b180798] COMMAND ExecuteScript {
   "args": [ {
      "element-6066-11e4-a52e-4f735466cecf": "38ead68e-54ad-437f-95b5-34b5283ebb50"
   } ],
   "script": "return (function(){return function(){var k=this;function l(a){return void 0!==a}function m(a){return\"string\"==typeof a}function aa(a,b){a=a.split(\".\");var c=k;a[0]in c||!c.execScript||c.execScript(..."
}
[1562957425.869][INFO]: Waiting for pending navigations...
[1562957425.872][INFO]: Done waiting for pending navigations. Status: ok
[1562957425.936][INFO]: Waiting for pending navigations...
[1562957425.996][INFO]: Done waiting for pending navigations. Status: ok
[1562957425.996][INFO]: [1655e1d914f99e3db790bf2b4b180798] RESPONSE ExecuteScript true
[1562957426.502][INFO]: [1655e1d914f99e3db790bf2b4b180798] COMMAND FindElements {
   "using": "xpath",
   "value": "//div[@class='di-app-loading-message']"
}
[1562957426.503][INFO]: Waiting for pending navigations...
[1562957426.516][INFO]: Done waiting for pending navigations. Status: ok
[1562957426.535][INFO]: Waiting for pending navigations...
[1562957426.547][INFO]: Done waiting for pending navigations. Status: ok
[1562957426.547][INFO]: [1655e1d914f99e3db790bf2b4b180798] RESPONSE FindElements [ {
   "element-6066-11e4-a52e-4f735466cecf": "38ead68e-54ad-437f-95b5-34b5283ebb50"
} ]
[1562957426.573][INFO]: [1655e1d914f99e3db790bf2b4b180798] COMMAND ExecuteScript {
   "args": [ {
      "element-6066-11e4-a52e-4f735466cecf": "38ead68e-54ad-437f-95b5-34b5283ebb50"
   } ],
   "script": "return (function(){return function(){var k=this;function l(a){return void 0!==a}function m(a){return\"string\"==typeof a}function aa(a,b){a=a.split(\".\");var c=k;a[0]in c||!c.execScript||c.execScript(..."
}
[1562957426.573][INFO]: Waiting for pending navigations...
[1562957426.607][INFO]: Done waiting for pending navigations. Status: ok
[1562957426.660][INFO]: Waiting for pending navigations...
[1562957426.665][INFO]: Done waiting for pending navigations. Status: ok
[1562957426.665][INFO]: [1655e1d914f99e3db790bf2b4b180798] RESPONSE ExecuteScript true
[1562957427.174][INFO]: [1655e1d914f99e3db790bf2b4b180798] COMMAND FindElements {
   "using": "xpath",
   "value": "//div[@class='di-app-loading-message']"
}
[1562957427.174][INFO]: Waiting for pending navigations...
[1562957427.275][INFO]: Done waiting for pending navigations. Status: ok
[1562957427.319][INFO]: Waiting for pending navigations...
[1562957427.323][INFO]: Done waiting for pending navigations. Status: ok
[1562957427.323][INFO]: [1655e1d914f99e3db790bf2b4b180798] RESPONSE FindElements [ {
   "element-6066-11e4-a52e-4f735466cecf": "38ead68e-54ad-437f-95b5-34b5283ebb50"
} ]
[1562957427.349][INFO]: [1655e1d914f99e3db790bf2b4b180798] COMMAND ExecuteScript {
   "args": [ {
      "element-6066-11e4-a52e-4f735466cecf": "38ead68e-54ad-437f-95b5-34b5283ebb50"
   } ],
   "script": "return (function(){return function(){var k=this;function l(a){return void 0!==a}function m(a){return\"string\"==typeof a}function aa(a,b){a=a.split(\".\");var c=k;a[0]in c||!c.execScript||c.execScript(..."
}
[1562957427.349][INFO]: Waiting for pending navigations...
[1562957427.350][INFO]: Done waiting for pending navigations. Status: ok
[1562957427.361][INFO]: Waiting for pending navigations...
[1562957427.364][INFO]: Done waiting for pending navigations. Status: ok
[1562957427.364][INFO]: [1655e1d914f99e3db790bf2b4b180798] RESPONSE ExecuteScript true
[1562957427.879][INFO]: [1655e1d914f99e3db790bf2b4b180798] COMMAND FindElements {
   "using": "xpath",
   "value": "//div[@class='di-app-loading-message']"
}
[1562957427.879][INFO]: Waiting for pending navigations...
[1562957427.881][INFO]: Done waiting for pending navigations. Status: ok
[1562957427.892][INFO]: Waiting for pending navigations...
[1562957427.894][INFO]: Done waiting for pending navigations. Status: ok
[1562957427.895][INFO]: [1655e1d914f99e3db790bf2b4b180798] RESPONSE FindElements [ {
   "element-6066-11e4-a52e-4f735466cecf": "38ead68e-54ad-437f-95b5-34b5283ebb50"
} ]
[1562957427.920][INFO]: [1655e1d914f99e3db790bf2b4b180798] COMMAND ExecuteScript {
   "args": [ {
      "element-6066-11e4-a52e-4f735466cecf": "38ead68e-54ad-437f-95b5-34b5283ebb50"
   } ],
   "script": "return (function(){return function(){var k=this;function l(a){return void 0!==a}function m(a){return\"string\"==typeof a}function aa(a,b){a=a.split(\".\");var c=k;a[0]in c||!c.execScript||c.execScript(..."
}
[1562957427.920][INFO]: Waiting for pending navigations...
[1562957427.938][INFO]: Done waiting for pending navigations. Status: ok
[1562957427.959][INFO]: Waiting for pending navigations...
[1562957427.962][INFO]: Done waiting for pending navigations. Status: ok
[1562957427.962][INFO]: [1655e1d914f99e3db790bf2b4b180798] RESPONSE ExecuteScript true
[1562957428.477][INFO]: [1655e1d914f99e3db790bf2b4b180798] COMMAND FindElements {
   "using": "xpath",
   "value": "//div[@class='di-app-loading-message']"
}
[1562957428.477][INFO]: Waiting for pending navigations...
[1562957428.520][INFO]: Done waiting for pending navigations. Status: ok
[1562957428.559][INFO]: Waiting for pending navigations...
[1562957428.623][INFO]: Done waiting for pending navigations. Status: ok
[1562957428.623][INFO]: [1655e1d914f99e3db790bf2b4b180798] RESPONSE FindElements [ {
   "element-6066-11e4-a52e-4f735466cecf": "38ead68e-54ad-437f-95b5-34b5283ebb50"
} ]
[1562957428.655][INFO]: [1655e1d914f99e3db790bf2b4b180798] COMMAND ExecuteScript {
   "args": [ {
      "element-6066-11e4-a52e-4f735466cecf": "38ead68e-54ad-437f-95b5-34b5283ebb50"
   } ],
   "script": "return (function(){return function(){var k=this;function l(a){return void 0!==a}function m(a){return\"string\"==typeof a}function aa(a,b){a=a.split(\".\");var c=k;a[0]in c||!c.execScript||c.execScript(..."
}
[1562957428.655][INFO]: Waiting for pending navigations...
[1562957428.658][INFO]: Done waiting for pending navigations. Status: ok
[1562957428.685][INFO]: Waiting for pending navigations...
[1562957428.700][INFO]: Done waiting for pending navigations. Status: ok
[1562957428.700][INFO]: [1655e1d914f99e3db790bf2b4b180798] RESPONSE ExecuteScript true
[1562957429.207][INFO]: [1655e1d914f99e3db790bf2b4b180798] COMMAND FindElements {
   "using": "xpath",
   "value": "//div[@class='di-app-loading-message']"
}
[1562957429.207][INFO]: Waiting for pending navigations...
[1562957429.208][INFO]: Done waiting for pending navigations. Status: ok
[1562957429.223][INFO]: Waiting for pending navigations...
[1562957429.225][INFO]: Done waiting for pending navigations. Status: ok
[1562957429.225][INFO]: [1655e1d914f99e3db790bf2b4b180798] RESPONSE FindElements [  ]
[1562957434.228][INFO]: [1655e1d914f99e3db790bf2b4b180798] COMMAND SetTimeouts {
   "implicit": 0
}
[1562957434.229][INFO]: [1655e1d914f99e3db790bf2b4b180798] RESPONSE SetTimeouts
[1562957434.233][INFO]: [1655e1d914f99e3db790bf2b4b180798] COMMAND FindElement {
   "using": "xpath",
   "value": "//img[@class='di_county_scans_20']"
}
[1562957434.234][INFO]: Waiting for pending navigations...
[1562957434.235][INFO]: Done waiting for pending navigations. Status: ok
[1562957434.250][INFO]: Waiting for pending navigations...
[1562957434.252][INFO]: Done waiting for pending navigations. Status: ok
[1562957434.252][INFO]: [1655e1d914f99e3db790bf2b4b180798] RESPONSE FindElement {
   "element-6066-11e4-a52e-4f735466cecf": "e1e69c84-d664-4c47-a073-082c0eef2456"
}
[1562957434.255][INFO]: [1655e1d914f99e3db790bf2b4b180798] COMMAND SetTimeouts {
   "implicit": 0
}
[1562957434.255][INFO]: [1655e1d914f99e3db790bf2b4b180798] RESPONSE SetTimeouts
[1562957434.258][INFO]: [1655e1d914f99e3db790bf2b4b180798] COMMAND FindElement {
   "using": "xpath",
   "value": "//span[@title='DI Courthouse 2.0']"
}
[1562957434.258][INFO]: Waiting for pending navigations...
[1562957434.259][INFO]: Done waiting for pending navigations. Status: ok
[1562957434.276][INFO]: Waiting for pending navigations...
[1562957434.278][INFO]: Done waiting for pending navigations. Status: ok
[1562957434.278][INFO]: [1655e1d914f99e3db790bf2b4b180798] RESPONSE FindElement {
   "element-6066-11e4-a52e-4f735466cecf": "8bac435d-b98a-4b95-8e8c-085066a6dbd3"
}
[1562957435.281][INFO]: [1655e1d914f99e3db790bf2b4b180798] COMMAND SetTimeouts {
   "implicit": 0
}
[1562957435.281][INFO]: [1655e1d914f99e3db790bf2b4b180798] RESPONSE SetTimeouts
[1562957435.285][INFO]: [1655e1d914f99e3db790bf2b4b180798] COMMAND FindElement {
   "using": "xpath",
   "value": "//img[@class='di_county_scans_20']"
}
[1562957435.285][INFO]: Waiting for pending navigations...
[1562957435.286][INFO]: Done waiting for pending navigations. Status: ok
[1562957435.298][INFO]: Waiting for pending navigations...
[1562957435.299][INFO]: Done waiting for pending navigations. Status: ok
[1562957435.299][INFO]: [1655e1d914f99e3db790bf2b4b180798] RESPONSE FindElement {
   "element-6066-11e4-a52e-4f735466cecf": "e1e69c84-d664-4c47-a073-082c0eef2456"
}
[1562957440.305][INFO]: [1655e1d914f99e3db790bf2b4b180798] COMMAND FindElements {
   "using": "xpath",
   "value": "//img[@class='di_county_scans_20']"
}
[1562957440.305][INFO]: Waiting for pending navigations...
[1562957440.307][INFO]: Done waiting for pending navigations. Status: ok
[1562957440.323][INFO]: Waiting for pending navigations...
[1562957440.324][INFO]: Done waiting for pending navigations. Status: ok
[1562957440.324][INFO]: [1655e1d914f99e3db790bf2b4b180798] RESPONSE FindElements [ {
   "element-6066-11e4-a52e-4f735466cecf": "e1e69c84-d664-4c47-a073-082c0eef2456"
} ]
[1562957440.328][INFO]: [1655e1d914f99e3db790bf2b4b180798] COMMAND ClickElement {
   "id": "e1e69c84-d664-4c47-a073-082c0eef2456"
}
[1562957440.328][INFO]: Waiting for pending navigations...
[1562957440.329][INFO]: Done waiting for pending navigations. Status: ok
[1562957440.592][INFO]: Waiting for pending navigations...
[1562957440.625][INFO]: Done waiting for pending navigations. Status: ok
[1562957440.625][INFO]: [1655e1d914f99e3db790bf2b4b180798] RESPONSE ClickElement
[1562957445.643][INFO]: [1655e1d914f99e3db790bf2b4b180798] COMMAND GetWindows {

}
[1562957445.724][INFO]: [1655e1d914f99e3db790bf2b4b180798] RESPONSE GetWindows [ "CDwindow-BFE555C1265BF6596CAC266AD2CB8800", "CDwindow-22AB16C860277D97E2FC2614DC357FEC" ]
[1562957445.746][INFO]: [1655e1d914f99e3db790bf2b4b180798] COMMAND SwitchToWindow {
   "handle": "CDwindow-22AB16C860277D97E2FC2614DC357FEC"
}
[1562957445.810][INFO]: [1655e1d914f99e3db790bf2b4b180798] RESPONSE SwitchToWindow
[1562957445.843][INFO]: [1655e1d914f99e3db790bf2b4b180798] COMMAND SwitchToWindow {
   "handle": "CDwindow-BFE555C1265BF6596CAC266AD2CB8800"
}
[1562957446.140][INFO]: [1655e1d914f99e3db790bf2b4b180798] RESPONSE SwitchToWindow
[1562957446.189][INFO]: [1655e1d914f99e3db790bf2b4b180798] COMMAND CloseWindow {

}
[1562957448.140][INFO]: [1655e1d914f99e3db790bf2b4b180798] RESPONSE CloseWindow [ "CDwindow-22AB16C860277D97E2FC2614DC357FEC" ]
[1562957448.154][INFO]: [1655e1d914f99e3db790bf2b4b180798] COMMAND SwitchToWindow {
   "handle": "CDwindow-22AB16C860277D97E2FC2614DC357FEC"
}
[1562957448.189][INFO]: [1655e1d914f99e3db790bf2b4b180798] RESPONSE SwitchToWindow
[1562957448.200][INFO]: [1655e1d914f99e3db790bf2b4b180798] COMMAND SetTimeouts {
   "implicit": 0
}
[1562957448.200][INFO]: [1655e1d914f99e3db790bf2b4b180798] RESPONSE SetTimeouts
[1562957448.207][INFO]: [1655e1d914f99e3db790bf2b4b180798] COMMAND FindElement {
   "using": "xpath",
   "value": "//section[@class='row user-container ng-scope']"
}
[1562957448.210][INFO]: resolved localhost to ["::1","127.0.0.1"]
[1562957449.518][INFO]: Waiting for pending navigations...
[1562957449.542][INFO]: Done waiting for pending navigations. Status: ok
[1562957449.577][INFO]: Waiting for pending navigations...
[1562957449.585][INFO]: Done waiting for pending navigations. Status: ok
[1562957449.585][INFO]: [1655e1d914f99e3db790bf2b4b180798] RESPONSE FindElement {
   "element-6066-11e4-a52e-4f735466cecf": "523cac6f-3cce-4279-b9fd-3e800056ee35"
}
[1562957449.592][INFO]: [1655e1d914f99e3db790bf2b4b180798] COMMAND SetTimeouts {
   "implicit": 0
}
[1562957449.592][INFO]: [1655e1d914f99e3db790bf2b4b180798] RESPONSE SetTimeouts
[1562957449.606][INFO]: [1655e1d914f99e3db790bf2b4b180798] COMMAND FindElement {
   "using": "css selector",
   "value": "a[ui-sref-active='active-item']"
}
[1562957449.606][INFO]: Waiting for pending navigations...
[1562957449.608][INFO]: Done waiting for pending navigations. Status: ok
[1562957449.632][INFO]: Waiting for pending navigations...
[1562957449.637][INFO]: Done waiting for pending navigations. Status: ok
[1562957449.637][INFO]: [1655e1d914f99e3db790bf2b4b180798] RESPONSE FindElement {
   "element-6066-11e4-a52e-4f735466cecf": "d6d6a2a7-963d-47c9-80bb-c332eb62e5ac"
}
[1562957454.643][INFO]: [1655e1d914f99e3db790bf2b4b180798] COMMAND FindElements {
   "using": "css selector",
   "value": "a[ui-sref-active='active-item']"
}
[1562957454.643][INFO]: Waiting for pending navigations...
[1562957454.644][INFO]: Done waiting for pending navigations. Status: ok
[1562957454.657][INFO]: Waiting for pending navigations...
[1562957454.658][INFO]: Done waiting for pending navigations. Status: ok
[1562957454.658][INFO]: [1655e1d914f99e3db790bf2b4b180798] RESPONSE FindElements [ {
   "element-6066-11e4-a52e-4f735466cecf": "d6d6a2a7-963d-47c9-80bb-c332eb62e5ac"
} ]
[1562957454.662][INFO]: [1655e1d914f99e3db790bf2b4b180798] COMMAND ClickElement {
   "id": "d6d6a2a7-963d-47c9-80bb-c332eb62e5ac"
}
[1562957454.662][INFO]: Waiting for pending navigations...
[1562957454.663][INFO]: Done waiting for pending navigations. Status: ok
[1562957454.778][INFO]: Waiting for pending navigations...
[1562957456.273][INFO]: Done waiting for pending navigations. Status: ok
[1562957456.273][INFO]: [1655e1d914f99e3db790bf2b4b180798] RESPONSE ClickElement
[1562957464.280][INFO]: [1655e1d914f99e3db790bf2b4b180798] COMMAND FindElements {
   "using": "css selector",
   "value": "select[class='form-control input-sm inline-block runsheet-select ng-pristine ng-untouched ng-valid']"
}
[1562957464.281][INFO]: Waiting for pending navigations...
[1562957464.282][INFO]: Done waiting for pending navigations. Status: ok
[1562957464.294][INFO]: Waiting for pending navigations...
[1562957464.295][INFO]: Done waiting for pending navigations. Status: ok
[1562957464.295][INFO]: [1655e1d914f99e3db790bf2b4b180798] RESPONSE FindElements [ {
   "element-6066-11e4-a52e-4f735466cecf": "137332cf-e1ff-4367-adea-f4e7faee01a7"
} ]
[1562957464.298][INFO]: [1655e1d914f99e3db790bf2b4b180798] COMMAND ClickElement {
   "id": "137332cf-e1ff-4367-adea-f4e7faee01a7"
}
[1562957464.298][INFO]: Waiting for pending navigations...
[1562957464.300][INFO]: Done waiting for pending navigations. Status: ok
[1562957464.567][INFO]: Waiting for pending navigations...
[1562957464.602][INFO]: Done waiting for pending navigations. Status: ok
[1562957464.603][INFO]: [1655e1d914f99e3db790bf2b4b180798] RESPONSE ClickElement
[1562957465.607][INFO]: [1655e1d914f99e3db790bf2b4b180798] COMMAND FindElements {
   "using": "css selector",
   "value": "option[label='Temp_Runsheet7 12 2019']"
}
[1562957465.608][INFO]: Waiting for pending navigations...
[1562957465.609][INFO]: Done waiting for pending navigations. Status: ok
[1562957465.634][INFO]: Waiting for pending navigations...
[1562957465.635][INFO]: Done waiting for pending navigations. Status: ok
[1562957465.636][INFO]: [1655e1d914f99e3db790bf2b4b180798] RESPONSE FindElements [ {
   "element-6066-11e4-a52e-4f735466cecf": "a30754d2-b3da-433b-8d19-42f3ea425036"
} ]
[1562957465.641][INFO]: [1655e1d914f99e3db790bf2b4b180798] COMMAND ClickElement {
   "id": "a30754d2-b3da-433b-8d19-42f3ea425036"
}
[1562957465.641][INFO]: Waiting for pending navigations...
[1562957465.642][INFO]: Done waiting for pending navigations. Status: ok
[1562957465.914][INFO]: Waiting for pending navigations...
[1562957465.998][INFO]: Done waiting for pending navigations. Status: ok
[1562957465.999][INFO]: [1655e1d914f99e3db790bf2b4b180798] RESPONSE ClickElement
[1562957467.002][INFO]: [1655e1d914f99e3db790bf2b4b180798] COMMAND SetTimeouts {
   "implicit": 0
}
[1562957467.002][INFO]: [1655e1d914f99e3db790bf2b4b180798] RESPONSE SetTimeouts
[1562957467.006][INFO]: [1655e1d914f99e3db790bf2b4b180798] COMMAND FindElement {
   "using": "css selector",
   "value": "div.ngCell.col0.colt0"
}
[1562957467.006][INFO]: Waiting for pending navigations...
[1562957467.007][INFO]: Done waiting for pending navigations. Status: ok
[1562957467.027][INFO]: Waiting for pending navigations...
[1562957467.028][INFO]: Done waiting for pending navigations. Status: ok
[1562957467.028][INFO]: [1655e1d914f99e3db790bf2b4b180798] RESPONSE FindElement {
   "element-6066-11e4-a52e-4f735466cecf": "6490bb3b-1347-41ef-a672-6e143cbf8053"
}
[1562957467.031][INFO]: [1655e1d914f99e3db790bf2b4b180798] COMMAND SetTimeouts {
   "implicit": 0
}
[1562957467.031][INFO]: [1655e1d914f99e3db790bf2b4b180798] RESPONSE SetTimeouts
[1562957467.034][INFO]: [1655e1d914f99e3db790bf2b4b180798] COMMAND FindElement {
   "using": "css selector",
   "value": "h5[name='RUNSHEET: Temp_Runsheet7 12 2019']"
}
[1562957467.034][INFO]: Waiting for pending navigations...
[1562957467.035][INFO]: Done waiting for pending navigations. Status: ok
[1562957467.053][INFO]: Waiting for pending navigations...
[1562957467.057][INFO]: Done waiting for pending navigations. Status: ok
[1562957467.057][INFO]: [1655e1d914f99e3db790bf2b4b180798] RESPONSE FindElement {
   "element-6066-11e4-a52e-4f735466cecf": "fb56b7fd-c767-4826-9927-deaf875391af"
}
[1562957468.067][INFO]: [1655e1d914f99e3db790bf2b4b180798] COMMAND SetTimeouts {
   "implicit": 0
}
[1562957468.067][INFO]: [1655e1d914f99e3db790bf2b4b180798] RESPONSE SetTimeouts
[1562957468.077][INFO]: [1655e1d914f99e3db790bf2b4b180798] COMMAND FindElement {
   "using": "xpath",
   "value": "//span[text()='Andrews Abstract Plant']"
}
[1562957468.077][INFO]: Waiting for pending navigations...
[1562957468.085][INFO]: Done waiting for pending navigations. Status: ok
[1562957468.115][INFO]: Waiting for pending navigations...
[1562957468.119][INFO]: Done waiting for pending navigations. Status: ok
[1562957468.119][INFO]: [1655e1d914f99e3db790bf2b4b180798] RESPONSE FindElement {
   "element-6066-11e4-a52e-4f735466cecf": "3ff9475a-643f-477e-9f72-a77afcdd0811"
}
[1562957468.123][INFO]: [1655e1d914f99e3db790bf2b4b180798] COMMAND FindElement {
   "using": "xpath",
   "value": "//span[text()='Andrews Abstract Plant']"
}
[1562957468.124][INFO]: Waiting for pending navigations...
[1562957468.125][INFO]: Done waiting for pending navigations. Status: ok
[1562957468.137][INFO]: Waiting for pending navigations...
[1562957468.138][INFO]: Done waiting for pending navigations. Status: ok
[1562957468.138][INFO]: [1655e1d914f99e3db790bf2b4b180798] RESPONSE FindElement {
   "element-6066-11e4-a52e-4f735466cecf": "3ff9475a-643f-477e-9f72-a77afcdd0811"
}
[1562957468.140][INFO]: [1655e1d914f99e3db790bf2b4b180798] COMMAND GetElementText {
   "id": "3ff9475a-643f-477e-9f72-a77afcdd0811"
}
[1562957468.140][INFO]: Waiting for pending navigations...
[1562957468.142][INFO]: Done waiting for pending navigations. Status: ok
[1562957468.228][INFO]: Waiting for pending navigations...
[1562957468.230][INFO]: Done waiting for pending navigations. Status: ok
[1562957468.230][INFO]: [1655e1d914f99e3db790bf2b4b180798] RESPONSE GetElementText "Andrews Abstract Plant"
[1562957469.235][INFO]: [1655e1d914f99e3db790bf2b4b180798] COMMAND FindElement {
   "using": "xpath",
   "value": "//span[text()='Andrews Abstract Plant']"
}
[1562957469.235][INFO]: Waiting for pending navigations...
[1562957469.236][INFO]: Done waiting for pending navigations. Status: ok
[1562957469.250][INFO]: Waiting for pending navigations...
[1562957469.252][INFO]: Done waiting for pending navigations. Status: ok
[1562957469.252][INFO]: [1655e1d914f99e3db790bf2b4b180798] RESPONSE FindElement {
   "element-6066-11e4-a52e-4f735466cecf": "3ff9475a-643f-477e-9f72-a77afcdd0811"
}
[1562957469.258][INFO]: [1655e1d914f99e3db790bf2b4b180798] COMMAND PerformActions {
   "actions": [ {
      "actions": [ {
         "duration": 100,
         "origin": {
            "ELEMENT": "3ff9475a-643f-477e-9f72-a77afcdd0811",
            "element-6066-11e4-a52e-4f735466cecf": "3ff9475a-643f-477e-9f72-a77afcdd0811"
         },
         "type": "pointerMove",
         "x": 0,
         "y": 0
      }, {
         "button": 0,
         "type": "pointerDown"
      }, {
         "button": 0,
         "type": "pointerUp"
      }, {
         "button": 0,
         "type": "pointerDown"
      }, {
         "button": 0,
         "type": "pointerUp"
      } ],
      "id": "default mouse",
      "parameters": {
         "pointerType": "mouse"
      },
      "type": "pointer"
   } ]
}
[1562957469.258][INFO]: Waiting for pending navigations...
[1562957469.259][INFO]: Done waiting for pending navigations. Status: ok
[1562957469.615][INFO]: Waiting for pending navigations...
[1562957469.629][INFO]: Done waiting for pending navigations. Status: ok
[1562957469.629][INFO]: [1655e1d914f99e3db790bf2b4b180798] RESPONSE PerformActions
[1562957470.646][INFO]: [1655e1d914f99e3db790bf2b4b180798] COMMAND SetTimeouts {
   "implicit": 0
}
[1562957470.646][INFO]: [1655e1d914f99e3db790bf2b4b180798] RESPONSE SetTimeouts
[1562957470.651][INFO]: [1655e1d914f99e3db790bf2b4b180798] COMMAND FindElement {
   "using": "xpath",
   "value": "//div[@ng-edit-cell-if='isFocused && true']/input"
}
[1562957470.651][INFO]: Waiting for pending navigations...
[1562957470.653][INFO]: Done waiting for pending navigations. Status: ok
[1562957470.701][INFO]: Waiting for pending navigations...
[1562957470.706][INFO]: Done waiting for pending navigations. Status: ok
[1562957470.706][INFO]: [1655e1d914f99e3db790bf2b4b180798] RESPONSE FindElement {
   "element-6066-11e4-a52e-4f735466cecf": "bb3fbc46-e107-4c7d-bea6-7f6f015e2119"
}
[1562957470.710][INFO]: [1655e1d914f99e3db790bf2b4b180798] COMMAND FindElement {
   "using": "xpath",
   "value": "//div[@ng-edit-cell-if='isFocused && true']/input"
}
[1562957470.710][INFO]: Waiting for pending navigations...
[1562957470.711][INFO]: Done waiting for pending navigations. Status: ok
[1562957470.722][INFO]: Waiting for pending navigations...
[1562957470.723][INFO]: Done waiting for pending navigations. Status: ok
[1562957470.723][INFO]: [1655e1d914f99e3db790bf2b4b180798] RESPONSE FindElement {
   "element-6066-11e4-a52e-4f735466cecf": "bb3fbc46-e107-4c7d-bea6-7f6f015e2119"
}
[1562957470.729][INFO]: [1655e1d914f99e3db790bf2b4b180798] COMMAND TypeElement {
   "id": "bb3fbc46-e107-4c7d-bea6-7f6f015e2119",
   "text": "Andrews Abstract PlantEdited",
   "value": [ "A", "n", "d", "r", "e", "w", "s", " ", "A", "b", "s", "t", "r", "a", "c", "t", " ", "P", "l", "..." ]
}
[1562957470.729][INFO]: Waiting for pending navigations...
[1562957470.730][INFO]: Done waiting for pending navigations. Status: ok
[1562957472.704][INFO]: Waiting for pending navigations...
[1562957472.732][INFO]: Done waiting for pending navigations. Status: ok
[1562957472.732][INFO]: [1655e1d914f99e3db790bf2b4b180798] RESPONSE TypeElement
[1562957473.735][INFO]: [1655e1d914f99e3db790bf2b4b180798] COMMAND FindElement {
   "using": "xpath",
   "value": "//div[@ng-edit-cell-if='isFocused && true']/input"
}
[1562957473.735][INFO]: Waiting for pending navigations...
[1562957473.736][INFO]: Done waiting for pending navigations. Status: ok
[1562957473.745][INFO]: Waiting for pending navigations...
[1562957473.751][INFO]: Done waiting for pending navigations. Status: ok
[1562957473.751][INFO]: [1655e1d914f99e3db790bf2b4b180798] RESPONSE FindElement {
   "element-6066-11e4-a52e-4f735466cecf": "bb3fbc46-e107-4c7d-bea6-7f6f015e2119"
}
[1562957473.811][INFO]: [1655e1d914f99e3db790bf2b4b180798] COMMAND TypeElement {
   "id": "bb3fbc46-e107-4c7d-bea6-7f6f015e2119",
   "text": "",
   "value": [ "" ]
}
[1562957473.811][INFO]: Waiting for pending navigations...
[1562957473.812][INFO]: Done waiting for pending navigations. Status: ok
[1562957473.894][INFO]: Waiting for pending navigations...
[1562957473.904][INFO]: Done waiting for pending navigations. Status: ok
[1562957473.904][INFO]: [1655e1d914f99e3db790bf2b4b180798] RESPONSE TypeElement
[1562957473.910][INFO]: [1655e1d914f99e3db790bf2b4b180798] COMMAND SetTimeouts {
   "implicit": 0
}
[1562957473.910][INFO]: [1655e1d914f99e3db790bf2b4b180798] RESPONSE SetTimeouts
[1562957473.915][INFO]: [1655e1d914f99e3db790bf2b4b180798] COMMAND FindElement {
   "using": "xpath",
   "value": "//div[contains(text(),'Cell value has been successfully edited.')]"
}
[1562957473.915][INFO]: Waiting for pending navigations...
[1562957473.916][INFO]: Done waiting for pending navigations. Status: ok
[1562957473.946][INFO]: Waiting for pending navigations...
[1562957473.947][INFO]: Done waiting for pending navigations. Status: ok
[1562957473.947][INFO]: [1655e1d914f99e3db790bf2b4b180798] RESPONSE FindElement ERROR no such element: Unable to locate element: {"method":"xpath","selector":"//div[contains(text(),'Cell value has been successfully edited.')]"}
  (Session info: chrome=75.0.3770.100)
[1562957474.518][INFO]: [1655e1d914f99e3db790bf2b4b180798] COMMAND SetTimeouts {
   "implicit": 0
}
[1562957474.518][INFO]: [1655e1d914f99e3db790bf2b4b180798] RESPONSE SetTimeouts
[1562957474.520][INFO]: [1655e1d914f99e3db790bf2b4b180798] COMMAND FindElement {
   "using": "xpath",
   "value": "//div[contains(text(),'Cell value has been successfully edited.')]"
}
[1562957474.520][INFO]: Waiting for pending navigations...
[1562957474.522][INFO]: Done waiting for pending navigations. Status: ok
[1562957474.537][INFO]: Waiting for pending navigations...
[1562957474.538][INFO]: Done waiting for pending navigations. Status: ok
[1562957474.538][INFO]: [1655e1d914f99e3db790bf2b4b180798] RESPONSE FindElement ERROR no such element: Unable to locate element: {"method":"xpath","selector":"//div[contains(text(),'Cell value has been successfully edited.')]"}
  (Session info: chrome=75.0.3770.100)
[1562957475.044][INFO]: [1655e1d914f99e3db790bf2b4b180798] COMMAND SetTimeouts {
   "implicit": 0
}
[1562957475.044][INFO]: [1655e1d914f99e3db790bf2b4b180798] RESPONSE SetTimeouts
[1562957475.048][INFO]: [1655e1d914f99e3db790bf2b4b180798] COMMAND FindElement {
   "using": "xpath",
   "value": "//div[contains(text(),'Cell value has been successfully edited.')]"
}
[1562957475.048][INFO]: Waiting for pending navigations...
[1562957475.050][INFO]: Done waiting for pending navigations. Status: ok
[1562957475.060][INFO]: Waiting for pending navigations...
[1562957475.061][INFO]: Done waiting for pending navigations. Status: ok
[1562957475.061][INFO]: [1655e1d914f99e3db790bf2b4b180798] RESPONSE FindElement ERROR no such element: Unable to locate element: {"method":"xpath","selector":"//div[contains(text(),'Cell value has been successfully edited.')]"}
  (Session info: chrome=75.0.3770.100)
[1562957475.566][INFO]: [1655e1d914f99e3db790bf2b4b180798] COMMAND SetTimeouts {
   "implicit": 0
}
[1562957475.566][INFO]: [1655e1d914f99e3db790bf2b4b180798] RESPONSE SetTimeouts
[1562957475.570][INFO]: [1655e1d914f99e3db790bf2b4b180798] COMMAND FindElement {
   "using": "xpath",
   "value": "//div[contains(text(),'Cell value has been successfully edited.')]"
}
[1562957475.570][INFO]: Waiting for pending navigations...
[1562957475.575][INFO]: Done waiting for pending navigations. Status: ok
[1562957475.595][INFO]: Waiting for pending navigations...
[1562957475.597][INFO]: Done waiting for pending navigations. Status: ok
[1562957475.597][INFO]: [1655e1d914f99e3db790bf2b4b180798] RESPONSE FindElement ERROR no such element: Unable to locate element: {"method":"xpath","selector":"//div[contains(text(),'Cell value has been successfully edited.')]"}
  (Session info: chrome=75.0.3770.100)
[1562957476.101][INFO]: [1655e1d914f99e3db790bf2b4b180798] COMMAND SetTimeouts {
   "implicit": 0
}
[1562957476.102][INFO]: [1655e1d914f99e3db790bf2b4b180798] RESPONSE SetTimeouts
[1562957476.107][INFO]: [1655e1d914f99e3db790bf2b4b180798] COMMAND FindElement {
   "using": "xpath",
   "value": "//div[contains(text(),'Cell value has been successfully edited.')]"
}
[1562957476.108][INFO]: Waiting for pending navigations...
[1562957476.110][INFO]: Done waiting for pending navigations. Status: ok
[1562957476.123][INFO]: Waiting for pending navigations...
[1562957476.125][INFO]: Done waiting for pending navigations. Status: ok
[1562957476.125][INFO]: [1655e1d914f99e3db790bf2b4b180798] RESPONSE FindElement {
   "element-6066-11e4-a52e-4f735466cecf": "7691ce3b-813a-4b8d-a762-8edc6b9e8fae"
}
[1562957477.132][INFO]: [1655e1d914f99e3db790bf2b4b180798] COMMAND FindElements {
   "using": "css selector",
   "value": "button[class='btn btn-warning btn-sm inline-block']"
}
[1562957477.132][INFO]: Waiting for pending navigations...
[1562957477.134][INFO]: Done waiting for pending navigations. Status: ok
[1562957477.158][INFO]: Waiting for pending navigations...
[1562957477.160][INFO]: Done waiting for pending navigations. Status: ok
[1562957477.160][INFO]: [1655e1d914f99e3db790bf2b4b180798] RESPONSE FindElements [ {
   "element-6066-11e4-a52e-4f735466cecf": "dc4e14b9-b000-47b5-af59-218fbcce9b39"
} ]
[1562957477.164][INFO]: [1655e1d914f99e3db790bf2b4b180798] COMMAND ClickElement {
   "id": "dc4e14b9-b000-47b5-af59-218fbcce9b39"
}
[1562957477.164][INFO]: Waiting for pending navigations...
[1562957477.166][INFO]: Done waiting for pending navigations. Status: ok
[1562957477.354][INFO]: Waiting for pending navigations...
[1562957477.356][INFO]: Done waiting for pending navigations. Status: ok
[1562957477.356][INFO]: [1655e1d914f99e3db790bf2b4b180798] RESPONSE ClickElement
[1562957478.361][INFO]: [1655e1d914f99e3db790bf2b4b180798] COMMAND SetTimeouts {
   "implicit": 0
}
[1562957478.361][INFO]: [1655e1d914f99e3db790bf2b4b180798] RESPONSE SetTimeouts
[1562957478.365][INFO]: [1655e1d914f99e3db790bf2b4b180798] COMMAND FindElement {
   "using": "xpath",
   "value": "//div[contains(text(),'Changes have been successfully reported.')]"
}
[1562957478.365][INFO]: Waiting for pending navigations...
[1562957478.366][INFO]: Done waiting for pending navigations. Status: ok
[1562957478.397][INFO]: Waiting for pending navigations...
[1562957478.398][INFO]: Done waiting for pending navigations. Status: ok
[1562957478.398][INFO]: [1655e1d914f99e3db790bf2b4b180798] RESPONSE FindElement ERROR no such element: Unable to locate element: {"method":"xpath","selector":"//div[contains(text(),'Changes have been successfully reported.')]"}
  (Session info: chrome=75.0.3770.100)
[1562957478.905][INFO]: [1655e1d914f99e3db790bf2b4b180798] COMMAND SetTimeouts {
   "implicit": 0
}
[1562957478.905][INFO]: [1655e1d914f99e3db790bf2b4b180798] RESPONSE SetTimeouts
[1562957478.910][INFO]: [1655e1d914f99e3db790bf2b4b180798] COMMAND FindElement {
   "using": "xpath",
   "value": "//div[contains(text(),'Changes have been successfully reported.')]"
}
[1562957478.911][INFO]: Waiting for pending navigations...
[1562957478.912][INFO]: Done waiting for pending navigations. Status: ok
[1562957478.927][INFO]: Waiting for pending navigations...
[1562957478.928][INFO]: Done waiting for pending navigations. Status: ok
[1562957478.928][INFO]: [1655e1d914f99e3db790bf2b4b180798] RESPONSE FindElement {
   "element-6066-11e4-a52e-4f735466cecf": "2aa8d493-37c5-4488-a35e-0a05eab97dc7"
}
