[1560908986.511][INFO]: Starting ChromeDriver 74.0.3729.6 (255758eccf3d244491b8a1317aa76e1ce10d57e9-refs/branch-heads/3729@{#29})
[1560908986.511][INFO]: Please protect ports used by ChromeDriver and related test frameworks to prevent access by malicious code.
[1560908986.859][INFO]: [055eb095ac4e5b8bc2e8bba05d490bf7] COMMAND InitSession {
   "capabilities": {
      "firstMatch": [ {
         "browserName": "chrome",
         "goog:chromeOptions": {
            "args": [  ],
            "extensions": [  ]
         }
      } ]
   },
   "desiredCapabilities": {
      "browserName": "chrome",
      "goog:chromeOptions": {
         "args": [  ],
         "extensions": [  ]
      }
   }
}
[1560908986.868][INFO]: Populating Preferences file: {
   "alternate_error_pages": {
      "enabled": false
   },
   "autofill": {
      "enabled": false
   },
   "browser": {
      "check_default_browser": false
   },
   "distribution": {
      "import_bookmarks": false,
      "import_history": false,
      "import_search_engine": false,
      "make_chrome_default_for_user": false,
      "skip_first_run_ui": true
   },
   "dns_prefetching": {
      "enabled": false
   },
   "profile": {
      "content_settings": {
         "pattern_pairs": {
            "https://*,*": {
               "media-stream": {
                  "audio": "Default",
                  "video": "Default"
               }
            }
         }
      },
      "default_content_setting_values": {
         "geolocation": 1
      },
      "default_content_settings": {
         "geolocation": 1,
         "mouselock": 1,
         "notifications": 1,
         "popups": 1,
         "ppapi-broker": 1
      },
      "password_manager_enabled": false
   },
   "safebrowsing": {
      "enabled": false
   },
   "search": {
      "suggest_enabled": false
   },
   "translate": {
      "enabled": false
   }
}
[1560908986.869][INFO]: Populating Local State file: {
   "background_mode": {
      "enabled": false
   },
   "ssl": {
      "rev_checking": {
         "enabled": false
      }
   }
}
[1560908986.881][INFO]: Launching chrome: "C:\Program Files (x86)\Google\Chrome\Application\chrome.exe" --disable-background-networking --disable-client-side-phishing-detection --disable-default-apps --disable-hang-monitor --disable-popup-blocking --disable-prompt-on-repost --disable-sync --disable-web-resources --enable-automation --enable-blink-features=ShadowDOMV0 --enable-logging --force-fieldtrials=SiteIsolationExtensions/Control --ignore-certificate-errors --load-extension="C:\Users\Adrian\AppData\Local\Temp\scoped_dir22552_12279\internal" --log-level=0 --no-first-run --password-store=basic --remote-debugging-port=0 --test-type=webdriver --use-mock-keychain --user-data-dir="C:\Users\Adrian\AppData\Local\Temp\scoped_dir22552_8074" data:,
[1560908989.609][INFO]: resolved localhost to ["::1","127.0.0.1"]
[1560908990.789][INFO]: [055eb095ac4e5b8bc2e8bba05d490bf7] RESPONSE InitSession {
   "acceptInsecureCerts": false,
   "acceptSslCerts": false,
   "applicationCacheEnabled": false,
   "browserConnectionEnabled": false,
   "browserName": "chrome",
   "chrome": {
      "chromedriverVersion": "74.0.3729.6 (255758eccf3d244491b8a1317aa76e1ce10d57e9-refs/branch-heads/3729@{#29})",
      "userDataDir": "C:\\Users\\Adrian\\AppData\\Local\\Temp\\scoped_dir22552_8074"
   },
   "cssSelectorsEnabled": true,
   "databaseEnabled": false,
   "goog:chromeOptions": {
      "debuggerAddress": "localhost:62485"
   },
   "handlesAlerts": true,
   "hasTouchScreen": false,
   "javascriptEnabled": true,
   "locationContextEnabled": true,
   "mobileEmulationEnabled": false,
   "nativeEvents": true,
   "networkConnectionEnabled": false,
   "pageLoadStrategy": "normal",
   "platform": "Windows NT",
   "proxy": {

   },
   "~~~": "..."
}
[1560908990.793][INFO]: [055eb095ac4e5b8bc2e8bba05d490bf7] COMMAND MaximizeWindow {
   "handle": "current",
   "windowHandle": "current"
}
[1560908990.793][INFO]: Waiting for pending navigations...
[1560908990.812][INFO]: Done waiting for pending navigations. Status: ok
[1560908990.815][INFO]: resolved localhost to ["::1","127.0.0.1"]
[1560908992.302][INFO]: Waiting for pending navigations...
[1560908992.348][INFO]: Done waiting for pending navigations. Status: ok
[1560908992.349][INFO]: [055eb095ac4e5b8bc2e8bba05d490bf7] RESPONSE MaximizeWindow {
   "height": 744,
   "width": 1382,
   "x": -8,
   "y": -8
}
[1560908992.392][INFO]: [055eb095ac4e5b8bc2e8bba05d490bf7] COMMAND SetTimeouts {
   "ms": 5000,
   "type": "implicit"
}
[1560908992.392][INFO]: [055eb095ac4e5b8bc2e8bba05d490bf7] RESPONSE SetTimeouts
[1560908992.402][INFO]: [055eb095ac4e5b8bc2e8bba05d490bf7] COMMAND Navigate {
   "url": "https://app.dev.drillinginfo.com/courthouse/"
}
[1560908992.402][INFO]: Waiting for pending navigations...
[1560908992.414][INFO]: Done waiting for pending navigations. Status: ok
[1560908995.341][INFO]: Waiting for pending navigations...[[1560909062.246][INFO]: Done waiting for pending navigations. Status: ok
[1560909062.247][INFO]: [055eb095ac4e5b8bc2e8bba05d490bf7] RESPONSE Navigate
[1560909062.271][INFO]: [055eb095ac4e5b8bc2e8bba05d490bf7] COMMAND FindElements {
   "using": "xpath",
   "value": "//p[@class='signInText-login']"
}
[1560909062.271][INFO]: Waiting for pending navigations...
[1560909062.283][INFO]: Done waiting for pending navigations. Status: ok
[1560909067.334][INFO]: Waiting for pending navigations...
[1560909075.135][INFO]: Done waiting for pending navigations. Status: ok
[1560909075.136][INFO]: [055eb095ac4e5b8bc2e8bba05d490bf7] RESPONSE FindElements [  ]
[1560909075.638][INFO]: [055eb095ac4e5b8bc2e8bba05d490bf7] COMMAND FindElements {
   "using": "xpath",
   "value": "//p[@class='signInText-login']"
}
[1560909075.638][INFO]: Waiting for pending navigations...
[1560909075.640][INFO]: Done waiting for pending navigations. Status: ok
[1560909075.658][INFO]: Waiting for pending navigations...
[1560909075.659][INFO]: Done waiting for pending navigations. Status: ok
[1560909075.659][INFO]: [055eb095ac4e5b8bc2e8bba05d490bf7] RESPONSE FindElements [ {
   "ELEMENT": "0.6827920079790541-1"
} ]
[1560909075.660][INFO]: [055eb095ac4e5b8bc2e8bba05d490bf7] COMMAND IsElementDisplayed {
   "id": "0.6827920079790541-1"
}
[1560909075.660][INFO]: Waiting for pending navigations...
[1560909075.661][INFO]: Done waiting for pending navigations. Status: ok
[1560909075.701][INFO]: Waiting for pending navigations...
[1560909075.707][INFO]: Done waiting for pending navigations. Status: ok
[1560909075.707][INFO]: [055eb095ac4e5b8bc2e8bba05d490bf7] RESPONSE IsElementDisplayed true
[1560909075.713][INFO]: [055eb095ac4e5b8bc2e8bba05d490bf7] COMMAND SetTimeouts {
   "ms": 0,
   "type": "implicit"
}
[1560909075.713][INFO]: [055eb095ac4e5b8bc2e8bba05d490bf7] RESPONSE SetTimeouts
[1560909075.721][INFO]: [055eb095ac4e5b8bc2e8bba05d490bf7] COMMAND FindElement {
   "using": "id",
   "value": "username"
}
[1560909075.721][INFO]: Waiting for pending navigations...
[1560909075.723][INFO]: Done waiting for pending navigations. Status: ok
[1560909075.743][INFO]: Waiting for pending navigations...
[1560909075.744][INFO]: Done waiting for pending navigations. Status: ok
[1560909075.744][INFO]: [055eb095ac4e5b8bc2e8bba05d490bf7] RESPONSE FindElement {
   "ELEMENT": "0.6827920079790541-2"
}
[1560909075.747][INFO]: [055eb095ac4e5b8bc2e8bba05d490bf7] COMMAND FindElement {
   "using": "id",
   "value": "username"
}
[1560909075.747][INFO]: Waiting for pending navigations...
[1560909075.750][INFO]: Done waiting for pending navigations. Status: ok
[1560909075.760][INFO]: Waiting for pending navigations...
[1560909075.761][INFO]: Done waiting for pending navigations. Status: ok
[1560909075.761][INFO]: [055eb095ac4e5b8bc2e8bba05d490bf7] RESPONSE FindElement {
   "ELEMENT": "0.6827920079790541-2"
}
[1560909075.763][INFO]: [055eb095ac4e5b8bc2e8bba05d490bf7] COMMAND TypeElement {
   "id": "0.6827920079790541-2",
   "value": [ "diplus2" ]
}
[1560909075.763][INFO]: Waiting for pending navigations...
[1560909075.765][INFO]: Done waiting for pending navigations. Status: ok
[1560909075.856][INFO]: Waiting for pending navigations...
[1560909075.858][INFO]: Done waiting for pending navigations. Status: ok
[1560909075.858][INFO]: [055eb095ac4e5b8bc2e8bba05d490bf7] RESPONSE TypeElement
[1560909075.859][INFO]: [055eb095ac4e5b8bc2e8bba05d490bf7] COMMAND SetTimeouts {
   "ms": 0,
   "type": "implicit"
}
[1560909075.859][INFO]: [055eb095ac4e5b8bc2e8bba05d490bf7] RESPONSE SetTimeouts
[1560909075.861][INFO]: [055eb095ac4e5b8bc2e8bba05d490bf7] COMMAND FindElement {
   "using": "id",
   "value": "password"
}
[1560909075.861][INFO]: Waiting for pending navigations...
[1560909075.862][INFO]: Done waiting for pending navigations. Status: ok
[1560909075.881][INFO]: Waiting for pending navigations...
[1560909075.883][INFO]: Done waiting for pending navigations. Status: ok
[1560909075.884][INFO]: [055eb095ac4e5b8bc2e8bba05d490bf7] RESPONSE FindElement {
   "ELEMENT": "0.6827920079790541-3"
}
[1560909075.886][INFO]: [055eb095ac4e5b8bc2e8bba05d490bf7] COMMAND FindElement {
   "using": "id",
   "value": "password"
}
[1560909075.886][INFO]: Waiting for pending navigations...
[1560909075.888][INFO]: Done waiting for pending navigations. Status: ok
[1560909075.898][INFO]: Waiting for pending navigations...
[1560909075.900][INFO]: Done waiting for pending navigations. Status: ok
[1560909075.900][INFO]: [055eb095ac4e5b8bc2e8bba05d490bf7] RESPONSE FindElement {
   "ELEMENT": "0.6827920079790541-3"
}
[1560909075.903][INFO]: [055eb095ac4e5b8bc2e8bba05d490bf7] COMMAND TypeElement {
   "id": "0.6827920079790541-3",
   "value": [ "drillin6" ]
}
[1560909075.904][INFO]: Waiting for pending navigations...
[1560909075.905][INFO]: Done waiting for pending navigations. Status: ok
[1560909076.040][INFO]: Waiting for pending navigations...
[1560909076.041][INFO]: Done waiting for pending navigations. Status: ok
[1560909076.041][INFO]: [055eb095ac4e5b8bc2e8bba05d490bf7] RESPONSE TypeElement
[1560909077.044][INFO]: [055eb095ac4e5b8bc2e8bba05d490bf7] COMMAND FindElements {
   "using": "id",
   "value": "login"
}
[1560909077.044][INFO]: Waiting for pending navigations...
[1560909077.045][INFO]: Done waiting for pending navigations. Status: ok
[1560909077.064][INFO]: Waiting for pending navigations...
[1560909077.065][INFO]: Done waiting for pending navigations. Status: ok
[1560909077.065][INFO]: [055eb095ac4e5b8bc2e8bba05d490bf7] RESPONSE FindElements [ {
   "ELEMENT": "0.6827920079790541-4"
} ]
[1560909077.071][INFO]: [055eb095ac4e5b8bc2e8bba05d490bf7] COMMAND ClickElement {
   "id": "0.6827920079790541-4"
}
[1560909077.071][INFO]: Waiting for pending navigations...
[1560909077.072][INFO]: Done waiting for pending navigations. Status: ok
[1560909077.187][INFO]: Waiting for pending navigations...
  [1560909003.721][INFO]: Done waiting for pending navigations. Status: ok
[1560909003.721][INFO]: [53d264128828502d384b3ce12b62f41b] RESPONSE ClickElement
[1560909003.757][INFO]: [53d264128828502d384b3ce12b62f41b] COMMAND FindElements {
   "using": "xpath",
   "value": "//div[@class='di-app-loading-message']"
}
[1560909003.757][INFO]: Waiting for pending navigations...
[1560909003.818][INFO]: Done waiting for pending navigations. Status: ok
[1560909003.897][INFO]: Waiting for pending navigations...
[1560909003.944][INFO]: Done waiting for pending navigations. Status: ok
[1560909003.944][INFO]: [53d264128828502d384b3ce12b62f41b] RESPONSE FindElements [ {
   "ELEMENT": "0.1538658527856549-1"
} ]
[1560909003.957][INFO]: [53d264128828502d384b3ce12b62f41b] COMMAND IsElementDisplayed {
   "id": "0.1538658527856549-1"
}
[1560909003.957][INFO]: Waiting for pending navigations...
[1560909004.029][INFO]: Done waiting for pending navigations. Status: ok
[1560909004.111][INFO]: Waiting for pending navigations...
[1560909004.122][INFO]: Done waiting for pending navigations. Status: ok
[1560909004.122][INFO]: [53d264128828502d384b3ce12b62f41b] RESPONSE IsElementDisplayed true
[1560909004.624][INFO]: [53d264128828502d384b3ce12b62f41b] COMMAND FindElements {
   "using": "xpath",
   "value": "//div[@class='di-app-loading-message']"
}
[1560909004.624][INFO]: Waiting for pending navigations...
[1560909004.626][INFO]: Done waiting for pending navigations. Status: ok
[1560909004.642][INFO]: Waiting for pending navigations...
[1560909004.643][INFO]: Done waiting for pending navigations. Status: ok
[1560909004.643][INFO]: [53d264128828502d384b3ce12b62f41b] RESPONSE FindElements [ {
   "ELEMENT": "0.1538658527856549-1"
} ]
[1560909004.644][INFO]: [53d264128828502d384b3ce12b62f41b] COMMAND IsElementDisplayed {
   "id": "0.1538658527856549-1"
}
[1560909004.644][INFO]: Waiting for pending navigations...
[1560909004.645][INFO]: Done waiting for pending navigations. Status: ok
[1560909004.656][INFO]: Waiting for pending navigations...
[1560909004.657][INFO]: Done waiting for pending navigations. Status: ok
[1560909004.657][INFO]: [53d264128828502d384b3ce12b62f41b] RESPONSE IsElementDisplayed true
[1560909005.159][INFO]: [53d264128828502d384b3ce12b62f41b] COMMAND FindElements {
   "using": "xpath",
   "value": "//div[@class='di-app-loading-message']"
}
[1560909005.159][INFO]: Waiting for pending navigations...
[1560909005.160][INFO]: Done waiting for pending navigations. Status: ok
[1560909005.173][INFO]: Waiting for pending navigations...
[1560909005.174][INFO]: Done waiting for pending navigations. Status: ok
[1560909005.174][INFO]: [53d264128828502d384b3ce12b62f41b] RESPONSE FindElements [ {
   "ELEMENT": "0.1538658527856549-1"
} ]
[1560909005.175][INFO]: [53d264128828502d384b3ce12b62f41b] COMMAND IsElementDisplayed {
   "id": "0.1538658527856549-1"
}
[1560909005.175][INFO]: Waiting for pending navigations...
[1560909005.176][INFO]: Done waiting for pending navigations. Status: ok
[1560909005.226][INFO]: Waiting for pending navigations...
[1560909005.228][INFO]: Done waiting for pending navigations. Status: ok
[1560909005.228][INFO]: [53d264128828502d384b3ce12b62f41b] RESPONSE IsElementDisplayed true
[1560909005.771][INFO]: [53d264128828502d384b3ce12b62f41b] COMMAND FindElements {
   "using": "xpath",
   "value": "//div[@class='di-app-loading-message']"
}
[1560909005.771][INFO]: Waiting for pending navigations...
[1560909005.791][INFO]: Done waiting for pending navigations. Status: ok
[1560909005.856][INFO]: Waiting for pending navigations...
[1560909005.889][INFO]: Done waiting for pending navigations. Status: ok
[1560909005.889][INFO]: [53d264128828502d384b3ce12b62f41b] RESPONSE FindElements [ {
   "ELEMENT": "0.1538658527856549-1"
} ]
[1560909005.907][INFO]: [53d264128828502d384b3ce12b62f41b] COMMAND IsElementDisplayed {
   "id": "0.1538658527856549-1"
}
[1560909005.907][INFO]: Waiting for pending navigations...
[1560909005.947][INFO]: Done waiting for pending navigations. Status: ok
[1560909005.976][INFO]: Waiting for pending navigations...
[1560909005.992][INFO]: Done waiting for pending navigations. Status: ok
[1560909005.992][INFO]: [53d264128828502d384b3ce12b62f41b] RESPONSE IsElementDisplayed true
[1560909006.512][INFO]: [53d264128828502d384b3ce12b62f41b] COMMAND FindElements {
   "using": "xpath",
   "value": "//div[@class='di-app-loading-message']"
}
[1560909006.512][INFO]: Waiting for pending navigations...
[1560909006.554][INFO]: Done waiting for pending navigations. Status: ok
[1560909006.569][INFO]: Waiting for pending navigations...
[1560909006.577][INFO]: Done waiting for pending navigations. Status: ok
[1560909006.577][INFO]: [53d264128828502d384b3ce12b62f41b] RESPONSE FindElements [ {
   "ELEMENT": "0.1538658527856549-1"
} ]
[1560909006.587][INFO]: [53d264128828502d384b3ce12b62f41b] COMMAND IsElementDisplayed {
   "id": "0.1538658527856549-1"
}
[1560909006.587][INFO]: Waiting for pending navigations...
[1560909006.590][INFO]: Done waiting for pending navigations. Status: ok
[1560909006.603][INFO]: Waiting for pending navigations...
[1560909006.606][INFO]: Done waiting for pending navigations. Status: ok
[1560909006.606][INFO]: [53d264128828502d384b3ce12b62f41b] RESPONSE IsElementDisplayed true
[1560909007.111][INFO]: [53d264128828502d384b3ce12b62f41b] COMMAND FindElements {
   "using": "xpath",
   "value": "//div[@class='di-app-loading-message']"
}
[1560909007.111][INFO]: Waiting for pending navigations...
[1560909007.127][INFO]: Done waiting for pending navigations. Status: ok
[1560909007.158][INFO]: Waiting for pending navigations...
[1560909007.160][INFO]: Done waiting for pending navigations. Status: ok
[1560909007.160][INFO]: [53d264128828502d384b3ce12b62f41b] RESPONSE FindElements [ {
   "ELEMENT": "0.1538658527856549-1"
} ]
[1560909007.161][INFO]: [53d264128828502d384b3ce12b62f41b] COMMAND IsElementDisplayed {
   "id": "0.1538658527856549-1"
}
[1560909007.161][INFO]: Waiting for pending navigations...
[1560909007.170][INFO]: Done waiting for pending navigations. Status: ok
[1560909007.211][INFO]: Waiting for pending navigations...
[1560909007.260][INFO]: Done waiting for pending navigations. Status: ok
[1560909007.260][INFO]: [53d264128828502d384b3ce12b62f41b] RESPONSE IsElementDisplayed true
[1560909007.777][INFO]: [53d264128828502d384b3ce12b62f41b] COMMAND FindElements {
   "using": "xpath",
   "value": "//div[@class='di-app-loading-message']"
}
[1560909007.777][INFO]: Waiting for pending navigations...
[1560909007.778][INFO]: Done waiting for pending navigations. Status: ok
[1560909007.792][INFO]: Waiting for pending navigations...
[1560909007.793][INFO]: Done waiting for pending navigations. Status: ok
[1560909007.793][INFO]: [53d264128828502d384b3ce12b62f41b] RESPONSE FindElements [ {
   "ELEMENT": "0.1538658527856549-1"
} ]
[1560909007.803][INFO]: [53d264128828502d384b3ce12b62f41b] COMMAND IsElementDisplayed {
   "id": "0.1538658527856549-1"
}
[1560909007.803][INFO]: Waiting for pending navigations...
[1560909007.813][INFO]: Done waiting for pending navigations. Status: ok
[1560909007.836][INFO]: Waiting for pending navigations...
[1560909007.843][INFO]: Done waiting for pending navigations. Status: ok
[1560909007.844][INFO]: [53d264128828502d384b3ce12b62f41b] RESPONSE IsElementDisplayed true
[1560909008.374][INFO]: [53d264128828502d384b3ce12b62f41b] COMMAND FindElements {
   "using": "xpath",
   "value": "//div[@class='di-app-loading-message']"
}
[1560909008.375][INFO]: Waiting for pending navigations...
[1560909008.576][INFO]: Done waiting for pending navigations. Status: ok
[1560909008.622][INFO]: Waiting for pending navigations...
[1560909008.654][INFO]: Done waiting for pending navigations. Status: ok
[1560909008.654][INFO]: [53d264128828502d384b3ce12b62f41b] RESPONSE FindElements [ {
   "ELEMENT": "0.1538658527856549-2"
} ]
[1560909008.675][INFO]: [53d264128828502d384b3ce12b62f41b] COMMAND IsElementDisplayed {
   "id": "0.1538658527856549-2"
}
[1560909008.675][INFO]: Waiting for pending navigations...
[1560909008.772][INFO]: Done waiting for pending navigations. Status: ok
[1560909008.877][INFO]: Waiting for pending navigations...
[1560909008.889][INFO]: Done waiting for pending navigations. Status: ok
[1560909008.889][INFO]: [53d264128828502d384b3ce12b62f41b] RESPONSE IsElementDisplayed true
[1560909009.424][INFO]: [53d264128828502d384b3ce12b62f41b] COMMAND FindElements {
   "using": "xpath",
   "value": "//div[@class='di-app-loading-message']"
}
[1560909009.424][INFO]: Waiting for pending navigations...
[1560909009.456][INFO]: Done waiting for pending navigations. Status: ok
[1560909009.505][INFO]: Waiting for pending navigations...
[1560909009.508][INFO]: Done waiting for pending navigations. Status: ok
[1560909009.508][INFO]: [53d264128828502d384b3ce12b62f41b] RESPONSE FindElements [ {
   "ELEMENT": "0.1538658527856549-2"
} ]
[1560909009.509][INFO]: [53d264128828502d384b3ce12b62f41b] COMMAND IsElementDisplayed {
   "id": "0.1538658527856549-2"
}
[1560909009.509][INFO]: Waiting for pending navigations...
[1560909009.527][INFO]: Done waiting for pending navigations. Status: ok
[1560909009.555][INFO]: Waiting for pending navigations...
[1560909009.575][INFO]: Done waiting for pending navigations. Status: ok
[1560909009.575][INFO]: [53d264128828502d384b3ce12b62f41b] RESPONSE IsElementDisplayed true
[1560909010.085][INFO]: [53d264128828502d384b3ce12b62f41b] COMMAND FindElements {
   "using": "xpath",
   "value": "//div[@class='di-app-loading-message']"
}
[1560909010.086][INFO]: Waiting for pending navigations...
[1560909010.089][INFO]: Done waiting for pending navigations. Status: ok
[1560909010.108][INFO]: Waiting for pending navigations...
[1560909010.139][INFO]: Done waiting for pending navigations. Status: ok
[1560909010.139][INFO]: [53d264128828502d384b3ce12b62f41b] RESPONSE FindElements [ {
   "ELEMENT": "0.1538658527856549-2"
} ]
[1560909010.155][INFO]: [53d264128828502d384b3ce12b62f41b] COMMAND IsElementDisplayed {
   "id": "0.1538658527856549-2"
}
[1560909010.155][INFO]: Waiting for pending navigations...
[1560909010.158][INFO]: Done waiting for pending navigations. Status: ok
[1560909010.191][INFO]: Waiting for pending navigations...
[1560909010.223][INFO]: Done waiting for pending navigations. Status: ok
[1560909010.223][INFO]: [53d264128828502d384b3ce12b62f41b] RESPONSE IsElementDisplayed true
[1560909010.739][INFO]: [53d264128828502d384b3ce12b62f41b] COMMAND FindElements {
   "using": "xpath",
   "value": "//div[@class='di-app-loading-message']"
}
[1560909010.739][INFO]: Waiting for pending navigations...
[1560909010.823][INFO]: Done waiting for pending navigations. Status: ok
[1560909010.909][INFO]: Waiting for pending navigations...
[1560909010.958][INFO]: Done waiting for pending navigations. Status: ok
[1560909010.958][INFO]: [53d264128828502d384b3ce12b62f41b] RESPONSE FindElements [ {
   "ELEMENT": "0.1538658527856549-2"
} ]
[1560909010.960][INFO]: [53d264128828502d384b3ce12b62f41b] COMMAND IsElementDisplayed {
   "id": "0.1538658527856549-2"
}
[1560909010.960][INFO]: Waiting for pending navigations...
[1560909010.974][INFO]: Done waiting for pending navigations. Status: ok
[1560909011.011][INFO]: Waiting for pending navigations...
[1560909011.085][INFO]: Done waiting for pending navigations. Status: ok
[1560909011.085][INFO]: [53d264128828502d384b3ce12b62f41b] RESPONSE IsElementDisplayed true
[1560909011.655][INFO]: [53d264128828502d384b3ce12b62f41b] COMMAND FindElements {
   "using": "xpath",
   "value": "//div[@class='di-app-loading-message']"
}
[1560909011.656][INFO]: Waiting for pending navigations...
[1560909011.691][INFO]: Done waiting for pending navigations. Status: ok
[1560909011.838][INFO]: Waiting for pending navigations...
[1560909011.919][INFO]: Done waiting for pending navigations. Status: ok
[1560909011.919][INFO]: [53d264128828502d384b3ce12b62f41b] RESPONSE FindElements [ {
   "ELEMENT": "0.1538658527856549-2"
} ]
[1560909011.956][INFO]: [53d264128828502d384b3ce12b62f41b] COMMAND IsElementDisplayed {
   "id": "0.1538658527856549-2"
}
[1560909011.956][INFO]: Waiting for pending navigations...
[1560909011.977][INFO]: Done waiting for pending navigations. Status: ok
[1560909012.001][INFO]: Waiting for pending navigations...
[1560909012.008][INFO]: Done waiting for pending navigations. Status: ok
[1560909012.008][INFO]: [53d264128828502d384b3ce12b62f41b] RESPONSE IsElementDisplayed true
[1560909012.522][INFO]: [53d264128828502d384b3ce12b62f41b] COMMAND FindElements {
   "using": "xpath",
   "value": "//div[@class='di-app-loading-message']"
}
[1560909012.522][INFO]: Waiting for pending navigations...
[1560909012.538][INFO]: Done waiting for pending navigations. Status: ok
[1560909012.571][INFO]: Waiting for pending navigations...
[1560909012.592][INFO]: Done waiting for pending navigations. Status: ok
[1560909012.592][INFO]: [53d264128828502d384b3ce12b62f41b] RESPONSE FindElements [ {
   "ELEMENT": "0.1538658527856549-2"
} ]
[1560909012.605][INFO]: [53d264128828502d384b3ce12b62f41b] COMMAND IsElementDisplayed {
   "id": "0.1538658527856549-2"
}
[1560909012.605][INFO]: Waiting for pending navigations...
[1560909012.634][INFO]: Done waiting for pending navigations. Status: ok
[1560909012.651][INFO]: Waiting for pending navigations...
[1560909012.684][INFO]: Done waiting for pending navigations. Status: ok
[1560909012.684][INFO]: [53d264128828502d384b3ce12b62f41b] RESPONSE IsElementDisplayed true
[1560909013.191][INFO]: [53d264128828502d384b3ce12b62f41b] COMMAND FindElements {
   "using": "xpath",
   "value": "//div[@class='di-app-loading-message']"
}
[1560909013.191][INFO]: Waiting for pending navigations...
[1560909013.448][INFO]: Done waiting for pending navigations. Status: ok
[1560909013.502][INFO]: Waiting for pending navigations...
[1560909013.537][INFO]: Done waiting for pending navigations. Status: ok
[1560909013.537][INFO]: [53d264128828502d384b3ce12b62f41b] RESPONSE FindElements [ {
   "ELEMENT": "0.1538658527856549-2"
} ]
[1560909013.554][INFO]: [53d264128828502d384b3ce12b62f41b] COMMAND IsElementDisplayed {
   "id": "0.1538658527856549-2"
}
[1560909013.554][INFO]: Waiting for pending navigations...
[1560909013.602][INFO]: Done waiting for pending navigations. Status: ok
[1560909013.675][INFO]: Waiting for pending navigations...
[1560909013.702][INFO]: Done waiting for pending navigations. Status: ok
[1560909013.702][INFO]: [53d264128828502d384b3ce12b62f41b] RESPONSE IsElementDisplayed true
[1560909014.219][INFO]: [53d264128828502d384b3ce12b62f41b] COMMAND FindElements {
   "using": "xpath",
   "value": "//div[@class='di-app-loading-message']"
}
[1560909014.220][INFO]: Waiting for pending navigations...
[1560909014.234][INFO]: Done waiting for pending navigations. Status: ok
[1560909014.270][INFO]: Waiting for pending navigations...
[1560909014.305][INFO]: Done waiting for pending navigations. Status: ok
[1560909014.306][INFO]: [53d264128828502d384b3ce12b62f41b] RESPONSE FindElements [ {
   "ELEMENT": "0.1538658527856549-2"
} ]
[1560909014.307][INFO]: [53d264128828502d384b3ce12b62f41b] COMMAND IsElementDisplayed {
   "id": "0.1538658527856549-2"
}
[1560909014.307][INFO]: Waiting for pending navigations...
[1560909014.327][INFO]: Done waiting for pending navigations. Status: ok
[1560909014.356][INFO]: Waiting for pending navigations...
[1560909014.358][INFO]: Done waiting for pending navigations. Status: ok
[1560909014.358][INFO]: [53d264128828502d384b3ce12b62f41b] RESPONSE IsElementDisplayed true
[1560909014.860][INFO]: [53d264128828502d384b3ce12b62f41b] COMMAND FindElements {
   "using": "xpath",
   "value": "//div[@class='di-app-loading-message']"
}
[1560909014.861][INFO]: Waiting for pending navigations...
[1560909014.884][INFO]: Done waiting for pending navigations. Status: ok
[1560909014.894][INFO]: Waiting for pending navigations...
[1560909014.898][INFO]: Done waiting for pending navigations. Status: ok
[1560909014.898][INFO]: [53d264128828502d384b3ce12b62f41b] RESPONSE FindElements [ {
   "ELEMENT": "0.1538658527856549-2"
} ]
[1560909014.899][INFO]: [53d264128828502d384b3ce12b62f41b] COMMAND IsElementDisplayed {
   "id": "0.1538658527856549-2"
}
[1560909014.899][INFO]: Waiting for pending navigations...
[1560909014.900][INFO]: Done waiting for pending navigations. Status: ok
[1560909014.918][INFO]: Waiting for pending navigations...
[1560909014.920][INFO]: Done waiting for pending navigations. Status: ok
[1560909014.920][INFO]: [53d264128828502d384b3ce12b62f41b] RESPONSE IsElementDisplayed true
[1560909015.435][INFO]: [53d264128828502d384b3ce12b62f41b] COMMAND FindElements {
   "using": "xpath",
   "value": "//div[@class='di-app-loading-message']"
}
[1560909015.435][INFO]: Waiting for pending navigations...
[1560909015.512][INFO]: Done waiting for pending navigations. Status: ok
[1560909015.546][INFO]: Waiting for pending navigations...
[1560909015.567][INFO]: Done waiting for pending navigations. Status: ok
[1560909015.568][INFO]: [53d264128828502d384b3ce12b62f41b] RESPONSE FindElements [ {
   "ELEMENT": "0.1538658527856549-2"
} ]
[1560909015.572][INFO]: [53d264128828502d384b3ce12b62f41b] COMMAND IsElementDisplayed {
   "id": "0.1538658527856549-2"
}
[1560909015.572][INFO]: Waiting for pending navigations...
[1560909015.587][INFO]: Done waiting for pending navigations. Status: ok
[1560909015.602][INFO]: Waiting for pending navigations...
[1560909015.606][INFO]: Done waiting for pending navigations. Status: ok
[1560909015.606][INFO]: [53d264128828502d384b3ce12b62f41b] RESPONSE IsElementDisplayed true
[1560909016.115][INFO]: [53d264128828502d384b3ce12b62f41b] COMMAND FindElements {
   "using": "xpath",
   "value": "//div[@class='di-app-loading-message']"
}
[1560909016.115][INFO]: Waiting for pending navigations...
[1560909016.119][INFO]: Done waiting for pending navigations. Status: ok
[1560909016.133][INFO]: Waiting for pending navigations...
[1560909016.134][INFO]: Done waiting for pending navigations. Status: ok
[1560909016.134][INFO]: [53d264128828502d384b3ce12b62f41b] RESPONSE FindElements [ {
   "ELEMENT": "0.1538658527856549-2"
} ]
[1560909016.135][INFO]: [53d264128828502d384b3ce12b62f41b] COMMAND IsElementDisplayed {
   "id": "0.1538658527856549-2"
}
[1560909016.136][INFO]: Waiting for pending navigations...
[1560909016.137][INFO]: Done waiting for pending navigations. Status: ok
[1560909016.150][INFO]: Waiting for pending navigations...
[1560909016.152][INFO]: Done waiting for pending navigations. Status: ok
[1560909016.152][INFO]: [53d264128828502d384b3ce12b62f41b] RESPONSE IsElementDisplayed true
[1560909016.657][INFO]: [53d264128828502d384b3ce12b62f41b] COMMAND FindElements {
   "using": "xpath",
   "value": "//div[@class='di-app-loading-message']"
}
[1560909016.657][INFO]: Waiting for pending navigations...
[1560909016.688][INFO]: Done waiting for pending navigations. Status: ok
[1560909016.733][INFO]: Waiting for pending navigations...
[1560909016.763][INFO]: Done waiting for pending navigations. Status: ok
[1560909016.763][INFO]: [53d264128828502d384b3ce12b62f41b] RESPONSE FindElements [ {
   "ELEMENT": "0.1538658527856549-2"
} ]
[1560909016.771][INFO]: [53d264128828502d384b3ce12b62f41b] COMMAND IsElementDisplayed {
   "id": "0.1538658527856549-2"
}
[1560909016.771][INFO]: Waiting for pending navigations...
[1560909016.773][INFO]: Done waiting for pending navigations. Status: ok
[1560909016.790][INFO]: Waiting for pending navigations...
[1560909016.791][INFO]: Done waiting for pending navigations. Status: ok
[1560909016.791][INFO]: [53d264128828502d384b3ce12b62f41b] RESPONSE IsElementDisplayed true
[1560909017.300][INFO]: [53d264128828502d384b3ce12b62f41b] COMMAND FindElements {
   "using": "xpath",
   "value": "//div[@class='di-app-loading-message']"
}
[1560909017.300][INFO]: Waiting for pending navigations...
[1560909017.305][INFO]: Done waiting for pending navigations. Status: ok
[1560909017.319][INFO]: Waiting for pending navigations...
[1560909017.321][INFO]: Done waiting for pending navigations. Status: ok
[1560909017.321][INFO]: [53d264128828502d384b3ce12b62f41b] RESPONSE FindElements [ {
   "ELEMENT": "0.1538658527856549-2"
} ]
[1560909017.322][INFO]: [53d264128828502d384b3ce12b62f41b] COMMAND IsElementDisplayed {
   "id": "0.1538658527856549-2"
}
[1560909017.322][INFO]: Waiting for pending navigations...
[1560909017.323][INFO]: Done waiting for pending navigations. Status: ok
[1560909017.339][INFO]: Waiting for pending navigations...
[1560909017.340][INFO]: Done waiting for pending navigations. Status: ok
[1560909017.340][INFO]: [53d264128828502d384b3ce12b62f41b] RESPONSE IsElementDisplayed true
[1560909017.850][INFO]: [53d264128828502d384b3ce12b62f41b] COMMAND FindElements {
   "using": "xpath",
   "value": "//div[@class='di-app-loading-message']"
}
[1560909017.850][INFO]: Waiting for pending navigations...
[1560909017.854][INFO]: Done waiting for pending navigations. Status: ok
[1560909017.865][INFO]: Waiting for pending navigations...
[1560909017.874][INFO]: Done waiting for pending navigations. Status: ok
[1560909017.874][INFO]: [53d264128828502d384b3ce12b62f41b] RESPONSE FindElements [ {
   "ELEMENT": "0.1538658527856549-2"
} ]
[1560909017.884][INFO]: [53d264128828502d384b3ce12b62f41b] COMMAND IsElementDisplayed {
   "id": "0.1538658527856549-2"
}
[1560909017.885][INFO]: Waiting for pending navigations...
[1560909017.889][INFO]: Done waiting for pending navigations. Status: ok
[1560909017.904][INFO]: Waiting for pending navigations...
[1560909017.905][INFO]: Done waiting for pending navigations. Status: ok
[1560909017.905][INFO]: [53d264128828502d384b3ce12b62f41b] RESPONSE IsElementDisplayed true
[1560909018.412][INFO]: [53d264128828502d384b3ce12b62f41b] COMMAND FindElements {
   "using": "xpath",
   "value": "//div[@class='di-app-loading-message']"
}
[1560909018.412][INFO]: Waiting for pending navigations...
[1560909018.418][INFO]: Done waiting for pending navigations. Status: ok
[1560909018.429][INFO]: Waiting for pending navigations...
[1560909018.431][INFO]: Done waiting for pending navigations. Status: ok
[1560909018.431][INFO]: [53d264128828502d384b3ce12b62f41b] RESPONSE FindElements [ {
   "ELEMENT": "0.1538658527856549-2"
} ]
[1560909018.432][INFO]: [53d264128828502d384b3ce12b62f41b] COMMAND IsElementDisplayed {
   "id": "0.1538658527856549-2"
}
[1560909018.433][INFO]: Waiting for pending navigations...
[1560909018.434][INFO]: Done waiting for pending navigations. Status: ok
[1560909018.449][INFO]: Waiting for pending navigations...
[1560909018.451][INFO]: Done waiting for pending navigations. Status: ok
[1560909018.452][INFO]: [53d264128828502d384b3ce12b62f41b] RESPONSE IsElementDisplayed true
[1560909018.955][INFO]: [53d264128828502d384b3ce12b62f41b] COMMAND FindElements {
   "using": "xpath",
   "value": "//div[@class='di-app-loading-message']"
}
[1560909018.956][INFO]: Waiting for pending navigations...
[1560909018.957][INFO]: Done waiting for pending navigations. Status: ok
[1560909018.983][INFO]: Waiting for pending navigations...
[1560909018.986][INFO]: Done waiting for pending navigations. Status: ok
[1560909018.986][INFO]: [53d264128828502d384b3ce12b62f41b] RESPONSE FindElements [ {
   "ELEMENT": "0.1538658527856549-2"
} ]
[1560909018.988][INFO]: [53d264128828502d384b3ce12b62f41b] COMMAND IsElementDisplayed {
   "id": "0.1538658527856549-2"
}
[1560909018.988][INFO]: Waiting for pending navigations...
[1560909018.989][INFO]: Done waiting for pending navigations. Status: ok
[1560909019.015][INFO]: Waiting for pending navigations...
[1560909019.019][INFO]: Done waiting for pending navigations. Status: ok
[1560909019.019][INFO]: [53d264128828502d384b3ce12b62f41b] RESPONSE IsElementDisplayed true
[1560909019.580][INFO]: [53d264128828502d384b3ce12b62f41b] COMMAND FindElements {
   "using": "xpath",
   "value": "//div[@class='di-app-loading-message']"
}
[1560909019.580][INFO]: Waiting for pending navigations...
[1560909019.668][INFO]: Done waiting for pending navigations. Status: ok
[1560909019.704][INFO]: Waiting for pending navigations...
[1560909019.720][INFO]: Done waiting for pending navigations. Status: ok
[1560909019.720][INFO]: [53d264128828502d384b3ce12b62f41b] RESPONSE FindElements [ {
   "ELEMENT": "0.1538658527856549-2"
} ]
[1560909019.723][INFO]: [53d264128828502d384b3ce12b62f41b] COMMAND IsElementDisplayed {
   "id": "0.1538658527856549-2"
}
[1560909019.723][INFO]: Waiting for pending navigations...
[1560909019.737][INFO]: Done waiting for pending navigations. Status: ok
[1560909019.770][INFO]: Waiting for pending navigations...
[1560909019.787][INFO]: Done waiting for pending navigations. Status: ok
[1560909019.787][INFO]: [53d264128828502d384b3ce12b62f41b] RESPONSE IsElementDisplayed true
[1560909020.299][INFO]: [53d264128828502d384b3ce12b62f41b] COMMAND FindElements {
   "using": "xpath",
   "value": "//div[@class='di-app-loading-message']"
}
[1560909020.299][INFO]: Waiting for pending navigations...
[1560909020.318][INFO]: Done waiting for pending navigations. Status: ok
[1560909020.371][INFO]: Waiting for pending navigations...
[1560909020.384][INFO]: Done waiting for pending navigations. Status: ok
[1560909020.384][INFO]: [53d264128828502d384b3ce12b62f41b] RESPONSE FindElements [ {
   "ELEMENT": "0.1538658527856549-2"
} ]
[1560909020.386][INFO]: [53d264128828502d384b3ce12b62f41b] COMMAND IsElementDisplayed {
   "id": "0.1538658527856549-2"
}
[1560909020.386][INFO]: Waiting for pending navigations...
[1560909020.387][INFO]: Done waiting for pending navigations. Status: ok
[1560909020.416][INFO]: Waiting for pending navigations...
[1560909020.422][INFO]: Done waiting for pending navigations. Status: ok
[1560909020.422][INFO]: [53d264128828502d384b3ce12b62f41b] RESPONSE IsElementDisplayed true
[1560909020.966][INFO]: [53d264128828502d384b3ce12b62f41b] COMMAND FindElements {
   "using": "xpath",
   "value": "//div[@class='di-app-loading-message']"
}
[1560909020.966][INFO]: Waiting for pending navigations...
[1560909020.996][INFO]: Done waiting for pending navigations. Status: ok
[1560909021.024][INFO]: Waiting for pending navigations...
[1560909021.068][INFO]: Done waiting for pending navigations. Status: ok
[1560909021.068][INFO]: [53d264128828502d384b3ce12b62f41b] RESPONSE FindElements [ {
   "ELEMENT": "0.1538658527856549-2"
} ]
[1560909021.088][INFO]: [53d264128828502d384b3ce12b62f41b] COMMAND IsElementDisplayed {
   "id": "0.1538658527856549-2"
}
[1560909021.088][INFO]: Waiting for pending navigations...
[1560909021.099][INFO]: Done waiting for pending navigations. Status: ok
[1560909021.136][INFO]: Waiting for pending navigations...
[1560909021.153][INFO]: Done waiting for pending navigations. Status: ok
[1560909021.153][INFO]: [53d264128828502d384b3ce12b62f41b] RESPONSE IsElementDisplayed true
[1560909021.669][INFO]: [53d264128828502d384b3ce12b62f41b] COMMAND FindElements {
   "using": "xpath",
   "value": "//div[@class='di-app-loading-message']"
}
[1560909021.669][INFO]: Waiting for pending navigations...
[1560909021.698][INFO]: Done waiting for pending navigations. Status: ok
[1560909021.734][INFO]: Waiting for pending navigations...
[1560909021.787][INFO]: Done waiting for pending navigations. Status: ok
[1560909021.788][INFO]: [53d264128828502d384b3ce12b62f41b] RESPONSE FindElements [ {
   "ELEMENT": "0.1538658527856549-2"
} ]
[1560909021.789][INFO]: [53d264128828502d384b3ce12b62f41b] COMMAND IsElementDisplayed {
   "id": "0.1538658527856549-2"
}
[1560909021.789][INFO]: Waiting for pending navigations...
[1560909021.803][INFO]: Done waiting for pending navigations. Status: ok
[1560909021.842][INFO]: Waiting for pending navigations...
[1560909021.871][INFO]: Done waiting for pending navigations. Status: ok
[1560909021.871][INFO]: [53d264128828502d384b3ce12b62f41b] RESPONSE IsElementDisplayed true
[1560909022.401][INFO]: [53d264128828502d384b3ce12b62f41b] COMMAND FindElements {
   "using": "xpath",
   "value": "//div[@class='di-app-loading-message']"
}
[1560909022.401][INFO]: Waiting for pending navigations...
[1560909022.426][INFO]: Done waiting for pending navigations. Status: ok
[1560909022.465][INFO]: Waiting for pending navigations...
[1560909022.487][INFO]: Done waiting for pending navigations. Status: ok
[1560909022.487][INFO]: [53d264128828502d384b3ce12b62f41b] RESPONSE FindElements [ {
   "ELEMENT": "0.1538658527856549-2"
} ]
[1560909022.490][INFO]: [53d264128828502d384b3ce12b62f41b] COMMAND IsElementDisplayed {
   "id": "0.1538658527856549-2"
}
[1560909022.490][INFO]: Waiting for pending navigations...
[1560909022.498][INFO]: Done waiting for pending navigations. Status: ok
[1560909022.526][INFO]: Waiting for pending navigations...
[1560909022.539][INFO]: Done waiting for pending navigations. Status: ok
[1560909022.539][INFO]: [53d264128828502d384b3ce12b62f41b] RESPONSE IsElementDisplayed true
[1560909023.054][INFO]: [53d264128828502d384b3ce12b62f41b] COMMAND FindElements {
   "using": "xpath",
   "value": "//div[@class='di-app-loading-message']"
}
[1560909023.054][INFO]: Waiting for pending navigations...
[1560909023.089][INFO]: Done waiting for pending navigations. Status: ok
[1560909023.133][INFO]: Waiting for pending navigations...
[1560909023.136][INFO]: Done waiting for pending navigations. Status: ok
[1560909023.136][INFO]: [53d264128828502d384b3ce12b62f41b] RESPONSE FindElements [ {
   "ELEMENT": "0.1538658527856549-2"
} ]
[1560909023.138][INFO]: [53d264128828502d384b3ce12b62f41b] COMMAND IsElementDisplayed {
   "id": "0.1538658527856549-2"
}
[1560909023.138][INFO]: Waiting for pending navigations...
[1560909023.384][INFO]: Done waiting for pending navigations. Status: ok
[1560909023.633][INFO]: Waiting for pending navigations...
[1560909023.848][INFO]: Done waiting for pending navigations. Status: ok
[1560909023.848][INFO]: [53d264128828502d384b3ce12b62f41b] RESPONSE IsElementDisplayed true
[1560909024.382][INFO]: [53d264128828502d384b3ce12b62f41b] COMMAND FindElements {
   "using": "xpath",
   "value": "//div[@class='di-app-loading-message']"
}
[1560909024.382][INFO]: Waiting for pending navigations...
[1560909024.492][INFO]: Done waiting for pending navigations. Status: ok
[1560909024.615][INFO]: Waiting for pending navigations...
[1560909024.735][INFO]: Done waiting for pending navigations. Status: ok
[1560909024.735][INFO]: [53d264128828502d384b3ce12b62f41b] RESPONSE FindElements [ {
   "ELEMENT": "0.1538658527856549-2"
} ]
[1560909024.762][INFO]: [53d264128828502d384b3ce12b62f41b] COMMAND IsElementDisplayed {
   "id": "0.1538658527856549-2"
}
[1560909024.762][INFO]: Waiting for pending navigations...
[1560909024.817][INFO]: Done waiting for pending navigations. Status: ok
[1560909024.895][INFO]: Waiting for pending navigations...
[1560909024.982][INFO]: Done waiting for pending navigations. Status: ok
[1560909024.982][INFO]: [53d264128828502d384b3ce12b62f41b] RESPONSE IsElementDisplayed true
[1560909025.544][INFO]: [53d264128828502d384b3ce12b62f41b] COMMAND FindElements {
   "using": "xpath",
   "value": "//div[@class='di-app-loading-message']"
}
[1560909025.544][INFO]: Waiting for pending navigations...
[1560909025.698][INFO]: Done waiting for pending navigations. Status: ok
[1560909025.870][INFO]: Waiting for pending navigations...
[1560909026.018][INFO]: Done waiting for pending navigations. Status: ok
[1560909026.018][INFO]: [53d264128828502d384b3ce12b62f41b] RESPONSE FindElements [ {
   "ELEMENT": "0.1538658527856549-2"
} ]
[1560909026.019][INFO]: [53d264128828502d384b3ce12b62f41b] COMMAND IsElementDisplayed {
   "id": "0.1538658527856549-2"
}
[1560909026.019][INFO]: Waiting for pending navigations...
[1560909026.150][INFO]: Done waiting for pending navigations. Status: ok
[1560909026.264][INFO]: Waiting for pending navigations...
[1560909026.298][INFO]: Done waiting for pending navigations. Status: ok
[1560909026.298][INFO]: [53d264128828502d384b3ce12b62f41b] RESPONSE IsElementDisplayed true
[1560909026.831][INFO]: [53d264128828502d384b3ce12b62f41b] COMMAND FindElements {
   "using": "xpath",
   "value": "//div[@class='di-app-loading-message']"
}
[1560909026.831][INFO]: Waiting for pending navigations...
[1560909026.870][INFO]: Done waiting for pending navigations. Status: ok
[1560909026.899][INFO]: Waiting for pending navigations...
[1560909026.926][INFO]: Done waiting for pending navigations. Status: ok
[1560909026.926][INFO]: [53d264128828502d384b3ce12b62f41b] RESPONSE FindElements [ {
   "ELEMENT": "0.1538658527856549-2"
} ]
[1560909026.930][INFO]: [53d264128828502d384b3ce12b62f41b] COMMAND IsElementDisplayed {
   "id": "0.1538658527856549-2"
}
[1560909026.930][INFO]: Waiting for pending navigations...
[1560909026.960][INFO]: Done waiting for pending navigations. Status: ok
[1560909027.015][INFO]: Waiting for pending navigations...
[1560909027.078][INFO]: Done waiting for pending navigations. Status: ok
[1560909027.078][INFO]: [53d264128828502d384b3ce12b62f41b] RESPONSE IsElementDisplayed true
[1560909027.592][INFO]: [53d264128828502d384b3ce12b62f41b] COMMAND FindElements {
   "using": "xpath",
   "value": "//div[@class='di-app-loading-message']"
}
[1560909027.592][INFO]: Waiting for pending navigations...
[1560909027.594][INFO]: Done waiting for pending navigations. Status: ok
[1560909027.611][INFO]: Waiting for pending navigations...
[1560909027.615][INFO]: Done waiting for pending navigations. Status: ok
[1560909027.615][INFO]: [53d264128828502d384b3ce12b62f41b] RESPONSE FindElements [ {
   "ELEMENT": "0.1538658527856549-2"
} ]
[1560909027.616][INFO]: [53d264128828502d384b3ce12b62f41b] COMMAND IsElementDisplayed {
   "id": "0.1538658527856549-2"
}
[1560909027.616][INFO]: Waiting for pending navigations...
[1560909027.620][INFO]: Done waiting for pending navigations. Status: ok
[1560909027.644][INFO]: Waiting for pending navigations...
[1560909027.646][INFO]: Done waiting for pending navigations. Status: ok
[1560909027.646][INFO]: [53d264128828502d384b3ce12b62f41b] RESPONSE IsElementDisplayed true
[1560909028.151][INFO]: [53d264128828502d384b3ce12b62f41b] COMMAND FindElements {
   "using": "xpath",
   "value": "//div[@class='di-app-loading-message']"
}
[1560909028.151][INFO]: Waiting for pending navigations...
[1560909028.168][INFO]: Done waiting for pending navigations. Status: ok
[1560909028.225][INFO]: Waiting for pending navigations...
[1560909028.236][INFO]: Done waiting for pending navigations. Status: ok
[1560909028.236][INFO]: [53d264128828502d384b3ce12b62f41b] RESPONSE FindElements [ {
   "ELEMENT": "0.1538658527856549-2"
} ]
[1560909028.245][INFO]: [53d264128828502d384b3ce12b62f41b] COMMAND IsElementDisplayed {
   "id": "0.1538658527856549-2"
}
[1560909028.245][INFO]: Waiting for pending navigations...
[1560909028.247][INFO]: Done waiting for pending navigations. Status: ok
[1560909028.267][INFO]: Waiting for pending navigations...
[1560909028.268][INFO]: Done waiting for pending navigations. Status: ok
[1560909028.269][INFO]: [53d264128828502d384b3ce12b62f41b] RESPONSE IsElementDisplayed true
[1560909028.780][INFO]: [53d264128828502d384b3ce12b62f41b] COMMAND FindElements {
   "using": "xpath",
   "value": "//div[@class='di-app-loading-message']"
}
[1560909028.780][INFO]: Waiting for pending navigations...
[1560909028.784][INFO]: Done waiting for pending navigations. Status: ok
[1560909028.794][INFO]: Waiting for pending navigations...
[1560909028.796][INFO]: Done waiting for pending navigations. Status: ok
[1560909028.796][INFO]: [53d264128828502d384b3ce12b62f41b] RESPONSE FindElements [ {
   "ELEMENT": "0.1538658527856549-2"
} ]
[1560909028.797][INFO]: [53d264128828502d384b3ce12b62f41b] COMMAND IsElementDisplayed {
   "id": "0.1538658527856549-2"
}
[1560909028.797][INFO]: Waiting for pending navigations...
[1560909028.799][INFO]: Done waiting for pending navigations. Status: ok
[1560909028.814][INFO]: Waiting for pending navigations...
[1560909028.816][INFO]: Done waiting for pending navigations. Status: ok
[1560909028.816][INFO]: [53d264128828502d384b3ce12b62f41b] RESPONSE IsElementDisplayed true
[1560909029.336][INFO]: [53d264128828502d384b3ce12b62f41b] COMMAND FindElements {
   "using": "xpath",
   "value": "//div[@class='di-app-loading-message']"
}
[1560909029.336][INFO]: Waiting for pending navigations...
[1560909029.375][INFO]: Done waiting for pending navigations. Status: ok
[1560909029.404][INFO]: Waiting for pending navigations...
[1560909029.414][INFO]: Done waiting for pending navigations. Status: ok
[1560909029.414][INFO]: [53d264128828502d384b3ce12b62f41b] RESPONSE FindElements [  ]
[1560909034.422][INFO]: [53d264128828502d384b3ce12b62f41b] COMMAND SetTimeouts {
   "ms": 0,
   "type": "implicit"
}
[1560909034.423][INFO]: [53d264128828502d384b3ce12b62f41b] RESPONSE SetTimeouts
[1560909034.441][INFO]: [53d264128828502d384b3ce12b62f41b] COMMAND FindElement {
   "using": "xpath",
   "value": "//img[@class='di_county_scans_20']"
}
[1560909034.441][INFO]: Waiting for pending navigations...
[1560909034.444][INFO]: Done waiting for pending navigations. Status: ok
[1560909034.489][INFO]: Waiting for pending navigations...
[1560909034.506][INFO]: Done waiting for pending navigations. Status: ok
[1560909034.506][INFO]: [53d264128828502d384b3ce12b62f41b] RESPONSE FindElement {
   "ELEMENT": "0.1538658527856549-3"
}
[1560909034.513][INFO]: [53d264128828502d384b3ce12b62f41b] COMMAND SetTimeouts {
   "ms": 0,
   "type": "implicit"
}
[1560909034.513][INFO]: [53d264128828502d384b3ce12b62f41b] RESPONSE SetTimeouts
[1560909034.532][INFO]: [53d264128828502d384b3ce12b62f41b] COMMAND FindElement {
   "using": "xpath",
   "value": "//span[@title='DI Courthouse 2.0']"
}
[1560909034.532][INFO]: Waiting for pending navigations...
[1560909034.540][INFO]: Done waiting for pending navigations. Status: ok
[1560909034.609][INFO]: Waiting for pending navigations...
[1560909034.644][INFO]: Done waiting for pending navigations. Status: ok
[1560909034.644][INFO]: [53d264128828502d384b3ce12b62f41b] RESPONSE FindElement {
   "ELEMENT": "0.1538658527856549-4"
}
[1560909035.693][INFO]: [53d264128828502d384b3ce12b62f41b] COMMAND SetTimeouts {
   "ms": 0,
   "type": "implicit"
}
[1560909035.693][INFO]: [53d264128828502d384b3ce12b62f41b] RESPONSE SetTimeouts
[1560909035.698][INFO]: [53d264128828502d384b3ce12b62f41b] COMMAND FindElement {
   "using": "xpath",
   "value": "//img[@class='di_county_scans_20']"
}
[1560909035.698][INFO]: Waiting for pending navigations...
[1560909035.729][INFO]: Done waiting for pending navigations. Status: ok
[1560909035.806][INFO]: Waiting for pending navigations...
[1560909035.909][INFO]: Done waiting for pending navigations. Status: ok
[1560909035.909][INFO]: [53d264128828502d384b3ce12b62f41b] RESPONSE FindElement {
   "ELEMENT": "0.1538658527856549-3"
}
[1560909040.924][INFO]: [53d264128828502d384b3ce12b62f41b] COMMAND FindElements {
   "using": "xpath",
   "value": "//img[@class='di_county_scans_20']"
}
[1560909040.924][INFO]: Waiting for pending navigations...
[1560909040.930][INFO]: Done waiting for pending navigations. Status: ok
[1560909040.969][INFO]: Waiting for pending navigations...
[1560909040.971][INFO]: Done waiting for pending navigations. Status: ok
[1560909040.971][INFO]: [53d264128828502d384b3ce12b62f41b] RESPONSE FindElements [ {
   "ELEMENT": "0.1538658527856549-3"
} ]
[1560909040.973][INFO]: [53d264128828502d384b3ce12b62f41b] COMMAND ClickElement {
   "id": "0.1538658527856549-3"
}
[1560909040.973][INFO]: Waiting for pending navigations...
[1560909040.975][INFO]: Done waiting for pending navigations. Status: ok
[1560909041.626][INFO]: Waiting for pending navigations...
[1560909041.691][INFO]: Done waiting for pending navigations. Status: ok
[1560909041.691][INFO]: [53d264128828502d384b3ce12b62f41b] RESPONSE ClickElement
[1560909046.711][INFO]: [53d264128828502d384b3ce12b62f41b] COMMAND GetWindows {

}
[1560909046.740][INFO]: [53d264128828502d384b3ce12b62f41b] RESPONSE GetWindows [ "CDwindow-81CAC47CF0AA17084232AD5B44FF3884", "CDwindow-C0A1AE33FA894D123292013F63BBE805" ]
[1560909046.759][INFO]: [53d264128828502d384b3ce12b62f41b] COMMAND SwitchToWindow {
   "name": "CDwindow-C0A1AE33FA894D123292013F63BBE805"
}
[1560909046.789][INFO]: [53d264128828502d384b3ce12b62f41b] RESPONSE SwitchToWindow
[1560909046.793][INFO]: [53d264128828502d384b3ce12b62f41b] COMMAND SwitchToWindow {
   "name": "CDwindow-81CAC47CF0AA17084232AD5B44FF3884"
}
[1560909046.876][INFO]: [53d264128828502d384b3ce12b62f41b] RESPONSE SwitchToWindow
[1560909046.942][INFO]: [53d264128828502d384b3ce12b62f41b] COMMAND CloseWindow {

}
[1560909047.285][INFO]: [53d264128828502d384b3ce12b62f41b] RESPONSE CloseWindow [ "CDwindow-C0A1AE33FA894D123292013F63BBE805" ]
[1560909047.305][INFO]: [53d264128828502d384b3ce12b62f41b] COMMAND SwitchToWindow {
   "name": "CDwindow-C0A1AE33FA894D123292013F63BBE805"
}
[1560909047.350][INFO]: [53d264128828502d384b3ce12b62f41b] RESPONSE SwitchToWindow
[1560909047.358][INFO]: [53d264128828502d384b3ce12b62f41b] COMMAND SetTimeouts {
   "ms": 0,
   "type": "implicit"
}
[1560909047.358][INFO]: [53d264128828502d384b3ce12b62f41b] RESPONSE SetTimeouts
[1560909047.371][INFO]: [53d264128828502d384b3ce12b62f41b] COMMAND FindElement {
   "using": "xpath",
   "value": "//section[@class='row user-container ng-scope']"
}
[1560909047.374][INFO]: resolved localhost to ["::1","127.0.0.1"]
[1560909048.651][INFO]: Waiting for pending navigations...
[1560909065.260][INFO]: Done waiting for pending navigations. Status: ok
[1560909065.361][INFO]: Waiting for pending navigations...
[1560909065.369][INFO]: Done waiting for pending navigations. Status: ok
[1560909065.369][INFO]: [53d264128828502d384b3ce12b62f41b] RESPONSE FindElement {
   "ELEMENT": "0.7537795117469015-1"
}
[1560909065.376][INFO]: [53d264128828502d384b3ce12b62f41b] COMMAND FindElements {
   "using": "xpath",
   "value": "//span[@class='caret']"
}
[1560909065.376][INFO]: Waiting for pending navigations...
[1560909065.379][INFO]: Done waiting for pending navigations. Status: ok
[1560909065.418][INFO]: Waiting for pending navigations...
[1560909065.428][INFO]: Done waiting for pending navigations. Status: ok
[1560909065.428][INFO]: [53d264128828502d384b3ce12b62f41b] RESPONSE FindElements [ {
   "ELEMENT": "0.7537795117469015-2"
} ]
[1560909065.432][INFO]: [53d264128828502d384b3ce12b62f41b] COMMAND IsElementDisplayed {
   "id": "0.7537795117469015-2"
}
[1560909065.432][INFO]: Waiting for pending navigations...
[1560909065.438][INFO]: Done waiting for pending navigations. Status: ok
[1560909065.477][INFO]: Waiting for pending navigations...
[1560909065.480][INFO]: Done waiting for pending navigations. Status: ok
[1560909065.480][INFO]: [53d264128828502d384b3ce12b62f41b] RESPONSE IsElementDisplayed true
[1560909065.480][INFO]: [53d264128828502d384b3ce12b62f41b] COMMAND IsElementEnabled {
   "id": "0.7537795117469015-2"
}
[1560909065.480][INFO]: Waiting for pending navigations...
[1560909065.481][INFO]: Done waiting for pending navigations. Status: ok
[1560909065.509][INFO]: Waiting for pending navigations...
[1560909065.511][INFO]: Done waiting for pending navigations. Status: ok
[1560909065.511][INFO]: [53d264128828502d384b3ce12b62f41b] RESPONSE IsElementEnabled true
[1560909065.514][INFO]: [53d264128828502d384b3ce12b62f41b] COMMAND FindElements {
   "using": "xpath",
   "value": "//span[@class='caret']"
}
[1560909065.514][INFO]: Waiting for pending navigations...
[1560909065.515][INFO]: Done waiting for pending navigations. Status: ok
[1560909065.529][INFO]: Waiting for pending navigations...
[1560909065.533][INFO]: Done waiting for pending navigations. Status: ok
[1560909065.533][INFO]: [53d264128828502d384b3ce12b62f41b] RESPONSE FindElements [ {
   "ELEMENT": "0.7537795117469015-2"
} ]
[1560909065.536][INFO]: [53d264128828502d384b3ce12b62f41b] COMMAND ClickElement {
   "id": "0.7537795117469015-2"
}
[1560909065.537][INFO]: Waiting for pending navigations...
[1560909065.538][INFO]: Done waiting for pending navigations. Status: ok
[1560909065.828][INFO]: Waiting for pending navigations...
[1560909065.837][INFO]: Done waiting for pending navigations. Status: ok
[1560909065.837][INFO]: [53d264128828502d384b3ce12b62f41b] RESPONSE ClickElement
[1560909065.841][INFO]: [53d264128828502d384b3ce12b62f41b] COMMAND SetTimeouts {
   "ms": 0,
   "type": "implicit"
}
[1560909065.841][INFO]: [53d264128828502d384b3ce12b62f41b] RESPONSE SetTimeouts
[1560909065.845][INFO]: [53d264128828502d384b3ce12b62f41b] COMMAND FindElement {
   "using": "css selector",
   "value": ".caret"
}
[1560909065.845][INFO]: Waiting for pending navigations...
[1560909065.848][INFO]: Done waiting for pending navigations. Status: ok
[1560909065.878][INFO]: Waiting for pending navigations...
[1560909065.879][INFO]: Done waiting for pending navigations. Status: ok
[1560909065.879][INFO]: [53d264128828502d384b3ce12b62f41b] RESPONSE FindElement {
   "ELEMENT": "0.7537795117469015-2"
}
[1560909068.881][INFO]: [53d264128828502d384b3ce12b62f41b] COMMAND FindElements {
   "using": "css selector",
   "value": "a[href='/users']"
}
[1560909068.881][INFO]: Waiting for pending navigations...
[1560909068.882][INFO]: Done waiting for pending navigations. Status: ok
[1560909068.911][INFO]: Waiting for pending navigations...
[1560909068.913][INFO]: Done waiting for pending navigations. Status: ok
[1560909068.913][INFO]: [53d264128828502d384b3ce12b62f41b] RESPONSE FindElements [ {
   "ELEMENT": "0.7537795117469015-3"
} ]
[1560909068.916][INFO]: [53d264128828502d384b3ce12b62f41b] COMMAND ClickElement {
   "id": "0.7537795117469015-3"
}
[1560909068.916][INFO]: Waiting for pending navigations...
[1560909068.917][INFO]: Done waiting for pending navigations. Status: ok
[1560909069.065][INFO]: Waiting for pending navigations...
[1560909069.077][INFO]: Done waiting for pending navigations. Status: ok
[1560909069.077][INFO]: [53d264128828502d384b3ce12b62f41b] RESPONSE ClickElement
[1560909069.080][INFO]: [53d264128828502d384b3ce12b62f41b] COMMAND FindElements {
   "using": "id",
   "value": "editBulk"
}
[1560909069.080][INFO]: Waiting for pending navigations...
[1560909069.082][INFO]: Done waiting for pending navigations. Status: ok
[1560909069.107][INFO]: Waiting for pending navigations...
[1560909069.110][INFO]: Done waiting for pending navigations. Status: ok
[1560909069.110][INFO]: [53d264128828502d384b3ce12b62f41b] RESPONSE FindElements [ {
   "ELEMENT": "0.7537795117469015-4"
} ]
[1560909069.112][INFO]: [53d264128828502d384b3ce12b62f41b] COMMAND ClickElement {
   "id": "0.7537795117469015-4"
}
[1560909069.112][INFO]: Waiting for pending navigations...
[1560909069.114][INFO]: Done waiting for pending navigations. Status: ok
[1560909069.357][INFO]: Waiting for pending navigations...
[1560909069.383][INFO]: Done waiting for pending navigations. Status: ok
[1560909069.383][INFO]: [53d264128828502d384b3ce12b62f41b] RESPONSE ClickElement
[1560909069.389][INFO]: [53d264128828502d384b3ce12b62f41b] COMMAND SetTimeouts {
   "ms": 0,
   "type": "implicit"
}
[1560909069.389][INFO]: [53d264128828502d384b3ce12b62f41b] RESPONSE SetTimeouts
[1560909069.392][INFO]: [53d264128828502d384b3ce12b62f41b] COMMAND FindElement {
   "using": "css selector",
   "value": "div[class='modal-dialog']"
}
[1560909069.392][INFO]: Waiting for pending navigations...
[1560909069.394][INFO]: Done waiting for pending navigations. Status: ok
[1560909069.429][INFO]: Waiting for pending navigations...
[1560909069.435][INFO]: Done waiting for pending navigations. Status: ok
[1560909069.435][INFO]: [53d264128828502d384b3ce12b62f41b] RESPONSE FindElement {
   "ELEMENT": "0.7537795117469015-5"
}
[1560909070.441][INFO]: [53d264128828502d384b3ce12b62f41b] COMMAND SetTimeouts {
   "ms": 0,
   "type": "implicit"
}
[1560909070.441][INFO]: [53d264128828502d384b3ce12b62f41b] RESPONSE SetTimeouts
[1560909070.444][INFO]: [53d264128828502d384b3ce12b62f41b] COMMAND FindElement {
   "using": "css selector",
   "value": "input[name='companyAccount'][ng-model='modalAlertOptions.companyAccount']"
}
[1560909070.444][INFO]: Waiting for pending navigations...
[1560909070.445][INFO]: Done waiting for pending navigations. Status: ok
[1560909070.473][INFO]: Waiting for pending navigations...
[1560909070.475][INFO]: Done waiting for pending navigations. Status: ok
[1560909070.475][INFO]: [53d264128828502d384b3ce12b62f41b] RESPONSE FindElement {
   "ELEMENT": "0.7537795117469015-6"
}
[1560909070.478][INFO]: [53d264128828502d384b3ce12b62f41b] COMMAND FindElement {
   "using": "css selector",
   "value": "input[name='companyAccount'][ng-model='modalAlertOptions.companyAccount']"
}
[1560909070.478][INFO]: Waiting for pending navigations...
[1560909070.480][INFO]: Done waiting for pending navigations. Status: ok
[1560909070.490][INFO]: Waiting for pending navigations...
[1560909070.491][INFO]: Done waiting for pending navigations. Status: ok
[1560909070.491][INFO]: [53d264128828502d384b3ce12b62f41b] RESPONSE FindElement {
   "ELEMENT": "0.7537795117469015-6"
}
[1560909070.495][INFO]: [53d264128828502d384b3ce12b62f41b] COMMAND TypeElement {
   "id": "0.7537795117469015-6",
   "value": [ "12691" ]
}
[1560909070.495][INFO]: Waiting for pending navigations...
[1560909070.496][INFO]: Done waiting for pending navigations. Status: ok
[1560909070.649][INFO]: Waiting for pending navigations...
[1560909070.650][INFO]: Done waiting for pending navigations. Status: ok
[1560909070.650][INFO]: [53d264128828502d384b3ce12b62f41b] RESPONSE TypeElement
[1560909070.653][INFO]: [53d264128828502d384b3ce12b62f41b] COMMAND SetTimeouts {
   "ms": 0,
   "type": "implicit"
}
[1560909070.653][INFO]: [53d264128828502d384b3ce12b62f41b] RESPONSE SetTimeouts
[1560909070.655][INFO]: [53d264128828502d384b3ce12b62f41b] COMMAND FindElement {
   "using": "xpath",
   "value": "//strong['DI Internal Acct']"
}
[1560909070.656][INFO]: Waiting for pending navigations...
[1560909070.658][INFO]: Done waiting for pending navigations. Status: ok
[1560909070.690][INFO]: Waiting for pending navigations...
[1560909070.692][INFO]: Done waiting for pending navigations. Status: ok
[1560909070.692][INFO]: [53d264128828502d384b3ce12b62f41b] RESPONSE FindElement ERROR no such element: Unable to locate element: {"method":"xpath","selector":"//strong['DI Internal Acct']"}
  (Session info: chrome=74.0.3729.169)
[1560909071.194][INFO]: [53d264128828502d384b3ce12b62f41b] COMMAND SetTimeouts {
   "ms": 0,
   "type": "implicit"
}
[1560909071.194][INFO]: [53d264128828502d384b3ce12b62f41b] RESPONSE SetTimeouts
[1560909071.197][INFO]: [53d264128828502d384b3ce12b62f41b] COMMAND FindElement {
   "using": "xpath",
   "value": "//strong['DI Internal Acct']"
}
[1560909071.197][INFO]: Waiting for pending navigations...
[1560909071.198][INFO]: Done waiting for pending navigations. Status: ok
[1560909071.230][INFO]: Waiting for pending navigations...
[1560909071.231][INFO]: Done waiting for pending navigations. Status: ok
[1560909071.231][INFO]: [53d264128828502d384b3ce12b62f41b] RESPONSE FindElement ERROR no such element: Unable to locate element: {"method":"xpath","selector":"//strong['DI Internal Acct']"}
  (Session info: chrome=74.0.3729.169)
[1560909071.736][INFO]: [53d264128828502d384b3ce12b62f41b] COMMAND SetTimeouts {
   "ms": 0,
   "type": "implicit"
}
[1560909071.736][INFO]: [53d264128828502d384b3ce12b62f41b] RESPONSE SetTimeouts
[1560909071.739][INFO]: [53d264128828502d384b3ce12b62f41b] COMMAND FindElement {
   "using": "xpath",
   "value": "//strong['DI Internal Acct']"
}
[1560909071.739][INFO]: Waiting for pending navigations...
[1560909071.741][INFO]: Done waiting for pending navigations. Status: ok
[1560909071.749][INFO]: Waiting for pending navigations...
[1560909071.750][INFO]: Done waiting for pending navigations. Status: ok
[1560909071.750][INFO]: [53d264128828502d384b3ce12b62f41b] RESPONSE FindElement ERROR no such element: Unable to locate element: {"method":"xpath","selector":"//strong['DI Internal Acct']"}
  (Session info: chrome=74.0.3729.169)
[1560909072.254][INFO]: [53d264128828502d384b3ce12b62f41b] COMMAND SetTimeouts {
   "ms": 0,
   "type": "implicit"
}
[1560909072.254][INFO]: [53d264128828502d384b3ce12b62f41b] RESPONSE SetTimeouts
[1560909072.256][INFO]: [53d264128828502d384b3ce12b62f41b] COMMAND FindElement {
   "using": "xpath",
   "value": "//strong['DI Internal Acct']"
}
[1560909072.256][INFO]: Waiting for pending navigations...
[1560909072.257][INFO]: Done waiting for pending navigations. Status: ok
[1560909072.266][INFO]: Waiting for pending navigations...
[1560909072.268][INFO]: Done waiting for pending navigations. Status: ok
[1560909072.268][INFO]: [53d264128828502d384b3ce12b62f41b] RESPONSE FindElement ERROR no such element: Unable to locate element: {"method":"xpath","selector":"//strong['DI Internal Acct']"}
  (Session info: chrome=74.0.3729.169)
[1560909072.771][INFO]: [53d264128828502d384b3ce12b62f41b] COMMAND SetTimeouts {
   "ms": 0,
   "type": "implicit"
}
[1560909072.771][INFO]: [53d264128828502d384b3ce12b62f41b] RESPONSE SetTimeouts
[1560909072.773][INFO]: [53d264128828502d384b3ce12b62f41b] COMMAND FindElement {
   "using": "xpath",
   "value": "//strong['DI Internal Acct']"
}
[1560909072.773][INFO]: Waiting for pending navigations...
[1560909072.777][INFO]: Done waiting for pending navigations. Status: ok
[1560909072.790][INFO]: Waiting for pending navigations...
[1560909072.791][INFO]: Done waiting for pending navigations. Status: ok
[1560909072.791][INFO]: [53d264128828502d384b3ce12b62f41b] RESPONSE FindElement ERROR no such element: Unable to locate element: {"method":"xpath","selector":"//strong['DI Internal Acct']"}
  (Session info: chrome=74.0.3729.169)
[1560909073.294][INFO]: [53d264128828502d384b3ce12b62f41b] COMMAND SetTimeouts {
   "ms": 0,
   "type": "implicit"
}
[1560909073.294][INFO]: [53d264128828502d384b3ce12b62f41b] RESPONSE SetTimeouts
[1560909073.296][INFO]: [53d264128828502d384b3ce12b62f41b] COMMAND FindElement {
   "using": "xpath",
   "value": "//strong['DI Internal Acct']"
}
[1560909073.296][INFO]: Waiting for pending navigations...
[1560909073.297][INFO]: Done waiting for pending navigations. Status: ok
[1560909073.309][INFO]: Waiting for pending navigations...
[1560909073.310][INFO]: Done waiting for pending navigations. Status: ok
[1560909073.310][INFO]: [53d264128828502d384b3ce12b62f41b] RESPONSE FindElement {
   "ELEMENT": "0.7537795117469015-7"
}
[1560909074.312][INFO]: [53d264128828502d384b3ce12b62f41b] COMMAND FindElements {
   "using": "xpath",
   "value": "//strong['DI Internal Acct']"
}
[1560909074.312][INFO]: Waiting for pending navigations...
[1560909074.313][INFO]: Done waiting for pending navigations. Status: ok
[1560909074.356][INFO]: Waiting for pending navigations...
[1560909074.358][INFO]: Done waiting for pending navigations. Status: ok
[1560909074.358][INFO]: [53d264128828502d384b3ce12b62f41b] RESPONSE FindElements [ {
   "ELEMENT": "0.7537795117469015-7"
} ]
[1560909074.361][INFO]: [53d264128828502d384b3ce12b62f41b] COMMAND ClickElement {
   "id": "0.7537795117469015-7"
}
[1560909074.361][INFO]: Waiting for pending navigations...
[1560909074.363][INFO]: Done waiting for pending navigations. Status: ok
[1560909074.513][INFO]: Waiting for pending navigations...
[1560909074.520][INFO]: Done waiting for pending navigations. Status: ok
[1560909074.520][INFO]: [53d264128828502d384b3ce12b62f41b] RESPONSE ClickElement
[1560909075.522][INFO]: [53d264128828502d384b3ce12b62f41b] COMMAND FindElements {
   "using": "css selector",
   "value": "button[ng-show='modalAlertOptions.showOkButton']"
}
[1560909075.522][INFO]: Waiting for pending navigations...
[1560909075.524][INFO]: Done waiting for pending navigations. Status: ok
[1560909075.542][INFO]: Waiting for pending navigations...
[1560909075.543][INFO]: Done waiting for pending navigations. Status: ok
[1560909075.543][INFO]: [53d264128828502d384b3ce12b62f41b] RESPONSE FindElements [ {
   "ELEMENT": "0.7537795117469015-8"
} ]
[1560909075.544][INFO]: [53d264128828502d384b3ce12b62f41b] COMMAND ClickElement {
   "id": "0.7537795117469015-8"
}
[1560909075.545][INFO]: Waiting for pending navigations...
[1560909075.575][INFO]: Done waiting for pending navigations. Status: ok
[1560909076.314][INFO]: Waiting for pending navigations...
[1560909076.472][INFO]: Done waiting for pending navigations. Status: ok
[1560909076.472][INFO]: [53d264128828502d384b3ce12b62f41b] RESPONSE ClickElement
[1560909078.473][INFO]: [53d264128828502d384b3ce12b62f41b] COMMAND SetTimeouts {
   "ms": 0,
   "type": "implicit"
}
[1560909078.473][INFO]: [53d264128828502d384b3ce12b62f41b] RESPONSE SetTimeouts
[1560909078.475][INFO]: [53d264128828502d384b3ce12b62f41b] COMMAND FindElement {
   "using": "xpath",
   "value": "//div[@class='ngFooterTotalItems']//span[@class='ngLabel ng-binding']"
}
[1560909078.475][INFO]: Waiting for pending navigations...
[1560909078.476][INFO]: Done waiting for pending navigations. Status: ok
[1560909078.500][INFO]: Waiting for pending navigations...
[1560909078.503][INFO]: Done waiting for pending navigations. Status: ok
[1560909078.503][INFO]: [53d264128828502d384b3ce12b62f41b] RESPONSE FindElement {
   "ELEMENT": "0.7537795117469015-9"
}
[1560909078.505][INFO]: [53d264128828502d384b3ce12b62f41b] COMMAND FindElement {
   "using": "xpath",
   "value": "//div[@class='ngFooterTotalItems']//span[@class='ngLabel ng-binding']"
}
[1560909078.505][INFO]: Waiting for pending navigations...
[1560909078.506][INFO]: Done waiting for pending navigations. Status: ok
[1560909078.513][INFO]: Waiting for pending navigations...
[1560909078.513][INFO]: Done waiting for pending navigations. Status: ok
[1560909078.514][INFO]: [53d264128828502d384b3ce12b62f41b] RESPONSE FindElement {
   "ELEMENT": "0.7537795117469015-9"
}
[1560909078.514][INFO]: [53d264128828502d384b3ce12b62f41b] COMMAND GetElementText {
   "id": "0.7537795117469015-9"
}
[1560909078.515][INFO]: Waiting for pending navigations...
[1560909078.518][INFO]: Done waiting for pending navigations. Status: ok
[1560909078.543][INFO]: Waiting for pending navigations...
[1560909078.544][INFO]: Done waiting for pending navigations. Status: ok
[1560909078.544][INFO]: [53d264128828502d384b3ce12b62f41b] RESPONSE GetElementText "Total Items: 0"
[1560909078.546][INFO]: [53d264128828502d384b3ce12b62f41b] COMMAND FindElements {
   "using": "id",
   "value": "changeCompany"
}
[1560909078.546][INFO]: Waiting for pending navigations...
[1560909078.547][INFO]: Done waiting for pending navigations. Status: ok
[1560909078.569][INFO]: Waiting for pending navigations...
[1560909078.605][INFO]: Done waiting for pending navigations. Status: ok
[1560909078.606][INFO]: [53d264128828502d384b3ce12b62f41b] RESPONSE FindElements [ {
   "ELEMENT": "0.7537795117469015-10"
} ]
[1560909078.608][INFO]: [53d264128828502d384b3ce12b62f41b] COMMAND ClickElement {
   "id": "0.7537795117469015-10"
}
[1560909078.608][INFO]: Waiting for pending navigations...
[1560909078.609][INFO]: Done waiting for pending navigations. Status: ok
[1560909078.736][INFO]: Waiting for pending navigations...
[1560909078.740][INFO]: Done waiting for pending navigations. Status: ok
[1560909078.740][INFO]: [53d264128828502d384b3ce12b62f41b] RESPONSE ClickElement
[1560909078.743][INFO]: [53d264128828502d384b3ce12b62f41b] COMMAND SetTimeouts {
   "ms": 0,
   "type": "implicit"
}
[1560909078.743][INFO]: [53d264128828502d384b3ce12b62f41b] RESPONSE SetTimeouts
[1560909078.746][INFO]: [53d264128828502d384b3ce12b62f41b] COMMAND FindElement {
   "using": "css selector",
   "value": "div[class='modal-dialog']"
}
[1560909078.747][INFO]: Waiting for pending navigations...
[1560909078.752][INFO]: Done waiting for pending navigations. Status: ok
[1560909078.769][INFO]: Waiting for pending navigations...
[1560909078.771][INFO]: Done waiting for pending navigations. Status: ok
[1560909078.771][INFO]: [53d264128828502d384b3ce12b62f41b] RESPONSE FindElement {
   "ELEMENT": "0.7537795117469015-11"
}
[1560909080.774][INFO]: [53d264128828502d384b3ce12b62f41b] COMMAND FindElements {
   "using": "css selector",
   "value": "button[ng-show='modalAlertOptions.showCancelButton']"
}
[1560909080.774][INFO]: Waiting for pending navigations...
[1560909080.775][INFO]: Done waiting for pending navigations. Status: ok
[1560909080.794][INFO]: Waiting for pending navigations...
[1560909080.795][INFO]: Done waiting for pending navigations. Status: ok
[1560909080.795][INFO]: [53d264128828502d384b3ce12b62f41b] RESPONSE FindElements [ {
   "ELEMENT": "0.7537795117469015-12"
} ]
[1560909080.797][INFO]: [53d264128828502d384b3ce12b62f41b] COMMAND ClickElement {
   "id": "0.7537795117469015-12"
}
[1560909080.797][INFO]: Waiting for pending navigations...
[1560909080.799][INFO]: Done waiting for pending navigations. Status: ok
[1560909080.912][INFO]: Waiting for pending navigations...
[1560909080.923][INFO]: Done waiting for pending navigations. Status: ok
[1560909080.923][INFO]: [53d264128828502d384b3ce12b62f41b] RESPONSE ClickElement
[1560909082.924][INFO]: [53d264128828502d384b3ce12b62f41b] COMMAND SetTimeouts {
   "ms": 0,
   "type": "implicit"
}
[1560909082.924][INFO]: [53d264128828502d384b3ce12b62f41b] RESPONSE SetTimeouts
[1560909082.926][INFO]: [53d264128828502d384b3ce12b62f41b] COMMAND FindElement {
   "using": "xpath",
   "value": "//div[@class='ngFooterTotalItems']//span[@class='ngLabel ng-binding']"
}
[1560909082.927][INFO]: Waiting for pending navigations...
[1560909082.928][INFO]: Done waiting for pending navigations. Status: ok
[1560909082.938][INFO]: Waiting for pending navigations...
[1560909082.942][INFO]: Done waiting for pending navigations. Status: ok
[1560909082.942][INFO]: [53d264128828502d384b3ce12b62f41b] RESPONSE FindElement {
   "ELEMENT": "0.7537795117469015-9"
}
[1560909082.944][INFO]: [53d264128828502d384b3ce12b62f41b] COMMAND FindElement {
   "using": "xpath",
   "value": "//div[@class='ngFooterTotalItems']//span[@class='ngLabel ng-binding']"
}
[1560909082.944][INFO]: Waiting for pending navigations...
[1560909082.948][INFO]: Done waiting for pending navigations. Status: ok
[1560909082.956][INFO]: Waiting for pending navigations...
[1560909082.958][INFO]: Done waiting for pending navigations. Status: ok
[1560909082.958][INFO]: [53d264128828502d384b3ce12b62f41b] RESPONSE FindElement {
   "ELEMENT": "0.7537795117469015-9"
}
[1560909082.959][INFO]: [53d264128828502d384b3ce12b62f41b] COMMAND GetElementText {
   "id": "0.7537795117469015-9"
}
[1560909082.959][INFO]: Waiting for pending navigations...
[1560909082.960][INFO]: Done waiting for pending navigations. Status: ok
[1560909082.969][INFO]: Waiting for pending navigations...
[1560909082.970][INFO]: Done waiting for pending navigations. Status: ok
[1560909082.970][INFO]: [53d264128828502d384b3ce12b62f41b] RESPONSE GetElementText "Total Items: 39"
 no such element: Unable to locate element: {"method":"xpath","selector":"//div[contains(text(),'User has been successfully edited.')]"}
  (Session info: chrome=74.0.3729.169)
[1560909068.653][INFO]: [79b9bb29961f042d245fcb4079ab1361] COMMAND SetTimeouts {
   "ms": 0,
   "type": "implicit"
}
[1560909068.653][INFO]: [79b9bb29961f042d245fcb4079ab1361] RESPONSE SetTimeouts
[1560909068.655][INFO]: [79b9bb29961f042d245fcb4079ab1361] COMMAND FindElement {
   "using": "xpath",
   "value": "//div[contains(text(),'User has been successfully edited.')]"
}
[1560909068.655][INFO]: Waiting for pending navigations...
[1560909068.658][INFO]: Done waiting for pending navigations. Status: ok
[1560909068.675][INFO]: Waiting for pending navigations...
[1560909068.679][INFO]: Done waiting for pending navigations. Status: ok
[1560909068.679][INFO]: [79b9bb29961f042d245fcb4079ab1361] RESPONSE FindElement ERROR no such element: Unable to locate element: {"method":"xpath","selector":"//div[contains(text(),'User has been successfully edited.')]"}
  (Session info: chrome=74.0.3729.169)
[1560909069.183][INFO]: [79b9bb29961f042d245fcb4079ab1361] COMMAND SetTimeouts {
   "ms": 0,
   "type": "implicit"
}
[1560909069.183][INFO]: [79b9bb29961f042d245fcb4079ab1361] RESPONSE SetTimeouts
[1560909069.184][INFO]: [79b9bb29961f042d245fcb4079ab1361] COMMAND FindElement {
   "using": "xpath",
   "value": "//div[contains(text(),'User has been successfully edited.')]"
}
[1560909069.184][INFO]: Waiting for pending navigations...
[1560909069.185][INFO]: Done waiting for pending navigations. Status: ok
[1560909069.196][INFO]: Waiting for pending navigations...
[1560909069.198][INFO]: Done waiting for pending navigations. Status: ok
[1560909069.198][INFO]: [79b9bb29961f042d245fcb4079ab1361] RESPONSE FindElement ERROR no such element: Unable to locate element: {"method":"xpath","selector":"//div[contains(text(),'User has been successfully edited.')]"}
  (Session info: chrome=74.0.3729.169)
[1560909069.705][INFO]: [79b9bb29961f042d245fcb4079ab1361] COMMAND SetTimeouts {
   "ms": 0,
   "type": "implicit"
}
[1560909069.705][INFO]: [79b9bb29961f042d245fcb4079ab1361] RESPONSE SetTimeouts
[1560909069.710][INFO]: [79b9bb29961f042d245fcb4079ab1361] COMMAND FindElement {
   "using": "xpath",
   "value": "//div[contains(text(),'User has been successfully edited.')]"
}
[1560909069.710][INFO]: Waiting for pending navigations...
[1560909069.713][INFO]: Done waiting for pending navigations. Status: ok
[1560909069.739][INFO]: Waiting for pending navigations...
[1560909069.747][INFO]: Done waiting for pending navigations. Status: ok
[1560909069.747][INFO]: [79b9bb29961f042d245fcb4079ab1361] RESPONSE FindElement {
   "ELEMENT": "0.7275218360555016-11"
}
[1560909069.759][INFO]: [79b9bb29961f042d245fcb4079ab1361] COMMAND FindElements {
   "using": "css selector",
   "value": ".caret"
}
[1560909069.759][INFO]: Waiting for pending navigations...
[1560909069.770][INFO]: Done waiting for pending navigations. Status: ok
[1560909069.794][INFO]: Waiting for pending navigations...
[1560909069.796][INFO]: Done waiting for pending navigations. Status: ok
[1560909069.796][INFO]: [79b9bb29961f042d245fcb4079ab1361] RESPONSE FindElements [ {
   "ELEMENT": "0.7275218360555016-3"
} ]
[1560909069.797][INFO]: [79b9bb29961f042d245fcb4079ab1361] COMMAND IsElementDisplayed {
   "id": "0.7275218360555016-3"
}
[1560909069.797][INFO]: Waiting for pending navigations...
[1560909069.798][INFO]: Done waiting for pending navigations. Status: ok
[1560909069.821][INFO]: Waiting for pending navigations...
[1560909069.827][INFO]: Done waiting for pending navigations. Status: ok
[1560909069.827][INFO]: [79b9bb29961f042d245fcb4079ab1361] RESPONSE IsElementDisplayed true
[1560909069.828][INFO]: [79b9bb29961f042d245fcb4079ab1361] COMMAND IsElementEnabled {
   "id": "0.7275218360555016-3"
}
[1560909069.828][INFO]: Waiting for pending navigations...
[1560909069.830][INFO]: Done waiting for pending navigations. Status: ok
[1560909069.850][INFO]: Waiting for pending navigations...
[1560909069.858][INFO]: Done waiting for pending navigations. Status: ok
[1560909069.858][INFO]: [79b9bb29961f042d245fcb4079ab1361] RESPONSE IsElementEnabled true
[1560909069.863][INFO]: [79b9bb29961f042d245fcb4079ab1361] COMMAND FindElements {
   "using": "css selector",
   "value": ".caret"
}
[1560909069.863][INFO]: Waiting for pending navigations...
[1560909069.869][INFO]: Done waiting for pending navigations. Status: ok
[1560909069.881][INFO]: Waiting for pending navigations...
[1560909069.882][INFO]: Done waiting for pending navigations. Status: ok
[1560909069.882][INFO]: [79b9bb29961f042d245fcb4079ab1361] RESPONSE FindElements [ {
   "ELEMENT": "0.7275218360555016-3"
} ]
[1560909069.884][INFO]: [79b9bb29961f042d245fcb4079ab1361] COMMAND ClickElement {
   "id": "0.7275218360555016-3"
}
[1560909069.885][INFO]: Waiting for pending navigations...
[1560909069.887][INFO]: Done waiting for pending navigations. Status: ok
[1560909069.978][INFO]: Waiting for pending navigations...
[1560909069.986][INFO]: Done waiting for pending navigations. Status: ok
[1560909069.986][INFO]: [79b9bb29961f042d245fcb4079ab1361] RESPONSE ClickElement
[1560909069.989][INFO]: [79b9bb29961f042d245fcb4079ab1361] COMMAND SetTimeouts {
   "ms": 0,
   "type": "implicit"
}
[1560909069.989][INFO]: [79b9bb29961f042d245fcb4079ab1361] RESPONSE SetTimeouts
[1560909069.992][INFO]: [79b9bb29961f042d245fcb4079ab1361] COMMAND FindElement {
   "using": "css selector",
   "value": ".caret"
}
[1560909069.992][INFO]: Waiting for pending navigations...
[1560909069.994][INFO]: Done waiting for pending navigations. Status: ok
[1560909070.011][INFO]: Waiting for pending navigations...
[1560909070.013][INFO]: Done waiting for pending navigations. Status: ok
[1560909070.013][INFO]: [79b9bb29961f042d245fcb4079ab1361] RESPONSE FindElement {
   "ELEMENT": "0.7275218360555016-3"
}
[1560909073.016][INFO]: [79b9bb29961f042d245fcb4079ab1361] COMMAND FindElements {
   "using": "xpath",
   "value": "//a[@href='#']"
}
[1560909073.016][INFO]: Waiting for pending navigations...
[1560909073.022][INFO]: Done waiting for pending navigations. Status: ok
[1560909073.036][INFO]: Waiting for pending navigations...
[1560909073.037][INFO]: Done waiting for pending navigations. Status: ok
[1560909073.037][INFO]: [79b9bb29961f042d245fcb4079ab1361] RESPONSE FindElements [ {
   "ELEMENT": "0.7275218360555016-12"
} ]
[1560909073.038][INFO]: [79b9bb29961f042d245fcb4079ab1361] COMMAND ClickElement {
   "id": "0.7275218360555016-12"
}
[1560909073.038][INFO]: Waiting for pending navigations...
[1560909073.040][INFO]: Done waiting for pending navigations. Status: ok
[1560909073.397][INFO]: Waiting for pending navigations...
igations...
[1560909067.327][INFO]: Done waiting for pending navigations. Status: ok
[1560909067.478][INFO]: Waiting for pending navigations...
[1560909067.544][INFO]: Done waiting for pending navigations. Status: ok
[1560909067.545][INFO]: [5e2366f2812bc93e6c6404eef8b4fe67] RESPONSE FindElements [  ]
[1560909068.546][INFO]: [5e2366f2812bc93e6c6404eef8b4fe67] COMMAND SetTimeouts {
   "ms": 0,
   "type": "implicit"
}
[1560909068.546][INFO]: [5e2366f2812bc93e6c6404eef8b4fe67] RESPONSE SetTimeouts
[1560909068.549][INFO]: [5e2366f2812bc93e6c6404eef8b4fe67] COMMAND FindElement {
   "using": "xpath",
   "value": "//p[text()='Sign In']"
}
[1560909068.549][INFO]: Waiting for pending navigations...
[1560909068.550][INFO]: Done waiting for pending navigations. Status: ok
[1560909068.573][INFO]: Waiting for pending navigations...
[1560909068.576][INFO]: Done waiting for pending navigations. Status: ok
[1560909068.576][INFO]: [5e2366f2812bc93e6c6404eef8b4fe67] RESPONSE FindElement {
   "ELEMENT": "0.012579531296220248-1"
}
[1560909068.578][INFO]: [5e2366f2812bc93e6c6404eef8b4fe67] COMMAND FindElements {
   "using": "xpath",
   "value": "//a[@href='https://app.dev.drillinginfo.com/courthouse/login']"
}
[1560909068.578][INFO]: Waiting for pending navigations...
[1560909068.579][INFO]: Done waiting for pending navigations. Status: ok
[1560909068.597][INFO]: Waiting for pending navigations...
[1560909068.598][INFO]: Done waiting for pending navigations. Status: ok
[1560909068.598][INFO]: [5e2366f2812bc93e6c6404eef8b4fe67] RESPONSE FindElements [ {
   "ELEMENT": "0.012579531296220248-2"
} ]
[1560909068.601][INFO]: [5e2366f2812bc93e6c6404eef8b4fe67] COMMAND ClickElement {
   "id": "0.012579531296220248-2"
}
[1560909068.601][INFO]: Waiting for pending navigations...
[1560909068.603][INFO]: Done waiting for pending navigations. Status: ok
[1560909068.706][INFO]: Waiting for pending navigations...
