[1558098587.785][INFO]: Starting ChromeDriver 74.0.3729.6 (255758eccf3d244491b8a1317aa76e1ce10d57e9-refs/branch-heads/3729@{#29})
[1558098587.785][INFO]: Please protect ports used by ChromeDriver and related test frameworks to prevent access by malicious code.
[1558098588.597][INFO]: [c822c68db44f7f0da2a48ddf6b4f0052] COMMAND InitSession {
   "capabilities": {
      "firstMatch": [ {
         "browserName": "chrome",
         "goog:chromeOptions": {
            "args": [  ],
            "extensions": [  ]
         }
      } ]
   },
   "desiredCapabilities": {
      "browserName": "chrome",
      "goog:chromeOptions": {
         "args": [  ],
         "extensions": [  ]
      }
   }
}
[1558098588.603][INFO]: Populating Preferences file: {
   "alternate_error_pages": {
      "enabled": false
   },
   "autofill": {
      "enabled": false
   },
   "browser": {
      "check_default_browser": false
   },
   "distribution": {
      "import_bookmarks": false,
      "import_history": false,
      "import_search_engine": false,
      "make_chrome_default_for_user": false,
      "skip_first_run_ui": true
   },
   "dns_prefetching": {
      "enabled": false
   },
   "profile": {
      "content_settings": {
         "pattern_pairs": {
            "https://*,*": {
               "media-stream": {
                  "audio": "Default",
                  "video": "Default"
               }
            }
         }
      },
      "default_content_setting_values": {
         "geolocation": 1
      },
      "default_content_settings": {
         "geolocation": 1,
         "mouselock": 1,
         "notifications": 1,
         "popups": 1,
         "ppapi-broker": 1
      },
      "password_manager_enabled": false
   },
   "safebrowsing": {
      "enabled": false
   },
   "search": {
      "suggest_enabled": false
   },
   "translate": {
      "enabled": false
   }
}
[1558098588.605][INFO]: Populating Local State file: {
   "background_mode": {
      "enabled": false
   },
   "ssl": {
      "rev_checking": {
         "enabled": false
      }
   }
}
[1558098588.634][INFO]: Launching chrome: "C:\Program Files (x86)\Google\Chrome\Application\chrome.exe" --disable-background-networking --disable-client-side-phishing-detection --disable-default-apps --disable-hang-monitor --disable-popup-blocking --disable-prompt-on-repost --disable-sync --disable-web-resources --enable-automation --enable-blink-features=ShadowDOMV0 --enable-logging --force-fieldtrials=SiteIsolationExtensions/Control --ignore-certificate-errors --load-extension="C:\Users\Adrian\AppData\Local\Temp\scoped_dir4436_1004\internal" --log-level=0 --no-first-run --password-store=basic --remote-debugging-port=0 --test-type=webdriver --use-mock-keychain --user-data-dir="C:\Users\Adrian\AppData\Local\Temp\scoped_dir4436_16498" data:,
[1558098590.193][INFO]: resolved localhost to ["::1","127.0.0.1"]
[1558098591.326][INFO]: [c822c68db44f7f0da2a48ddf6b4f0052] RESPONSE InitSession {
   "acceptInsecureCerts": false,
   "acceptSslCerts": false,
   "applicationCacheEnabled": false,
   "browserConnectionEnabled": false,
   "browserName": "chrome",
   "chrome": {
      "chromedriverVersion": "74.0.3729.6 (255758eccf3d244491b8a1317aa76e1ce10d57e9-refs/branch-heads/3729@{#29})",
      "userDataDir": "C:\\Users\\Adrian\\AppData\\Local\\Temp\\scoped_dir4436_16498"
   },
   "cssSelectorsEnabled": true,
   "databaseEnabled": false,
   "goog:chromeOptions": {
      "debuggerAddress": "localhost:54357"
   },
   "handlesAlerts": true,
   "hasTouchScreen": false,
   "javascriptEnabled": true,
   "locationContextEnabled": true,
   "mobileEmulationEnabled": false,
   "nativeEvents": true,
   "networkConnectionEnabled": false,
   "pageLoadStrategy": "normal",
   "platform": "Windows NT",
   "proxy": {

   },
   "~~~": "..."
}
[1558098591.400][INFO]: [c822c68db44f7f0da2a48ddf6b4f0052] COMMAND MaximizeWindow {
   "handle": "current",
   "windowHandle": "current"
}
[1558098591.400][INFO]: Waiting for pending navigations...
[1558098591.417][INFO]: Done waiting for pending navigations. Status: ok
[1558098591.418][INFO]: resolved localhost to ["::1","127.0.0.1"]
[1558098592.642][INFO]: Waiting for pending navigations...
[1558098592.644][INFO]: Done waiting for pending navigations. Status: ok
[1558098592.644][INFO]: [c822c68db44f7f0da2a48ddf6b4f0052] RESPONSE MaximizeWindow {
   "height": 744,
   "width": 1382,
   "x": -8,
   "y": -8
}
[1558098592.654][INFO]: [c822c68db44f7f0da2a48ddf6b4f0052] COMMAND SetTimeouts {
   "ms": 5000,
   "type": "implicit"
}
[1558098592.654][INFO]: [c822c68db44f7f0da2a48ddf6b4f0052] RESPONSE SetTimeouts
[1558098592.661][INFO]: [c822c68db44f7f0da2a48ddf6b4f0052] COMMAND Navigate {
   "url": "https://app.dev.drillinginfo.com/courthouse/"
}
[1558098592.661][INFO]: Waiting for pending navigations...
[1558098592.663][INFO]: Done waiting for pending navigations. Status: ok
[1558098593.473][INFO]: Waiting for pending navigations...
[1558098622.812][INFO]: Done waiting for pending navigations. Status: ok
[1558098622.812][INFO]: [c822c68db44f7f0da2a48ddf6b4f0052] RESPONSE Navigate
[1558098622.853][INFO]: [c822c68db44f7f0da2a48ddf6b4f0052] COMMAND FindElements {
   "using": "xpath",
   "value": "//p[@class='signInText-login']"
}
[1558098622.853][INFO]: Waiting for pending navigations...
[1558098622.854][INFO]: Done waiting for pending navigations. Status: ok
[1558098622.873][INFO]: Waiting for pending navigations...
[1558098622.874][INFO]: Done waiting for pending navigations. Status: ok
[1558098622.874][INFO]: [c822c68db44f7f0da2a48ddf6b4f0052] RESPONSE FindElements [ {
   "ELEMENT": "0.9723273963196164-1"
} ]
[1558098622.887][INFO]: [c822c68db44f7f0da2a48ddf6b4f0052] COMMAND IsElementDisplayed {
   "id": "0.9723273963196164-1"
}
[1558098622.887][INFO]: Waiting for pending navigations...
[1558098622.888][INFO]: Done waiting for pending navigations. Status: ok
[1558098622.904][INFO]: Waiting for pending navigations...
[1558098622.905][INFO]: Done waiting for pending navigations. Status: ok
[1558098622.905][INFO]: [c822c68db44f7f0da2a48ddf6b4f0052] RESPONSE IsElementDisplayed true
[1558098622.914][INFO]: [c822c68db44f7f0da2a48ddf6b4f0052] COMMAND FindElements {
   "using": "xpath",
   "value": "//a[@href='https://app.dev.drillinginfo.com/courthouse/login']"
}
[1558098622.914][INFO]: Waiting for pending navigations...
[1558098622.915][INFO]: Done waiting for pending navigations. Status: ok
[1558098622.932][INFO]: Waiting for pending navigations...
[1558098622.937][INFO]: Done waiting for pending navigations. Status: ok
[1558098622.937][INFO]: [c822c68db44f7f0da2a48ddf6b4f0052] RESPONSE FindElements [ {
   "ELEMENT": "0.9723273963196164-2"
} ]
[1558098622.941][INFO]: [c822c68db44f7f0da2a48ddf6b4f0052] COMMAND ClickElement {
   "id": "0.9723273963196164-2"
}
[1558098622.941][INFO]: Waiting for pending navigations...
[1558098622.942][INFO]: Done waiting for pending navigations. Status: ok
[1558098622.999][INFO]: Waiting for pending navigations...
[1558098637.344][INFO]: Done waiting for pending navigations. Status: ok
[1558098637.344][INFO]: [c822c68db44f7f0da2a48ddf6b4f0052] RESPONSE ClickElement
[1558098637.352][INFO]: [c822c68db44f7f0da2a48ddf6b4f0052] COMMAND FindElements {
   "using": "xpath",
   "value": "//div[@class='di-app-loading-message']"
}
[1558098637.353][INFO]: Waiting for pending navigations...
[1558098637.396][INFO]: Done waiting for pending navigations. Status: ok
[1558098642.459][INFO]: Waiting for pending navigations...
[1558098642.461][INFO]: Done waiting for pending navigations. Status: ok
[1558098642.461][INFO]: [c822c68db44f7f0da2a48ddf6b4f0052] RESPONSE FindElements [  ]
[1558098643.475][INFO]: [c822c68db44f7f0da2a48ddf6b4f0052] COMMAND SetTimeouts {
   "ms": 0,
   "type": "implicit"
}
[1558098643.475][INFO]: [c822c68db44f7f0da2a48ddf6b4f0052] RESPONSE SetTimeouts
[1558098643.478][INFO]: [c822c68db44f7f0da2a48ddf6b4f0052] COMMAND FindElement {
   "using": "xpath",
   "value": "//p[text()='DI Courthouse Contractor/PayGo/Free Trial']"
}
[1558098643.478][INFO]: Waiting for pending navigations...
[1558098643.485][INFO]: Done waiting for pending navigations. Status: ok
[1558098643.508][INFO]: Waiting for pending navigations...
[1558098643.509][INFO]: Done waiting for pending navigations. Status: ok
[1558098643.509][INFO]: [c822c68db44f7f0da2a48ddf6b4f0052] RESPONSE FindElement {
   "ELEMENT": "0.1878178998704889-1"
}
[1558098643.514][INFO]: [c822c68db44f7f0da2a48ddf6b4f0052] COMMAND SetTimeouts {
   "ms": 0,
   "type": "implicit"
}
[1558098643.514][INFO]: [c822c68db44f7f0da2a48ddf6b4f0052] RESPONSE SetTimeouts
[1558098643.519][INFO]: [c822c68db44f7f0da2a48ddf6b4f0052] COMMAND FindElement {
   "using": "id",
   "value": "username"
}
[1558098643.519][INFO]: Waiting for pending navigations...
[1558098643.520][INFO]: Done waiting for pending navigations. Status: ok
[1558098643.540][INFO]: Waiting for pending navigations...
[1558098643.540][INFO]: Done waiting for pending navigations. Status: ok
[1558098643.540][INFO]: [c822c68db44f7f0da2a48ddf6b4f0052] RESPONSE FindElement {
   "ELEMENT": "0.1878178998704889-2"
}
[1558098643.544][INFO]: [c822c68db44f7f0da2a48ddf6b4f0052] COMMAND FindElement {
   "using": "id",
   "value": "username"
}
[1558098643.544][INFO]: Waiting for pending navigations...
[1558098643.545][INFO]: Done waiting for pending navigations. Status: ok
[1558098643.553][INFO]: Waiting for pending navigations...
[1558098643.554][INFO]: Done waiting for pending navigations. Status: ok
[1558098643.555][INFO]: [c822c68db44f7f0da2a48ddf6b4f0052] RESPONSE FindElement {
   "ELEMENT": "0.1878178998704889-2"
}
[1558098643.560][INFO]: [c822c68db44f7f0da2a48ddf6b4f0052] COMMAND TypeElement {
   "id": "0.1878178998704889-2",
   "value": [ "adrojascontract" ]
}
[1558098643.560][INFO]: Waiting for pending navigations...
[1558098643.561][INFO]: Done waiting for pending navigations. Status: ok
[1558098643.717][INFO]: Waiting for pending navigations...
[1558098643.718][INFO]: Done waiting for pending navigations. Status: ok
[1558098643.718][INFO]: [c822c68db44f7f0da2a48ddf6b4f0052] RESPONSE TypeElement
[1558098643.722][INFO]: [c822c68db44f7f0da2a48ddf6b4f0052] COMMAND SetTimeouts {
   "ms": 0,
   "type": "implicit"
}
[1558098643.722][INFO]: [c822c68db44f7f0da2a48ddf6b4f0052] RESPONSE SetTimeouts
[1558098643.726][INFO]: [c822c68db44f7f0da2a48ddf6b4f0052] COMMAND FindElement {
   "using": "id",
   "value": "password"
}
[1558098643.726][INFO]: Waiting for pending navigations...
[1558098643.727][INFO]: Done waiting for pending navigations. Status: ok
[1558098643.746][INFO]: Waiting for pending navigations...
[1558098643.747][INFO]: Done waiting for pending navigations. Status: ok
[1558098643.747][INFO]: [c822c68db44f7f0da2a48ddf6b4f0052] RESPONSE FindElement {
   "ELEMENT": "0.1878178998704889-3"
}
[1558098643.751][INFO]: [c822c68db44f7f0da2a48ddf6b4f0052] COMMAND FindElement {
   "using": "id",
   "value": "password"
}
[1558098643.751][INFO]: Waiting for pending navigations...
[1558098643.752][INFO]: Done waiting for pending navigations. Status: ok
[1558098643.758][INFO]: Waiting for pending navigations...
[1558098643.759][INFO]: Done waiting for pending navigations. Status: ok
[1558098643.759][INFO]: [c822c68db44f7f0da2a48ddf6b4f0052] RESPONSE FindElement {
   "ELEMENT": "0.1878178998704889-3"
}
[1558098643.764][INFO]: [c822c68db44f7f0da2a48ddf6b4f0052] COMMAND TypeElement {
   "id": "0.1878178998704889-3",
   "value": [ "DSCI7lsc1" ]
}
[1558098643.764][INFO]: Waiting for pending navigations...
[1558098643.765][INFO]: Done waiting for pending navigations. Status: ok
[1558098643.874][INFO]: Waiting for pending navigations...
[1558098643.876][INFO]: Done waiting for pending navigations. Status: ok
[1558098643.876][INFO]: [c822c68db44f7f0da2a48ddf6b4f0052] RESPONSE TypeElement
[1558098644.880][INFO]: [c822c68db44f7f0da2a48ddf6b4f0052] COMMAND FindElements {
   "using": "id",
   "value": "login"
}
[1558098644.880][INFO]: Waiting for pending navigations...
[1558098644.881][INFO]: Done waiting for pending navigations. Status: ok
[1558098644.900][INFO]: Waiting for pending navigations...
[1558098644.901][INFO]: Done waiting for pending navigations. Status: ok
[1558098644.901][INFO]: [c822c68db44f7f0da2a48ddf6b4f0052] RESPONSE FindElements [ {
   "ELEMENT": "0.1878178998704889-4"
} ]
[1558098644.905][INFO]: [c822c68db44f7f0da2a48ddf6b4f0052] COMMAND ClickElement {
   "id": "0.1878178998704889-4"
}
[1558098644.906][INFO]: Waiting for pending navigations...
[1558098644.907][INFO]: Done waiting for pending navigations. Status: ok
[1558098644.995][INFO]: Waiting for pending navigations...
[1558098644.997][INFO]: Done waiting for pending navigations. Status: ok
[1558098644.997][INFO]: [c822c68db44f7f0da2a48ddf6b4f0052] RESPONSE ClickElement
[1558098645.000][INFO]: [c822c68db44f7f0da2a48ddf6b4f0052] COMMAND SetTimeouts {
   "ms": 0,
   "type": "implicit"
}
[1558098645.000][INFO]: [c822c68db44f7f0da2a48ddf6b4f0052] RESPONSE SetTimeouts
[1558098645.002][INFO]: [c822c68db44f7f0da2a48ddf6b4f0052] COMMAND FindElement {
   "using": "xpath",
   "value": "//a[@class='home-btn active-item']"
}
[1558098645.002][INFO]: Waiting for pending navigations...
[1558098645.004][INFO]: Done waiting for pending navigations. Status: ok
[1558098645.026][INFO]: Waiting for pending navigations...
[1558098645.027][INFO]: Done waiting for pending navigations. Status: ok
[1558098645.027][INFO]: [c822c68db44f7f0da2a48ddf6b4f0052] RESPONSE FindElement ERROR no such element: Unable to locate element: {"method":"xpath","selector":"//a[@class='home-btn active-item']"}
  (Session info: chrome=74.0.3729.131)
[1558098645.549][INFO]: [c822c68db44f7f0da2a48ddf6b4f0052] COMMAND SetTimeouts {
   "ms": 0,
   "type": "implicit"
}
[1558098645.549][INFO]: [c822c68db44f7f0da2a48ddf6b4f0052] RESPONSE SetTimeouts
[1558098645.560][INFO]: [c822c68db44f7f0da2a48ddf6b4f0052] COMMAND FindElement {
   "using": "xpath",
   "value": "//a[@class='home-btn active-item']"
}
[1558098645.561][INFO]: Waiting for pending navigations...
[1558098655.316][INFO]: Done waiting for pending navigations. Status: ok
[1558098655.365][INFO]: Waiting for pending navigations...
[1558098655.367][INFO]: Done waiting for pending navigations. Status: ok
[1558098655.367][INFO]: [c822c68db44f7f0da2a48ddf6b4f0052] RESPONSE FindElement {
   "ELEMENT": "0.7036342007775507-1"
}
[1558098660.371][INFO]: [c822c68db44f7f0da2a48ddf6b4f0052] COMMAND FindElements {
   "using": "xpath",
   "value": "//a[@class='home-btn active-item']"
}
[1558098660.371][INFO]: Waiting for pending navigations...
[1558098660.373][INFO]: Done waiting for pending navigations. Status: ok
[1558098660.387][INFO]: Waiting for pending navigations...
[1558098660.390][INFO]: Done waiting for pending navigations. Status: ok
[1558098660.390][INFO]: [c822c68db44f7f0da2a48ddf6b4f0052] RESPONSE FindElements [ {
   "ELEMENT": "0.7036342007775507-1"
} ]
[1558098660.395][INFO]: [c822c68db44f7f0da2a48ddf6b4f0052] COMMAND ClickElement {
   "id": "0.7036342007775507-1"
}
[1558098660.395][INFO]: Waiting for pending navigations...
[1558098660.397][INFO]: Done waiting for pending navigations. Status: ok
[1558098660.493][INFO]: Waiting for pending navigations...
[1558098660.498][INFO]: Done waiting for pending navigations. Status: ok
[1558098660.498][INFO]: [c822c68db44f7f0da2a48ddf6b4f0052] RESPONSE ClickElement
[1558098667.527][INFO]: [c822c68db44f7f0da2a48ddf6b4f0052] COMMAND SetTimeouts {
   "ms": 0,
   "type": "implicit"
}
[1558098667.527][INFO]: [c822c68db44f7f0da2a48ddf6b4f0052] RESPONSE SetTimeouts
[1558098667.530][INFO]: [c822c68db44f7f0da2a48ddf6b4f0052] COMMAND FindElement {
   "using": "xpath",
   "value": "//h5[@name='Search Results']"
}
[1558098667.530][INFO]: Waiting for pending navigations...
[1558098667.531][INFO]: Done waiting for pending navigations. Status: ok
[1558098667.544][INFO]: Waiting for pending navigations...
[1558098667.545][INFO]: Done waiting for pending navigations. Status: ok
[1558098667.545][INFO]: [c822c68db44f7f0da2a48ddf6b4f0052] RESPONSE FindElement {
   "ELEMENT": "0.7036342007775507-2"
}
[1558098667.548][INFO]: [c822c68db44f7f0da2a48ddf6b4f0052] COMMAND FindElements {
   "using": "xpath",
   "value": "//a[@ng-click='activateMidlandFilter()']"
}
[1558098667.548][INFO]: Waiting for pending navigations...
[1558098667.549][INFO]: Done waiting for pending navigations. Status: ok
[1558098667.562][INFO]: Waiting for pending navigations...
[1558098667.563][INFO]: Done waiting for pending navigations. Status: ok
[1558098667.563][INFO]: [c822c68db44f7f0da2a48ddf6b4f0052] RESPONSE FindElements [ {
   "ELEMENT": "0.7036342007775507-3"
} ]
[1558098667.567][INFO]: [c822c68db44f7f0da2a48ddf6b4f0052] COMMAND ClickElement {
   "id": "0.7036342007775507-3"
}
[1558098667.567][INFO]: Waiting for pending navigations...
[1558098667.568][INFO]: Done waiting for pending navigations. Status: ok
[1558098667.656][INFO]: Waiting for pending navigations...
[1558098667.722][INFO]: Done waiting for pending navigations. Status: ok
[1558098667.722][INFO]: [c822c68db44f7f0da2a48ddf6b4f0052] RESPONSE ClickElement
[1558098679.188][INFO]: [c822c68db44f7f0da2a48ddf6b4f0052] COMMAND SetTimeouts {
   "ms": 0,
   "type": "implicit"
}
[1558098679.188][INFO]: [c822c68db44f7f0da2a48ddf6b4f0052] RESPONSE SetTimeouts
[1558098679.207][INFO]: [c822c68db44f7f0da2a48ddf6b4f0052] COMMAND FindElement {
   "using": "xpath",
   "value": "//form[@name='midlandForm']//div[@class='filter-input-container col-xs-8']//select"
}
[1558098679.207][INFO]: Waiting for pending navigations...
[1558098679.208][INFO]: Done waiting for pending navigations. Status: ok
[1558098679.226][INFO]: Waiting for pending navigations...
[1558098679.227][INFO]: Done waiting for pending navigations. Status: ok
[1558098679.227][INFO]: [c822c68db44f7f0da2a48ddf6b4f0052] RESPONSE FindElement {
   "ELEMENT": "0.7036342007775507-4"
}
[1558098679.241][INFO]: [c822c68db44f7f0da2a48ddf6b4f0052] COMMAND FindElement {
   "using": "xpath",
   "value": "//form[@name='midlandForm']//div[@class='filter-input-container col-xs-8']//select"
}
[1558098679.241][INFO]: Waiting for pending navigations...
[1558098679.242][INFO]: Done waiting for pending navigations. Status: ok
[1558098679.251][INFO]: Waiting for pending navigations...
[1558098679.252][INFO]: Done waiting for pending navigations. Status: ok
[1558098679.252][INFO]: [c822c68db44f7f0da2a48ddf6b4f0052] RESPONSE FindElement {
   "ELEMENT": "0.7036342007775507-4"
}
[1558098679.272][INFO]: [c822c68db44f7f0da2a48ddf6b4f0052] COMMAND TypeElement {
   "id": "0.7036342007775507-4",
   "value": [ "Howard Midland Maps" ]
}
[1558098679.272][INFO]: Waiting for pending navigations...
[1558098679.273][INFO]: Done waiting for pending navigations. Status: ok
[1558098679.517][INFO]: Waiting for pending navigations...
[1558098679.519][INFO]: Done waiting for pending navigations. Status: ok
[1558098679.519][INFO]: [c822c68db44f7f0da2a48ddf6b4f0052] RESPONSE TypeElement
[1558098688.037][INFO]: [c822c68db44f7f0da2a48ddf6b4f0052] COMMAND SetTimeouts {
   "ms": 0,
   "type": "implicit"
}
[1558098688.037][INFO]: [c822c68db44f7f0da2a48ddf6b4f0052] RESPONSE SetTimeouts
[1558098688.041][INFO]: [c822c68db44f7f0da2a48ddf6b4f0052] COMMAND FindElement {
   "using": "xpath",
   "value": "//div[@class='filter-input-container col-xs-8']//option[text()='Howard Midland Maps']"
}
[1558098688.041][INFO]: Waiting for pending navigations...
[1558098688.043][INFO]: Done waiting for pending navigations. Status: ok
[1558098688.058][INFO]: Waiting for pending navigations...
[1558098688.059][INFO]: Done waiting for pending navigations. Status: ok
[1558098688.059][INFO]: [c822c68db44f7f0da2a48ddf6b4f0052] RESPONSE FindElement {
   "ELEMENT": "0.7036342007775507-5"
}
[1558098693.063][INFO]: [c822c68db44f7f0da2a48ddf6b4f0052] COMMAND SetTimeouts {
   "ms": 0,
   "type": "implicit"
}
[1558098693.063][INFO]: [c822c68db44f7f0da2a48ddf6b4f0052] RESPONSE SetTimeouts
[1558098693.067][INFO]: [c822c68db44f7f0da2a48ddf6b4f0052] COMMAND FindElement {
   "using": "xpath",
   "value": "//form[@name='midlandForm']//select[@class='form-control ng-pristine ng-untouched ng-scope ng-invalid ng-invalid-required']"
}
[1558098693.068][INFO]: Waiting for pending navigations...
[1558098693.069][INFO]: Done waiting for pending navigations. Status: ok
[1558098693.080][INFO]: Waiting for pending navigations...
[1558098693.082][INFO]: Done waiting for pending navigations. Status: ok
[1558098693.082][INFO]: [c822c68db44f7f0da2a48ddf6b4f0052] RESPONSE FindElement {
   "ELEMENT": "0.7036342007775507-6"
}
[1558098693.086][INFO]: [c822c68db44f7f0da2a48ddf6b4f0052] COMMAND FindElement {
   "using": "xpath",
   "value": "//form[@name='midlandForm']//select[@class='form-control ng-pristine ng-untouched ng-scope ng-invalid ng-invalid-required']"
}
[1558098693.086][INFO]: Waiting for pending navigations...
[1558098693.087][INFO]: Done waiting for pending navigations. Status: ok
[1558098693.094][INFO]: Waiting for pending navigations...
[1558098693.095][INFO]: Done waiting for pending navigations. Status: ok
[1558098693.095][INFO]: [c822c68db44f7f0da2a48ddf6b4f0052] RESPONSE FindElement {
   "ELEMENT": "0.7036342007775507-6"
}
[1558098693.098][INFO]: [c822c68db44f7f0da2a48ddf6b4f0052] COMMAND TypeElement {
   "id": "0.7036342007775507-6",
   "value": [ "1956" ]
}
[1558098693.098][INFO]: Waiting for pending navigations...
[1558098693.099][INFO]: Done waiting for pending navigations. Status: ok
[1558098693.180][INFO]: Waiting for pending navigations...
[1558098693.181][INFO]: Done waiting for pending navigations. Status: ok
[1558098693.181][INFO]: [c822c68db44f7f0da2a48ddf6b4f0052] RESPONSE TypeElement
[1558098700.183][INFO]: [c822c68db44f7f0da2a48ddf6b4f0052] COMMAND SetTimeouts {
   "ms": 0,
   "type": "implicit"
}
[1558098700.183][INFO]: [c822c68db44f7f0da2a48ddf6b4f0052] RESPONSE SetTimeouts
[1558098700.187][INFO]: [c822c68db44f7f0da2a48ddf6b4f0052] COMMAND FindElement {
   "using": "xpath",
   "value": "//option[text()='1956']"
}
[1558098700.187][INFO]: Waiting for pending navigations...
[1558098700.188][INFO]: Done waiting for pending navigations. Status: ok
[1558098700.201][INFO]: Waiting for pending navigations...
[1558098700.202][INFO]: Done waiting for pending navigations. Status: ok
[1558098700.203][INFO]: [c822c68db44f7f0da2a48ddf6b4f0052] RESPONSE FindElement ERROR no such element: Unable to locate element: {"method":"xpath","selector":"//option[text()='1956']"}
  (Session info: chrome=74.0.3729.131)
[1558098700.710][INFO]: [c822c68db44f7f0da2a48ddf6b4f0052] COMMAND SetTimeouts {
   "ms": 0,
   "type": "implicit"
}
[1558098700.710][INFO]: [c822c68db44f7f0da2a48ddf6b4f0052] RESPONSE SetTimeouts
[1558098700.717][INFO]: [c822c68db44f7f0da2a48ddf6b4f0052] COMMAND FindElement {
   "using": "xpath",
   "value": "//option[text()='1956']"
}
[1558098700.717][INFO]: Waiting for pending navigations...
[1558098700.721][INFO]: Done waiting for pending navigations. Status: ok
[1558098700.749][INFO]: Waiting for pending navigations...
[1558098700.750][INFO]: Done waiting for pending navigations. Status: ok
[1558098700.750][INFO]: [c822c68db44f7f0da2a48ddf6b4f0052] RESPONSE FindElement ERROR no such element: Unable to locate element: {"method":"xpath","selector":"//option[text()='1956']"}
  (Session info: chrome=74.0.3729.131)
[1558098701.254][INFO]: [c822c68db44f7f0da2a48ddf6b4f0052] COMMAND SetTimeouts {
   "ms": 0,
   "type": "implicit"
}
[1558098701.254][INFO]: [c822c68db44f7f0da2a48ddf6b4f0052] RESPONSE SetTimeouts
[1558098701.259][INFO]: [c822c68db44f7f0da2a48ddf6b4f0052] COMMAND FindElement {
   "using": "xpath",
   "value": "//option[text()='1956']"
}
[1558098701.259][INFO]: Waiting for pending navigations...
[1558098701.261][INFO]: Done waiting for pending navigations. Status: ok
[1558098701.282][INFO]: Waiting for pending navigations...
[1558098701.284][INFO]: Done waiting for pending navigations. Status: ok
[1558098701.284][INFO]: [c822c68db44f7f0da2a48ddf6b4f0052] RESPONSE FindElement ERROR no such element: Unable to locate element: {"method":"xpath","selector":"//option[text()='1956']"}
  (Session info: chrome=74.0.3729.131)
[1558098701.780][INFO]: [c822c68db44f7f0da2a48ddf6b4f0052] COMMAND SetTimeouts {
   "ms": 0,
   "type": "implicit"
}
[1558098701.780][INFO]: [c822c68db44f7f0da2a48ddf6b4f0052] RESPONSE SetTimeouts
[1558098701.784][INFO]: [c822c68db44f7f0da2a48ddf6b4f0052] COMMAND FindElement {
   "using": "xpath",
   "value": "//option[text()='1956']"
}
[1558098701.784][INFO]: Waiting for pending navigations...
[1558098701.785][INFO]: Done waiting for pending navigations. Status: ok
[1558098701.794][INFO]: Waiting for pending navigations...
[1558098701.794][INFO]: Done waiting for pending navigations. Status: ok
[1558098701.794][INFO]: [c822c68db44f7f0da2a48ddf6b4f0052] RESPONSE FindElement ERROR no such element: Unable to locate element: {"method":"xpath","selector":"//option[text()='1956']"}
  (Session info: chrome=74.0.3729.131)
[1558098702.300][INFO]: [c822c68db44f7f0da2a48ddf6b4f0052] COMMAND SetTimeouts {
   "ms": 0,
   "type": "implicit"
}
[1558098702.300][INFO]: [c822c68db44f7f0da2a48ddf6b4f0052] RESPONSE SetTimeouts
[1558098702.303][INFO]: [c822c68db44f7f0da2a48ddf6b4f0052] COMMAND FindElement {
   "using": "xpath",
   "value": "//option[text()='1956']"
}
[1558098702.303][INFO]: Waiting for pending navigations...
[1558098702.305][INFO]: Done waiting for pending navigations. Status: ok
[1558098702.318][INFO]: Waiting for pending navigations...
[1558098702.320][INFO]: Done waiting for pending navigations. Status: ok
[1558098702.320][INFO]: [c822c68db44f7f0da2a48ddf6b4f0052] RESPONSE FindElement ERROR no such element: Unable to locate element: {"method":"xpath","selector":"//option[text()='1956']"}
  (Session info: chrome=74.0.3729.131)
[1558098702.827][INFO]: [c822c68db44f7f0da2a48ddf6b4f0052] COMMAND SetTimeouts {
   "ms": 0,
   "type": "implicit"
}
[1558098702.827][INFO]: [c822c68db44f7f0da2a48ddf6b4f0052] RESPONSE SetTimeouts
[1558098702.833][INFO]: [c822c68db44f7f0da2a48ddf6b4f0052] COMMAND FindElement {
   "using": "xpath",
   "value": "//option[text()='1956']"
}
[1558098702.833][INFO]: Waiting for pending navigations...
[1558098702.836][INFO]: Done waiting for pending navigations. Status: ok
[1558098702.864][INFO]: Waiting for pending navigations...
[1558098702.867][INFO]: Done waiting for pending navigations. Status: ok
[1558098702.867][INFO]: [c822c68db44f7f0da2a48ddf6b4f0052] RESPONSE FindElement ERROR no such element: Unable to locate element: {"method":"xpath","selector":"//option[text()='1956']"}
  (Session info: chrome=74.0.3729.131)
[1558098703.373][INFO]: [c822c68db44f7f0da2a48ddf6b4f0052] COMMAND SetTimeouts {
   "ms": 0,
   "type": "implicit"
}
[1558098703.373][INFO]: [c822c68db44f7f0da2a48ddf6b4f0052] RESPONSE SetTimeouts
[1558098703.376][INFO]: [c822c68db44f7f0da2a48ddf6b4f0052] COMMAND FindElement {
   "using": "xpath",
   "value": "//option[text()='1956']"
}
[1558098703.376][INFO]: Waiting for pending navigations...
[1558098703.377][INFO]: Done waiting for pending navigations. Status: ok
[1558098703.386][INFO]: Waiting for pending navigations...
[1558098703.387][INFO]: Done waiting for pending navigations. Status: ok
[1558098703.387][INFO]: [c822c68db44f7f0da2a48ddf6b4f0052] RESPONSE FindElement ERROR no such element: Unable to locate element: {"method":"xpath","selector":"//option[text()='1956']"}
  (Session info: chrome=74.0.3729.131)
[1558098703.892][INFO]: [c822c68db44f7f0da2a48ddf6b4f0052] COMMAND SetTimeouts {
   "ms": 0,
   "type": "implicit"
}
[1558098703.893][INFO]: [c822c68db44f7f0da2a48ddf6b4f0052] RESPONSE SetTimeouts
[1558098703.899][INFO]: [c822c68db44f7f0da2a48ddf6b4f0052] COMMAND FindElement {
   "using": "xpath",
   "value": "//option[text()='1956']"
}
[1558098703.899][INFO]: Waiting for pending navigations...
[1558098703.902][INFO]: Done waiting for pending navigations. Status: ok
[1558098703.930][INFO]: Waiting for pending navigations...
[1558098703.933][INFO]: Done waiting for pending navigations. Status: ok
[1558098703.933][INFO]: [c822c68db44f7f0da2a48ddf6b4f0052] RESPONSE FindElement ERROR no such element: Unable to locate element: {"method":"xpath","selector":"//option[text()='1956']"}
  (Session info: chrome=74.0.3729.131)
[1558098704.443][INFO]: [c822c68db44f7f0da2a48ddf6b4f0052] COMMAND SetTimeouts {
   "ms": 0,
   "type": "implicit"
}
[1558098704.443][INFO]: [c822c68db44f7f0da2a48ddf6b4f0052] RESPONSE SetTimeouts
[1558098704.450][INFO]: [c822c68db44f7f0da2a48ddf6b4f0052] COMMAND FindElement {
   "using": "xpath",
   "value": "//option[text()='1956']"
}
[1558098704.450][INFO]: Waiting for pending navigations...
[1558098704.453][INFO]: Done waiting for pending navigations. Status: ok
[1558098704.471][INFO]: Waiting for pending navigations...
[1558098704.473][INFO]: Done waiting for pending navigations. Status: ok
[1558098704.473][INFO]: [c822c68db44f7f0da2a48ddf6b4f0052] RESPONSE FindElement ERROR no such element: Unable to locate element: {"method":"xpath","selector":"//option[text()='1956']"}
  (Session info: chrome=74.0.3729.131)
[1558098704.979][INFO]: [c822c68db44f7f0da2a48ddf6b4f0052] COMMAND SetTimeouts {
   "ms": 0,
   "type": "implicit"
}
[1558098704.979][INFO]: [c822c68db44f7f0da2a48ddf6b4f0052] RESPONSE SetTimeouts
[1558098704.984][INFO]: [c822c68db44f7f0da2a48ddf6b4f0052] COMMAND FindElement {
   "using": "xpath",
   "value": "//option[text()='1956']"
}
[1558098704.984][INFO]: Waiting for pending navigations...
[1558098704.986][INFO]: Done waiting for pending navigations. Status: ok
[1558098705.005][INFO]: Waiting for pending navigations...
[1558098705.006][INFO]: Done waiting for pending navigations. Status: ok
[1558098705.006][INFO]: [c822c68db44f7f0da2a48ddf6b4f0052] RESPONSE FindElement ERROR no such element: Unable to locate element: {"method":"xpath","selector":"//option[text()='1956']"}
  (Session info: chrome=74.0.3729.131)
[1558098705.512][INFO]: [c822c68db44f7f0da2a48ddf6b4f0052] COMMAND SetTimeouts {
   "ms": 0,
   "type": "implicit"
}
[1558098705.512][INFO]: [c822c68db44f7f0da2a48ddf6b4f0052] RESPONSE SetTimeouts
[1558098705.515][INFO]: [c822c68db44f7f0da2a48ddf6b4f0052] COMMAND FindElement {
   "using": "xpath",
   "value": "//option[text()='1956']"
}
[1558098705.515][INFO]: Waiting for pending navigations...
[1558098705.516][INFO]: Done waiting for pending navigations. Status: ok
[1558098705.526][INFO]: Waiting for pending navigations...
[1558098705.527][INFO]: Done waiting for pending navigations. Status: ok
[1558098705.527][INFO]: [c822c68db44f7f0da2a48ddf6b4f0052] RESPONSE FindElement ERROR no such element: Unable to locate element: {"method":"xpath","selector":"//option[text()='1956']"}
  (Session info: chrome=74.0.3729.131)
[1558098706.031][INFO]: [c822c68db44f7f0da2a48ddf6b4f0052] COMMAND SetTimeouts {
   "ms": 0,
   "type": "implicit"
}
[1558098706.031][INFO]: [c822c68db44f7f0da2a48ddf6b4f0052] RESPONSE SetTimeouts
[1558098706.034][INFO]: [c822c68db44f7f0da2a48ddf6b4f0052] COMMAND FindElement {
   "using": "xpath",
   "value": "//option[text()='1956']"
}
[1558098706.034][INFO]: Waiting for pending navigations...
[1558098706.036][INFO]: Done waiting for pending navigations. Status: ok
[1558098706.044][INFO]: Waiting for pending navigations...
[1558098706.045][INFO]: Done waiting for pending navigations. Status: ok
[1558098706.045][INFO]: [c822c68db44f7f0da2a48ddf6b4f0052] RESPONSE FindElement ERROR no such element: Unable to locate element: {"method":"xpath","selector":"//option[text()='1956']"}
  (Session info: chrome=74.0.3729.131)
[1558098706.550][INFO]: [c822c68db44f7f0da2a48ddf6b4f0052] COMMAND SetTimeouts {
   "ms": 0,
   "type": "implicit"
}
[1558098706.550][INFO]: [c822c68db44f7f0da2a48ddf6b4f0052] RESPONSE SetTimeouts
[1558098706.555][INFO]: [c822c68db44f7f0da2a48ddf6b4f0052] COMMAND FindElement {
   "using": "xpath",
   "value": "//option[text()='1956']"
}
[1558098706.555][INFO]: Waiting for pending navigations...
[1558098706.557][INFO]: Done waiting for pending navigations. Status: ok
[1558098706.566][INFO]: Waiting for pending navigations...
[1558098706.568][INFO]: Done waiting for pending navigations. Status: ok
[1558098706.568][INFO]: [c822c68db44f7f0da2a48ddf6b4f0052] RESPONSE FindElement ERROR no such element: Unable to locate element: {"method":"xpath","selector":"//option[text()='1956']"}
  (Session info: chrome=74.0.3729.131)
[1558098707.073][INFO]: [c822c68db44f7f0da2a48ddf6b4f0052] COMMAND SetTimeouts {
   "ms": 0,
   "type": "implicit"
}
[1558098707.073][INFO]: [c822c68db44f7f0da2a48ddf6b4f0052] RESPONSE SetTimeouts
[1558098707.080][INFO]: [c822c68db44f7f0da2a48ddf6b4f0052] COMMAND FindElement {
   "using": "xpath",
   "value": "//option[text()='1956']"
}
[1558098707.080][INFO]: Waiting for pending navigations...
[1558098707.083][INFO]: Done waiting for pending navigations. Status: ok
[1558098707.113][INFO]: Waiting for pending navigations...
[1558098707.119][INFO]: Done waiting for pending navigations. Status: ok
[1558098707.119][INFO]: [c822c68db44f7f0da2a48ddf6b4f0052] RESPONSE FindElement ERROR no such element: Unable to locate element: {"method":"xpath","selector":"//option[text()='1956']"}
  (Session info: chrome=74.0.3729.131)
[1558098707.629][INFO]: [c822c68db44f7f0da2a48ddf6b4f0052] COMMAND SetTimeouts {
   "ms": 0,
   "type": "implicit"
}
[1558098707.629][INFO]: [c822c68db44f7f0da2a48ddf6b4f0052] RESPONSE SetTimeouts
[1558098707.636][INFO]: [c822c68db44f7f0da2a48ddf6b4f0052] COMMAND FindElement {
   "using": "xpath",
   "value": "//option[text()='1956']"
}
[1558098707.636][INFO]: Waiting for pending navigations...
[1558098707.640][INFO]: Done waiting for pending navigations. Status: ok
[1558098707.668][INFO]: Waiting for pending navigations...
[1558098707.670][INFO]: Done waiting for pending navigations. Status: ok
[1558098707.670][INFO]: [c822c68db44f7f0da2a48ddf6b4f0052] RESPONSE FindElement ERROR no such element: Unable to locate element: {"method":"xpath","selector":"//option[text()='1956']"}
  (Session info: chrome=74.0.3729.131)
[1558098708.176][INFO]: [c822c68db44f7f0da2a48ddf6b4f0052] COMMAND SetTimeouts {
   "ms": 0,
   "type": "implicit"
}
[1558098708.176][INFO]: [c822c68db44f7f0da2a48ddf6b4f0052] RESPONSE SetTimeouts
[1558098708.183][INFO]: [c822c68db44f7f0da2a48ddf6b4f0052] COMMAND FindElement {
   "using": "xpath",
   "value": "//option[text()='1956']"
}
[1558098708.183][INFO]: Waiting for pending navigations...
[1558098708.186][INFO]: Done waiting for pending navigations. Status: ok
[1558098708.213][INFO]: Waiting for pending navigations...
[1558098708.215][INFO]: Done waiting for pending navigations. Status: ok
[1558098708.215][INFO]: [c822c68db44f7f0da2a48ddf6b4f0052] RESPONSE FindElement ERROR no such element: Unable to locate element: {"method":"xpath","selector":"//option[text()='1956']"}
  (Session info: chrome=74.0.3729.131)
[1558098708.723][INFO]: [c822c68db44f7f0da2a48ddf6b4f0052] COMMAND SetTimeouts {
   "ms": 0,
   "type": "implicit"
}
[1558098708.723][INFO]: [c822c68db44f7f0da2a48ddf6b4f0052] RESPONSE SetTimeouts
[1558098708.729][INFO]: [c822c68db44f7f0da2a48ddf6b4f0052] COMMAND FindElement {
   "using": "xpath",
   "value": "//option[text()='1956']"
}
[1558098708.729][INFO]: Waiting for pending navigations...
[1558098708.732][INFO]: Done waiting for pending navigations. Status: ok
[1558098708.757][INFO]: Waiting for pending navigations...
[1558098708.759][INFO]: Done waiting for pending navigations. Status: ok
[1558098708.759][INFO]: [c822c68db44f7f0da2a48ddf6b4f0052] RESPONSE FindElement ERROR no such element: Unable to locate element: {"method":"xpath","selector":"//option[text()='1956']"}
  (Session info: chrome=74.0.3729.131)
[1558098709.266][INFO]: [c822c68db44f7f0da2a48ddf6b4f0052] COMMAND SetTimeouts {
   "ms": 0,
   "type": "implicit"
}
[1558098709.266][INFO]: [c822c68db44f7f0da2a48ddf6b4f0052] RESPONSE SetTimeouts
[1558098709.273][INFO]: [c822c68db44f7f0da2a48ddf6b4f0052] COMMAND FindElement {
   "using": "xpath",
   "value": "//option[text()='1956']"
}
[1558098709.273][INFO]: Waiting for pending navigations...
[1558098709.278][INFO]: Done waiting for pending navigations. Status: ok
[1558098709.301][INFO]: Waiting for pending navigations...
[1558098709.303][INFO]: Done waiting for pending navigations. Status: ok
[1558098709.303][INFO]: [c822c68db44f7f0da2a48ddf6b4f0052] RESPONSE FindElement ERROR no such element: Unable to locate element: {"method":"xpath","selector":"//option[text()='1956']"}
  (Session info: chrome=74.0.3729.131)
[1558098709.831][INFO]: [c822c68db44f7f0da2a48ddf6b4f0052] COMMAND SetTimeouts {
   "ms": 0,
   "type": "implicit"
}
[1558098709.831][INFO]: [c822c68db44f7f0da2a48ddf6b4f0052] RESPONSE SetTimeouts
[1558098709.838][INFO]: [c822c68db44f7f0da2a48ddf6b4f0052] COMMAND FindElement {
   "using": "xpath",
   "value": "//option[text()='1956']"
}
[1558098709.838][INFO]: Waiting for pending navigations...
[1558098709.839][INFO]: Done waiting for pending navigations. Status: ok
[1558098709.853][INFO]: Waiting for pending navigations...
[1558098709.854][INFO]: Done waiting for pending navigations. Status: ok
[1558098709.854][INFO]: [c822c68db44f7f0da2a48ddf6b4f0052] RESPONSE FindElement ERROR no such element: Unable to locate element: {"method":"xpath","selector":"//option[text()='1956']"}
  (Session info: chrome=74.0.3729.131)
[1558098710.361][INFO]: [c822c68db44f7f0da2a48ddf6b4f0052] COMMAND SetTimeouts {
   "ms": 0,
   "type": "implicit"
}
[1558098710.361][INFO]: [c822c68db44f7f0da2a48ddf6b4f0052] RESPONSE SetTimeouts
[1558098710.366][INFO]: [c822c68db44f7f0da2a48ddf6b4f0052] COMMAND FindElement {
   "using": "xpath",
   "value": "//option[text()='1956']"
}
[1558098710.367][INFO]: Waiting for pending navigations...
[1558098710.369][INFO]: Done waiting for pending navigations. Status: ok
[1558098710.395][INFO]: Waiting for pending navigations...
[1558098710.397][INFO]: Done waiting for pending navigations. Status: ok
[1558098710.397][INFO]: [c822c68db44f7f0da2a48ddf6b4f0052] RESPONSE FindElement ERROR no such element: Unable to locate element: {"method":"xpath","selector":"//option[text()='1956']"}
  (Session info: chrome=74.0.3729.131)
