[1559775218.248][INFO]: Starting ChromeDriver 74.0.3729.6 (255758eccf3d244491b8a1317aa76e1ce10d57e9-refs/branch-heads/3729@{#29})
[1559775218.248][INFO]: Please protect ports used by ChromeDriver and related test frameworks to prevent access by malicious code.
[1559775219.004][INFO]: [4f9a2f3dde0d3a098c0d17e6aaa423b6] COMMAND InitSession {
   "capabilities": {
      "firstMatch": [ {
         "browserName": "chrome",
         "goog:chromeOptions": {
            "args": [  ],
            "extensions": [  ]
         }
      } ]
   },
   "desiredCapabilities": {
      "browserName": "chrome",
      "goog:chromeOptions": {
         "args": [  ],
         "extensions": [  ]
      }
   }
}
[1559775219.009][INFO]: Populating Preferences file: {
   "alternate_error_pages": {
      "enabled": false
   },
   "autofill": {
      "enabled": false
   },
   "browser": {
      "check_default_browser": false
   },
   "distribution": {
      "import_bookmarks": false,
      "import_history": false,
      "import_search_engine": false,
      "make_chrome_default_for_user": false,
      "skip_first_run_ui": true
   },
   "dns_prefetching": {
      "enabled": false
   },
   "profile": {
      "content_settings": {
         "pattern_pairs": {
            "https://*,*": {
               "media-stream": {
                  "audio": "Default",
                  "video": "Default"
               }
            }
         }
      },
      "default_content_setting_values": {
         "geolocation": 1
      },
      "default_content_settings": {
         "geolocation": 1,
         "mouselock": 1,
         "notifications": 1,
         "popups": 1,
         "ppapi-broker": 1
      },
      "password_manager_enabled": false
   },
   "safebrowsing": {
      "enabled": false
   },
   "search": {
      "suggest_enabled": false
   },
   "translate": {
      "enabled": false
   }
}
[1559775219.010][INFO]: Populating Local State file: {
   "background_mode": {
      "enabled": false
   },
   "ssl": {
      "rev_checking": {
         "enabled": false
      }
   }
}
[1559775219.023][INFO]: Launching chrome: "C:\Program Files (x86)\Google\Chrome\Application\chrome.exe" --disable-background-networking --disable-client-side-phishing-detection --disable-default-apps --disable-hang-monitor --disable-popup-blocking --disable-prompt-on-repost --disable-sync --disable-web-resources --enable-automation --enable-blink-features=ShadowDOMV0 --enable-logging --force-fieldtrials=SiteIsolationExtensions/Control --ignore-certificate-errors --load-extension="C:\Users\Adrian\AppData\Local\Temp\scoped_dir16824_20418\internal" --log-level=0 --no-first-run --password-store=basic --remote-debugging-port=0 --test-type=webdriver --use-mock-keychain --user-data-dir="C:\Users\Adrian\AppData\Local\Temp\scoped_dir16824_5484" data:,
[1559775220.429][INFO]: resolved localhost to ["::1","127.0.0.1"]
[1559775222.617][INFO]: [4f9a2f3dde0d3a098c0d17e6aaa423b6] RESPONSE InitSession {
   "acceptInsecureCerts": false,
   "acceptSslCerts": false,
   "applicationCacheEnabled": false,
   "browserConnectionEnabled": false,
   "browserName": "chrome",
   "chrome": {
      "chromedriverVersion": "74.0.3729.6 (255758eccf3d244491b8a1317aa76e1ce10d57e9-refs/branch-heads/3729@{#29})",
      "userDataDir": "C:\\Users\\Adrian\\AppData\\Local\\Temp\\scoped_dir16824_5484"
   },
   "cssSelectorsEnabled": true,
   "databaseEnabled": false,
   "goog:chromeOptions": {
      "debuggerAddress": "localhost:51302"
   },
   "handlesAlerts": true,
   "hasTouchScreen": false,
   "javascriptEnabled": true,
   "locationContextEnabled": true,
   "mobileEmulationEnabled": false,
   "nativeEvents": true,
   "networkConnectionEnabled": false,
   "pageLoadStrategy": "normal",
   "platform": "Windows NT",
   "proxy": {

   },
   "~~~": "..."
}
[1559775222.693][INFO]: [4f9a2f3dde0d3a098c0d17e6aaa423b6] COMMAND MaximizeWindow {
   "handle": "current",
   "windowHandle": "current"
}
[1559775222.694][INFO]: Waiting for pending navigations...
[1559775222.696][INFO]: Done waiting for pending navigations. Status: ok
[1559775222.698][INFO]: resolved localhost to ["::1","127.0.0.1"]
[1559775223.742][INFO]: Waiting for pending navigations...
[1559775223.743][INFO]: Done waiting for pending navigations. Status: ok
[1559775223.744][INFO]: [4f9a2f3dde0d3a098c0d17e6aaa423b6] RESPONSE MaximizeWindow {
   "height": 744,
   "width": 1382,
   "x": 1358,
   "y": -8
}
[1559775223.749][INFO]: [4f9a2f3dde0d3a098c0d17e6aaa423b6] COMMAND SetTimeouts {
   "ms": 5000,
   "type": "implicit"
}
[1559775223.749][INFO]: [4f9a2f3dde0d3a098c0d17e6aaa423b6] RESPONSE SetTimeouts
[1559775223.754][INFO]: [4f9a2f3dde0d3a098c0d17e6aaa423b6] COMMAND Navigate {
   "url": "https://app.dev.drillinginfo.com/courthouse/"
}
[1559775223.754][INFO]: Waiting for pending navigations...
[1559775223.756][INFO]: Done waiting for pending navigations. Status: ok
[1559775224.721][INFO]: Waiting for pending navigations...
[1559775255.289][INFO]: Done waiting for pending navigations. Status: ok
[1559775255.289][INFO]: [4f9a2f3dde0d3a098c0d17e6aaa423b6] RESPONSE Navigate
[1559775255.347][INFO]: [4f9a2f3dde0d3a098c0d17e6aaa423b6] COMMAND FindElements {
   "using": "xpath",
   "value": "//p[@class='signInText-login']"
}
[1559775255.347][INFO]: Waiting for pending navigations...
[1559775255.352][INFO]: Done waiting for pending navigations. Status: ok
[1559775255.381][INFO]: Waiting for pending navigations...
[1559775255.390][INFO]: Done waiting for pending navigations. Status: ok
[1559775255.391][INFO]: [4f9a2f3dde0d3a098c0d17e6aaa423b6] RESPONSE FindElements [ {
   "ELEMENT": "0.08962772136705821-1"
} ]
[1559775255.404][INFO]: [4f9a2f3dde0d3a098c0d17e6aaa423b6] COMMAND IsElementDisplayed {
   "id": "0.08962772136705821-1"
}
[1559775255.405][INFO]: Waiting for pending navigations...
[1559775255.576][INFO]: Done waiting for pending navigations. Status: ok
[1559775255.614][INFO]: Waiting for pending navigations...
[1559775255.646][INFO]: Done waiting for pending navigations. Status: ok
[1559775255.646][INFO]: [4f9a2f3dde0d3a098c0d17e6aaa423b6] RESPONSE IsElementDisplayed true
[1559775255.657][INFO]: [4f9a2f3dde0d3a098c0d17e6aaa423b6] COMMAND FindElements {
   "using": "xpath",
   "value": "//a[@href='https://app.dev.drillinginfo.com/courthouse/login']"
}
[1559775255.657][INFO]: Waiting for pending navigations...
[1559775255.659][INFO]: Done waiting for pending navigations. Status: ok
[1559775255.693][INFO]: Waiting for pending navigations...
[1559775255.696][INFO]: Done waiting for pending navigations. Status: ok
[1559775255.696][INFO]: [4f9a2f3dde0d3a098c0d17e6aaa423b6] RESPONSE FindElements [ {
   "ELEMENT": "0.08962772136705821-2"
} ]
[1559775255.704][INFO]: [4f9a2f3dde0d3a098c0d17e6aaa423b6] COMMAND ClickElement {
   "id": "0.08962772136705821-2"
}
[1559775255.704][INFO]: Waiting for pending navigations...
[1559775255.707][INFO]: Done waiting for pending navigations. Status: ok
[1559775255.857][INFO]: Waiting for pending navigations...
[1559775282.806][INFO]: Done waiting for pending navigations. Status: ok
[1559775282.807][INFO]: [4f9a2f3dde0d3a098c0d17e6aaa423b6] RESPONSE ClickElement
[1559775282.813][INFO]: [4f9a2f3dde0d3a098c0d17e6aaa423b6] COMMAND FindElements {
   "using": "xpath",
   "value": "//div[@class='di-app-loading-message']"
}
[1559775282.813][INFO]: Waiting for pending navigations...
[1559775282.829][INFO]: Done waiting for pending navigations. Status: ok
[1559775287.885][INFO]: Waiting for pending navigations...
[1559775287.887][INFO]: Done waiting for pending navigations. Status: ok
[1559775287.887][INFO]: [4f9a2f3dde0d3a098c0d17e6aaa423b6] RESPONSE FindElements [  ]
[1559775288.902][INFO]: [4f9a2f3dde0d3a098c0d17e6aaa423b6] COMMAND SetTimeouts {
   "ms": 0,
   "type": "implicit"
}
[1559775288.902][INFO]: [4f9a2f3dde0d3a098c0d17e6aaa423b6] RESPONSE SetTimeouts
[1559775288.905][INFO]: [4f9a2f3dde0d3a098c0d17e6aaa423b6] COMMAND FindElement {
   "using": "xpath",
   "value": "//p[text()='DI Courthouse Contractor/PayGo/Free Trial']"
}
[1559775288.905][INFO]: Waiting for pending navigations...
[1559775288.906][INFO]: Done waiting for pending navigations. Status: ok
[1559775288.917][INFO]: Waiting for pending navigations...
[1559775288.918][INFO]: Done waiting for pending navigations. Status: ok
[1559775288.918][INFO]: [4f9a2f3dde0d3a098c0d17e6aaa423b6] RESPONSE FindElement {
   "ELEMENT": "0.4870817688016629-1"
}
[1559775288.922][INFO]: [4f9a2f3dde0d3a098c0d17e6aaa423b6] COMMAND SetTimeouts {
   "ms": 0,
   "type": "implicit"
}
[1559775288.922][INFO]: [4f9a2f3dde0d3a098c0d17e6aaa423b6] RESPONSE SetTimeouts
[1559775288.924][INFO]: [4f9a2f3dde0d3a098c0d17e6aaa423b6] COMMAND FindElement {
   "using": "id",
   "value": "username"
}
[1559775288.925][INFO]: Waiting for pending navigations...
[1559775288.926][INFO]: Done waiting for pending navigations. Status: ok
[1559775288.937][INFO]: Waiting for pending navigations...
[1559775288.938][INFO]: Done waiting for pending navigations. Status: ok
[1559775288.938][INFO]: [4f9a2f3dde0d3a098c0d17e6aaa423b6] RESPONSE FindElement {
   "ELEMENT": "0.4870817688016629-2"
}
[1559775288.942][INFO]: [4f9a2f3dde0d3a098c0d17e6aaa423b6] COMMAND FindElement {
   "using": "id",
   "value": "username"
}
[1559775288.942][INFO]: Waiting for pending navigations...
[1559775288.943][INFO]: Done waiting for pending navigations. Status: ok
[1559775288.949][INFO]: Waiting for pending navigations...
[1559775288.950][INFO]: Done waiting for pending navigations. Status: ok
[1559775288.950][INFO]: [4f9a2f3dde0d3a098c0d17e6aaa423b6] RESPONSE FindElement {
   "ELEMENT": "0.4870817688016629-2"
}
[1559775288.955][INFO]: [4f9a2f3dde0d3a098c0d17e6aaa423b6] COMMAND TypeElement {
   "id": "0.4870817688016629-2",
   "value": [ "adrojascontract" ]
}
[1559775288.955][INFO]: Waiting for pending navigations...
[1559775288.956][INFO]: Done waiting for pending navigations. Status: ok
[1559775289.069][INFO]: Waiting for pending navigations...
[1559775289.071][INFO]: Done waiting for pending navigations. Status: ok
[1559775289.071][INFO]: [4f9a2f3dde0d3a098c0d17e6aaa423b6] RESPONSE TypeElement
[1559775289.075][INFO]: [4f9a2f3dde0d3a098c0d17e6aaa423b6] COMMAND SetTimeouts {
   "ms": 0,
   "type": "implicit"
}
[1559775289.075][INFO]: [4f9a2f3dde0d3a098c0d17e6aaa423b6] RESPONSE SetTimeouts
[1559775289.079][INFO]: [4f9a2f3dde0d3a098c0d17e6aaa423b6] COMMAND FindElement {
   "using": "id",
   "value": "password"
}
[1559775289.079][INFO]: Waiting for pending navigations...
[1559775289.080][INFO]: Done waiting for pending navigations. Status: ok
[1559775289.091][INFO]: Waiting for pending navigations...
[1559775289.092][INFO]: Done waiting for pending navigations. Status: ok
[1559775289.092][INFO]: [4f9a2f3dde0d3a098c0d17e6aaa423b6] RESPONSE FindElement {
   "ELEMENT": "0.4870817688016629-3"
}
[1559775289.095][INFO]: [4f9a2f3dde0d3a098c0d17e6aaa423b6] COMMAND FindElement {
   "using": "id",
   "value": "password"
}
[1559775289.095][INFO]: Waiting for pending navigations...
[1559775289.097][INFO]: Done waiting for pending navigations. Status: ok
[1559775289.104][INFO]: Waiting for pending navigations...
[1559775289.105][INFO]: Done waiting for pending navigations. Status: ok
[1559775289.105][INFO]: [4f9a2f3dde0d3a098c0d17e6aaa423b6] RESPONSE FindElement {
   "ELEMENT": "0.4870817688016629-3"
}
[1559775289.108][INFO]: [4f9a2f3dde0d3a098c0d17e6aaa423b6] COMMAND TypeElement {
   "id": "0.4870817688016629-3",
   "value": [ "DSCI7lsc1" ]
}
[1559775289.108][INFO]: Waiting for pending navigations...
[1559775289.110][INFO]: Done waiting for pending navigations. Status: ok
[1559775289.192][INFO]: Waiting for pending navigations...
[1559775289.193][INFO]: Done waiting for pending navigations. Status: ok
[1559775289.193][INFO]: [4f9a2f3dde0d3a098c0d17e6aaa423b6] RESPONSE TypeElement
[1559775290.196][INFO]: [4f9a2f3dde0d3a098c0d17e6aaa423b6] COMMAND FindElements {
   "using": "id",
   "value": "login"
}
[1559775290.196][INFO]: Waiting for pending navigations...
[1559775290.197][INFO]: Done waiting for pending navigations. Status: ok
[1559775290.209][INFO]: Waiting for pending navigations...
[1559775290.210][INFO]: Done waiting for pending navigations. Status: ok
[1559775290.210][INFO]: [4f9a2f3dde0d3a098c0d17e6aaa423b6] RESPONSE FindElements [ {
   "ELEMENT": "0.4870817688016629-4"
} ]
[1559775290.215][INFO]: [4f9a2f3dde0d3a098c0d17e6aaa423b6] COMMAND ClickElement {
   "id": "0.4870817688016629-4"
}
[1559775290.215][INFO]: Waiting for pending navigations...
[1559775290.216][INFO]: Done waiting for pending navigations. Status: ok
[1559775290.275][INFO]: Waiting for pending navigations...
[1559775290.277][INFO]: Done waiting for pending navigations. Status: ok
[1559775290.277][INFO]: [4f9a2f3dde0d3a098c0d17e6aaa423b6] RESPONSE ClickElement
[1559775290.281][INFO]: [4f9a2f3dde0d3a098c0d17e6aaa423b6] COMMAND SetTimeouts {
   "ms": 0,
   "type": "implicit"
}
[1559775290.281][INFO]: [4f9a2f3dde0d3a098c0d17e6aaa423b6] RESPONSE SetTimeouts
[1559775290.284][INFO]: [4f9a2f3dde0d3a098c0d17e6aaa423b6] COMMAND FindElement {
   "using": "xpath",
   "value": "//a[@class='home-btn active-item']"
}
[1559775290.284][INFO]: Waiting for pending navigations...
[1559775290.285][INFO]: Done waiting for pending navigations. Status: ok
[1559775290.301][INFO]: Waiting for pending navigations...
[1559775290.303][INFO]: Done waiting for pending navigations. Status: ok
[1559775290.303][INFO]: [4f9a2f3dde0d3a098c0d17e6aaa423b6] RESPONSE FindElement ERROR no such element: Unable to locate element: {"method":"xpath","selector":"//a[@class='home-btn active-item']"}
  (Session info: chrome=74.0.3729.169)
[1559775290.824][INFO]: [4f9a2f3dde0d3a098c0d17e6aaa423b6] COMMAND SetTimeouts {
   "ms": 0,
   "type": "implicit"
}
[1559775290.824][INFO]: [4f9a2f3dde0d3a098c0d17e6aaa423b6] RESPONSE SetTimeouts
[1559775290.833][INFO]: [4f9a2f3dde0d3a098c0d17e6aaa423b6] COMMAND FindElement {
   "using": "xpath",
   "value": "//a[@class='home-btn active-item']"
}
[1559775290.834][INFO]: Waiting for pending navigations...
[1559775290.838][INFO]: Done waiting for pending navigations. Status: ok
[1559775290.857][INFO]: Waiting for pending navigations...
[1559775290.858][INFO]: Done waiting for pending navigations. Status: ok
[1559775290.858][INFO]: [4f9a2f3dde0d3a098c0d17e6aaa423b6] RESPONSE FindElement ERROR no such element: Unable to locate element: {"method":"xpath","selector":"//a[@class='home-btn active-item']"}
  (Session info: chrome=74.0.3729.169)
[1559775291.362][INFO]: [4f9a2f3dde0d3a098c0d17e6aaa423b6] COMMAND SetTimeouts {
   "ms": 0,
   "type": "implicit"
}
[1559775291.362][INFO]: [4f9a2f3dde0d3a098c0d17e6aaa423b6] RESPONSE SetTimeouts
[1559775291.366][INFO]: [4f9a2f3dde0d3a098c0d17e6aaa423b6] COMMAND FindElement {
   "using": "xpath",
   "value": "//a[@class='home-btn active-item']"
}
[1559775291.368][INFO]: Waiting for pending navigations...
[1559775305.468][INFO]: Done waiting for pending navigations. Status: ok
[1559775305.490][INFO]: Waiting for pending navigations...
[1559775305.491][INFO]: Done waiting for pending navigations. Status: ok
[1559775305.491][INFO]: [4f9a2f3dde0d3a098c0d17e6aaa423b6] RESPONSE FindElement {
   "ELEMENT": "0.015444131591602295-1"
}
[1559775310.494][INFO]: [4f9a2f3dde0d3a098c0d17e6aaa423b6] COMMAND FindElements {
   "using": "xpath",
   "value": "//a[@class='home-btn active-item']"
}
[1559775310.495][INFO]: Waiting for pending navigations...
[1559775310.496][INFO]: Done waiting for pending navigations. Status: ok
[1559775310.508][INFO]: Waiting for pending navigations...
[1559775310.509][INFO]: Done waiting for pending navigations. Status: ok
[1559775310.509][INFO]: [4f9a2f3dde0d3a098c0d17e6aaa423b6] RESPONSE FindElements [ {
   "ELEMENT": "0.015444131591602295-1"
} ]
[1559775310.511][INFO]: [4f9a2f3dde0d3a098c0d17e6aaa423b6] COMMAND ClickElement {
   "id": "0.015444131591602295-1"
}
[1559775310.511][INFO]: Waiting for pending navigations...
[1559775310.513][INFO]: Done waiting for pending navigations. Status: ok
[1559775310.588][INFO]: Waiting for pending navigations...
[1559775310.595][INFO]: Done waiting for pending navigations. Status: ok
[1559775310.595][INFO]: [4f9a2f3dde0d3a098c0d17e6aaa423b6] RESPONSE ClickElement
[1559775317.601][INFO]: [4f9a2f3dde0d3a098c0d17e6aaa423b6] COMMAND SetTimeouts {
   "ms": 0,
   "type": "implicit"
}
[1559775317.601][INFO]: [4f9a2f3dde0d3a098c0d17e6aaa423b6] RESPONSE SetTimeouts
[1559775317.605][INFO]: [4f9a2f3dde0d3a098c0d17e6aaa423b6] COMMAND FindElement {
   "using": "xpath",
   "value": "//h5[@name='Search Results']"
}
[1559775317.606][INFO]: Waiting for pending navigations...
[1559775317.607][INFO]: Done waiting for pending navigations. Status: ok
[1559775317.624][INFO]: Waiting for pending navigations...
[1559775317.625][INFO]: Done waiting for pending navigations. Status: ok
[1559775317.626][INFO]: [4f9a2f3dde0d3a098c0d17e6aaa423b6] RESPONSE FindElement {
   "ELEMENT": "0.015444131591602295-2"
}
[1559775319.641][INFO]: [4f9a2f3dde0d3a098c0d17e6aaa423b6] COMMAND FindElements {
   "using": "xpath",
   "value": "//i[@class='fa fa-search fa-flip-horizontal']"
}
[1559775319.641][INFO]: Waiting for pending navigations...
[1559775319.646][INFO]: Done waiting for pending navigations. Status: ok
[1559775319.683][INFO]: Waiting for pending navigations...
[1559775319.686][INFO]: Done waiting for pending navigations. Status: ok
[1559775319.686][INFO]: [4f9a2f3dde0d3a098c0d17e6aaa423b6] RESPONSE FindElements [ {
   "ELEMENT": "0.015444131591602295-3"
} ]
[1559775319.704][INFO]: [4f9a2f3dde0d3a098c0d17e6aaa423b6] COMMAND ClickElement {
   "id": "0.015444131591602295-3"
}
[1559775319.704][INFO]: Waiting for pending navigations...
[1559775319.709][INFO]: Done waiting for pending navigations. Status: ok
[1559775319.941][INFO]: Waiting for pending navigations...
[1559775320.026][INFO]: Done waiting for pending navigations. Status: ok
[1559775320.026][INFO]: [4f9a2f3dde0d3a098c0d17e6aaa423b6] RESPONSE ClickElement
[1559775320.030][INFO]: [4f9a2f3dde0d3a098c0d17e6aaa423b6] COMMAND SetTimeouts {
   "ms": 0,
   "type": "implicit"
}
[1559775320.030][INFO]: [4f9a2f3dde0d3a098c0d17e6aaa423b6] RESPONSE SetTimeouts
[1559775320.034][INFO]: [4f9a2f3dde0d3a098c0d17e6aaa423b6] COMMAND FindElement {
   "using": "xpath",
   "value": "//h4[text()='EXPLORE']"
}
[1559775320.034][INFO]: Waiting for pending navigations...
[1559775320.126][INFO]: Done waiting for pending navigations. Status: ok
[1559775320.147][INFO]: Waiting for pending navigations...
[1559775320.149][INFO]: Done waiting for pending navigations. Status: ok
[1559775320.149][INFO]: [4f9a2f3dde0d3a098c0d17e6aaa423b6] RESPONSE FindElement {
   "ELEMENT": "0.015444131591602295-4"
}
[1559775325.163][INFO]: [4f9a2f3dde0d3a098c0d17e6aaa423b6] COMMAND SetTimeouts {
   "ms": 0,
   "type": "implicit"
}
[1559775325.163][INFO]: [4f9a2f3dde0d3a098c0d17e6aaa423b6] RESPONSE SetTimeouts
[1559775325.170][INFO]: [4f9a2f3dde0d3a098c0d17e6aaa423b6] COMMAND FindElement {
   "using": "xpath",
   "value": "//div[@class='filter-input-container col-xs-8']//select"
}
[1559775325.170][INFO]: Waiting for pending navigations...
[1559775325.175][INFO]: Done waiting for pending navigations. Status: ok
[1559775325.205][INFO]: Waiting for pending navigations...
[1559775325.208][INFO]: Done waiting for pending navigations. Status: ok
[1559775325.208][INFO]: [4f9a2f3dde0d3a098c0d17e6aaa423b6] RESPONSE FindElement {
   "ELEMENT": "0.015444131591602295-5"
}
[1559775325.213][INFO]: [4f9a2f3dde0d3a098c0d17e6aaa423b6] COMMAND FindElement {
   "using": "xpath",
   "value": "//div[@class='filter-input-container col-xs-8']//select"
}
[1559775325.213][INFO]: Waiting for pending navigations...
[1559775325.216][INFO]: Done waiting for pending navigations. Status: ok
[1559775325.232][INFO]: Waiting for pending navigations...
[1559775325.233][INFO]: Done waiting for pending navigations. Status: ok
[1559775325.233][INFO]: [4f9a2f3dde0d3a098c0d17e6aaa423b6] RESPONSE FindElement {
   "ELEMENT": "0.015444131591602295-5"
}
[1559775325.239][INFO]: [4f9a2f3dde0d3a098c0d17e6aaa423b6] COMMAND TypeElement {
   "id": "0.015444131591602295-5",
   "value": [ "Burleson" ]
}
[1559775325.239][INFO]: Waiting for pending navigations...
[1559775325.240][INFO]: Done waiting for pending navigations. Status: ok
[1559775325.661][INFO]: Waiting for pending navigations...
[1559775325.662][INFO]: Done waiting for pending navigations. Status: ok
[1559775325.662][INFO]: [4f9a2f3dde0d3a098c0d17e6aaa423b6] RESPONSE TypeElement
[1559775330.665][INFO]: [4f9a2f3dde0d3a098c0d17e6aaa423b6] COMMAND SetTimeouts {
   "ms": 0,
   "type": "implicit"
}
[1559775330.665][INFO]: [4f9a2f3dde0d3a098c0d17e6aaa423b6] RESPONSE SetTimeouts
[1559775330.668][INFO]: [4f9a2f3dde0d3a098c0d17e6aaa423b6] COMMAND FindElement {
   "using": "xpath",
   "value": "//label[@for='grantor']"
}
[1559775330.668][INFO]: Waiting for pending navigations...
[1559775330.669][INFO]: Done waiting for pending navigations. Status: ok
[1559775330.681][INFO]: Waiting for pending navigations...
[1559775330.682][INFO]: Done waiting for pending navigations. Status: ok
[1559775330.682][INFO]: [4f9a2f3dde0d3a098c0d17e6aaa423b6] RESPONSE FindElement {
   "ELEMENT": "0.015444131591602295-6"
}
[1559775331.687][INFO]: [4f9a2f3dde0d3a098c0d17e6aaa423b6] COMMAND SetTimeouts {
   "ms": 0,
   "type": "implicit"
}
[1559775331.687][INFO]: [4f9a2f3dde0d3a098c0d17e6aaa423b6] RESPONSE SetTimeouts
[1559775331.691][INFO]: [4f9a2f3dde0d3a098c0d17e6aaa423b6] COMMAND FindElement {
   "using": "xpath",
   "value": "//input[@name='grantor']"
}
[1559775331.691][INFO]: Waiting for pending navigations...
[1559775331.693][INFO]: Done waiting for pending navigations. Status: ok
[1559775331.708][INFO]: Waiting for pending navigations...
[1559775331.734][INFO]: Done waiting for pending navigations. Status: ok
[1559775331.734][INFO]: [4f9a2f3dde0d3a098c0d17e6aaa423b6] RESPONSE FindElement {
   "ELEMENT": "0.015444131591602295-7"
}
[1559775331.738][INFO]: [4f9a2f3dde0d3a098c0d17e6aaa423b6] COMMAND FindElement {
   "using": "xpath",
   "value": "//input[@name='grantor']"
}
[1559775331.738][INFO]: Waiting for pending navigations...
[1559775331.740][INFO]: Done waiting for pending navigations. Status: ok
[1559775331.755][INFO]: Waiting for pending navigations...
[1559775331.756][INFO]: Done waiting for pending navigations. Status: ok
[1559775331.756][INFO]: [4f9a2f3dde0d3a098c0d17e6aaa423b6] RESPONSE FindElement {
   "ELEMENT": "0.015444131591602295-7"
}
[1559775331.760][INFO]: [4f9a2f3dde0d3a098c0d17e6aaa423b6] COMMAND TypeElement {
   "id": "0.015444131591602295-7",
   "value": [ "James" ]
}
[1559775331.760][INFO]: Waiting for pending navigations...
[1559775331.761][INFO]: Done waiting for pending navigations. Status: ok
[1559775331.872][INFO]: Waiting for pending navigations...
[1559775331.873][INFO]: Done waiting for pending navigations. Status: ok
[1559775331.873][INFO]: [4f9a2f3dde0d3a098c0d17e6aaa423b6] RESPONSE TypeElement
[1559775334.875][INFO]: [4f9a2f3dde0d3a098c0d17e6aaa423b6] COMMAND FindElements {
   "using": "xpath",
   "value": "//aside[@ui-view='filters']//button[@class='btn btn-primary'][@type='submit']"
}
[1559775334.876][INFO]: Waiting for pending navigations...
[1559775334.877][INFO]: Done waiting for pending navigations. Status: ok
[1559775334.895][INFO]: Waiting for pending navigations...
[1559775334.896][INFO]: Done waiting for pending navigations. Status: ok
[1559775334.896][INFO]: [4f9a2f3dde0d3a098c0d17e6aaa423b6] RESPONSE FindElements [ {
   "ELEMENT": "0.015444131591602295-8"
} ]
[1559775334.900][INFO]: [4f9a2f3dde0d3a098c0d17e6aaa423b6] COMMAND ClickElement {
   "id": "0.015444131591602295-8"
}
[1559775334.901][INFO]: Waiting for pending navigations...
[1559775334.902][INFO]: Done waiting for pending navigations. Status: ok
[1559775335.108][INFO]: Waiting for pending navigations...
[1559775335.719][INFO]: Done waiting for pending navigations. Status: ok
[1559775335.719][INFO]: [4f9a2f3dde0d3a098c0d17e6aaa423b6] RESPONSE ClickElement
[1559775338.722][INFO]: [4f9a2f3dde0d3a098c0d17e6aaa423b6] COMMAND SetTimeouts {
   "ms": 0,
   "type": "implicit"
}
[1559775338.722][INFO]: [4f9a2f3dde0d3a098c0d17e6aaa423b6] RESPONSE SetTimeouts
[1559775338.725][INFO]: [4f9a2f3dde0d3a098c0d17e6aaa423b6] COMMAND FindElement {
   "using": "css selector",
   "value": "div.ngCell.col0.colt0"
}
[1559775338.725][INFO]: Waiting for pending navigations...
[1559775338.727][INFO]: Done waiting for pending navigations. Status: ok
[1559775338.741][INFO]: Waiting for pending navigations...
[1559775338.742][INFO]: Done waiting for pending navigations. Status: ok
[1559775338.742][INFO]: [4f9a2f3dde0d3a098c0d17e6aaa423b6] RESPONSE FindElement ERROR no such element: Unable to locate element: {"method":"css selector","selector":"div.ngCell.col0.colt0"}
  (Session info: chrome=74.0.3729.169)
[1559775339.247][INFO]: [4f9a2f3dde0d3a098c0d17e6aaa423b6] COMMAND SetTimeouts {
   "ms": 0,
   "type": "implicit"
}
[1559775339.247][INFO]: [4f9a2f3dde0d3a098c0d17e6aaa423b6] RESPONSE SetTimeouts
[1559775339.251][INFO]: [4f9a2f3dde0d3a098c0d17e6aaa423b6] COMMAND FindElement {
   "using": "css selector",
   "value": "div.ngCell.col0.colt0"
}
[1559775339.251][INFO]: Waiting for pending navigations...
[1559775339.253][INFO]: Done waiting for pending navigations. Status: ok
[1559775339.262][INFO]: Waiting for pending navigations...
[1559775339.264][INFO]: Done waiting for pending navigations. Status: ok
[1559775339.264][INFO]: [4f9a2f3dde0d3a098c0d17e6aaa423b6] RESPONSE FindElement ERROR no such element: Unable to locate element: {"method":"css selector","selector":"div.ngCell.col0.colt0"}
  (Session info: chrome=74.0.3729.169)
[1559775339.769][INFO]: [4f9a2f3dde0d3a098c0d17e6aaa423b6] COMMAND SetTimeouts {
   "ms": 0,
   "type": "implicit"
}
[1559775339.769][INFO]: [4f9a2f3dde0d3a098c0d17e6aaa423b6] RESPONSE SetTimeouts
[1559775339.773][INFO]: [4f9a2f3dde0d3a098c0d17e6aaa423b6] COMMAND FindElement {
   "using": "css selector",
   "value": "div.ngCell.col0.colt0"
}
[1559775339.773][INFO]: Waiting for pending navigations...
[1559775339.774][INFO]: Done waiting for pending navigations. Status: ok
[1559775339.785][INFO]: Waiting for pending navigations...
[1559775339.786][INFO]: Done waiting for pending navigations. Status: ok
[1559775339.786][INFO]: [4f9a2f3dde0d3a098c0d17e6aaa423b6] RESPONSE FindElement ERROR no such element: Unable to locate element: {"method":"css selector","selector":"div.ngCell.col0.colt0"}
  (Session info: chrome=74.0.3729.169)
[1559775340.289][INFO]: [4f9a2f3dde0d3a098c0d17e6aaa423b6] COMMAND SetTimeouts {
   "ms": 0,
   "type": "implicit"
}
[1559775340.289][INFO]: [4f9a2f3dde0d3a098c0d17e6aaa423b6] RESPONSE SetTimeouts
[1559775340.292][INFO]: [4f9a2f3dde0d3a098c0d17e6aaa423b6] COMMAND FindElement {
   "using": "css selector",
   "value": "div.ngCell.col0.colt0"
}
[1559775340.293][INFO]: Waiting for pending navigations...
[1559775340.294][INFO]: Done waiting for pending navigations. Status: ok
[1559775340.303][INFO]: Waiting for pending navigations...
[1559775340.304][INFO]: Done waiting for pending navigations. Status: ok
[1559775340.304][INFO]: [4f9a2f3dde0d3a098c0d17e6aaa423b6] RESPONSE FindElement ERROR no such element: Unable to locate element: {"method":"css selector","selector":"div.ngCell.col0.colt0"}
  (Session info: chrome=74.0.3729.169)
[1559775340.810][INFO]: [4f9a2f3dde0d3a098c0d17e6aaa423b6] COMMAND SetTimeouts {
   "ms": 0,
   "type": "implicit"
}
[1559775340.810][INFO]: [4f9a2f3dde0d3a098c0d17e6aaa423b6] RESPONSE SetTimeouts
[1559775340.818][INFO]: [4f9a2f3dde0d3a098c0d17e6aaa423b6] COMMAND FindElement {
   "using": "css selector",
   "value": "div.ngCell.col0.colt0"
}
[1559775340.819][INFO]: Waiting for pending navigations...
[1559775340.822][INFO]: Done waiting for pending navigations. Status: ok
[1559775340.840][INFO]: Waiting for pending navigations...
[1559775340.841][INFO]: Done waiting for pending navigations. Status: ok
[1559775340.841][INFO]: [4f9a2f3dde0d3a098c0d17e6aaa423b6] RESPONSE FindElement ERROR no such element: Unable to locate element: {"method":"css selector","selector":"div.ngCell.col0.colt0"}
  (Session info: chrome=74.0.3729.169)
[1559775341.348][INFO]: [4f9a2f3dde0d3a098c0d17e6aaa423b6] COMMAND SetTimeouts {
   "ms": 0,
   "type": "implicit"
}
[1559775341.348][INFO]: [4f9a2f3dde0d3a098c0d17e6aaa423b6] RESPONSE SetTimeouts
[1559775341.351][INFO]: [4f9a2f3dde0d3a098c0d17e6aaa423b6] COMMAND FindElement {
   "using": "css selector",
   "value": "div.ngCell.col0.colt0"
}
[1559775341.351][INFO]: Waiting for pending navigations...
[1559775341.352][INFO]: Done waiting for pending navigations. Status: ok
[1559775341.359][INFO]: Waiting for pending navigations...
[1559775341.361][INFO]: Done waiting for pending navigations. Status: ok
[1559775341.361][INFO]: [4f9a2f3dde0d3a098c0d17e6aaa423b6] RESPONSE FindElement ERROR no such element: Unable to locate element: {"method":"css selector","selector":"div.ngCell.col0.colt0"}
  (Session info: chrome=74.0.3729.169)
[1559775341.864][INFO]: [4f9a2f3dde0d3a098c0d17e6aaa423b6] COMMAND SetTimeouts {
   "ms": 0,
   "type": "implicit"
}
[1559775341.864][INFO]: [4f9a2f3dde0d3a098c0d17e6aaa423b6] RESPONSE SetTimeouts
[1559775341.868][INFO]: [4f9a2f3dde0d3a098c0d17e6aaa423b6] COMMAND FindElement {
   "using": "css selector",
   "value": "div.ngCell.col0.colt0"
}
[1559775341.868][INFO]: Waiting for pending navigations...
[1559775341.869][INFO]: Done waiting for pending navigations. Status: ok
[1559775341.876][INFO]: Waiting for pending navigations...
[1559775341.878][INFO]: Done waiting for pending navigations. Status: ok
[1559775341.878][INFO]: [4f9a2f3dde0d3a098c0d17e6aaa423b6] RESPONSE FindElement ERROR no such element: Unable to locate element: {"method":"css selector","selector":"div.ngCell.col0.colt0"}
  (Session info: chrome=74.0.3729.169)
[1559775342.383][INFO]: [4f9a2f3dde0d3a098c0d17e6aaa423b6] COMMAND SetTimeouts {
   "ms": 0,
   "type": "implicit"
}
[1559775342.383][INFO]: [4f9a2f3dde0d3a098c0d17e6aaa423b6] RESPONSE SetTimeouts
[1559775342.387][INFO]: [4f9a2f3dde0d3a098c0d17e6aaa423b6] COMMAND FindElement {
   "using": "css selector",
   "value": "div.ngCell.col0.colt0"
}
[1559775342.387][INFO]: Waiting for pending navigations...
[1559775342.389][INFO]: Done waiting for pending navigations. Status: ok
[1559775342.397][INFO]: Waiting for pending navigations...
[1559775342.398][INFO]: Done waiting for pending navigations. Status: ok
[1559775342.398][INFO]: [4f9a2f3dde0d3a098c0d17e6aaa423b6] RESPONSE FindElement {
   "ELEMENT": "0.015444131591602295-9"
}
[1559775345.402][INFO]: [4f9a2f3dde0d3a098c0d17e6aaa423b6] COMMAND FindElements {
   "using": "css selector",
   "value": "div.ngCell.col0.colt0"
}
[1559775345.402][INFO]: Waiting for pending navigations...
[1559775345.403][INFO]: Done waiting for pending navigations. Status: ok
[1559775345.417][INFO]: Waiting for pending navigations...
[1559775345.418][INFO]: Done waiting for pending navigations. Status: ok
[1559775345.418][INFO]: [4f9a2f3dde0d3a098c0d17e6aaa423b6] RESPONSE FindElements [ {
   "ELEMENT": "0.015444131591602295-9"
}, {
   "ELEMENT": "0.015444131591602295-10"
}, {
   "ELEMENT": "0.015444131591602295-11"
}, {
   "ELEMENT": "0.015444131591602295-12"
}, {
   "ELEMENT": "0.015444131591602295-13"
} ]
[1559775345.423][INFO]: [4f9a2f3dde0d3a098c0d17e6aaa423b6] COMMAND ClickElement {
   "id": "0.015444131591602295-9"
}
[1559775345.423][INFO]: Waiting for pending navigations...
[1559775345.424][INFO]: Done waiting for pending navigations. Status: ok
[1559775345.490][INFO]: Waiting for pending navigations...
[1559775345.501][INFO]: Done waiting for pending navigations. Status: ok
[1559775345.501][INFO]: [4f9a2f3dde0d3a098c0d17e6aaa423b6] RESPONSE ClickElement
[1559775349.504][INFO]: [4f9a2f3dde0d3a098c0d17e6aaa423b6] COMMAND FindElements {
   "using": "xpath",
   "value": "//button[@class='btn btn-success btn-sm inline-block'][@ng-click='newRunsheetBtn()']"
}
[1559775349.504][INFO]: Waiting for pending navigations...
[1559775349.506][INFO]: Done waiting for pending navigations. Status: ok
[1559775349.519][INFO]: Waiting for pending navigations...
[1559775349.520][INFO]: Done waiting for pending navigations. Status: ok
[1559775349.520][INFO]: [4f9a2f3dde0d3a098c0d17e6aaa423b6] RESPONSE FindElements [ {
   "ELEMENT": "0.015444131591602295-14"
} ]
[1559775349.523][INFO]: [4f9a2f3dde0d3a098c0d17e6aaa423b6] COMMAND ClickElement {
   "id": "0.015444131591602295-14"
}
[1559775349.523][INFO]: Waiting for pending navigations...
[1559775349.524][INFO]: Done waiting for pending navigations. Status: ok
[1559775349.615][INFO]: Waiting for pending navigations...
[1559775349.624][INFO]: Done waiting for pending navigations. Status: ok
[1559775349.624][INFO]: [4f9a2f3dde0d3a098c0d17e6aaa423b6] RESPONSE ClickElement
[1559775351.626][INFO]: [4f9a2f3dde0d3a098c0d17e6aaa423b6] COMMAND SetTimeouts {
   "ms": 0,
   "type": "implicit"
}
[1559775351.626][INFO]: [4f9a2f3dde0d3a098c0d17e6aaa423b6] RESPONSE SetTimeouts
[1559775351.629][INFO]: [4f9a2f3dde0d3a098c0d17e6aaa423b6] COMMAND FindElement {
   "using": "xpath",
   "value": "//input[@class='form-control input-sm ng-pristine ng-untouched ng-valid ng-isolate-scope ng-valid-pattern ng-valid-minlength']"
}
[1559775351.629][INFO]: Waiting for pending navigations...
[1559775351.631][INFO]: Done waiting for pending navigations. Status: ok
[1559775351.643][INFO]: Waiting for pending navigations...
[1559775351.644][INFO]: Done waiting for pending navigations. Status: ok
[1559775351.644][INFO]: [4f9a2f3dde0d3a098c0d17e6aaa423b6] RESPONSE FindElement {
   "ELEMENT": "0.015444131591602295-15"
}
[1559775351.648][INFO]: [4f9a2f3dde0d3a098c0d17e6aaa423b6] COMMAND FindElement {
   "using": "xpath",
   "value": "//input[@class='form-control input-sm ng-pristine ng-untouched ng-valid ng-isolate-scope ng-valid-pattern ng-valid-minlength']"
}
[1559775351.648][INFO]: Waiting for pending navigations...
[1559775351.649][INFO]: Done waiting for pending navigations. Status: ok
[1559775351.658][INFO]: Waiting for pending navigations...
[1559775351.659][INFO]: Done waiting for pending navigations. Status: ok
[1559775351.659][INFO]: [4f9a2f3dde0d3a098c0d17e6aaa423b6] RESPONSE FindElement {
   "ELEMENT": "0.015444131591602295-15"
}
[1559775351.663][INFO]: [4f9a2f3dde0d3a098c0d17e6aaa423b6] COMMAND TypeElement {
   "id": "0.015444131591602295-15",
   "value": [ "Automated_RunSheetB3 6 5 2019" ]
}
[1559775351.663][INFO]: Waiting for pending navigations...
[1559775351.665][INFO]: Done waiting for pending navigations. Status: ok
[1559775352.293][INFO]: Waiting for pending navigations...
[1559775352.295][INFO]: Done waiting for pending navigations. Status: ok
[1559775352.295][INFO]: [4f9a2f3dde0d3a098c0d17e6aaa423b6] RESPONSE TypeElement
[1559775353.296][INFO]: [4f9a2f3dde0d3a098c0d17e6aaa423b6] COMMAND FindElements {
   "using": "xpath",
   "value": "//button[@class='btn btn-primary btn-sm ng-binding']"
}
[1559775353.296][INFO]: Waiting for pending navigations...
[1559775353.297][INFO]: Done waiting for pending navigations. Status: ok
[1559775353.311][INFO]: Waiting for pending navigations...
[1559775353.312][INFO]: Done waiting for pending navigations. Status: ok
[1559775353.312][INFO]: [4f9a2f3dde0d3a098c0d17e6aaa423b6] RESPONSE FindElements [ {
   "ELEMENT": "0.015444131591602295-16"
} ]
[1559775353.314][INFO]: [4f9a2f3dde0d3a098c0d17e6aaa423b6] COMMAND ClickElement {
   "id": "0.015444131591602295-16"
}
[1559775353.314][INFO]: Waiting for pending navigations...
[1559775353.315][INFO]: Done waiting for pending navigations. Status: ok
[1559775353.417][INFO]: Waiting for pending navigations...
[1559775353.426][INFO]: Done waiting for pending navigations. Status: ok
[1559775353.427][INFO]: [4f9a2f3dde0d3a098c0d17e6aaa423b6] RESPONSE ClickElement
[1559775354.429][INFO]: [4f9a2f3dde0d3a098c0d17e6aaa423b6] COMMAND SetTimeouts {
   "ms": 0,
   "type": "implicit"
}
[1559775354.429][INFO]: [4f9a2f3dde0d3a098c0d17e6aaa423b6] RESPONSE SetTimeouts
[1559775354.433][INFO]: [4f9a2f3dde0d3a098c0d17e6aaa423b6] COMMAND FindElement {
   "using": "xpath",
   "value": "//div[contains(text(),'Runsheet has been successfully saved.')]"
}
[1559775354.433][INFO]: Waiting for pending navigations...
[1559775354.434][INFO]: Done waiting for pending navigations. Status: ok
[1559775354.448][INFO]: Waiting for pending navigations...
[1559775354.449][INFO]: Done waiting for pending navigations. Status: ok
[1559775354.449][INFO]: [4f9a2f3dde0d3a098c0d17e6aaa423b6] RESPONSE FindElement ERROR no such element: Unable to locate element: {"method":"xpath","selector":"//div[contains(text(),'Runsheet has been successfully saved.')]"}
  (Session info: chrome=74.0.3729.169)
[1559775354.954][INFO]: [4f9a2f3dde0d3a098c0d17e6aaa423b6] COMMAND SetTimeouts {
   "ms": 0,
   "type": "implicit"
}
[1559775354.955][INFO]: [4f9a2f3dde0d3a098c0d17e6aaa423b6] RESPONSE SetTimeouts
[1559775354.960][INFO]: [4f9a2f3dde0d3a098c0d17e6aaa423b6] COMMAND FindElement {
   "using": "xpath",
   "value": "//div[contains(text(),'Runsheet has been successfully saved.')]"
}
[1559775354.960][INFO]: Waiting for pending navigations...
[1559775354.963][INFO]: Done waiting for pending navigations. Status: ok
[1559775354.994][INFO]: Waiting for pending navigations...
[1559775354.996][INFO]: Done waiting for pending navigations. Status: ok
[1559775354.996][INFO]: [4f9a2f3dde0d3a098c0d17e6aaa423b6] RESPONSE FindElement ERROR no such element: Unable to locate element: {"method":"xpath","selector":"//div[contains(text(),'Runsheet has been successfully saved.')]"}
  (Session info: chrome=74.0.3729.169)
[1559775355.501][INFO]: [4f9a2f3dde0d3a098c0d17e6aaa423b6] COMMAND SetTimeouts {
   "ms": 0,
   "type": "implicit"
}
[1559775355.501][INFO]: [4f9a2f3dde0d3a098c0d17e6aaa423b6] RESPONSE SetTimeouts
[1559775355.506][INFO]: [4f9a2f3dde0d3a098c0d17e6aaa423b6] COMMAND FindElement {
   "using": "xpath",
   "value": "//div[contains(text(),'Runsheet has been successfully saved.')]"
}
[1559775355.506][INFO]: Waiting for pending navigations...
[1559775355.655][INFO]: Done waiting for pending navigations. Status: ok
[1559775355.685][INFO]: Waiting for pending navigations...
[1559775355.689][INFO]: Done waiting for pending navigations. Status: ok
[1559775355.689][INFO]: [4f9a2f3dde0d3a098c0d17e6aaa423b6] RESPONSE FindElement ERROR no such element: Unable to locate element: {"method":"xpath","selector":"//div[contains(text(),'Runsheet has been successfully saved.')]"}
  (Session info: chrome=74.0.3729.169)
[1559775356.196][INFO]: [4f9a2f3dde0d3a098c0d17e6aaa423b6] COMMAND SetTimeouts {
   "ms": 0,
   "type": "implicit"
}
[1559775356.196][INFO]: [4f9a2f3dde0d3a098c0d17e6aaa423b6] RESPONSE SetTimeouts
[1559775356.205][INFO]: [4f9a2f3dde0d3a098c0d17e6aaa423b6] COMMAND FindElement {
   "using": "xpath",
   "value": "//div[contains(text(),'Runsheet has been successfully saved.')]"
}
[1559775356.205][INFO]: Waiting for pending navigations...
[1559775356.210][INFO]: Done waiting for pending navigations. Status: ok
[1559775356.229][INFO]: Waiting for pending navigations...
[1559775356.231][INFO]: Done waiting for pending navigations. Status: ok
[1559775356.231][INFO]: [4f9a2f3dde0d3a098c0d17e6aaa423b6] RESPONSE FindElement {
   "ELEMENT": "0.015444131591602295-17"
}
[1559775357.233][INFO]: [4f9a2f3dde0d3a098c0d17e6aaa423b6] COMMAND FindElements {
   "using": "xpath",
   "value": "//button[@ng-click='addToRunsheet(selectedItems)']"
}
[1559775357.233][INFO]: Waiting for pending navigations...
[1559775357.234][INFO]: Done waiting for pending navigations. Status: ok
[1559775357.251][INFO]: Waiting for pending navigations...
[1559775357.252][INFO]: Done waiting for pending navigations. Status: ok
[1559775357.252][INFO]: [4f9a2f3dde0d3a098c0d17e6aaa423b6] RESPONSE FindElements [ {
   "ELEMENT": "0.015444131591602295-18"
} ]
[1559775357.256][INFO]: [4f9a2f3dde0d3a098c0d17e6aaa423b6] COMMAND ClickElement {
   "id": "0.015444131591602295-18"
}
[1559775357.256][INFO]: Waiting for pending navigations...
[1559775357.257][INFO]: Done waiting for pending navigations. Status: ok
[1559775357.339][INFO]: Waiting for pending navigations...
[1559775357.345][INFO]: Done waiting for pending navigations. Status: ok
[1559775357.345][INFO]: [4f9a2f3dde0d3a098c0d17e6aaa423b6] RESPONSE ClickElement
[1559775358.348][INFO]: [4f9a2f3dde0d3a098c0d17e6aaa423b6] COMMAND SetTimeouts {
   "ms": 0,
   "type": "implicit"
}
[1559775358.348][INFO]: [4f9a2f3dde0d3a098c0d17e6aaa423b6] RESPONSE SetTimeouts
[1559775358.351][INFO]: [4f9a2f3dde0d3a098c0d17e6aaa423b6] COMMAND FindElement {
   "using": "xpath",
   "value": "//div[contains(text(),'Document(s) have been successfully added.')]"
}
[1559775358.351][INFO]: Waiting for pending navigations...
[1559775358.353][INFO]: Done waiting for pending navigations. Status: ok
[1559775358.370][INFO]: Waiting for pending navigations...
[1559775358.371][INFO]: Done waiting for pending navigations. Status: ok
[1559775358.371][INFO]: [4f9a2f3dde0d3a098c0d17e6aaa423b6] RESPONSE FindElement ERROR no such element: Unable to locate element: {"method":"xpath","selector":"//div[contains(text(),'Document(s) have been successfully added.')]"}
  (Session info: chrome=74.0.3729.169)
[1559775358.878][INFO]: [4f9a2f3dde0d3a098c0d17e6aaa423b6] COMMAND SetTimeouts {
   "ms": 0,
   "type": "implicit"
}
[1559775358.879][INFO]: [4f9a2f3dde0d3a098c0d17e6aaa423b6] RESPONSE SetTimeouts
[1559775358.886][INFO]: [4f9a2f3dde0d3a098c0d17e6aaa423b6] COMMAND FindElement {
   "using": "xpath",
   "value": "//div[contains(text(),'Document(s) have been successfully added.')]"
}
[1559775358.886][INFO]: Waiting for pending navigations...
[1559775358.890][INFO]: Done waiting for pending navigations. Status: ok
[1559775358.904][INFO]: Waiting for pending navigations...
[1559775358.906][INFO]: Done waiting for pending navigations. Status: ok
[1559775358.906][INFO]: [4f9a2f3dde0d3a098c0d17e6aaa423b6] RESPONSE FindElement ERROR no such element: Unable to locate element: {"method":"xpath","selector":"//div[contains(text(),'Document(s) have been successfully added.')]"}
  (Session info: chrome=74.0.3729.169)
[1559775359.412][INFO]: [4f9a2f3dde0d3a098c0d17e6aaa423b6] COMMAND SetTimeouts {
   "ms": 0,
   "type": "implicit"
}
[1559775359.412][INFO]: [4f9a2f3dde0d3a098c0d17e6aaa423b6] RESPONSE SetTimeouts
[1559775359.417][INFO]: [4f9a2f3dde0d3a098c0d17e6aaa423b6] COMMAND FindElement {
   "using": "xpath",
   "value": "//div[contains(text(),'Document(s) have been successfully added.')]"
}
[1559775359.418][INFO]: Waiting for pending navigations...
[1559775359.422][INFO]: Done waiting for pending navigations. Status: ok
[1559775359.451][INFO]: Waiting for pending navigations...
[1559775359.455][INFO]: Done waiting for pending navigations. Status: ok
[1559775359.455][INFO]: [4f9a2f3dde0d3a098c0d17e6aaa423b6] RESPONSE FindElement {
   "ELEMENT": "0.015444131591602295-19"
}
[1559775360.458][INFO]: [4f9a2f3dde0d3a098c0d17e6aaa423b6] COMMAND SetTimeouts {
   "ms": 0,
   "type": "implicit"
}
[1559775360.458][INFO]: [4f9a2f3dde0d3a098c0d17e6aaa423b6] RESPONSE SetTimeouts
[1559775360.461][INFO]: [4f9a2f3dde0d3a098c0d17e6aaa423b6] COMMAND FindElement {
   "using": "xpath",
   "value": "//select[@class='form-control input-sm inline-block ng-pristine ng-untouched ng-valid']"
}
[1559775360.461][INFO]: Waiting for pending navigations...
[1559775360.462][INFO]: Done waiting for pending navigations. Status: ok
[1559775360.476][INFO]: Waiting for pending navigations...
[1559775360.478][INFO]: Done waiting for pending navigations. Status: ok
[1559775360.478][INFO]: [4f9a2f3dde0d3a098c0d17e6aaa423b6] RESPONSE FindElement {
   "ELEMENT": "0.015444131591602295-20"
}
[1559775360.482][INFO]: [4f9a2f3dde0d3a098c0d17e6aaa423b6] COMMAND FindElement {
   "using": "xpath",
   "value": "//select[@class='form-control input-sm inline-block ng-pristine ng-untouched ng-valid']"
}
[1559775360.482][INFO]: Waiting for pending navigations...
[1559775360.483][INFO]: Done waiting for pending navigations. Status: ok
[1559775360.493][INFO]: Waiting for pending navigations...
[1559775360.495][INFO]: Done waiting for pending navigations. Status: ok
[1559775360.495][INFO]: [4f9a2f3dde0d3a098c0d17e6aaa423b6] RESPONSE FindElement {
   "ELEMENT": "0.015444131591602295-20"
}
[1559775360.498][INFO]: [4f9a2f3dde0d3a098c0d17e6aaa423b6] COMMAND TypeElement {
   "id": "0.015444131591602295-20",
   "value": [ "Images" ]
}
[1559775360.498][INFO]: Waiting for pending navigations...
[1559775360.499][INFO]: Done waiting for pending navigations. Status: ok
[1559775360.662][INFO]: Waiting for pending navigations...
[1559775360.664][INFO]: Done waiting for pending navigations. Status: ok
[1559775360.664][INFO]: [4f9a2f3dde0d3a098c0d17e6aaa423b6] RESPONSE TypeElement
[1559775361.667][INFO]: [4f9a2f3dde0d3a098c0d17e6aaa423b6] COMMAND FindElements {
   "using": "xpath",
   "value": "//button[@class='btn btn-success btn-sm inline-block'][@ng-click='downloadRunsheet()']"
}
[1559775361.667][INFO]: Waiting for pending navigations...
[1559775361.668][INFO]: Done waiting for pending navigations. Status: ok
[1559775361.680][INFO]: Waiting for pending navigations...
[1559775361.681][INFO]: Done waiting for pending navigations. Status: ok
[1559775361.681][INFO]: [4f9a2f3dde0d3a098c0d17e6aaa423b6] RESPONSE FindElements [ {
   "ELEMENT": "0.015444131591602295-21"
} ]
[1559775361.684][INFO]: [4f9a2f3dde0d3a098c0d17e6aaa423b6] COMMAND ClickElement {
   "id": "0.015444131591602295-21"
}
[1559775361.684][INFO]: Waiting for pending navigations...
[1559775361.686][INFO]: Done waiting for pending navigations. Status: ok
[1559775361.760][INFO]: Waiting for pending navigations...
[1559775361.766][INFO]: Done waiting for pending navigations. Status: ok
[1559775361.766][INFO]: [4f9a2f3dde0d3a098c0d17e6aaa423b6] RESPONSE ClickElement
[1559775362.771][INFO]: [4f9a2f3dde0d3a098c0d17e6aaa423b6] COMMAND SetTimeouts {
   "ms": 0,
   "type": "implicit"
}
[1559775362.771][INFO]: [4f9a2f3dde0d3a098c0d17e6aaa423b6] RESPONSE SetTimeouts
[1559775362.776][INFO]: [4f9a2f3dde0d3a098c0d17e6aaa423b6] COMMAND FindElement {
   "using": "xpath",
   "value": "//div[text()='Burleson is a Demo County. You are not able to print or download documents for a Demo County.']"
}
[1559775362.776][INFO]: Waiting for pending navigations...
[1559775362.778][INFO]: Done waiting for pending navigations. Status: ok
[1559775362.796][INFO]: Waiting for pending navigations...
[1559775362.797][INFO]: Done waiting for pending navigations. Status: ok
[1559775362.797][INFO]: [4f9a2f3dde0d3a098c0d17e6aaa423b6] RESPONSE FindElement {
   "ELEMENT": "0.015444131591602295-22"
}
[1559775363.800][INFO]: [4f9a2f3dde0d3a098c0d17e6aaa423b6] COMMAND FindElements {
   "using": "xpath",
   "value": "//button[@ng-show='modalAlertOptions.showOkButton']"
}
[1559775363.800][INFO]: Waiting for pending navigations...
[1559775363.801][INFO]: Done waiting for pending navigations. Status: ok
[1559775363.813][INFO]: Waiting for pending navigations...
[1559775363.814][INFO]: Done waiting for pending navigations. Status: ok
[1559775363.814][INFO]: [4f9a2f3dde0d3a098c0d17e6aaa423b6] RESPONSE FindElements [ {
   "ELEMENT": "0.015444131591602295-23"
} ]
[1559775363.817][INFO]: [4f9a2f3dde0d3a098c0d17e6aaa423b6] COMMAND ClickElement {
   "id": "0.015444131591602295-23"
}
[1559775363.817][INFO]: Waiting for pending navigations...
[1559775363.818][INFO]: Done waiting for pending navigations. Status: ok
[1559775363.877][INFO]: Waiting for pending navigations...
[1559775363.885][INFO]: Done waiting for pending navigations. Status: ok
[1559775363.885][INFO]: [4f9a2f3dde0d3a098c0d17e6aaa423b6] RESPONSE ClickElement
[1559775365.888][INFO]: [4f9a2f3dde0d3a098c0d17e6aaa423b6] COMMAND FindElements {
   "using": "css selector",
   "value": "div.ngCell.col1.colt1"
}
[1559775365.888][INFO]: Waiting for pending navigations...
[1559775365.889][INFO]: Done waiting for pending navigations. Status: ok
[1559775365.901][INFO]: Waiting for pending navigations...
[1559775365.902][INFO]: Done waiting for pending navigations. Status: ok
[1559775365.902][INFO]: [4f9a2f3dde0d3a098c0d17e6aaa423b6] RESPONSE FindElements [ {
   "ELEMENT": "0.015444131591602295-24"
}, {
   "ELEMENT": "0.015444131591602295-25"
}, {
   "ELEMENT": "0.015444131591602295-26"
}, {
   "ELEMENT": "0.015444131591602295-27"
}, {
   "ELEMENT": "0.015444131591602295-28"
}, {
   "ELEMENT": "0.015444131591602295-29"
} ]
[1559775365.905][INFO]: [4f9a2f3dde0d3a098c0d17e6aaa423b6] COMMAND ClickElement {
   "id": "0.015444131591602295-24"
}
[1559775365.905][INFO]: Waiting for pending navigations...
[1559775365.906][INFO]: Done waiting for pending navigations. Status: ok
[1559775366.030][INFO]: Waiting for pending navigations...
[1559775366.570][INFO]: Done waiting for pending navigations. Status: ok
[1559775366.570][INFO]: [4f9a2f3dde0d3a098c0d17e6aaa423b6] RESPONSE ClickElement
[1559775367.573][INFO]: [4f9a2f3dde0d3a098c0d17e6aaa423b6] COMMAND SetTimeouts {
   "ms": 0,
   "type": "implicit"
}
[1559775367.573][INFO]: [4f9a2f3dde0d3a098c0d17e6aaa423b6] RESPONSE SetTimeouts
[1559775367.576][INFO]: [4f9a2f3dde0d3a098c0d17e6aaa423b6] COMMAND FindElement {
   "using": "xpath",
   "value": "//div[text()='Document not available']"
}
[1559775367.576][INFO]: Waiting for pending navigations...
[1559775367.577][INFO]: Done waiting for pending navigations. Status: ok
[1559775367.595][INFO]: Waiting for pending navigations...
[1559775367.596][INFO]: Done waiting for pending navigations. Status: ok
[1559775367.596][INFO]: [4f9a2f3dde0d3a098c0d17e6aaa423b6] RESPONSE FindElement ERROR no such element: Unable to locate element: {"method":"xpath","selector":"//div[text()='Document not available']"}
  (Session info: chrome=74.0.3729.169)
[1559775368.102][INFO]: [4f9a2f3dde0d3a098c0d17e6aaa423b6] COMMAND SetTimeouts {
   "ms": 0,
   "type": "implicit"
}
[1559775368.102][INFO]: [4f9a2f3dde0d3a098c0d17e6aaa423b6] RESPONSE SetTimeouts
[1559775368.105][INFO]: [4f9a2f3dde0d3a098c0d17e6aaa423b6] COMMAND FindElement {
   "using": "xpath",
   "value": "//div[text()='Document not available']"
}
[1559775368.105][INFO]: Waiting for pending navigations...
[1559775368.106][INFO]: Done waiting for pending navigations. Status: ok
[1559775368.116][INFO]: Waiting for pending navigations...
[1559775368.118][INFO]: Done waiting for pending navigations. Status: ok
[1559775368.118][INFO]: [4f9a2f3dde0d3a098c0d17e6aaa423b6] RESPONSE FindElement ERROR no such element: Unable to locate element: {"method":"xpath","selector":"//div[text()='Document not available']"}
  (Session info: chrome=74.0.3729.169)
[1559775368.624][INFO]: [4f9a2f3dde0d3a098c0d17e6aaa423b6] COMMAND SetTimeouts {
   "ms": 0,
   "type": "implicit"
}
[1559775368.624][INFO]: [4f9a2f3dde0d3a098c0d17e6aaa423b6] RESPONSE SetTimeouts
[1559775368.629][INFO]: [4f9a2f3dde0d3a098c0d17e6aaa423b6] COMMAND FindElement {
   "using": "xpath",
   "value": "//div[text()='Document not available']"
}
[1559775368.629][INFO]: Waiting for pending navigations...
[1559775368.630][INFO]: Done waiting for pending navigations. Status: ok
[1559775368.646][INFO]: Waiting for pending navigations...
[1559775368.647][INFO]: Done waiting for pending navigations. Status: ok
[1559775368.647][INFO]: [4f9a2f3dde0d3a098c0d17e6aaa423b6] RESPONSE FindElement ERROR no such element: Unable to locate element: {"method":"xpath","selector":"//div[text()='Document not available']"}
  (Session info: chrome=74.0.3729.169)
[1559775369.152][INFO]: [4f9a2f3dde0d3a098c0d17e6aaa423b6] COMMAND SetTimeouts {
   "ms": 0,
   "type": "implicit"
}
[1559775369.152][INFO]: [4f9a2f3dde0d3a098c0d17e6aaa423b6] RESPONSE SetTimeouts
[1559775369.155][INFO]: [4f9a2f3dde0d3a098c0d17e6aaa423b6] COMMAND FindElement {
   "using": "xpath",
   "value": "//div[text()='Document not available']"
}
[1559775369.155][INFO]: Waiting for pending navigations...
[1559775369.157][INFO]: Done waiting for pending navigations. Status: ok
[1559775369.166][INFO]: Waiting for pending navigations...
[1559775369.167][INFO]: Done waiting for pending navigations. Status: ok
[1559775369.167][INFO]: [4f9a2f3dde0d3a098c0d17e6aaa423b6] RESPONSE FindElement ERROR no such element: Unable to locate element: {"method":"xpath","selector":"//div[text()='Document not available']"}
  (Session info: chrome=74.0.3729.169)
[1559775369.673][INFO]: [4f9a2f3dde0d3a098c0d17e6aaa423b6] COMMAND SetTimeouts {
   "ms": 0,
   "type": "implicit"
}
[1559775369.673][INFO]: [4f9a2f3dde0d3a098c0d17e6aaa423b6] RESPONSE SetTimeouts
[1559775369.676][INFO]: [4f9a2f3dde0d3a098c0d17e6aaa423b6] COMMAND FindElement {
   "using": "xpath",
   "value": "//div[text()='Document not available']"
}
[1559775369.676][INFO]: Waiting for pending navigations...
[1559775369.677][INFO]: Done waiting for pending navigations. Status: ok
[1559775369.687][INFO]: Waiting for pending navigations...
[1559775369.688][INFO]: Done waiting for pending navigations. Status: ok
[1559775369.688][INFO]: [4f9a2f3dde0d3a098c0d17e6aaa423b6] RESPONSE FindElement ERROR no such element: Unable to locate element: {"method":"xpath","selector":"//div[text()='Document not available']"}
  (Session info: chrome=74.0.3729.169)
[1559775370.192][INFO]: [4f9a2f3dde0d3a098c0d17e6aaa423b6] COMMAND SetTimeouts {
   "ms": 0,
   "type": "implicit"
}
[1559775370.192][INFO]: [4f9a2f3dde0d3a098c0d17e6aaa423b6] RESPONSE SetTimeouts
[1559775370.196][INFO]: [4f9a2f3dde0d3a098c0d17e6aaa423b6] COMMAND FindElement {
   "using": "xpath",
   "value": "//div[text()='Document not available']"
}
[1559775370.196][INFO]: Waiting for pending navigations...
[1559775370.198][INFO]: Done waiting for pending navigations. Status: ok
[1559775370.219][INFO]: Waiting for pending navigations...
[1559775370.221][INFO]: Done waiting for pending navigations. Status: ok
[1559775370.221][INFO]: [4f9a2f3dde0d3a098c0d17e6aaa423b6] RESPONSE FindElement ERROR no such element: Unable to locate element: {"method":"xpath","selector":"//div[text()='Document not available']"}
  (Session info: chrome=74.0.3729.169)
[1559775370.727][INFO]: [4f9a2f3dde0d3a098c0d17e6aaa423b6] COMMAND SetTimeouts {
   "ms": 0,
   "type": "implicit"
}
[1559775370.727][INFO]: [4f9a2f3dde0d3a098c0d17e6aaa423b6] RESPONSE SetTimeouts
[1559775370.733][INFO]: [4f9a2f3dde0d3a098c0d17e6aaa423b6] COMMAND FindElement {
   "using": "xpath",
   "value": "//div[text()='Document not available']"
}
[1559775370.733][INFO]: Waiting for pending navigations...
[1559775370.737][INFO]: Done waiting for pending navigations. Status: ok
[1559775370.769][INFO]: Waiting for pending navigations...
[1559775370.773][INFO]: Done waiting for pending navigations. Status: ok
[1559775370.773][INFO]: [4f9a2f3dde0d3a098c0d17e6aaa423b6] RESPONSE FindElement ERROR no such element: Unable to locate element: {"method":"xpath","selector":"//div[text()='Document not available']"}
  (Session info: chrome=74.0.3729.169)
[1559775371.779][INFO]: [4f9a2f3dde0d3a098c0d17e6aaa423b6] COMMAND FindElements {
   "using": "xpath",
   "value": "//section[@di-pdf-viewer='pdfViewerOptions']//div[@class='spinner']"
}
[1559775371.779][INFO]: Waiting for pending navigations...
[1559775371.780][INFO]: Done waiting for pending navigations. Status: ok
[1559775371.795][INFO]: Waiting for pending navigations...
[1559775371.797][INFO]: Done waiting for pending navigations. Status: ok
[1559775371.797][INFO]: [4f9a2f3dde0d3a098c0d17e6aaa423b6] RESPONSE FindElements [ {
   "ELEMENT": "0.015444131591602295-30"
} ]
[1559775371.799][INFO]: [4f9a2f3dde0d3a098c0d17e6aaa423b6] COMMAND IsElementDisplayed {
   "id": "0.015444131591602295-30"
}
[1559775371.799][INFO]: Waiting for pending navigations...
[1559775371.801][INFO]: Done waiting for pending navigations. Status: ok
[1559775371.819][INFO]: Waiting for pending navigations...
[1559775371.821][INFO]: Done waiting for pending navigations. Status: ok
[1559775371.821][INFO]: [4f9a2f3dde0d3a098c0d17e6aaa423b6] RESPONSE IsElementDisplayed true
[1559775372.325][INFO]: [4f9a2f3dde0d3a098c0d17e6aaa423b6] COMMAND FindElements {
   "using": "xpath",
   "value": "//section[@di-pdf-viewer='pdfViewerOptions']//div[@class='spinner']"
}
[1559775372.325][INFO]: Waiting for pending navigations...
[1559775372.333][INFO]: Done waiting for pending navigations. Status: ok
[1559775372.354][INFO]: Waiting for pending navigations...
[1559775372.357][INFO]: Done waiting for pending navigations. Status: ok
[1559775372.357][INFO]: [4f9a2f3dde0d3a098c0d17e6aaa423b6] RESPONSE FindElements [ {
   "ELEMENT": "0.015444131591602295-30"
} ]
[1559775372.361][INFO]: [4f9a2f3dde0d3a098c0d17e6aaa423b6] COMMAND IsElementDisplayed {
   "id": "0.015444131591602295-30"
}
[1559775372.362][INFO]: Waiting for pending navigations...
[1559775372.364][INFO]: Done waiting for pending navigations. Status: ok
[1559775372.374][INFO]: Waiting for pending navigations...
[1559775372.376][INFO]: Done waiting for pending navigations. Status: ok
[1559775372.376][INFO]: [4f9a2f3dde0d3a098c0d17e6aaa423b6] RESPONSE IsElementDisplayed true
[1559775372.880][INFO]: [4f9a2f3dde0d3a098c0d17e6aaa423b6] COMMAND FindElements {
   "using": "xpath",
   "value": "//section[@di-pdf-viewer='pdfViewerOptions']//div[@class='spinner']"
}
[1559775372.880][INFO]: Waiting for pending navigations...
[1559775372.881][INFO]: Done waiting for pending navigations. Status: ok
[1559775372.888][INFO]: Waiting for pending navigations...
[1559775372.889][INFO]: Done waiting for pending navigations. Status: ok
[1559775372.889][INFO]: [4f9a2f3dde0d3a098c0d17e6aaa423b6] RESPONSE FindElements [ {
   "ELEMENT": "0.015444131591602295-30"
} ]
[1559775372.891][INFO]: [4f9a2f3dde0d3a098c0d17e6aaa423b6] COMMAND IsElementDisplayed {
   "id": "0.015444131591602295-30"
}
[1559775372.891][INFO]: Waiting for pending navigations...
[1559775372.894][INFO]: Done waiting for pending navigations. Status: ok
[1559775372.902][INFO]: Waiting for pending navigations...
[1559775372.903][INFO]: Done waiting for pending navigations. Status: ok
[1559775372.903][INFO]: [4f9a2f3dde0d3a098c0d17e6aaa423b6] RESPONSE IsElementDisplayed true
[1559775373.407][INFO]: [4f9a2f3dde0d3a098c0d17e6aaa423b6] COMMAND FindElements {
   "using": "xpath",
   "value": "//section[@di-pdf-viewer='pdfViewerOptions']//div[@class='spinner']"
}
[1559775373.407][INFO]: Waiting for pending navigations...
[1559775373.408][INFO]: Done waiting for pending navigations. Status: ok
[1559775373.417][INFO]: Waiting for pending navigations...
[1559775373.418][INFO]: Done waiting for pending navigations. Status: ok
[1559775373.418][INFO]: [4f9a2f3dde0d3a098c0d17e6aaa423b6] RESPONSE FindElements [ {
   "ELEMENT": "0.015444131591602295-30"
} ]
[1559775373.420][INFO]: [4f9a2f3dde0d3a098c0d17e6aaa423b6] COMMAND IsElementDisplayed {
   "id": "0.015444131591602295-30"
}
[1559775373.420][INFO]: Waiting for pending navigations...
[1559775373.421][INFO]: Done waiting for pending navigations. Status: ok
[1559775373.428][INFO]: Waiting for pending navigations...
[1559775373.429][INFO]: Done waiting for pending navigations. Status: ok
[1559775373.429][INFO]: [4f9a2f3dde0d3a098c0d17e6aaa423b6] RESPONSE IsElementDisplayed true
[1559775373.932][INFO]: [4f9a2f3dde0d3a098c0d17e6aaa423b6] COMMAND FindElements {
   "using": "xpath",
   "value": "//section[@di-pdf-viewer='pdfViewerOptions']//div[@class='spinner']"
}
[1559775373.932][INFO]: Waiting for pending navigations...
[1559775373.945][INFO]: Done waiting for pending navigations. Status: ok
[1559775373.954][INFO]: Waiting for pending navigations...
[1559775373.955][INFO]: Done waiting for pending navigations. Status: ok
[1559775373.955][INFO]: [4f9a2f3dde0d3a098c0d17e6aaa423b6] RESPONSE FindElements [ {
   "ELEMENT": "0.015444131591602295-30"
} ]
[1559775373.957][INFO]: [4f9a2f3dde0d3a098c0d17e6aaa423b6] COMMAND IsElementDisplayed {
   "id": "0.015444131591602295-30"
}
[1559775373.957][INFO]: Waiting for pending navigations...
[1559775373.958][INFO]: Done waiting for pending navigations. Status: ok
[1559775373.966][INFO]: Waiting for pending navigations...
[1559775373.968][INFO]: Done waiting for pending navigations. Status: ok
[1559775373.968][INFO]: [4f9a2f3dde0d3a098c0d17e6aaa423b6] RESPONSE IsElementDisplayed true
[1559775374.471][INFO]: [4f9a2f3dde0d3a098c0d17e6aaa423b6] COMMAND FindElements {
   "using": "xpath",
   "value": "//section[@di-pdf-viewer='pdfViewerOptions']//div[@class='spinner']"
}
[1559775374.471][INFO]: Waiting for pending navigations...
[1559775374.473][INFO]: Done waiting for pending navigations. Status: ok
[1559775374.485][INFO]: Waiting for pending navigations...
[1559775374.487][INFO]: Done waiting for pending navigations. Status: ok
[1559775374.487][INFO]: [4f9a2f3dde0d3a098c0d17e6aaa423b6] RESPONSE FindElements [ {
   "ELEMENT": "0.015444131591602295-30"
} ]
[1559775374.490][INFO]: [4f9a2f3dde0d3a098c0d17e6aaa423b6] COMMAND IsElementDisplayed {
   "id": "0.015444131591602295-30"
}
[1559775374.490][INFO]: Waiting for pending navigations...
[1559775374.492][INFO]: Done waiting for pending navigations. Status: ok
[1559775374.501][INFO]: Waiting for pending navigations...
[1559775374.502][INFO]: Done waiting for pending navigations. Status: ok
[1559775374.502][INFO]: [4f9a2f3dde0d3a098c0d17e6aaa423b6] RESPONSE IsElementDisplayed true
[1559775375.010][INFO]: [4f9a2f3dde0d3a098c0d17e6aaa423b6] COMMAND FindElements {
   "using": "xpath",
   "value": "//section[@di-pdf-viewer='pdfViewerOptions']//div[@class='spinner']"
}
[1559775375.010][INFO]: Waiting for pending navigations...
[1559775375.018][INFO]: Done waiting for pending navigations. Status: ok
[1559775375.037][INFO]: Waiting for pending navigations...
[1559775375.039][INFO]: Done waiting for pending navigations. Status: ok
[1559775375.039][INFO]: [4f9a2f3dde0d3a098c0d17e6aaa423b6] RESPONSE FindElements [ {
   "ELEMENT": "0.015444131591602295-30"
} ]
[1559775375.042][INFO]: [4f9a2f3dde0d3a098c0d17e6aaa423b6] COMMAND IsElementDisplayed {
   "id": "0.015444131591602295-30"
}
[1559775375.042][INFO]: Waiting for pending navigations...
[1559775375.044][INFO]: Done waiting for pending navigations. Status: ok
[1559775375.057][INFO]: Waiting for pending navigations...
[1559775375.058][INFO]: Done waiting for pending navigations. Status: ok
[1559775375.058][INFO]: [4f9a2f3dde0d3a098c0d17e6aaa423b6] RESPONSE IsElementDisplayed true
[1559775375.564][INFO]: [4f9a2f3dde0d3a098c0d17e6aaa423b6] COMMAND FindElements {
   "using": "xpath",
   "value": "//section[@di-pdf-viewer='pdfViewerOptions']//div[@class='spinner']"
}
[1559775375.564][INFO]: Waiting for pending navigations...
[1559775375.566][INFO]: Done waiting for pending navigations. Status: ok
[1559775375.577][INFO]: Waiting for pending navigations...
[1559775375.580][INFO]: Done waiting for pending navigations. Status: ok
[1559775375.580][INFO]: [4f9a2f3dde0d3a098c0d17e6aaa423b6] RESPONSE FindElements [ {
   "ELEMENT": "0.015444131591602295-30"
} ]
[1559775375.583][INFO]: [4f9a2f3dde0d3a098c0d17e6aaa423b6] COMMAND IsElementDisplayed {
   "id": "0.015444131591602295-30"
}
[1559775375.583][INFO]: Waiting for pending navigations...
[1559775375.585][INFO]: Done waiting for pending navigations. Status: ok
[1559775375.597][INFO]: Waiting for pending navigations...
[1559775375.599][INFO]: Done waiting for pending navigations. Status: ok
[1559775375.599][INFO]: [4f9a2f3dde0d3a098c0d17e6aaa423b6] RESPONSE IsElementDisplayed true
[1559775376.104][INFO]: [4f9a2f3dde0d3a098c0d17e6aaa423b6] COMMAND FindElements {
   "using": "xpath",
   "value": "//section[@di-pdf-viewer='pdfViewerOptions']//div[@class='spinner']"
}
[1559775376.104][INFO]: Waiting for pending navigations...
[1559775376.106][INFO]: Done waiting for pending navigations. Status: ok
[1559775376.117][INFO]: Waiting for pending navigations...
[1559775376.119][INFO]: Done waiting for pending navigations. Status: ok
[1559775376.119][INFO]: [4f9a2f3dde0d3a098c0d17e6aaa423b6] RESPONSE FindElements [ {
   "ELEMENT": "0.015444131591602295-30"
} ]
[1559775376.122][INFO]: [4f9a2f3dde0d3a098c0d17e6aaa423b6] COMMAND IsElementDisplayed {
   "id": "0.015444131591602295-30"
}
[1559775376.122][INFO]: Waiting for pending navigations...
[1559775376.124][INFO]: Done waiting for pending navigations. Status: ok
[1559775376.135][INFO]: Waiting for pending navigations...
[1559775376.137][INFO]: Done waiting for pending navigations. Status: ok
[1559775376.137][INFO]: [4f9a2f3dde0d3a098c0d17e6aaa423b6] RESPONSE IsElementDisplayed true
[1559775376.644][INFO]: [4f9a2f3dde0d3a098c0d17e6aaa423b6] COMMAND FindElements {
   "using": "xpath",
   "value": "//section[@di-pdf-viewer='pdfViewerOptions']//div[@class='spinner']"
}
[1559775376.645][INFO]: Waiting for pending navigations...
[1559775376.653][INFO]: Done waiting for pending navigations. Status: ok
[1559775376.661][INFO]: Waiting for pending navigations...
[1559775376.663][INFO]: Done waiting for pending navigations. Status: ok
[1559775376.663][INFO]: [4f9a2f3dde0d3a098c0d17e6aaa423b6] RESPONSE FindElements [ {
   "ELEMENT": "0.015444131591602295-30"
} ]
[1559775376.665][INFO]: [4f9a2f3dde0d3a098c0d17e6aaa423b6] COMMAND IsElementDisplayed {
   "id": "0.015444131591602295-30"
}
[1559775376.665][INFO]: Waiting for pending navigations...
[1559775376.666][INFO]: Done waiting for pending navigations. Status: ok
[1559775376.674][INFO]: Waiting for pending navigations...
[1559775376.675][INFO]: Done waiting for pending navigations. Status: ok
[1559775376.675][INFO]: [4f9a2f3dde0d3a098c0d17e6aaa423b6] RESPONSE IsElementDisplayed true
[1559775377.180][INFO]: [4f9a2f3dde0d3a098c0d17e6aaa423b6] COMMAND FindElements {
   "using": "xpath",
   "value": "//section[@di-pdf-viewer='pdfViewerOptions']//div[@class='spinner']"
}
[1559775377.180][INFO]: Waiting for pending navigations...
[1559775377.181][INFO]: Done waiting for pending navigations. Status: ok
[1559775377.188][INFO]: Waiting for pending navigations...
[1559775377.189][INFO]: Done waiting for pending navigations. Status: ok
[1559775377.189][INFO]: [4f9a2f3dde0d3a098c0d17e6aaa423b6] RESPONSE FindElements [ {
   "ELEMENT": "0.015444131591602295-30"
} ]
[1559775377.190][INFO]: [4f9a2f3dde0d3a098c0d17e6aaa423b6] COMMAND IsElementDisplayed {
   "id": "0.015444131591602295-30"
}
[1559775377.191][INFO]: Waiting for pending navigations...
[1559775377.192][INFO]: Done waiting for pending navigations. Status: ok
[1559775377.201][INFO]: Waiting for pending navigations...
[1559775377.202][INFO]: Done waiting for pending navigations. Status: ok
[1559775377.202][INFO]: [4f9a2f3dde0d3a098c0d17e6aaa423b6] RESPONSE IsElementDisplayed true
[1559775378.204][INFO]: [4f9a2f3dde0d3a098c0d17e6aaa423b6] COMMAND FindElements {
   "using": "xpath",
   "value": "//button[@class='toolbarButton printPdf'][@disabled='disabled']"
}
[1559775378.204][INFO]: Waiting for pending navigations...
[1559775378.205][INFO]: Done waiting for pending navigations. Status: ok
[1559775378.220][INFO]: Waiting for pending navigations...
[1559775378.221][INFO]: Done waiting for pending navigations. Status: ok
[1559775378.221][INFO]: [4f9a2f3dde0d3a098c0d17e6aaa423b6] RESPONSE FindElements [ {
   "ELEMENT": "0.015444131591602295-31"
} ]
[1559775378.223][INFO]: [4f9a2f3dde0d3a098c0d17e6aaa423b6] COMMAND IsElementDisplayed {
   "id": "0.015444131591602295-31"
}
[1559775378.223][INFO]: Waiting for pending navigations...
[1559775378.224][INFO]: Done waiting for pending navigations. Status: ok
[1559775378.237][INFO]: Waiting for pending navigations...
[1559775378.238][INFO]: Done waiting for pending navigations. Status: ok
[1559775378.238][INFO]: [4f9a2f3dde0d3a098c0d17e6aaa423b6] RESPONSE IsElementDisplayed true
[1559775378.742][INFO]: [4f9a2f3dde0d3a098c0d17e6aaa423b6] COMMAND FindElements {
   "using": "xpath",
   "value": "//button[@class='toolbarButton printPdf'][@disabled='disabled']"
}
[1559775378.742][INFO]: Waiting for pending navigations...
[1559775378.745][INFO]: Done waiting for pending navigations. Status: ok
[1559775378.770][INFO]: Waiting for pending navigations...
[1559775378.772][INFO]: Done waiting for pending navigations. Status: ok
[1559775378.772][INFO]: [4f9a2f3dde0d3a098c0d17e6aaa423b6] RESPONSE FindElements [ {
   "ELEMENT": "0.015444131591602295-31"
} ]
[1559775378.775][INFO]: [4f9a2f3dde0d3a098c0d17e6aaa423b6] COMMAND IsElementDisplayed {
   "id": "0.015444131591602295-31"
}
[1559775378.776][INFO]: Waiting for pending navigations...
[1559775378.779][INFO]: Done waiting for pending navigations. Status: ok
[1559775378.789][INFO]: Waiting for pending navigations...
[1559775378.790][INFO]: Done waiting for pending navigations. Status: ok
[1559775378.790][INFO]: [4f9a2f3dde0d3a098c0d17e6aaa423b6] RESPONSE IsElementDisplayed true
[1559775379.297][INFO]: [4f9a2f3dde0d3a098c0d17e6aaa423b6] COMMAND FindElements {
   "using": "xpath",
   "value": "//button[@class='toolbarButton printPdf'][@disabled='disabled']"
}
[1559775379.297][INFO]: Waiting for pending navigations...
[1559775379.302][INFO]: Done waiting for pending navigations. Status: ok
[1559775379.324][INFO]: Waiting for pending navigations...
[1559775379.325][INFO]: Done waiting for pending navigations. Status: ok
[1559775379.325][INFO]: [4f9a2f3dde0d3a098c0d17e6aaa423b6] RESPONSE FindElements [ {
   "ELEMENT": "0.015444131591602295-31"
} ]
[1559775379.328][INFO]: [4f9a2f3dde0d3a098c0d17e6aaa423b6] COMMAND IsElementDisplayed {
   "id": "0.015444131591602295-31"
}
[1559775379.328][INFO]: Waiting for pending navigations...
[1559775379.330][INFO]: Done waiting for pending navigations. Status: ok
[1559775379.341][INFO]: Waiting for pending navigations...
[1559775379.342][INFO]: Done waiting for pending navigations. Status: ok
[1559775379.343][INFO]: [4f9a2f3dde0d3a098c0d17e6aaa423b6] RESPONSE IsElementDisplayed true
[1559775379.849][INFO]: [4f9a2f3dde0d3a098c0d17e6aaa423b6] COMMAND FindElements {
   "using": "xpath",
   "value": "//button[@class='toolbarButton printPdf'][@disabled='disabled']"
}
[1559775379.849][INFO]: Waiting for pending navigations...
[1559775379.852][INFO]: Done waiting for pending navigations. Status: ok
[1559775379.869][INFO]: Waiting for pending navigations...
[1559775379.872][INFO]: Done waiting for pending navigations. Status: ok
[1559775379.872][INFO]: [4f9a2f3dde0d3a098c0d17e6aaa423b6] RESPONSE FindElements [ {
   "ELEMENT": "0.015444131591602295-31"
} ]
[1559775379.874][INFO]: [4f9a2f3dde0d3a098c0d17e6aaa423b6] COMMAND IsElementDisplayed {
   "id": "0.015444131591602295-31"
}
[1559775379.874][INFO]: Waiting for pending navigations...
[1559775379.877][INFO]: Done waiting for pending navigations. Status: ok
[1559775379.888][INFO]: Waiting for pending navigations...
[1559775379.890][INFO]: Done waiting for pending navigations. Status: ok
[1559775379.890][INFO]: [4f9a2f3dde0d3a098c0d17e6aaa423b6] RESPONSE IsElementDisplayed true
[1559775380.397][INFO]: [4f9a2f3dde0d3a098c0d17e6aaa423b6] COMMAND FindElements {
   "using": "xpath",
   "value": "//button[@class='toolbarButton printPdf'][@disabled='disabled']"
}
[1559775380.397][INFO]: Waiting for pending navigations...
[1559775380.400][INFO]: Done waiting for pending navigations. Status: ok
[1559775380.412][INFO]: Waiting for pending navigations...
[1559775380.414][INFO]: Done waiting for pending navigations. Status: ok
[1559775380.414][INFO]: [4f9a2f3dde0d3a098c0d17e6aaa423b6] RESPONSE FindElements [ {
   "ELEMENT": "0.015444131591602295-31"
} ]
[1559775380.416][INFO]: [4f9a2f3dde0d3a098c0d17e6aaa423b6] COMMAND IsElementDisplayed {
   "id": "0.015444131591602295-31"
}
[1559775380.416][INFO]: Waiting for pending navigations...
[1559775380.417][INFO]: Done waiting for pending navigations. Status: ok
[1559775380.427][INFO]: Waiting for pending navigations...
[1559775380.429][INFO]: Done waiting for pending navigations. Status: ok
[1559775380.429][INFO]: [4f9a2f3dde0d3a098c0d17e6aaa423b6] RESPONSE IsElementDisplayed true
[1559775380.933][INFO]: [4f9a2f3dde0d3a098c0d17e6aaa423b6] COMMAND FindElements {
   "using": "xpath",
   "value": "//button[@class='toolbarButton printPdf'][@disabled='disabled']"
}
[1559775380.933][INFO]: Waiting for pending navigations...
[1559775380.934][INFO]: Done waiting for pending navigations. Status: ok
[1559775380.941][INFO]: Waiting for pending navigations...
[1559775380.942][INFO]: Done waiting for pending navigations. Status: ok
[1559775380.942][INFO]: [4f9a2f3dde0d3a098c0d17e6aaa423b6] RESPONSE FindElements [ {
   "ELEMENT": "0.015444131591602295-31"
} ]
[1559775380.944][INFO]: [4f9a2f3dde0d3a098c0d17e6aaa423b6] COMMAND IsElementDisplayed {
   "id": "0.015444131591602295-31"
}
[1559775380.944][INFO]: Waiting for pending navigations...
[1559775380.945][INFO]: Done waiting for pending navigations. Status: ok
[1559775380.952][INFO]: Waiting for pending navigations...
[1559775380.953][INFO]: Done waiting for pending navigations. Status: ok
[1559775380.953][INFO]: [4f9a2f3dde0d3a098c0d17e6aaa423b6] RESPONSE IsElementDisplayed true
[1559775381.457][INFO]: [4f9a2f3dde0d3a098c0d17e6aaa423b6] COMMAND FindElements {
   "using": "xpath",
   "value": "//button[@class='toolbarButton printPdf'][@disabled='disabled']"
}
[1559775381.457][INFO]: Waiting for pending navigations...
[1559775381.461][INFO]: Done waiting for pending navigations. Status: ok
[1559775381.474][INFO]: Waiting for pending navigations...
[1559775381.477][INFO]: Done waiting for pending navigations. Status: ok
[1559775381.477][INFO]: [4f9a2f3dde0d3a098c0d17e6aaa423b6] RESPONSE FindElements [ {
   "ELEMENT": "0.015444131591602295-31"
} ]
[1559775381.479][INFO]: [4f9a2f3dde0d3a098c0d17e6aaa423b6] COMMAND IsElementDisplayed {
   "id": "0.015444131591602295-31"
}
[1559775381.480][INFO]: Waiting for pending navigations...
[1559775381.481][INFO]: Done waiting for pending navigations. Status: ok
[1559775381.491][INFO]: Waiting for pending navigations...
[1559775381.495][INFO]: Done waiting for pending navigations. Status: ok
[1559775381.495][INFO]: [4f9a2f3dde0d3a098c0d17e6aaa423b6] RESPONSE IsElementDisplayed true
[1559775382.001][INFO]: [4f9a2f3dde0d3a098c0d17e6aaa423b6] COMMAND FindElements {
   "using": "xpath",
   "value": "//button[@class='toolbarButton printPdf'][@disabled='disabled']"
}
[1559775382.001][INFO]: Waiting for pending navigations...
[1559775382.005][INFO]: Done waiting for pending navigations. Status: ok
[1559775382.029][INFO]: Waiting for pending navigations...
[1559775382.031][INFO]: Done waiting for pending navigations. Status: ok
[1559775382.031][INFO]: [4f9a2f3dde0d3a098c0d17e6aaa423b6] RESPONSE FindElements [ {
   "ELEMENT": "0.015444131591602295-31"
} ]
[1559775382.033][INFO]: [4f9a2f3dde0d3a098c0d17e6aaa423b6] COMMAND IsElementDisplayed {
   "id": "0.015444131591602295-31"
}
[1559775382.033][INFO]: Waiting for pending navigations...
[1559775382.035][INFO]: Done waiting for pending navigations. Status: ok
[1559775382.056][INFO]: Waiting for pending navigations...
[1559775382.057][INFO]: Done waiting for pending navigations. Status: ok
[1559775382.057][INFO]: [4f9a2f3dde0d3a098c0d17e6aaa423b6] RESPONSE IsElementDisplayed true
[1559775382.563][INFO]: [4f9a2f3dde0d3a098c0d17e6aaa423b6] COMMAND FindElements {
   "using": "xpath",
   "value": "//button[@class='toolbarButton printPdf'][@disabled='disabled']"
}
[1559775382.563][INFO]: Waiting for pending navigations...
[1559775382.564][INFO]: Done waiting for pending navigations. Status: ok
[1559775382.574][INFO]: Waiting for pending navigations...
[1559775382.575][INFO]: Done waiting for pending navigations. Status: ok
[1559775382.575][INFO]: [4f9a2f3dde0d3a098c0d17e6aaa423b6] RESPONSE FindElements [ {
   "ELEMENT": "0.015444131591602295-31"
} ]
[1559775382.578][INFO]: [4f9a2f3dde0d3a098c0d17e6aaa423b6] COMMAND IsElementDisplayed {
   "id": "0.015444131591602295-31"
}
[1559775382.578][INFO]: Waiting for pending navigations...
[1559775382.579][INFO]: Done waiting for pending navigations. Status: ok
[1559775382.588][INFO]: Waiting for pending navigations...
[1559775382.589][INFO]: Done waiting for pending navigations. Status: ok
[1559775382.589][INFO]: [4f9a2f3dde0d3a098c0d17e6aaa423b6] RESPONSE IsElementDisplayed true
[1559775383.093][INFO]: [4f9a2f3dde0d3a098c0d17e6aaa423b6] COMMAND FindElements {
   "using": "xpath",
   "value": "//button[@class='toolbarButton printPdf'][@disabled='disabled']"
}
[1559775383.093][INFO]: Waiting for pending navigations...
[1559775383.094][INFO]: Done waiting for pending navigations. Status: ok
[1559775383.101][INFO]: Waiting for pending navigations...
[1559775383.102][INFO]: Done waiting for pending navigations. Status: ok
[1559775383.102][INFO]: [4f9a2f3dde0d3a098c0d17e6aaa423b6] RESPONSE FindElements [ {
   "ELEMENT": "0.015444131591602295-31"
} ]
[1559775383.104][INFO]: [4f9a2f3dde0d3a098c0d17e6aaa423b6] COMMAND IsElementDisplayed {
   "id": "0.015444131591602295-31"
}
[1559775383.104][INFO]: Waiting for pending navigations...
[1559775383.105][INFO]: Done waiting for pending navigations. Status: ok
[1559775383.113][INFO]: Waiting for pending navigations...
[1559775383.114][INFO]: Done waiting for pending navigations. Status: ok
[1559775383.114][INFO]: [4f9a2f3dde0d3a098c0d17e6aaa423b6] RESPONSE IsElementDisplayed true
[1559775383.618][INFO]: [4f9a2f3dde0d3a098c0d17e6aaa423b6] COMMAND FindElements {
   "using": "xpath",
   "value": "//button[@class='toolbarButton printPdf'][@disabled='disabled']"
}
[1559775383.618][INFO]: Waiting for pending navigations...
[1559775383.621][INFO]: Done waiting for pending navigations. Status: ok
[1559775383.634][INFO]: Waiting for pending navigations...
[1559775383.635][INFO]: Done waiting for pending navigations. Status: ok
[1559775383.636][INFO]: [4f9a2f3dde0d3a098c0d17e6aaa423b6] RESPONSE FindElements [ {
   "ELEMENT": "0.015444131591602295-31"
} ]
[1559775383.638][INFO]: [4f9a2f3dde0d3a098c0d17e6aaa423b6] COMMAND IsElementDisplayed {
   "id": "0.015444131591602295-31"
}
[1559775383.638][INFO]: Waiting for pending navigations...
[1559775383.640][INFO]: Done waiting for pending navigations. Status: ok
[1559775383.649][INFO]: Waiting for pending navigations...
[1559775383.650][INFO]: Done waiting for pending navigations. Status: ok
[1559775383.650][INFO]: [4f9a2f3dde0d3a098c0d17e6aaa423b6] RESPONSE IsElementDisplayed true
[1559775388.652][INFO]: [4f9a2f3dde0d3a098c0d17e6aaa423b6] COMMAND FindElements {
   "using": "xpath",
   "value": "//button[@class='toolbarButton printPdf']"
}
[1559775388.652][INFO]: Waiting for pending navigations...
[1559775388.653][INFO]: Done waiting for pending navigations. Status: ok
[1559775388.666][INFO]: Waiting for pending navigations...
[1559775388.667][INFO]: Done waiting for pending navigations. Status: ok
[1559775388.667][INFO]: [4f9a2f3dde0d3a098c0d17e6aaa423b6] RESPONSE FindElements [ {
   "ELEMENT": "0.015444131591602295-31"
} ]
[1559775388.671][INFO]: [4f9a2f3dde0d3a098c0d17e6aaa423b6] COMMAND ClickElement {
   "id": "0.015444131591602295-31"
}
[1559775388.671][INFO]: Waiting for pending navigations...
[1559775388.673][INFO]: Done waiting for pending navigations. Status: ok
[1559775388.741][INFO]: Waiting for pending navigations...
[1559775388.748][INFO]: Done waiting for pending navigations. Status: ok
[1559775388.748][INFO]: [4f9a2f3dde0d3a098c0d17e6aaa423b6] RESPONSE ClickElement
[1559775389.750][INFO]: [4f9a2f3dde0d3a098c0d17e6aaa423b6] COMMAND SetTimeouts {
   "ms": 0,
   "type": "implicit"
}
[1559775389.750][INFO]: [4f9a2f3dde0d3a098c0d17e6aaa423b6] RESPONSE SetTimeouts
[1559775389.752][INFO]: [4f9a2f3dde0d3a098c0d17e6aaa423b6] COMMAND FindElement {
   "using": "xpath",
   "value": "//div[text()='Burleson is a Demo County. You are not able to print or download documents for a Demo County.']"
}
[1559775389.752][INFO]: Waiting for pending navigations...
[1559775389.753][INFO]: Done waiting for pending navigations. Status: ok
[1559775389.773][INFO]: Waiting for pending navigations...
[1559775389.776][INFO]: Done waiting for pending navigations. Status: ok
[1559775389.776][INFO]: [4f9a2f3dde0d3a098c0d17e6aaa423b6] RESPONSE FindElement {
   "ELEMENT": "0.015444131591602295-32"
}
[1559775390.778][INFO]: [4f9a2f3dde0d3a098c0d17e6aaa423b6] COMMAND FindElements {
   "using": "xpath",
   "value": "//button[@ng-show='modalAlertOptions.showOkButton']"
}
[1559775390.778][INFO]: Waiting for pending navigations...
[1559775390.779][INFO]: Done waiting for pending navigations. Status: ok
[1559775390.790][INFO]: Waiting for pending navigations...
[1559775390.792][INFO]: Done waiting for pending navigations. Status: ok
[1559775390.792][INFO]: [4f9a2f3dde0d3a098c0d17e6aaa423b6] RESPONSE FindElements [ {
   "ELEMENT": "0.015444131591602295-33"
} ]
[1559775390.796][INFO]: [4f9a2f3dde0d3a098c0d17e6aaa423b6] COMMAND ClickElement {
   "id": "0.015444131591602295-33"
}
[1559775390.796][INFO]: Waiting for pending navigations...
[1559775390.798][INFO]: Done waiting for pending navigations. Status: ok
[1559775390.868][INFO]: Waiting for pending navigations...
[1559775390.884][INFO]: Done waiting for pending navigations. Status: ok
[1559775390.884][INFO]: [4f9a2f3dde0d3a098c0d17e6aaa423b6] RESPONSE ClickElement
