[1555442575.527][INFO]: [bb1e2c73491a80bfcdfae0a53d3ad980] COMMAND InitSession {
   "capabilities": {
      "firstMatch": [ {
         "browserName": "chrome",
         "goog:chromeOptions": {
            "args": [  ],
            "extensions": [  ]
         }
      } ]
   },
   "desiredCapabilities": {
      "browserName": "chrome",
      "goog:chromeOptions": {
         "args": [  ],
         "extensions": [  ]
      }
   }
}
[1555442575.555][INFO]: Populating Preferences file: {
   "alternate_error_pages": {
      "enabled": false
   },
   "autofill": {
      "enabled": false
   },
   "browser": {
      "check_default_browser": false
   },
   "distribution": {
      "import_bookmarks": false,
      "import_history": false,
      "import_search_engine": false,
      "make_chrome_default_for_user": false,
      "skip_first_run_ui": true
   },
   "dns_prefetching": {
      "enabled": false
   },
   "profile": {
      "content_settings": {
         "pattern_pairs": {
            "https://*,*": {
               "media-stream": {
                  "audio": "Default",
                  "video": "Default"
               }
            }
         }
      },
      "default_content_setting_values": {
         "geolocation": 1
      },
      "default_content_settings": {
         "geolocation": 1,
         "mouselock": 1,
         "notifications": 1,
         "popups": 1,
         "ppapi-broker": 1
      },
      "password_manager_enabled": false
   },
   "safebrowsing": {
      "enabled": false
   },
   "search": {
      "suggest_enabled": false
   },
   "translate": {
      "enabled": false
   }
}
[1555442575.557][INFO]: Populating Local State file: {
   "background_mode": {
      "enabled": false
   },
   "ssl": {
      "rev_checking": {
         "enabled": false
      }
   }
}
[1555442575.586][INFO]: Launching chrome: "C:\Program Files (x86)\Google\Chrome\Application\chrome.exe" --disable-background-networking --disable-client-side-phishing-detection --disable-default-apps --disable-hang-monitor --disable-popup-blocking --disable-prompt-on-repost --disable-sync --disable-web-resources --enable-automation --enable-blink-features=ShadowDOMV0 --enable-logging --force-fieldtrials=SiteIsolationExtensions/Control --ignore-certificate-errors --load-extension="C:\Users\Adrian\AppData\Local\Temp\scoped_dir17948_16711\internal" --log-level=0 --metrics-recording-only --no-first-run --password-store=basic --remote-debugging-port=0 --test-type=webdriver --use-mock-keychain --user-data-dir="C:\Users\Adrian\AppData\Local\Temp\scoped_dir17948_11890" data:,
[1555442579.223][INFO]: resolved localhost to ["::1","127.0.0.1"]
[1555442580.863][INFO]: [bb1e2c73491a80bfcdfae0a53d3ad980] RESPONSE InitSession {
   "acceptInsecureCerts": false,
   "acceptSslCerts": false,
   "applicationCacheEnabled": false,
   "browserConnectionEnabled": false,
   "browserName": "chrome",
   "chrome": {
      "chromedriverVersion": "2.46.628402 (536cd7adbad73a3783fdc2cab92ab2ba7ec361e1)",
      "userDataDir": "C:\\Users\\Adrian\\AppData\\Local\\Temp\\scoped_dir17948_11890"
   },
   "cssSelectorsEnabled": true,
   "databaseEnabled": false,
   "goog:chromeOptions": {
      "debuggerAddress": "localhost:63513"
   },
   "handlesAlerts": true,
   "hasTouchScreen": false,
   "javascriptEnabled": true,
   "locationContextEnabled": true,
   "mobileEmulationEnabled": false,
   "nativeEvents": true,
   "networkConnectionEnabled": false,
   "pageLoadStrategy": "normal",
   "platform": "Windows NT",
   "proxy": {

   },
   "~~~": "..."
}
[1555442581.427][INFO]: [bb1e2c73491a80bfcdfae0a53d3ad980] COMMAND MaximizeWindow {
   "handle": "current",
   "windowHandle": "current"
}
[1555442581.427][INFO]: Waiting for pending navigations...
[1555442581.428][INFO]: Done waiting for pending navigations. Status: ok
[1555442581.429][INFO]: resolved localhost to ["::1","127.0.0.1"]
[1555442582.546][INFO]: Waiting for pending navigations...
[1555442582.547][INFO]: Done waiting for pending navigations. Status: ok
[1555442582.547][INFO]: [bb1e2c73491a80bfcdfae0a53d3ad980] RESPONSE MaximizeWindow {
   "height": 744,
   "width": 1382,
   "x": -8,
   "y": -8
}
[1555442582.553][INFO]: [bb1e2c73491a80bfcdfae0a53d3ad980] COMMAND SetTimeouts {
   "ms": 5000,
   "type": "implicit"
}
[1555442582.554][INFO]: [bb1e2c73491a80bfcdfae0a53d3ad980] RESPONSE SetTimeouts
[1555442582.559][INFO]: [bb1e2c73491a80bfcdfae0a53d3ad980] COMMAND Navigate {
   "url": "https://app.dev.drillinginfo.com/courthouse/"
}
[1555442582.559][INFO]: Waiting for pending navigations...
[1555442582.560][INFO]: Done waiting for pending navigations. Status: ok
[1555442583.519][INFO]: Waiting for pending navigations...
[1555442612.597][INFO]: Done waiting for pending navigations. Status: ok
[1555442612.597][INFO]: [bb1e2c73491a80bfcdfae0a53d3ad980] RESPONSE Navigate
[1555442612.858][INFO]: [bb1e2c73491a80bfcdfae0a53d3ad980] COMMAND FindElements {
   "using": "xpath",
   "value": "//p[@class='signInText-login']"
}
[1555442612.858][INFO]: Waiting for pending navigations...
[1555442612.859][INFO]: Done waiting for pending navigations. Status: ok
[1555442612.882][INFO]: Waiting for pending navigations...
[1555442612.883][INFO]: Done waiting for pending navigations. Status: ok
[1555442612.883][INFO]: [bb1e2c73491a80bfcdfae0a53d3ad980] RESPONSE FindElements [ {
   "ELEMENT": "0.46762919577439055-1"
} ]
[1555442612.930][INFO]: [bb1e2c73491a80bfcdfae0a53d3ad980] COMMAND IsElementDisplayed {
   "id": "0.46762919577439055-1"
}
[1555442612.930][INFO]: Waiting for pending navigations...
[1555442612.931][INFO]: Done waiting for pending navigations. Status: ok
[1555442612.964][INFO]: Waiting for pending navigations...
[1555442612.968][INFO]: Done waiting for pending navigations. Status: ok
[1555442612.968][INFO]: [bb1e2c73491a80bfcdfae0a53d3ad980] RESPONSE IsElementDisplayed true
[1555442613.034][INFO]: [bb1e2c73491a80bfcdfae0a53d3ad980] COMMAND SetTimeouts {
   "ms": 0,
   "type": "implicit"
}
[1555442613.034][INFO]: [bb1e2c73491a80bfcdfae0a53d3ad980] RESPONSE SetTimeouts
[1555442613.039][INFO]: [bb1e2c73491a80bfcdfae0a53d3ad980] COMMAND FindElement {
   "using": "id",
   "value": "username"
}
[1555442613.039][INFO]: Waiting for pending navigations...
[1555442613.040][INFO]: Done waiting for pending navigations. Status: ok
[1555442613.064][INFO]: Waiting for pending navigations...
[1555442613.065][INFO]: Done waiting for pending navigations. Status: ok
[1555442613.065][INFO]: [bb1e2c73491a80bfcdfae0a53d3ad980] RESPONSE FindElement {
   "ELEMENT": "0.46762919577439055-2"
}
[1555442613.069][INFO]: [bb1e2c73491a80bfcdfae0a53d3ad980] COMMAND FindElement {
   "using": "id",
   "value": "username"
}
[1555442613.069][INFO]: Waiting for pending navigations...
[1555442613.070][INFO]: Done waiting for pending navigations. Status: ok
[1555442613.079][INFO]: Waiting for pending navigations...
[1555442613.080][INFO]: Done waiting for pending navigations. Status: ok
[1555442613.080][INFO]: [bb1e2c73491a80bfcdfae0a53d3ad980] RESPONSE FindElement {
   "ELEMENT": "0.46762919577439055-2"
}
[1555442613.085][INFO]: [bb1e2c73491a80bfcdfae0a53d3ad980] COMMAND TypeElement {
   "id": "0.46762919577439055-2",
   "value": [ "diplus1" ]
}
[1555442613.085][INFO]: Waiting for pending navigations...
[1555442613.086][INFO]: Done waiting for pending navigations. Status: ok
[1555442613.189][INFO]: Waiting for pending navigations...
[1555442613.190][INFO]: Done waiting for pending navigations. Status: ok
[1555442613.190][INFO]: [bb1e2c73491a80bfcdfae0a53d3ad980] RESPONSE TypeElement
[1555442613.194][INFO]: [bb1e2c73491a80bfcdfae0a53d3ad980] COMMAND SetTimeouts {
   "ms": 0,
   "type": "implicit"
}
[1555442613.194][INFO]: [bb1e2c73491a80bfcdfae0a53d3ad980] RESPONSE SetTimeouts
[1555442613.197][INFO]: [bb1e2c73491a80bfcdfae0a53d3ad980] COMMAND FindElement {
   "using": "id",
   "value": "password"
}
[1555442613.197][INFO]: Waiting for pending navigations...
[1555442613.198][INFO]: Done waiting for pending navigations. Status: ok
[1555442613.219][INFO]: Waiting for pending navigations...
[1555442613.221][INFO]: Done waiting for pending navigations. Status: ok
[1555442613.221][INFO]: [bb1e2c73491a80bfcdfae0a53d3ad980] RESPONSE FindElement {
   "ELEMENT": "0.46762919577439055-3"
}
[1555442613.226][INFO]: [bb1e2c73491a80bfcdfae0a53d3ad980] COMMAND FindElement {
   "using": "id",
   "value": "password"
}
[1555442613.226][INFO]: Waiting for pending navigations...
[1555442613.227][INFO]: Done waiting for pending navigations. Status: ok
[1555442613.233][INFO]: Waiting for pending navigations...
[1555442613.234][INFO]: Done waiting for pending navigations. Status: ok
[1555442613.234][INFO]: [bb1e2c73491a80bfcdfae0a53d3ad980] RESPONSE FindElement {
   "ELEMENT": "0.46762919577439055-3"
}
[1555442613.239][INFO]: [bb1e2c73491a80bfcdfae0a53d3ad980] COMMAND TypeElement {
   "id": "0.46762919577439055-3",
   "value": [ "diplus1" ]
}
[1555442613.240][INFO]: Waiting for pending navigations...
[1555442613.240][INFO]: Done waiting for pending navigations. Status: ok
[1555442613.414][INFO]: Waiting for pending navigations...
[1555442613.415][INFO]: Done waiting for pending navigations. Status: ok
[1555442613.415][INFO]: [bb1e2c73491a80bfcdfae0a53d3ad980] RESPONSE TypeElement
[1555442614.420][INFO]: [bb1e2c73491a80bfcdfae0a53d3ad980] COMMAND FindElements {
   "using": "id",
   "value": "login"
}
[1555442614.420][INFO]: Waiting for pending navigations...
[1555442614.421][INFO]: Done waiting for pending navigations. Status: ok
[1555442614.438][INFO]: Waiting for pending navigations...
[1555442614.439][INFO]: Done waiting for pending navigations. Status: ok
[1555442614.439][INFO]: [bb1e2c73491a80bfcdfae0a53d3ad980] RESPONSE FindElements [ {
   "ELEMENT": "0.46762919577439055-4"
} ]
[1555442614.442][INFO]: [bb1e2c73491a80bfcdfae0a53d3ad980] COMMAND ClickElement {
   "id": "0.46762919577439055-4"
}
[1555442614.442][INFO]: Waiting for pending navigations...
[1555442614.443][INFO]: Done waiting for pending navigations. Status: ok
[1555442614.527][INFO]: Waiting for pending navigations...
[1555442637.436][INFO]: Done waiting for pending navigations. Status: ok
[1555442637.436][INFO]: [bb1e2c73491a80bfcdfae0a53d3ad980] RESPONSE ClickElement
[1555442637.441][INFO]: [bb1e2c73491a80bfcdfae0a53d3ad980] COMMAND FindElements {
   "using": "xpath",
   "value": "//span[@class='loading-bar']"
}
[1555442637.441][INFO]: Waiting for pending navigations...
[1555442637.442][INFO]: Done waiting for pending navigations. Status: ok
[1555442637.461][INFO]: Waiting for pending navigations...
[1555442637.463][INFO]: Done waiting for pending navigations. Status: ok
[1555442637.463][INFO]: [bb1e2c73491a80bfcdfae0a53d3ad980] RESPONSE FindElements [ {
   "ELEMENT": "0.404865260974691-1"
} ]
[1555442637.465][INFO]: [bb1e2c73491a80bfcdfae0a53d3ad980] COMMAND IsElementDisplayed {
   "id": "0.404865260974691-1"
}
[1555442637.465][INFO]: Waiting for pending navigations...
[1555442637.466][INFO]: Done waiting for pending navigations. Status: ok
[1555442637.483][INFO]: Waiting for pending navigations...
[1555442637.484][INFO]: Done waiting for pending navigations. Status: ok
[1555442637.484][INFO]: [bb1e2c73491a80bfcdfae0a53d3ad980] RESPONSE IsElementDisplayed true
[1555442637.990][INFO]: [bb1e2c73491a80bfcdfae0a53d3ad980] COMMAND FindElements {
   "using": "xpath",
   "value": "//span[@class='loading-bar']"
}
[1555442637.991][INFO]: Waiting for pending navigations...
[1555442638.013][INFO]: Done waiting for pending navigations. Status: ok
[1555442638.025][INFO]: Waiting for pending navigations...
[1555442638.027][INFO]: Done waiting for pending navigations. Status: ok
[1555442638.028][INFO]: [bb1e2c73491a80bfcdfae0a53d3ad980] RESPONSE FindElements [ {
   "ELEMENT": "0.404865260974691-2"
} ]
[1555442638.030][INFO]: [bb1e2c73491a80bfcdfae0a53d3ad980] COMMAND IsElementDisplayed {
   "id": "0.404865260974691-2"
}
[1555442638.030][INFO]: Waiting for pending navigations...
[1555442638.046][INFO]: Done waiting for pending navigations. Status: ok
[1555442638.066][INFO]: Waiting for pending navigations...
[1555442638.067][INFO]: Done waiting for pending navigations. Status: ok
[1555442638.067][INFO]: [bb1e2c73491a80bfcdfae0a53d3ad980] RESPONSE IsElementDisplayed false
[1555442643.258][INFO]: [bb1e2c73491a80bfcdfae0a53d3ad980] COMMAND SetTimeouts {
   "ms": 0,
   "type": "implicit"
}
[1555442643.258][INFO]: [bb1e2c73491a80bfcdfae0a53d3ad980] RESPONSE SetTimeouts
[1555442643.262][INFO]: [bb1e2c73491a80bfcdfae0a53d3ad980] COMMAND FindElement {
   "using": "xpath",
   "value": "//img[@class='di_county_scans_20']"
}
[1555442643.262][INFO]: Waiting for pending navigations...
[1555442643.263][INFO]: Done waiting for pending navigations. Status: ok
[1555442643.283][INFO]: Waiting for pending navigations...
[1555442643.284][INFO]: Done waiting for pending navigations. Status: ok
[1555442643.285][INFO]: [bb1e2c73491a80bfcdfae0a53d3ad980] RESPONSE FindElement {
   "ELEMENT": "0.404865260974691-3"
}
[1555442643.287][INFO]: [bb1e2c73491a80bfcdfae0a53d3ad980] COMMAND SetTimeouts {
   "ms": 0,
   "type": "implicit"
}
[1555442643.287][INFO]: [bb1e2c73491a80bfcdfae0a53d3ad980] RESPONSE SetTimeouts
[1555442643.292][INFO]: [bb1e2c73491a80bfcdfae0a53d3ad980] COMMAND FindElement {
   "using": "xpath",
   "value": "//span[@title='DI Courthouse 2.0']"
}
[1555442643.292][INFO]: Waiting for pending navigations...
[1555442643.293][INFO]: Done waiting for pending navigations. Status: ok
[1555442643.315][INFO]: Waiting for pending navigations...
[1555442643.316][INFO]: Done waiting for pending navigations. Status: ok
[1555442643.316][INFO]: [bb1e2c73491a80bfcdfae0a53d3ad980] RESPONSE FindElement {
   "ELEMENT": "0.404865260974691-4"
}
[1555442644.320][INFO]: [bb1e2c73491a80bfcdfae0a53d3ad980] COMMAND SetTimeouts {
   "ms": 0,
   "type": "implicit"
}
[1555442644.320][INFO]: [bb1e2c73491a80bfcdfae0a53d3ad980] RESPONSE SetTimeouts
[1555442644.323][INFO]: [bb1e2c73491a80bfcdfae0a53d3ad980] COMMAND FindElement {
   "using": "xpath",
   "value": "//img[@class='di_county_scans_20']"
}
[1555442644.323][INFO]: Waiting for pending navigations...
[1555442644.324][INFO]: Done waiting for pending navigations. Status: ok
[1555442644.331][INFO]: Waiting for pending navigations...
[1555442644.332][INFO]: Done waiting for pending navigations. Status: ok
[1555442644.332][INFO]: [bb1e2c73491a80bfcdfae0a53d3ad980] RESPONSE FindElement {
   "ELEMENT": "0.404865260974691-3"
}
[1555442649.334][INFO]: [bb1e2c73491a80bfcdfae0a53d3ad980] COMMAND FindElements {
   "using": "xpath",
   "value": "//img[@class='di_county_scans_20']"
}
[1555442649.334][INFO]: Waiting for pending navigations...
[1555442649.335][INFO]: Done waiting for pending navigations. Status: ok
[1555442649.351][INFO]: Waiting for pending navigations...
[1555442649.352][INFO]: Done waiting for pending navigations. Status: ok
[1555442649.352][INFO]: [bb1e2c73491a80bfcdfae0a53d3ad980] RESPONSE FindElements [ {
   "ELEMENT": "0.404865260974691-3"
} ]
[1555442649.355][INFO]: [bb1e2c73491a80bfcdfae0a53d3ad980] COMMAND ClickElement {
   "id": "0.404865260974691-3"
}
[1555442649.355][INFO]: Waiting for pending navigations...
[1555442649.356][INFO]: Done waiting for pending navigations. Status: ok
[1555442649.503][INFO]: Waiting for pending navigations...
[1555442649.508][INFO]: Done waiting for pending navigations. Status: ok
[1555442649.508][INFO]: [bb1e2c73491a80bfcdfae0a53d3ad980] RESPONSE ClickElement
[1555442654.511][INFO]: [bb1e2c73491a80bfcdfae0a53d3ad980] COMMAND GetWindows {

}
[1555442654.515][INFO]: [bb1e2c73491a80bfcdfae0a53d3ad980] RESPONSE GetWindows [ "CDwindow-33240E5639CFEBC7B7025DCAC9CC9B8D", "CDwindow-E92703C56B7AB61F81B8F2EF7F20235C" ]
[1555442654.533][INFO]: [bb1e2c73491a80bfcdfae0a53d3ad980] COMMAND SwitchToWindow {
   "name": "CDwindow-E92703C56B7AB61F81B8F2EF7F20235C"
}
[1555442654.540][INFO]: [bb1e2c73491a80bfcdfae0a53d3ad980] RESPONSE SwitchToWindow
[1555442654.544][INFO]: [bb1e2c73491a80bfcdfae0a53d3ad980] COMMAND SwitchToWindow {
   "name": "CDwindow-33240E5639CFEBC7B7025DCAC9CC9B8D"
}
[1555442654.565][INFO]: [bb1e2c73491a80bfcdfae0a53d3ad980] RESPONSE SwitchToWindow
[1555442654.570][INFO]: [bb1e2c73491a80bfcdfae0a53d3ad980] COMMAND CloseWindow {

}
[1555442654.654][INFO]: [bb1e2c73491a80bfcdfae0a53d3ad980] RESPONSE CloseWindow [ "CDwindow-E92703C56B7AB61F81B8F2EF7F20235C" ]
[1555442654.659][INFO]: [bb1e2c73491a80bfcdfae0a53d3ad980] COMMAND SwitchToWindow {
   "name": "CDwindow-E92703C56B7AB61F81B8F2EF7F20235C"
}
[1555442654.666][INFO]: [bb1e2c73491a80bfcdfae0a53d3ad980] RESPONSE SwitchToWindow
[1555442654.685][INFO]: [bb1e2c73491a80bfcdfae0a53d3ad980] COMMAND SetTimeouts {
   "ms": 0,
   "type": "implicit"
}
[1555442654.685][INFO]: [bb1e2c73491a80bfcdfae0a53d3ad980] RESPONSE SetTimeouts
[1555442654.690][INFO]: [bb1e2c73491a80bfcdfae0a53d3ad980] COMMAND FindElement {
   "using": "xpath",
   "value": "//a[@class='home-btn active-item']"
}
[1555442654.692][INFO]: resolved localhost to ["::1","127.0.0.1"]
[1555442655.699][INFO]: Waiting for pending navigations...
[1555442655.712][INFO]: Done waiting for pending navigations. Status: ok
[1555442655.732][INFO]: Waiting for pending navigations...
[1555442655.736][INFO]: Done waiting for pending navigations. Status: ok
[1555442655.736][INFO]: [bb1e2c73491a80bfcdfae0a53d3ad980] RESPONSE FindElement {
   "ELEMENT": "0.5768229172520982-1"
}
[1555442660.739][INFO]: [bb1e2c73491a80bfcdfae0a53d3ad980] COMMAND FindElements {
   "using": "xpath",
   "value": "//a[@class='home-btn active-item']"
}
[1555442660.739][INFO]: Waiting for pending navigations...
[1555442660.740][INFO]: Done waiting for pending navigations. Status: ok
[1555442660.756][INFO]: Waiting for pending navigations...
[1555442660.758][INFO]: Done waiting for pending navigations. Status: ok
[1555442660.758][INFO]: [bb1e2c73491a80bfcdfae0a53d3ad980] RESPONSE FindElements [ {
   "ELEMENT": "0.5768229172520982-1"
} ]
[1555442660.761][INFO]: [bb1e2c73491a80bfcdfae0a53d3ad980] COMMAND ClickElement {
   "id": "0.5768229172520982-1"
}
[1555442660.761][INFO]: Waiting for pending navigations...
[1555442660.762][INFO]: Done waiting for pending navigations. Status: ok
[1555442660.865][INFO]: Waiting for pending navigations...
[1555442660.872][INFO]: Done waiting for pending navigations. Status: ok
[1555442660.872][INFO]: [bb1e2c73491a80bfcdfae0a53d3ad980] RESPONSE ClickElement
[1555442667.878][INFO]: [bb1e2c73491a80bfcdfae0a53d3ad980] COMMAND SetTimeouts {
   "ms": 0,
   "type": "implicit"
}
[1555442667.878][INFO]: [bb1e2c73491a80bfcdfae0a53d3ad980] RESPONSE SetTimeouts
[1555442667.882][INFO]: [bb1e2c73491a80bfcdfae0a53d3ad980] COMMAND FindElement {
   "using": "xpath",
   "value": "//h5[@name='Search Results']"
}
[1555442667.882][INFO]: Waiting for pending navigations...
[1555442667.883][INFO]: Done waiting for pending navigations. Status: ok
[1555442667.904][INFO]: Waiting for pending navigations...
[1555442667.906][INFO]: Done waiting for pending navigations. Status: ok
[1555442667.906][INFO]: [bb1e2c73491a80bfcdfae0a53d3ad980] RESPONSE FindElement {
   "ELEMENT": "0.5768229172520982-2"
}
[1555442667.910][INFO]: [bb1e2c73491a80bfcdfae0a53d3ad980] COMMAND FindElements {
   "using": "xpath",
   "value": "//span[@class='caret']"
}
[1555442667.910][INFO]: Waiting for pending navigations...
[1555442667.911][INFO]: Done waiting for pending navigations. Status: ok
[1555442667.935][INFO]: Waiting for pending navigations...
[1555442667.936][INFO]: Done waiting for pending navigations. Status: ok
[1555442667.936][INFO]: [bb1e2c73491a80bfcdfae0a53d3ad980] RESPONSE FindElements [ {
   "ELEMENT": "0.5768229172520982-3"
} ]
[1555442667.938][INFO]: [bb1e2c73491a80bfcdfae0a53d3ad980] COMMAND IsElementDisplayed {
   "id": "0.5768229172520982-3"
}
[1555442667.938][INFO]: Waiting for pending navigations...
[1555442667.939][INFO]: Done waiting for pending navigations. Status: ok
[1555442667.958][INFO]: Waiting for pending navigations...
[1555442667.959][INFO]: Done waiting for pending navigations. Status: ok
[1555442667.959][INFO]: [bb1e2c73491a80bfcdfae0a53d3ad980] RESPONSE IsElementDisplayed true
[1555442667.961][INFO]: [bb1e2c73491a80bfcdfae0a53d3ad980] COMMAND IsElementEnabled {
   "id": "0.5768229172520982-3"
}
[1555442667.961][INFO]: Waiting for pending navigations...
[1555442667.962][INFO]: Done waiting for pending navigations. Status: ok
[1555442667.977][INFO]: Waiting for pending navigations...
[1555442667.978][INFO]: Done waiting for pending navigations. Status: ok
[1555442667.978][INFO]: [bb1e2c73491a80bfcdfae0a53d3ad980] RESPONSE IsElementEnabled true
[1555442667.982][INFO]: [bb1e2c73491a80bfcdfae0a53d3ad980] COMMAND FindElements {
   "using": "xpath",
   "value": "//span[@class='caret']"
}
[1555442667.982][INFO]: Waiting for pending navigations...
[1555442667.983][INFO]: Done waiting for pending navigations. Status: ok
[1555442667.994][INFO]: Waiting for pending navigations...
[1555442667.995][INFO]: Done waiting for pending navigations. Status: ok
[1555442667.995][INFO]: [bb1e2c73491a80bfcdfae0a53d3ad980] RESPONSE FindElements [ {
   "ELEMENT": "0.5768229172520982-3"
} ]
[1555442667.999][INFO]: [bb1e2c73491a80bfcdfae0a53d3ad980] COMMAND ClickElement {
   "id": "0.5768229172520982-3"
}
[1555442668.000][INFO]: Waiting for pending navigations...
[1555442668.001][INFO]: Done waiting for pending navigations. Status: ok
[1555442668.091][INFO]: Waiting for pending navigations...
[1555442668.092][INFO]: Done waiting for pending navigations. Status: ok
[1555442668.092][INFO]: [bb1e2c73491a80bfcdfae0a53d3ad980] RESPONSE ClickElement
[1555442668.097][INFO]: [bb1e2c73491a80bfcdfae0a53d3ad980] COMMAND SetTimeouts {
   "ms": 0,
   "type": "implicit"
}
[1555442668.097][INFO]: [bb1e2c73491a80bfcdfae0a53d3ad980] RESPONSE SetTimeouts
[1555442668.102][INFO]: [bb1e2c73491a80bfcdfae0a53d3ad980] COMMAND FindElement {
   "using": "xpath",
   "value": "//span[@class='caret']"
}
[1555442668.102][INFO]: Waiting for pending navigations...
[1555442668.103][INFO]: Done waiting for pending navigations. Status: ok
[1555442668.121][INFO]: Waiting for pending navigations...
[1555442668.122][INFO]: Done waiting for pending navigations. Status: ok
[1555442668.122][INFO]: [bb1e2c73491a80bfcdfae0a53d3ad980] RESPONSE FindElement {
   "ELEMENT": "0.5768229172520982-3"
}
[1555442671.126][INFO]: [bb1e2c73491a80bfcdfae0a53d3ad980] COMMAND FindElements {
   "using": "xpath",
   "value": "//a[@href='/users']"
}
[1555442671.126][INFO]: Waiting for pending navigations...
[1555442671.127][INFO]: Done waiting for pending navigations. Status: ok
[1555442671.142][INFO]: Waiting for pending navigations...
[1555442671.143][INFO]: Done waiting for pending navigations. Status: ok
[1555442671.143][INFO]: [bb1e2c73491a80bfcdfae0a53d3ad980] RESPONSE FindElements [ {
   "ELEMENT": "0.5768229172520982-4"
} ]
[1555442671.147][INFO]: [bb1e2c73491a80bfcdfae0a53d3ad980] COMMAND ClickElement {
   "id": "0.5768229172520982-4"
}
[1555442671.147][INFO]: Waiting for pending navigations...
[1555442671.148][INFO]: Done waiting for pending navigations. Status: ok
[1555442671.223][INFO]: Waiting for pending navigations...
[1555442672.758][INFO]: Done waiting for pending navigations. Status: ok
[1555442672.758][INFO]: [bb1e2c73491a80bfcdfae0a53d3ad980] RESPONSE ClickElement
[1555442672.762][INFO]: [bb1e2c73491a80bfcdfae0a53d3ad980] COMMAND SetTimeouts {
   "ms": 0,
   "type": "implicit"
}
[1555442672.762][INFO]: [bb1e2c73491a80bfcdfae0a53d3ad980] RESPONSE SetTimeouts
[1555442672.766][INFO]: [bb1e2c73491a80bfcdfae0a53d3ad980] COMMAND FindElement {
   "using": "xpath",
   "value": "//section[@class='row user-container ng-scope']"
}
[1555442672.766][INFO]: Waiting for pending navigations...
[1555442673.110][INFO]: Done waiting for pending navigations. Status: ok
[1555442673.262][INFO]: Waiting for pending navigations...
[1555442673.263][INFO]: Done waiting for pending navigations. Status: ok
[1555442673.263][INFO]: [bb1e2c73491a80bfcdfae0a53d3ad980] RESPONSE FindElement {
   "ELEMENT": "0.5768229172520982-5"
}
[1555442678.266][INFO]: [bb1e2c73491a80bfcdfae0a53d3ad980] COMMAND SetTimeouts {
   "ms": 0,
   "type": "implicit"
}
[1555442678.266][INFO]: [bb1e2c73491a80bfcdfae0a53d3ad980] RESPONSE SetTimeouts
[1555442678.268][INFO]: [bb1e2c73491a80bfcdfae0a53d3ad980] COMMAND FindElement {
   "using": "xpath",
   "value": "//div[@class='row topSpace usersBulkGridActionStyle di-arrow-grid-top ng-scope']//div//input[2]"
}
[1555442678.268][INFO]: Waiting for pending navigations...
[1555442678.269][INFO]: Done waiting for pending navigations. Status: ok
[1555442678.282][INFO]: Waiting for pending navigations...
[1555442678.283][INFO]: Done waiting for pending navigations. Status: ok
[1555442678.283][INFO]: [bb1e2c73491a80bfcdfae0a53d3ad980] RESPONSE FindElement {
   "ELEMENT": "0.5768229172520982-6"
}
[1555442678.286][INFO]: [bb1e2c73491a80bfcdfae0a53d3ad980] COMMAND FindElement {
   "using": "xpath",
   "value": "//div[@class='row topSpace usersBulkGridActionStyle di-arrow-grid-top ng-scope']//div//input[2]"
}
[1555442678.286][INFO]: Waiting for pending navigations...
[1555442678.287][INFO]: Done waiting for pending navigations. Status: ok
[1555442678.295][INFO]: Waiting for pending navigations...
[1555442678.296][INFO]: Done waiting for pending navigations. Status: ok
[1555442678.296][INFO]: [bb1e2c73491a80bfcdfae0a53d3ad980] RESPONSE FindElement {
   "ELEMENT": "0.5768229172520982-6"
}
[1555442678.300][INFO]: [bb1e2c73491a80bfcdfae0a53d3ad980] COMMAND TypeElement {
   "id": "0.5768229172520982-6",
   "value": [ "adrojascontract" ]
}
[1555442678.300][INFO]: Waiting for pending navigations...
[1555442678.301][INFO]: Done waiting for pending navigations. Status: ok
[1555442678.863][INFO]: Waiting for pending navigations...
[1555442678.865][INFO]: Done waiting for pending navigations. Status: ok
[1555442678.865][INFO]: [bb1e2c73491a80bfcdfae0a53d3ad980] RESPONSE TypeElement
[1555442685.869][INFO]: [bb1e2c73491a80bfcdfae0a53d3ad980] COMMAND SetTimeouts {
   "ms": 0,
   "type": "implicit"
}
[1555442685.869][INFO]: [bb1e2c73491a80bfcdfae0a53d3ad980] RESPONSE SetTimeouts
[1555442685.873][INFO]: [bb1e2c73491a80bfcdfae0a53d3ad980] COMMAND FindElement {
   "using": "xpath",
   "value": "//div[@class='ngFooterTotalItems']//span"
}
[1555442685.873][INFO]: Waiting for pending navigations...
[1555442685.875][INFO]: Done waiting for pending navigations. Status: ok
[1555442685.888][INFO]: Waiting for pending navigations...
[1555442685.889][INFO]: Done waiting for pending navigations. Status: ok
[1555442685.889][INFO]: [bb1e2c73491a80bfcdfae0a53d3ad980] RESPONSE FindElement {
   "ELEMENT": "0.5768229172520982-7"
}
[1555442685.893][INFO]: [bb1e2c73491a80bfcdfae0a53d3ad980] COMMAND FindElement {
   "using": "xpath",
   "value": "//div[@class='ngFooterTotalItems']//span"
}
[1555442685.893][INFO]: Waiting for pending navigations...
[1555442685.894][INFO]: Done waiting for pending navigations. Status: ok
[1555442685.901][INFO]: Waiting for pending navigations...
[1555442685.902][INFO]: Done waiting for pending navigations. Status: ok
[1555442685.902][INFO]: [bb1e2c73491a80bfcdfae0a53d3ad980] RESPONSE FindElement {
   "ELEMENT": "0.5768229172520982-7"
}
[1555442685.904][INFO]: [bb1e2c73491a80bfcdfae0a53d3ad980] COMMAND GetElementText {
   "id": "0.5768229172520982-7"
}
[1555442685.904][INFO]: Waiting for pending navigations...
[1555442685.905][INFO]: Done waiting for pending navigations. Status: ok
[1555442685.921][INFO]: Waiting for pending navigations...
[1555442685.922][INFO]: Done waiting for pending navigations. Status: ok
[1555442685.922][INFO]: [bb1e2c73491a80bfcdfae0a53d3ad980] RESPONSE GetElementText "Total Items: 1"
[1555442685.925][INFO]: [bb1e2c73491a80bfcdfae0a53d3ad980] COMMAND FindElements {
   "using": "xpath",
   "value": "//span[text()='Gap']"
}
[1555442685.925][INFO]: Waiting for pending navigations...
[1555442685.926][INFO]: Done waiting for pending navigations. Status: ok
[1555442685.938][INFO]: Waiting for pending navigations...
[1555442685.939][INFO]: Done waiting for pending navigations. Status: ok
[1555442685.939][INFO]: [bb1e2c73491a80bfcdfae0a53d3ad980] RESPONSE FindElements [ {
   "ELEMENT": "0.5768229172520982-8"
} ]
[1555442685.942][INFO]: [bb1e2c73491a80bfcdfae0a53d3ad980] COMMAND ClickElement {
   "id": "0.5768229172520982-8"
}
[1555442685.942][INFO]: Waiting for pending navigations...
[1555442685.943][INFO]: Done waiting for pending navigations. Status: ok
[1555442686.094][INFO]: Waiting for pending navigations...
[1555442686.118][INFO]: Done waiting for pending navigations. Status: ok
[1555442686.119][INFO]: [bb1e2c73491a80bfcdfae0a53d3ad980] RESPONSE ClickElement
[1555442687.122][INFO]: [bb1e2c73491a80bfcdfae0a53d3ad980] COMMAND SetTimeouts {
   "ms": 0,
   "type": "implicit"
}
[1555442687.122][INFO]: [bb1e2c73491a80bfcdfae0a53d3ad980] RESPONSE SetTimeouts
[1555442687.126][INFO]: [bb1e2c73491a80bfcdfae0a53d3ad980] COMMAND FindElement {
   "using": "xpath",
   "value": "//select[@name='runsheetSharing']"
}
[1555442687.126][INFO]: Waiting for pending navigations...
[1555442687.127][INFO]: Done waiting for pending navigations. Status: ok
[1555442687.141][INFO]: Waiting for pending navigations...
[1555442687.143][INFO]: Done waiting for pending navigations. Status: ok
[1555442687.143][INFO]: [bb1e2c73491a80bfcdfae0a53d3ad980] RESPONSE FindElement {
   "ELEMENT": "0.5768229172520982-9"
}
[1555442687.146][INFO]: [bb1e2c73491a80bfcdfae0a53d3ad980] COMMAND FindElement {
   "using": "xpath",
   "value": "//select[@name='runsheetSharing']"
}
[1555442687.146][INFO]: Waiting for pending navigations...
[1555442687.147][INFO]: Done waiting for pending navigations. Status: ok
[1555442687.154][INFO]: Waiting for pending navigations...
[1555442687.156][INFO]: Done waiting for pending navigations. Status: ok
[1555442687.156][INFO]: [bb1e2c73491a80bfcdfae0a53d3ad980] RESPONSE FindElement {
   "ELEMENT": "0.5768229172520982-9"
}
[1555442687.159][INFO]: [bb1e2c73491a80bfcdfae0a53d3ad980] COMMAND TypeElement {
   "id": "0.5768229172520982-9",
   "value": [ "Request Copy" ]
}
[1555442687.159][INFO]: Waiting for pending navigations...
[1555442687.160][INFO]: Done waiting for pending navigations. Status: ok
[1555442687.256][INFO]: Waiting for pending navigations...
[1555442687.257][INFO]: Done waiting for pending navigations. Status: ok
[1555442687.257][INFO]: [bb1e2c73491a80bfcdfae0a53d3ad980] RESPONSE TypeElement
[1555442688.259][INFO]: [bb1e2c73491a80bfcdfae0a53d3ad980] COMMAND FindElements {
   "using": "xpath",
   "value": "//button[@ng-click='save()']"
}
[1555442688.259][INFO]: Waiting for pending navigations...
[1555442688.260][INFO]: Done waiting for pending navigations. Status: ok
[1555442688.274][INFO]: Waiting for pending navigations...
[1555442688.275][INFO]: Done waiting for pending navigations. Status: ok
[1555442688.275][INFO]: [bb1e2c73491a80bfcdfae0a53d3ad980] RESPONSE FindElements [ {
   "ELEMENT": "0.5768229172520982-10"
} ]
[1555442688.277][INFO]: [bb1e2c73491a80bfcdfae0a53d3ad980] COMMAND ClickElement {
   "id": "0.5768229172520982-10"
}
[1555442688.277][INFO]: Waiting for pending navigations...
[1555442688.278][INFO]: Done waiting for pending navigations. Status: ok
[1555442688.399][INFO]: Waiting for pending navigations...
[1555442688.566][INFO]: Done waiting for pending navigations. Status: ok
[1555442688.566][INFO]: [bb1e2c73491a80bfcdfae0a53d3ad980] RESPONSE ClickElement
[1555442688.570][INFO]: [bb1e2c73491a80bfcdfae0a53d3ad980] COMMAND SetTimeouts {
   "ms": 0,
   "type": "implicit"
}
[1555442688.570][INFO]: [bb1e2c73491a80bfcdfae0a53d3ad980] RESPONSE SetTimeouts
[1555442688.575][INFO]: [bb1e2c73491a80bfcdfae0a53d3ad980] COMMAND FindElement {
   "using": "xpath",
   "value": "//div[contains(text(),'User has been successfully edited.')]"
}
[1555442688.575][INFO]: Waiting for pending navigations...
[1555442688.577][INFO]: Done waiting for pending navigations. Status: ok
[1555442688.599][INFO]: Waiting for pending navigations...
[1555442688.600][INFO]: Done waiting for pending navigations. Status: ok
[1555442688.601][INFO]: [bb1e2c73491a80bfcdfae0a53d3ad980] RESPONSE FindElement ERROR no such element: Unable to locate element: {"method":"xpath","selector":"//div[contains(text(),'User has been successfully edited.')]"}
  (Session info: chrome=73.0.3683.103)
[1555442689.117][INFO]: [bb1e2c73491a80bfcdfae0a53d3ad980] COMMAND SetTimeouts {
   "ms": 0,
   "type": "implicit"
}
[1555442689.117][INFO]: [bb1e2c73491a80bfcdfae0a53d3ad980] RESPONSE SetTimeouts
[1555442689.120][INFO]: [bb1e2c73491a80bfcdfae0a53d3ad980] COMMAND FindElement {
   "using": "xpath",
   "value": "//div[contains(text(),'User has been successfully edited.')]"
}
[1555442689.121][INFO]: Waiting for pending navigations...
[1555442689.122][INFO]: Done waiting for pending navigations. Status: ok
[1555442689.130][INFO]: Waiting for pending navigations...
[1555442689.131][INFO]: Done waiting for pending navigations. Status: ok
[1555442689.131][INFO]: [bb1e2c73491a80bfcdfae0a53d3ad980] RESPONSE FindElement ERROR no such element: Unable to locate element: {"method":"xpath","selector":"//div[contains(text(),'User has been successfully edited.')]"}
  (Session info: chrome=73.0.3683.103)
[1555442689.634][INFO]: [bb1e2c73491a80bfcdfae0a53d3ad980] COMMAND SetTimeouts {
   "ms": 0,
   "type": "implicit"
}
[1555442689.634][INFO]: [bb1e2c73491a80bfcdfae0a53d3ad980] RESPONSE SetTimeouts
[1555442689.638][INFO]: [bb1e2c73491a80bfcdfae0a53d3ad980] COMMAND FindElement {
   "using": "xpath",
   "value": "//div[contains(text(),'User has been successfully edited.')]"
}
[1555442689.638][INFO]: Waiting for pending navigations...
[1555442689.691][INFO]: Done waiting for pending navigations. Status: ok
[1555442689.724][INFO]: Waiting for pending navigations...
[1555442689.727][INFO]: Done waiting for pending navigations. Status: ok
[1555442689.727][INFO]: [bb1e2c73491a80bfcdfae0a53d3ad980] RESPONSE FindElement ERROR no such element: Unable to locate element: {"method":"xpath","selector":"//div[contains(text(),'User has been successfully edited.')]"}
  (Session info: chrome=73.0.3683.103)
[1555442690.232][INFO]: [bb1e2c73491a80bfcdfae0a53d3ad980] COMMAND SetTimeouts {
   "ms": 0,
   "type": "implicit"
}
[1555442690.232][INFO]: [bb1e2c73491a80bfcdfae0a53d3ad980] RESPONSE SetTimeouts
[1555442690.235][INFO]: [bb1e2c73491a80bfcdfae0a53d3ad980] COMMAND FindElement {
   "using": "xpath",
   "value": "//div[contains(text(),'User has been successfully edited.')]"
}
[1555442690.235][INFO]: Waiting for pending navigations...
[1555442690.237][INFO]: Done waiting for pending navigations. Status: ok
[1555442690.245][INFO]: Waiting for pending navigations...
[1555442690.246][INFO]: Done waiting for pending navigations. Status: ok
[1555442690.247][INFO]: [bb1e2c73491a80bfcdfae0a53d3ad980] RESPONSE FindElement {
   "ELEMENT": "0.5768229172520982-11"
}
[1555442690.250][INFO]: [bb1e2c73491a80bfcdfae0a53d3ad980] COMMAND FindElements {
   "using": "xpath",
   "value": "//span[@class='caret']"
}
[1555442690.250][INFO]: Waiting for pending navigations...
[1555442690.251][INFO]: Done waiting for pending navigations. Status: ok
[1555442690.264][INFO]: Waiting for pending navigations...
[1555442690.265][INFO]: Done waiting for pending navigations. Status: ok
[1555442690.265][INFO]: [bb1e2c73491a80bfcdfae0a53d3ad980] RESPONSE FindElements [ {
   "ELEMENT": "0.5768229172520982-3"
} ]
[1555442690.267][INFO]: [bb1e2c73491a80bfcdfae0a53d3ad980] COMMAND IsElementDisplayed {
   "id": "0.5768229172520982-3"
}
[1555442690.267][INFO]: Waiting for pending navigations...
[1555442690.268][INFO]: Done waiting for pending navigations. Status: ok
[1555442690.281][INFO]: Waiting for pending navigations...
[1555442690.282][INFO]: Done waiting for pending navigations. Status: ok
[1555442690.282][INFO]: [bb1e2c73491a80bfcdfae0a53d3ad980] RESPONSE IsElementDisplayed true
[1555442690.284][INFO]: [bb1e2c73491a80bfcdfae0a53d3ad980] COMMAND IsElementEnabled {
   "id": "0.5768229172520982-3"
}
[1555442690.284][INFO]: Waiting for pending navigations...
[1555442690.285][INFO]: Done waiting for pending navigations. Status: ok
[1555442690.301][INFO]: Waiting for pending navigations...
[1555442690.302][INFO]: Done waiting for pending navigations. Status: ok
[1555442690.302][INFO]: [bb1e2c73491a80bfcdfae0a53d3ad980] RESPONSE IsElementEnabled true
[1555442690.308][INFO]: [bb1e2c73491a80bfcdfae0a53d3ad980] COMMAND FindElements {
   "using": "xpath",
   "value": "//span[@class='caret']"
}
[1555442690.308][INFO]: Waiting for pending navigations...
[1555442690.310][INFO]: Done waiting for pending navigations. Status: ok
[1555442690.317][INFO]: Waiting for pending navigations...
[1555442690.318][INFO]: Done waiting for pending navigations. Status: ok
[1555442690.319][INFO]: [bb1e2c73491a80bfcdfae0a53d3ad980] RESPONSE FindElements [ {
   "ELEMENT": "0.5768229172520982-3"
} ]
[1555442690.322][INFO]: [bb1e2c73491a80bfcdfae0a53d3ad980] COMMAND ClickElement {
   "id": "0.5768229172520982-3"
}
[1555442690.322][INFO]: Waiting for pending navigations...
[1555442690.323][INFO]: Done waiting for pending navigations. Status: ok
[1555442690.379][INFO]: Waiting for pending navigations...
[1555442690.380][INFO]: Done waiting for pending navigations. Status: ok
[1555442690.380][INFO]: [bb1e2c73491a80bfcdfae0a53d3ad980] RESPONSE ClickElement
[1555442690.382][INFO]: [bb1e2c73491a80bfcdfae0a53d3ad980] COMMAND SetTimeouts {
   "ms": 0,
   "type": "implicit"
}
[1555442690.382][INFO]: [bb1e2c73491a80bfcdfae0a53d3ad980] RESPONSE SetTimeouts
[1555442690.387][INFO]: [bb1e2c73491a80bfcdfae0a53d3ad980] COMMAND FindElement {
   "using": "xpath",
   "value": "//span[@class='caret']"
}
[1555442690.387][INFO]: Waiting for pending navigations...
[1555442690.388][INFO]: Done waiting for pending navigations. Status: ok
[1555442690.401][INFO]: Waiting for pending navigations...
[1555442690.403][INFO]: Done waiting for pending navigations. Status: ok
[1555442690.403][INFO]: [bb1e2c73491a80bfcdfae0a53d3ad980] RESPONSE FindElement {
   "ELEMENT": "0.5768229172520982-3"
}
[1555442693.406][INFO]: [bb1e2c73491a80bfcdfae0a53d3ad980] COMMAND FindElements {
   "using": "xpath",
   "value": "//a[@href='#']"
}
[1555442693.406][INFO]: Waiting for pending navigations...
[1555442693.407][INFO]: Done waiting for pending navigations. Status: ok
[1555442693.423][INFO]: Waiting for pending navigations...
[1555442693.424][INFO]: Done waiting for pending navigations. Status: ok
[1555442693.424][INFO]: [bb1e2c73491a80bfcdfae0a53d3ad980] RESPONSE FindElements [ {
   "ELEMENT": "0.5768229172520982-12"
} ]
[1555442693.428][INFO]: [bb1e2c73491a80bfcdfae0a53d3ad980] COMMAND ClickElement {
   "id": "0.5768229172520982-12"
}
[1555442693.428][INFO]: Waiting for pending navigations...
[1555442693.429][INFO]: Done waiting for pending navigations. Status: ok
[1555442693.569][INFO]: Waiting for pending navigations...
[1555442698.104][INFO]: Done waiting for pending navigations. Status: ok
[1555442698.104][INFO]: [bb1e2c73491a80bfcdfae0a53d3ad980] RESPONSE ClickElement
[1555442698.114][INFO]: [bb1e2c73491a80bfcdfae0a53d3ad980] COMMAND FindElements {
   "using": "xpath",
   "value": "//p[text()='Logging out from COURTHOUSE...']"
}
[1555442698.114][INFO]: Waiting for pending navigations...
[1555442698.116][INFO]: Done waiting for pending navigations. Status: ok
[1555442698.146][INFO]: Waiting for pending navigations...
[1555442698.147][INFO]: Done waiting for pending navigations. Status: ok
[1555442698.147][INFO]: [bb1e2c73491a80bfcdfae0a53d3ad980] RESPONSE FindElements [  ]
[1555442699.151][INFO]: [bb1e2c73491a80bfcdfae0a53d3ad980] COMMAND SetTimeouts {
   "ms": 0,
   "type": "implicit"
}
[1555442699.151][INFO]: [bb1e2c73491a80bfcdfae0a53d3ad980] RESPONSE SetTimeouts
[1555442699.155][INFO]: [bb1e2c73491a80bfcdfae0a53d3ad980] COMMAND FindElement {
   "using": "xpath",
   "value": "//p[text()='Sign In']"
}
[1555442699.155][INFO]: Waiting for pending navigations...
[1555442699.156][INFO]: Done waiting for pending navigations. Status: ok
[1555442699.170][INFO]: Waiting for pending navigations...
[1555442699.171][INFO]: Done waiting for pending navigations. Status: ok
[1555442699.171][INFO]: [bb1e2c73491a80bfcdfae0a53d3ad980] RESPONSE FindElement {
   "ELEMENT": "0.9142783890064841-1"
}
[1555442699.175][INFO]: [bb1e2c73491a80bfcdfae0a53d3ad980] COMMAND FindElements {
   "using": "xpath",
   "value": "//a[@href='https://app.dev.drillinginfo.com/courthouse/login']"
}
[1555442699.175][INFO]: Waiting for pending navigations...
[1555442699.176][INFO]: Done waiting for pending navigations. Status: ok
[1555442699.190][INFO]: Waiting for pending navigations...
[1555442699.191][INFO]: Done waiting for pending navigations. Status: ok
[1555442699.191][INFO]: [bb1e2c73491a80bfcdfae0a53d3ad980] RESPONSE FindElements [ {
   "ELEMENT": "0.9142783890064841-2"
} ]
[1555442699.195][INFO]: [bb1e2c73491a80bfcdfae0a53d3ad980] COMMAND ClickElement {
   "id": "0.9142783890064841-2"
}
[1555442699.195][INFO]: Waiting for pending navigations...
[1555442699.196][INFO]: Done waiting for pending navigations. Status: ok
[1555442699.254][INFO]: Waiting for pending navigations...
[1555442706.140][INFO]: Done waiting for pending navigations. Status: ok
[1555442706.140][INFO]: [bb1e2c73491a80bfcdfae0a53d3ad980] RESPONSE ClickElement
[1555442706.145][INFO]: [bb1e2c73491a80bfcdfae0a53d3ad980] COMMAND FindElements {
   "using": "xpath",
   "value": "//span[@class='loading-bar']"
}
[1555442706.146][INFO]: Waiting for pending navigations...
[1555442706.213][INFO]: Done waiting for pending navigations. Status: ok
[1555442706.247][INFO]: Waiting for pending navigations...
[1555442706.249][INFO]: Done waiting for pending navigations. Status: ok
[1555442706.249][INFO]: [bb1e2c73491a80bfcdfae0a53d3ad980] RESPONSE FindElements [  ]
[1555442707.251][INFO]: [bb1e2c73491a80bfcdfae0a53d3ad980] COMMAND SetTimeouts {
   "ms": 0,
   "type": "implicit"
}
[1555442707.251][INFO]: [bb1e2c73491a80bfcdfae0a53d3ad980] RESPONSE SetTimeouts
[1555442707.253][INFO]: [bb1e2c73491a80bfcdfae0a53d3ad980] COMMAND FindElement {
   "using": "xpath",
   "value": "//p[text()='DI Courthouse Contractor/PayGo/Free Trial']"
}
[1555442707.253][INFO]: Waiting for pending navigations...
[1555442707.254][INFO]: Done waiting for pending navigations. Status: ok
[1555442707.265][INFO]: Waiting for pending navigations...
[1555442707.266][INFO]: Done waiting for pending navigations. Status: ok
[1555442707.266][INFO]: [bb1e2c73491a80bfcdfae0a53d3ad980] RESPONSE FindElement {
   "ELEMENT": "0.057456245733750855-1"
}
[1555442707.268][INFO]: [bb1e2c73491a80bfcdfae0a53d3ad980] COMMAND SetTimeouts {
   "ms": 0,
   "type": "implicit"
}
[1555442707.268][INFO]: [bb1e2c73491a80bfcdfae0a53d3ad980] RESPONSE SetTimeouts
[1555442707.270][INFO]: [bb1e2c73491a80bfcdfae0a53d3ad980] COMMAND FindElement {
   "using": "id",
   "value": "username"
}
[1555442707.270][INFO]: Waiting for pending navigations...
[1555442707.271][INFO]: Done waiting for pending navigations. Status: ok
[1555442707.282][INFO]: Waiting for pending navigations...
[1555442707.283][INFO]: Done waiting for pending navigations. Status: ok
[1555442707.283][INFO]: [bb1e2c73491a80bfcdfae0a53d3ad980] RESPONSE FindElement {
   "ELEMENT": "0.057456245733750855-2"
}
[1555442707.286][INFO]: [bb1e2c73491a80bfcdfae0a53d3ad980] COMMAND FindElement {
   "using": "id",
   "value": "username"
}
[1555442707.286][INFO]: Waiting for pending navigations...
[1555442707.287][INFO]: Done waiting for pending navigations. Status: ok
[1555442707.294][INFO]: Waiting for pending navigations...
[1555442707.295][INFO]: Done waiting for pending navigations. Status: ok
[1555442707.295][INFO]: [bb1e2c73491a80bfcdfae0a53d3ad980] RESPONSE FindElement {
   "ELEMENT": "0.057456245733750855-2"
}
[1555442707.298][INFO]: [bb1e2c73491a80bfcdfae0a53d3ad980] COMMAND TypeElement {
   "id": "0.057456245733750855-2",
   "value": [ "adrojascontract" ]
}
[1555442707.298][INFO]: Waiting for pending navigations...
[1555442707.299][INFO]: Done waiting for pending navigations. Status: ok
[1555442707.395][INFO]: Waiting for pending navigations...
[1555442707.397][INFO]: Done waiting for pending navigations. Status: ok
[1555442707.397][INFO]: [bb1e2c73491a80bfcdfae0a53d3ad980] RESPONSE TypeElement
[1555442707.400][INFO]: [bb1e2c73491a80bfcdfae0a53d3ad980] COMMAND SetTimeouts {
   "ms": 0,
   "type": "implicit"
}
[1555442707.400][INFO]: [bb1e2c73491a80bfcdfae0a53d3ad980] RESPONSE SetTimeouts
[1555442707.404][INFO]: [bb1e2c73491a80bfcdfae0a53d3ad980] COMMAND FindElement {
   "using": "id",
   "value": "password"
}
[1555442707.404][INFO]: Waiting for pending navigations...
[1555442707.405][INFO]: Done waiting for pending navigations. Status: ok
[1555442707.418][INFO]: Waiting for pending navigations...
[1555442707.419][INFO]: Done waiting for pending navigations. Status: ok
[1555442707.419][INFO]: [bb1e2c73491a80bfcdfae0a53d3ad980] RESPONSE FindElement {
   "ELEMENT": "0.057456245733750855-3"
}
[1555442707.422][INFO]: [bb1e2c73491a80bfcdfae0a53d3ad980] COMMAND FindElement {
   "using": "id",
   "value": "password"
}
[1555442707.422][INFO]: Waiting for pending navigations...
[1555442707.423][INFO]: Done waiting for pending navigations. Status: ok
[1555442707.429][INFO]: Waiting for pending navigations...
[1555442707.430][INFO]: Done waiting for pending navigations. Status: ok
[1555442707.430][INFO]: [bb1e2c73491a80bfcdfae0a53d3ad980] RESPONSE FindElement {
   "ELEMENT": "0.057456245733750855-3"
}
[1555442707.434][INFO]: [bb1e2c73491a80bfcdfae0a53d3ad980] COMMAND TypeElement {
   "id": "0.057456245733750855-3",
   "value": [ "DSCI7lsc1" ]
}
[1555442707.434][INFO]: Waiting for pending navigations...
[1555442707.435][INFO]: Done waiting for pending navigations. Status: ok
[1555442707.522][INFO]: Waiting for pending navigations...
[1555442707.523][INFO]: Done waiting for pending navigations. Status: ok
[1555442707.524][INFO]: [bb1e2c73491a80bfcdfae0a53d3ad980] RESPONSE TypeElement
[1555442708.527][INFO]: [bb1e2c73491a80bfcdfae0a53d3ad980] COMMAND FindElements {
   "using": "id",
   "value": "login"
}
[1555442708.527][INFO]: Waiting for pending navigations...
[1555442708.528][INFO]: Done waiting for pending navigations. Status: ok
[1555442708.538][INFO]: Waiting for pending navigations...
[1555442708.539][INFO]: Done waiting for pending navigations. Status: ok
[1555442708.539][INFO]: [bb1e2c73491a80bfcdfae0a53d3ad980] RESPONSE FindElements [ {
   "ELEMENT": "0.057456245733750855-4"
} ]
[1555442708.542][INFO]: [bb1e2c73491a80bfcdfae0a53d3ad980] COMMAND ClickElement {
   "id": "0.057456245733750855-4"
}
[1555442708.542][INFO]: Waiting for pending navigations...
[1555442708.543][INFO]: Done waiting for pending navigations. Status: ok
[1555442708.593][INFO]: Waiting for pending navigations...
[1555442708.594][INFO]: Done waiting for pending navigations. Status: ok
[1555442708.594][INFO]: [bb1e2c73491a80bfcdfae0a53d3ad980] RESPONSE ClickElement
[1555442708.598][INFO]: [bb1e2c73491a80bfcdfae0a53d3ad980] COMMAND SetTimeouts {
   "ms": 0,
   "type": "implicit"
}
[1555442708.598][INFO]: [bb1e2c73491a80bfcdfae0a53d3ad980] RESPONSE SetTimeouts
[1555442708.599][INFO]: [bb1e2c73491a80bfcdfae0a53d3ad980] COMMAND FindElement {
   "using": "xpath",
   "value": "//a[@class='home-btn active-item']"
}
[1555442708.599][INFO]: Waiting for pending navigations...
[1555442708.600][INFO]: Done waiting for pending navigations. Status: ok
[1555442708.613][INFO]: Waiting for pending navigations...
[1555442708.615][INFO]: Done waiting for pending navigations. Status: ok
[1555442708.615][INFO]: [bb1e2c73491a80bfcdfae0a53d3ad980] RESPONSE FindElement ERROR no such element: Unable to locate element: {"method":"xpath","selector":"//a[@class='home-btn active-item']"}
  (Session info: chrome=73.0.3683.103)
[1555442709.119][INFO]: [bb1e2c73491a80bfcdfae0a53d3ad980] COMMAND SetTimeouts {
   "ms": 0,
   "type": "implicit"
}
[1555442709.119][INFO]: [bb1e2c73491a80bfcdfae0a53d3ad980] RESPONSE SetTimeouts
[1555442709.121][INFO]: [bb1e2c73491a80bfcdfae0a53d3ad980] COMMAND FindElement {
   "using": "xpath",
   "value": "//a[@class='home-btn active-item']"
}
[1555442709.123][INFO]: Waiting for pending navigations...
[1555442712.086][INFO]: Done waiting for pending navigations. Status: ok
[1555442712.111][INFO]: Waiting for pending navigations...
[1555442712.121][INFO]: Done waiting for pending navigations. Status: ok
[1555442712.121][INFO]: [bb1e2c73491a80bfcdfae0a53d3ad980] RESPONSE FindElement {
   "ELEMENT": "0.0046636791754026685-1"
}
[1555442717.123][INFO]: [bb1e2c73491a80bfcdfae0a53d3ad980] COMMAND FindElements {
   "using": "xpath",
   "value": "//a[@class='home-btn active-item']"
}
[1555442717.123][INFO]: Waiting for pending navigations...
[1555442717.124][INFO]: Done waiting for pending navigations. Status: ok
[1555442717.137][INFO]: Waiting for pending navigations...
[1555442717.138][INFO]: Done waiting for pending navigations. Status: ok
[1555442717.138][INFO]: [bb1e2c73491a80bfcdfae0a53d3ad980] RESPONSE FindElements [ {
   "ELEMENT": "0.0046636791754026685-1"
} ]
[1555442717.140][INFO]: [bb1e2c73491a80bfcdfae0a53d3ad980] COMMAND ClickElement {
   "id": "0.0046636791754026685-1"
}
[1555442717.140][INFO]: Waiting for pending navigations...
[1555442717.141][INFO]: Done waiting for pending navigations. Status: ok
[1555442717.217][INFO]: Waiting for pending navigations...
[1555442717.222][INFO]: Done waiting for pending navigations. Status: ok
[1555442717.222][INFO]: [bb1e2c73491a80bfcdfae0a53d3ad980] RESPONSE ClickElement
[1555442724.225][INFO]: [bb1e2c73491a80bfcdfae0a53d3ad980] COMMAND SetTimeouts {
   "ms": 0,
   "type": "implicit"
}
[1555442724.225][INFO]: [bb1e2c73491a80bfcdfae0a53d3ad980] RESPONSE SetTimeouts
[1555442724.227][INFO]: [bb1e2c73491a80bfcdfae0a53d3ad980] COMMAND FindElement {
   "using": "xpath",
   "value": "//h5[@name='Search Results']"
}
[1555442724.227][INFO]: Waiting for pending navigations...
[1555442724.228][INFO]: Done waiting for pending navigations. Status: ok
[1555442724.241][INFO]: Waiting for pending navigations...
[1555442724.242][INFO]: Done waiting for pending navigations. Status: ok
[1555442724.242][INFO]: [bb1e2c73491a80bfcdfae0a53d3ad980] RESPONSE FindElement {
   "ELEMENT": "0.0046636791754026685-2"
}
[1555442725.242][INFO]: [bb1e2c73491a80bfcdfae0a53d3ad980] COMMAND SetTimeouts {
   "ms": 0,
   "type": "implicit"
}
[1555442725.242][INFO]: [bb1e2c73491a80bfcdfae0a53d3ad980] RESPONSE SetTimeouts
[1555442725.244][INFO]: [bb1e2c73491a80bfcdfae0a53d3ad980] COMMAND FindElement {
   "using": "xpath",
   "value": "//select[@class='form-control input-sm inline-block runsheet-select runsheet-type ng-pristine ng-untouched ng-valid']"
}
[1555442725.244][INFO]: Waiting for pending navigations...
[1555442725.246][INFO]: Done waiting for pending navigations. Status: ok
[1555442725.257][INFO]: Waiting for pending navigations...
[1555442725.258][INFO]: Done waiting for pending navigations. Status: ok
[1555442725.258][INFO]: [bb1e2c73491a80bfcdfae0a53d3ad980] RESPONSE FindElement {
   "ELEMENT": "0.0046636791754026685-3"
}
[1555442725.261][INFO]: [bb1e2c73491a80bfcdfae0a53d3ad980] COMMAND FindElement {
   "using": "xpath",
   "value": "//select[@class='form-control input-sm inline-block runsheet-select runsheet-type ng-pristine ng-untouched ng-valid']"
}
[1555442725.261][INFO]: Waiting for pending navigations...
[1555442725.262][INFO]: Done waiting for pending navigations. Status: ok
[1555442725.269][INFO]: Waiting for pending navigations...
[1555442725.271][INFO]: Done waiting for pending navigations. Status: ok
[1555442725.271][INFO]: [bb1e2c73491a80bfcdfae0a53d3ad980] RESPONSE FindElement {
   "ELEMENT": "0.0046636791754026685-3"
}
[1555442725.273][INFO]: [bb1e2c73491a80bfcdfae0a53d3ad980] COMMAND TypeElement {
   "id": "0.0046636791754026685-3",
   "value": [ "My Company Runsheets" ]
}
[1555442725.273][INFO]: Waiting for pending navigations...
[1555442725.275][INFO]: Done waiting for pending navigations. Status: ok
[1555442725.568][INFO]: Waiting for pending navigations...
[1555442725.568][INFO]: Done waiting for pending navigations. Status: ok
[1555442725.568][INFO]: [bb1e2c73491a80bfcdfae0a53d3ad980] RESPONSE TypeElement
[1555442727.570][INFO]: [bb1e2c73491a80bfcdfae0a53d3ad980] COMMAND SetTimeouts {
   "ms": 0,
   "type": "implicit"
}
[1555442727.570][INFO]: [bb1e2c73491a80bfcdfae0a53d3ad980] RESPONSE SetTimeouts
[1555442727.572][INFO]: [bb1e2c73491a80bfcdfae0a53d3ad980] COMMAND FindElement {
   "using": "xpath",
   "value": "//input[@name='myCompanyRunsheets']"
}
[1555442727.572][INFO]: Waiting for pending navigations...
[1555442727.574][INFO]: Done waiting for pending navigations. Status: ok
[1555442727.586][INFO]: Waiting for pending navigations...
[1555442727.587][INFO]: Done waiting for pending navigations. Status: ok
[1555442727.587][INFO]: [bb1e2c73491a80bfcdfae0a53d3ad980] RESPONSE FindElement {
   "ELEMENT": "0.0046636791754026685-4"
}
[1555442728.589][INFO]: [bb1e2c73491a80bfcdfae0a53d3ad980] COMMAND SetTimeouts {
   "ms": 0,
   "type": "implicit"
}
[1555442728.589][INFO]: [bb1e2c73491a80bfcdfae0a53d3ad980] RESPONSE SetTimeouts
[1555442728.591][INFO]: [bb1e2c73491a80bfcdfae0a53d3ad980] COMMAND FindElement {
   "using": "xpath",
   "value": "//input[@class='form-control input-sm inline-block runsheet-select-type-ahead ng-pristine ng-untouched ng-valid ng-valid-editable']"
}
[1555442728.591][INFO]: Waiting for pending navigations...
[1555442728.592][INFO]: Done waiting for pending navigations. Status: ok
[1555442728.603][INFO]: Waiting for pending navigations...
[1555442728.604][INFO]: Done waiting for pending navigations. Status: ok
[1555442728.604][INFO]: [bb1e2c73491a80bfcdfae0a53d3ad980] RESPONSE FindElement {
   "ELEMENT": "0.0046636791754026685-4"
}
[1555442728.607][INFO]: [bb1e2c73491a80bfcdfae0a53d3ad980] COMMAND FindElement {
   "using": "xpath",
   "value": "//input[@class='form-control input-sm inline-block runsheet-select-type-ahead ng-pristine ng-untouched ng-valid ng-valid-editable']"
}
[1555442728.607][INFO]: Waiting for pending navigations...
[1555442728.608][INFO]: Done waiting for pending navigations. Status: ok
[1555442728.615][INFO]: Waiting for pending navigations...
[1555442728.616][INFO]: Done waiting for pending navigations. Status: ok
[1555442728.616][INFO]: [bb1e2c73491a80bfcdfae0a53d3ad980] RESPONSE FindElement {
   "ELEMENT": "0.0046636791754026685-4"
}
[1555442728.620][INFO]: [bb1e2c73491a80bfcdfae0a53d3ad980] COMMAND TypeElement {
   "id": "0.0046636791754026685-4",
   "value": [ "MyCompanyRunsheetA4 16 2019" ]
}
[1555442728.620][INFO]: Waiting for pending navigations...
[1555442728.621][INFO]: Done waiting for pending navigations. Status: ok
[1555442729.274][INFO]: Waiting for pending navigations...
[1555442729.288][INFO]: Done waiting for pending navigations. Status: ok
[1555442729.288][INFO]: [bb1e2c73491a80bfcdfae0a53d3ad980] RESPONSE TypeElement
[1555442734.290][INFO]: [bb1e2c73491a80bfcdfae0a53d3ad980] COMMAND FindElements {
   "using": "xpath",
   "value": "//strong['MyCompanyRunsheetA4 16 2019']"
}
[1555442734.290][INFO]: Waiting for pending navigations...
[1555442734.291][INFO]: Done waiting for pending navigations. Status: ok
[1555442734.303][INFO]: Waiting for pending navigations...
[1555442734.304][INFO]: Done waiting for pending navigations. Status: ok
[1555442734.304][INFO]: [bb1e2c73491a80bfcdfae0a53d3ad980] RESPONSE FindElements [ {
   "ELEMENT": "0.0046636791754026685-5"
}, {
   "ELEMENT": "0.0046636791754026685-6"
} ]
[1555442734.307][INFO]: [bb1e2c73491a80bfcdfae0a53d3ad980] COMMAND ClickElement {
   "id": "0.0046636791754026685-5"
}
[1555442734.307][INFO]: Waiting for pending navigations...
[1555442734.308][INFO]: Done waiting for pending navigations. Status: ok
[1555442734.506][INFO]: Waiting for pending navigations...
[1555442734.520][INFO]: Done waiting for pending navigations. Status: ok
[1555442734.520][INFO]: [bb1e2c73491a80bfcdfae0a53d3ad980] RESPONSE ClickElement
[1555442734.524][INFO]: [bb1e2c73491a80bfcdfae0a53d3ad980] COMMAND FindElements {
   "using": "xpath",
   "value": "//button[@ng-show='currentRunsheet && runsheetSharingAccess === requestCopyIndex']"
}
[1555442734.524][INFO]: Waiting for pending navigations...
[1555442734.560][INFO]: Done waiting for pending navigations. Status: ok
[1555442734.577][INFO]: Waiting for pending navigations...
[1555442734.579][INFO]: Done waiting for pending navigations. Status: ok
[1555442734.579][INFO]: [bb1e2c73491a80bfcdfae0a53d3ad980] RESPONSE FindElements [ {
   "ELEMENT": "0.0046636791754026685-7"
} ]
[1555442734.581][INFO]: [bb1e2c73491a80bfcdfae0a53d3ad980] COMMAND ClickElement {
   "id": "0.0046636791754026685-7"
}
[1555442734.581][INFO]: Waiting for pending navigations...
[1555442734.583][INFO]: Done waiting for pending navigations. Status: ok
[1555442734.689][INFO]: Waiting for pending navigations...
[1555442734.696][INFO]: Done waiting for pending navigations. Status: ok
[1555442734.696][INFO]: [bb1e2c73491a80bfcdfae0a53d3ad980] RESPONSE ClickElement
[1555442734.699][INFO]: [bb1e2c73491a80bfcdfae0a53d3ad980] COMMAND SetTimeouts {
   "ms": 0,
   "type": "implicit"
}
[1555442734.699][INFO]: [bb1e2c73491a80bfcdfae0a53d3ad980] RESPONSE SetTimeouts
[1555442734.702][INFO]: [bb1e2c73491a80bfcdfae0a53d3ad980] COMMAND FindElement {
   "using": "xpath",
   "value": "//button[@ng-show='modalAlertOptions.showCancelButton']"
}
[1555442734.702][INFO]: Waiting for pending navigations...
[1555442734.727][INFO]: Done waiting for pending navigations. Status: ok
[1555442734.757][INFO]: Waiting for pending navigations...
[1555442734.777][INFO]: Done waiting for pending navigations. Status: ok
[1555442734.777][INFO]: [bb1e2c73491a80bfcdfae0a53d3ad980] RESPONSE FindElement {
   "ELEMENT": "0.0046636791754026685-8"
}
[1555442734.783][INFO]: [bb1e2c73491a80bfcdfae0a53d3ad980] COMMAND FindElements {
   "using": "xpath",
   "value": "//button[@ng-show='modalAlertOptions.showOkButton']"
}
[1555442734.783][INFO]: Waiting for pending navigations...
[1555442734.803][INFO]: Done waiting for pending navigations. Status: ok
[1555442734.820][INFO]: Waiting for pending navigations...
[1555442734.822][INFO]: Done waiting for pending navigations. Status: ok
[1555442734.822][INFO]: [bb1e2c73491a80bfcdfae0a53d3ad980] RESPONSE FindElements [ {
   "ELEMENT": "0.0046636791754026685-9"
} ]
[1555442734.826][INFO]: [bb1e2c73491a80bfcdfae0a53d3ad980] COMMAND ClickElement {
   "id": "0.0046636791754026685-9"
}
[1555442734.826][INFO]: Waiting for pending navigations...
[1555442734.827][INFO]: Done waiting for pending navigations. Status: ok
[1555442734.930][INFO]: Waiting for pending navigations...
[1555442734.938][INFO]: Done waiting for pending navigations. Status: ok
[1555442734.938][INFO]: [bb1e2c73491a80bfcdfae0a53d3ad980] RESPONSE ClickElement
[1555442734.947][INFO]: [bb1e2c73491a80bfcdfae0a53d3ad980] COMMAND SetTimeouts {
   "ms": 0,
   "type": "implicit"
}
[1555442734.947][INFO]: [bb1e2c73491a80bfcdfae0a53d3ad980] RESPONSE SetTimeouts
[1555442734.953][INFO]: [bb1e2c73491a80bfcdfae0a53d3ad980] COMMAND FindElement {
   "using": "xpath",
   "value": "//div[@class='toast-message']"
}
[1555442734.953][INFO]: Waiting for pending navigations...
[1555442734.980][INFO]: Done waiting for pending navigations. Status: ok
[1555442735.001][INFO]: Waiting for pending navigations...
[1555442735.003][INFO]: Done waiting for pending navigations. Status: ok
[1555442735.003][INFO]: [bb1e2c73491a80bfcdfae0a53d3ad980] RESPONSE FindElement ERROR no such element: Unable to locate element: {"method":"xpath","selector":"//div[@class='toast-message']"}
  (Session info: chrome=73.0.3683.103)
[1555442735.506][INFO]: [bb1e2c73491a80bfcdfae0a53d3ad980] COMMAND SetTimeouts {
   "ms": 0,
   "type": "implicit"
}
[1555442735.506][INFO]: [bb1e2c73491a80bfcdfae0a53d3ad980] RESPONSE SetTimeouts
[1555442735.508][INFO]: [bb1e2c73491a80bfcdfae0a53d3ad980] COMMAND FindElement {
   "using": "xpath",
   "value": "//div[@class='toast-message']"
}
[1555442735.508][INFO]: Waiting for pending navigations...
[1555442735.510][INFO]: Done waiting for pending navigations. Status: ok
[1555442735.519][INFO]: Waiting for pending navigations...
[1555442735.520][INFO]: Done waiting for pending navigations. Status: ok
[1555442735.520][INFO]: [bb1e2c73491a80bfcdfae0a53d3ad980] RESPONSE FindElement ERROR no such element: Unable to locate element: {"method":"xpath","selector":"//div[@class='toast-message']"}
  (Session info: chrome=73.0.3683.103)
[1555442736.024][INFO]: [bb1e2c73491a80bfcdfae0a53d3ad980] COMMAND SetTimeouts {
   "ms": 0,
   "type": "implicit"
}
[1555442736.024][INFO]: [bb1e2c73491a80bfcdfae0a53d3ad980] RESPONSE SetTimeouts
[1555442736.027][INFO]: [bb1e2c73491a80bfcdfae0a53d3ad980] COMMAND FindElement {
   "using": "xpath",
   "value": "//div[@class='toast-message']"
}
[1555442736.027][INFO]: Waiting for pending navigations...
[1555442736.028][INFO]: Done waiting for pending navigations. Status: ok
[1555442736.039][INFO]: Waiting for pending navigations...
[1555442736.040][INFO]: Done waiting for pending navigations. Status: ok
[1555442736.040][INFO]: [bb1e2c73491a80bfcdfae0a53d3ad980] RESPONSE FindElement ERROR no such element: Unable to locate element: {"method":"xpath","selector":"//div[@class='toast-message']"}
  (Session info: chrome=73.0.3683.103)
[1555442736.543][INFO]: [bb1e2c73491a80bfcdfae0a53d3ad980] COMMAND SetTimeouts {
   "ms": 0,
   "type": "implicit"
}
[1555442736.543][INFO]: [bb1e2c73491a80bfcdfae0a53d3ad980] RESPONSE SetTimeouts
[1555442736.546][INFO]: [bb1e2c73491a80bfcdfae0a53d3ad980] COMMAND FindElement {
   "using": "xpath",
   "value": "//div[@class='toast-message']"
}
[1555442736.546][INFO]: Waiting for pending navigations...
[1555442736.547][INFO]: Done waiting for pending navigations. Status: ok
[1555442736.557][INFO]: Waiting for pending navigations...
[1555442736.558][INFO]: Done waiting for pending navigations. Status: ok
[1555442736.558][INFO]: [bb1e2c73491a80bfcdfae0a53d3ad980] RESPONSE FindElement ERROR no such element: Unable to locate element: {"method":"xpath","selector":"//div[@class='toast-message']"}
  (Session info: chrome=73.0.3683.103)
[1555442737.060][INFO]: [bb1e2c73491a80bfcdfae0a53d3ad980] COMMAND SetTimeouts {
   "ms": 0,
   "type": "implicit"
}
[1555442737.060][INFO]: [bb1e2c73491a80bfcdfae0a53d3ad980] RESPONSE SetTimeouts
[1555442737.063][INFO]: [bb1e2c73491a80bfcdfae0a53d3ad980] COMMAND FindElement {
   "using": "xpath",
   "value": "//div[@class='toast-message']"
}
[1555442737.063][INFO]: Waiting for pending navigations...
[1555442737.065][INFO]: Done waiting for pending navigations. Status: ok
[1555442737.078][INFO]: Waiting for pending navigations...
[1555442737.079][INFO]: Done waiting for pending navigations. Status: ok
[1555442737.079][INFO]: [bb1e2c73491a80bfcdfae0a53d3ad980] RESPONSE FindElement ERROR no such element: Unable to locate element: {"method":"xpath","selector":"//div[@class='toast-message']"}
  (Session info: chrome=73.0.3683.103)
[1555442737.585][INFO]: [bb1e2c73491a80bfcdfae0a53d3ad980] COMMAND SetTimeouts {
   "ms": 0,
   "type": "implicit"
}
[1555442737.585][INFO]: [bb1e2c73491a80bfcdfae0a53d3ad980] RESPONSE SetTimeouts
[1555442737.589][INFO]: [bb1e2c73491a80bfcdfae0a53d3ad980] COMMAND FindElement {
   "using": "xpath",
   "value": "//div[@class='toast-message']"
}
[1555442737.589][INFO]: Waiting for pending navigations...
[1555442737.590][INFO]: Done waiting for pending navigations. Status: ok
[1555442737.603][INFO]: Waiting for pending navigations...
[1555442737.604][INFO]: Done waiting for pending navigations. Status: ok
[1555442737.604][INFO]: [bb1e2c73491a80bfcdfae0a53d3ad980] RESPONSE FindElement ERROR no such element: Unable to locate element: {"method":"xpath","selector":"//div[@class='toast-message']"}
  (Session info: chrome=73.0.3683.103)
[1555442738.107][INFO]: [bb1e2c73491a80bfcdfae0a53d3ad980] COMMAND SetTimeouts {
   "ms": 0,
   "type": "implicit"
}
[1555442738.107][INFO]: [bb1e2c73491a80bfcdfae0a53d3ad980] RESPONSE SetTimeouts
[1555442738.111][INFO]: [bb1e2c73491a80bfcdfae0a53d3ad980] COMMAND FindElement {
   "using": "xpath",
   "value": "//div[@class='toast-message']"
}
[1555442738.112][INFO]: Waiting for pending navigations...
[1555442738.113][INFO]: Done waiting for pending navigations. Status: ok
[1555442738.123][INFO]: Waiting for pending navigations...
[1555442738.124][INFO]: Done waiting for pending navigations. Status: ok
[1555442738.124][INFO]: [bb1e2c73491a80bfcdfae0a53d3ad980] RESPONSE FindElement {
   "ELEMENT": "0.0046636791754026685-10"
}
[1555442738.127][INFO]: [bb1e2c73491a80bfcdfae0a53d3ad980] COMMAND FindElement {
   "using": "xpath",
   "value": "//div[@class='toast-message']"
}
[1555442738.127][INFO]: Waiting for pending navigations...
[1555442738.128][INFO]: Done waiting for pending navigations. Status: ok
[1555442738.137][INFO]: Waiting for pending navigations...
[1555442738.140][INFO]: Done waiting for pending navigations. Status: ok
[1555442738.140][INFO]: [bb1e2c73491a80bfcdfae0a53d3ad980] RESPONSE FindElement {
   "ELEMENT": "0.0046636791754026685-10"
}
[1555442738.142][INFO]: [bb1e2c73491a80bfcdfae0a53d3ad980] COMMAND GetElementText {
   "id": "0.0046636791754026685-10"
}
[1555442738.142][INFO]: Waiting for pending navigations...
[1555442738.143][INFO]: Done waiting for pending navigations. Status: ok
[1555442738.157][INFO]: Waiting for pending navigations...
[1555442738.160][INFO]: Done waiting for pending navigations. Status: ok
[1555442738.160][INFO]: [bb1e2c73491a80bfcdfae0a53d3ad980] RESPONSE GetElementText "Your request for a copy of the Runsheet: 'MyCompanyRunsheetA4 16 2019' has been sent to the SuperUsers in your Company. You will receive an email once the request is approved or denied."
