[1557413453.224][INFO]: Starting ChromeDriver 74.0.3729.6 (255758eccf3d244491b8a1317aa76e1ce10d57e9-refs/branch-heads/3729@{#29})
[1557413453.224][INFO]: Please protect ports used by ChromeDriver and related test frameworks to prevent access by malicious code.
[1557413454.004][INFO]: [551e6c52fbefe32b795992649fa04af7] COMMAND InitSession {
   "capabilities": {
      "firstMatch": [ {
         "browserName": "chrome",
         "goog:chromeOptions": {
            "args": [  ],
            "extensions": [  ]
         }
      } ]
   },
   "desiredCapabilities": {
      "browserName": "chrome",
      "goog:chromeOptions": {
         "args": [  ],
         "extensions": [  ]
      }
   }
}
[1557413454.010][INFO]: Populating Preferences file: {
   "alternate_error_pages": {
      "enabled": false
   },
   "autofill": {
      "enabled": false
   },
   "browser": {
      "check_default_browser": false
   },
   "distribution": {
      "import_bookmarks": false,
      "import_history": false,
      "import_search_engine": false,
      "make_chrome_default_for_user": false,
      "skip_first_run_ui": true
   },
   "dns_prefetching": {
      "enabled": false
   },
   "profile": {
      "content_settings": {
         "pattern_pairs": {
            "https://*,*": {
               "media-stream": {
                  "audio": "Default",
                  "video": "Default"
               }
            }
         }
      },
      "default_content_setting_values": {
         "geolocation": 1
      },
      "default_content_settings": {
         "geolocation": 1,
         "mouselock": 1,
         "notifications": 1,
         "popups": 1,
         "ppapi-broker": 1
      },
      "password_manager_enabled": false
   },
   "safebrowsing": {
      "enabled": false
   },
   "search": {
      "suggest_enabled": false
   },
   "translate": {
      "enabled": false
   }
}
[1557413454.012][INFO]: Populating Local State file: {
   "background_mode": {
      "enabled": false
   },
   "ssl": {
      "rev_checking": {
         "enabled": false
      }
   }
}
[1557413454.088][INFO]: Launching chrome: "C:\Program Files (x86)\Google\Chrome\Application\chrome.exe" --disable-background-networking --disable-client-side-phishing-detection --disable-default-apps --disable-hang-monitor --disable-popup-blocking --disable-prompt-on-repost --disable-sync --disable-web-resources --enable-automation --enable-blink-features=ShadowDOMV0 --enable-logging --force-fieldtrials=SiteIsolationExtensions/Control --ignore-certificate-errors --load-extension="C:\Users\Adrian\AppData\Local\Temp\scoped_dir27700_4639\internal" --log-level=0 --no-first-run --password-store=basic --remote-debugging-port=0 --test-type=webdriver --use-mock-keychain --user-data-dir="C:\Users\Adrian\AppData\Local\Temp\scoped_dir27700_18258" data:,
[1557413455.539][INFO]: resolved localhost to ["::1","127.0.0.1"]
[1557413456.559][INFO]: [551e6c52fbefe32b795992649fa04af7] RESPONSE InitSession {
   "acceptInsecureCerts": false,
   "acceptSslCerts": false,
   "applicationCacheEnabled": false,
   "browserConnectionEnabled": false,
   "browserName": "chrome",
   "chrome": {
      "chromedriverVersion": "74.0.3729.6 (255758eccf3d244491b8a1317aa76e1ce10d57e9-refs/branch-heads/3729@{#29})",
      "userDataDir": "C:\\Users\\Adrian\\AppData\\Local\\Temp\\scoped_dir27700_18258"
   },
   "cssSelectorsEnabled": true,
   "databaseEnabled": false,
   "goog:chromeOptions": {
      "debuggerAddress": "localhost:54111"
   },
   "handlesAlerts": true,
   "hasTouchScreen": false,
   "javascriptEnabled": true,
   "locationContextEnabled": true,
   "mobileEmulationEnabled": false,
   "nativeEvents": true,
   "networkConnectionEnabled": false,
   "pageLoadStrategy": "normal",
   "platform": "Windows NT",
   "proxy": {

   },
   "~~~": "..."
}
[1557413456.640][INFO]: [551e6c52fbefe32b795992649fa04af7] COMMAND MaximizeWindow {
   "handle": "current",
   "windowHandle": "current"
}
[1557413456.640][INFO]: Waiting for pending navigations...
[1557413456.663][INFO]: Done waiting for pending navigations. Status: ok
[1557413456.664][INFO]: resolved localhost to ["::1","127.0.0.1"]
[1557413457.795][INFO]: Waiting for pending navigations...
[1557413457.796][INFO]: Done waiting for pending navigations. Status: ok
[1557413457.796][INFO]: [551e6c52fbefe32b795992649fa04af7] RESPONSE MaximizeWindow {
   "height": 744,
   "width": 1382,
   "x": -8,
   "y": -8
}
[1557413457.802][INFO]: [551e6c52fbefe32b795992649fa04af7] COMMAND SetTimeouts {
   "ms": 5000,
   "type": "implicit"
}
[1557413457.802][INFO]: [551e6c52fbefe32b795992649fa04af7] RESPONSE SetTimeouts
[1557413457.810][INFO]: [551e6c52fbefe32b795992649fa04af7] COMMAND Navigate {
   "url": "https://app.dev.drillinginfo.com/courthouse/"
}
[1557413457.810][INFO]: Waiting for pending navigations...
[1557413457.811][INFO]: Done waiting for pending navigations. Status: ok
[1557413459.074][INFO]: Waiting for pending navigations...
[1557413492.031][INFO]: Done waiting for pending navigations. Status: ok
[1557413492.031][INFO]: [551e6c52fbefe32b795992649fa04af7] RESPONSE Navigate
[1557413492.080][INFO]: [551e6c52fbefe32b795992649fa04af7] COMMAND FindElements {
   "using": "xpath",
   "value": "//p[@class='signInText-login']"
}
[1557413492.080][INFO]: Waiting for pending navigations...
[1557413492.081][INFO]: Done waiting for pending navigations. Status: ok
[1557413492.110][INFO]: Waiting for pending navigations...
[1557413492.111][INFO]: Done waiting for pending navigations. Status: ok
[1557413492.111][INFO]: [551e6c52fbefe32b795992649fa04af7] RESPONSE FindElements [ {
   "ELEMENT": "0.4172467067676626-1"
} ]
[1557413492.123][INFO]: [551e6c52fbefe32b795992649fa04af7] COMMAND IsElementDisplayed {
   "id": "0.4172467067676626-1"
}
[1557413492.123][INFO]: Waiting for pending navigations...
[1557413492.125][INFO]: Done waiting for pending navigations. Status: ok
[1557413492.149][INFO]: Waiting for pending navigations...
[1557413492.154][INFO]: Done waiting for pending navigations. Status: ok
[1557413492.154][INFO]: [551e6c52fbefe32b795992649fa04af7] RESPONSE IsElementDisplayed true
[1557413492.163][INFO]: [551e6c52fbefe32b795992649fa04af7] COMMAND FindElements {
   "using": "xpath",
   "value": "//a[@href='https://app.dev.drillinginfo.com/courthouse/login']"
}
[1557413492.163][INFO]: Waiting for pending navigations...
[1557413492.164][INFO]: Done waiting for pending navigations. Status: ok
[1557413492.186][INFO]: Waiting for pending navigations...
[1557413492.188][INFO]: Done waiting for pending navigations. Status: ok
[1557413492.188][INFO]: [551e6c52fbefe32b795992649fa04af7] RESPONSE FindElements [ {
   "ELEMENT": "0.4172467067676626-2"
} ]
[1557413492.194][INFO]: [551e6c52fbefe32b795992649fa04af7] COMMAND ClickElement {
   "id": "0.4172467067676626-2"
}
[1557413492.194][INFO]: Waiting for pending navigations...
[1557413492.196][INFO]: Done waiting for pending navigations. Status: ok
[1557413492.302][INFO]: Waiting for pending navigations...
[1557413500.905][INFO]: Done waiting for pending navigations. Status: ok
[1557413500.905][INFO]: [551e6c52fbefe32b795992649fa04af7] RESPONSE ClickElement
[1557413500.912][INFO]: [551e6c52fbefe32b795992649fa04af7] COMMAND FindElements {
   "using": "xpath",
   "value": "//div[@class='di-app-loading-message']"
}
[1557413500.912][INFO]: Waiting for pending navigations...
[1557413500.928][INFO]: Done waiting for pending navigations. Status: ok
[1557413505.952][INFO]: Waiting for pending navigations...
[1557413505.953][INFO]: Done waiting for pending navigations. Status: ok
[1557413505.953][INFO]: [551e6c52fbefe32b795992649fa04af7] RESPONSE FindElements [  ]
[1557413506.966][INFO]: [551e6c52fbefe32b795992649fa04af7] COMMAND SetTimeouts {
   "ms": 0,
   "type": "implicit"
}
[1557413506.966][INFO]: [551e6c52fbefe32b795992649fa04af7] RESPONSE SetTimeouts
[1557413506.974][INFO]: [551e6c52fbefe32b795992649fa04af7] COMMAND FindElement {
   "using": "xpath",
   "value": "//p[text()='DI Courthouse Contractor/PayGo/Free Trial']"
}
[1557413506.974][INFO]: Waiting for pending navigations...
[1557413506.976][INFO]: Done waiting for pending navigations. Status: ok
[1557413506.999][INFO]: Waiting for pending navigations...
[1557413507.001][INFO]: Done waiting for pending navigations. Status: ok
[1557413507.001][INFO]: [551e6c52fbefe32b795992649fa04af7] RESPONSE FindElement {
   "ELEMENT": "0.3856801324152843-1"
}
[1557413507.007][INFO]: [551e6c52fbefe32b795992649fa04af7] COMMAND SetTimeouts {
   "ms": 0,
   "type": "implicit"
}
[1557413507.007][INFO]: [551e6c52fbefe32b795992649fa04af7] RESPONSE SetTimeouts
[1557413507.012][INFO]: [551e6c52fbefe32b795992649fa04af7] COMMAND FindElement {
   "using": "id",
   "value": "username"
}
[1557413507.012][INFO]: Waiting for pending navigations...
[1557413507.013][INFO]: Done waiting for pending navigations. Status: ok
[1557413507.033][INFO]: Waiting for pending navigations...
[1557413507.033][INFO]: Done waiting for pending navigations. Status: ok
[1557413507.033][INFO]: [551e6c52fbefe32b795992649fa04af7] RESPONSE FindElement {
   "ELEMENT": "0.3856801324152843-2"
}
[1557413507.038][INFO]: [551e6c52fbefe32b795992649fa04af7] COMMAND FindElement {
   "using": "id",
   "value": "username"
}
[1557413507.038][INFO]: Waiting for pending navigations...
[1557413507.039][INFO]: Done waiting for pending navigations. Status: ok
[1557413507.046][INFO]: Waiting for pending navigations...
[1557413507.047][INFO]: Done waiting for pending navigations. Status: ok
[1557413507.047][INFO]: [551e6c52fbefe32b795992649fa04af7] RESPONSE FindElement {
   "ELEMENT": "0.3856801324152843-2"
}
[1557413507.052][INFO]: [551e6c52fbefe32b795992649fa04af7] COMMAND TypeElement {
   "id": "0.3856801324152843-2",
   "value": [ "newfreetrial_1" ]
}
[1557413507.052][INFO]: Waiting for pending navigations...
[1557413507.053][INFO]: Done waiting for pending navigations. Status: ok
[1557413507.168][INFO]: Waiting for pending navigations...
[1557413507.168][INFO]: Done waiting for pending navigations. Status: ok
[1557413507.168][INFO]: [551e6c52fbefe32b795992649fa04af7] RESPONSE TypeElement
[1557413507.172][INFO]: [551e6c52fbefe32b795992649fa04af7] COMMAND SetTimeouts {
   "ms": 0,
   "type": "implicit"
}
[1557413507.172][INFO]: [551e6c52fbefe32b795992649fa04af7] RESPONSE SetTimeouts
[1557413507.176][INFO]: [551e6c52fbefe32b795992649fa04af7] COMMAND FindElement {
   "using": "id",
   "value": "password"
}
[1557413507.176][INFO]: Waiting for pending navigations...
[1557413507.177][INFO]: Done waiting for pending navigations. Status: ok
[1557413507.194][INFO]: Waiting for pending navigations...
[1557413507.195][INFO]: Done waiting for pending navigations. Status: ok
[1557413507.196][INFO]: [551e6c52fbefe32b795992649fa04af7] RESPONSE FindElement {
   "ELEMENT": "0.3856801324152843-3"
}
[1557413507.200][INFO]: [551e6c52fbefe32b795992649fa04af7] COMMAND FindElement {
   "using": "id",
   "value": "password"
}
[1557413507.200][INFO]: Waiting for pending navigations...
[1557413507.201][INFO]: Done waiting for pending navigations. Status: ok
[1557413507.208][INFO]: Waiting for pending navigations...
[1557413507.209][INFO]: Done waiting for pending navigations. Status: ok
[1557413507.209][INFO]: [551e6c52fbefe32b795992649fa04af7] RESPONSE FindElement {
   "ELEMENT": "0.3856801324152843-3"
}
[1557413507.212][INFO]: [551e6c52fbefe32b795992649fa04af7] COMMAND TypeElement {
   "id": "0.3856801324152843-3",
   "value": [ "As123456789" ]
}
[1557413507.212][INFO]: Waiting for pending navigations...
[1557413507.213][INFO]: Done waiting for pending navigations. Status: ok
[1557413507.314][INFO]: Waiting for pending navigations...
[1557413507.316][INFO]: Done waiting for pending navigations. Status: ok
[1557413507.316][INFO]: [551e6c52fbefe32b795992649fa04af7] RESPONSE TypeElement
[1557413508.320][INFO]: [551e6c52fbefe32b795992649fa04af7] COMMAND FindElements {
   "using": "id",
   "value": "login"
}
[1557413508.320][INFO]: Waiting for pending navigations...
[1557413508.322][INFO]: Done waiting for pending navigations. Status: ok
[1557413508.340][INFO]: Waiting for pending navigations...
[1557413508.341][INFO]: Done waiting for pending navigations. Status: ok
[1557413508.341][INFO]: [551e6c52fbefe32b795992649fa04af7] RESPONSE FindElements [ {
   "ELEMENT": "0.3856801324152843-4"
} ]
[1557413508.344][INFO]: [551e6c52fbefe32b795992649fa04af7] COMMAND ClickElement {
   "id": "0.3856801324152843-4"
}
[1557413508.344][INFO]: Waiting for pending navigations...
[1557413508.345][INFO]: Done waiting for pending navigations. Status: ok
[1557413508.448][INFO]: Waiting for pending navigations...
[1557413508.450][INFO]: Done waiting for pending navigations. Status: ok
[1557413508.450][INFO]: [551e6c52fbefe32b795992649fa04af7] RESPONSE ClickElement
[1557413508.454][INFO]: [551e6c52fbefe32b795992649fa04af7] COMMAND SetTimeouts {
   "ms": 0,
   "type": "implicit"
}
[1557413508.454][INFO]: [551e6c52fbefe32b795992649fa04af7] RESPONSE SetTimeouts
[1557413508.457][INFO]: [551e6c52fbefe32b795992649fa04af7] COMMAND FindElement {
   "using": "xpath",
   "value": "//a[@class='home-btn active-item']"
}
[1557413508.457][INFO]: Waiting for pending navigations...
[1557413508.458][INFO]: Done waiting for pending navigations. Status: ok
[1557413508.479][INFO]: Waiting for pending navigations...
[1557413508.481][INFO]: Done waiting for pending navigations. Status: ok
[1557413508.481][INFO]: [551e6c52fbefe32b795992649fa04af7] RESPONSE FindElement ERROR no such element: Unable to locate element: {"method":"xpath","selector":"//a[@class='home-btn active-item']"}
  (Session info: chrome=74.0.3729.131)
[1557413508.998][INFO]: [551e6c52fbefe32b795992649fa04af7] COMMAND SetTimeouts {
   "ms": 0,
   "type": "implicit"
}
[1557413508.998][INFO]: [551e6c52fbefe32b795992649fa04af7] RESPONSE SetTimeouts
[1557413509.001][INFO]: [551e6c52fbefe32b795992649fa04af7] COMMAND FindElement {
   "using": "xpath",
   "value": "//a[@class='home-btn active-item']"
}
[1557413509.002][INFO]: Waiting for pending navigations...
[1557413514.935][INFO]: Done waiting for pending navigations. Status: ok
[1557413514.964][INFO]: Waiting for pending navigations...
[1557413514.967][INFO]: Done waiting for pending navigations. Status: ok
[1557413514.967][INFO]: [551e6c52fbefe32b795992649fa04af7] RESPONSE FindElement {
   "ELEMENT": "0.30083161213687815-1"
}
[1557413519.970][INFO]: [551e6c52fbefe32b795992649fa04af7] COMMAND FindElements {
   "using": "xpath",
   "value": "//a[@class='home-btn active-item']"
}
[1557413519.971][INFO]: Waiting for pending navigations...
[1557413519.972][INFO]: Done waiting for pending navigations. Status: ok
[1557413519.990][INFO]: Waiting for pending navigations...
[1557413519.995][INFO]: Done waiting for pending navigations. Status: ok
[1557413519.995][INFO]: [551e6c52fbefe32b795992649fa04af7] RESPONSE FindElements [ {
   "ELEMENT": "0.30083161213687815-1"
} ]
[1557413519.999][INFO]: [551e6c52fbefe32b795992649fa04af7] COMMAND ClickElement {
   "id": "0.30083161213687815-1"
}
[1557413519.999][INFO]: Waiting for pending navigations...
[1557413520.001][INFO]: Done waiting for pending navigations. Status: ok
[1557413520.113][INFO]: Waiting for pending navigations...
[1557413520.118][INFO]: Done waiting for pending navigations. Status: ok
[1557413520.118][INFO]: [551e6c52fbefe32b795992649fa04af7] RESPONSE ClickElement
[1557413527.147][INFO]: [551e6c52fbefe32b795992649fa04af7] COMMAND SetTimeouts {
   "ms": 0,
   "type": "implicit"
}
[1557413527.147][INFO]: [551e6c52fbefe32b795992649fa04af7] RESPONSE SetTimeouts
[1557413527.151][INFO]: [551e6c52fbefe32b795992649fa04af7] COMMAND FindElement {
   "using": "xpath",
   "value": "//h5[@name='Search Results']"
}
[1557413527.151][INFO]: Waiting for pending navigations...
[1557413527.153][INFO]: Done waiting for pending navigations. Status: ok
[1557413527.178][INFO]: Waiting for pending navigations...
[1557413527.179][INFO]: Done waiting for pending navigations. Status: ok
[1557413527.179][INFO]: [551e6c52fbefe32b795992649fa04af7] RESPONSE FindElement {
   "ELEMENT": "0.30083161213687815-2"
}
[1557413527.185][INFO]: [551e6c52fbefe32b795992649fa04af7] COMMAND FindElements {
   "using": "xpath",
   "value": "//i[@class='fa fa-search fa-flip-horizontal']"
}
[1557413527.185][INFO]: Waiting for pending navigations...
[1557413527.186][INFO]: Done waiting for pending navigations. Status: ok
[1557413527.213][INFO]: Waiting for pending navigations...
[1557413527.219][INFO]: Done waiting for pending navigations. Status: ok
[1557413527.219][INFO]: [551e6c52fbefe32b795992649fa04af7] RESPONSE FindElements [ {
   "ELEMENT": "0.30083161213687815-3"
} ]
[1557413527.223][INFO]: [551e6c52fbefe32b795992649fa04af7] COMMAND ClickElement {
   "id": "0.30083161213687815-3"
}
[1557413527.223][INFO]: Waiting for pending navigations...
[1557413527.224][INFO]: Done waiting for pending navigations. Status: ok
[1557413527.328][INFO]: Waiting for pending navigations...
[1557413527.368][INFO]: Done waiting for pending navigations. Status: ok
[1557413527.368][INFO]: [551e6c52fbefe32b795992649fa04af7] RESPONSE ClickElement
[1557413527.372][INFO]: [551e6c52fbefe32b795992649fa04af7] COMMAND SetTimeouts {
   "ms": 0,
   "type": "implicit"
}
[1557413527.372][INFO]: [551e6c52fbefe32b795992649fa04af7] RESPONSE SetTimeouts
[1557413527.376][INFO]: [551e6c52fbefe32b795992649fa04af7] COMMAND FindElement {
   "using": "xpath",
   "value": "//h4[text()='EXPLORE']"
}
[1557413527.376][INFO]: Waiting for pending navigations...
[1557413527.409][INFO]: Done waiting for pending navigations. Status: ok
[1557413527.433][INFO]: Waiting for pending navigations...
[1557413527.434][INFO]: Done waiting for pending navigations. Status: ok
[1557413527.434][INFO]: [551e6c52fbefe32b795992649fa04af7] RESPONSE FindElement {
   "ELEMENT": "0.30083161213687815-4"
}
[1557413532.439][INFO]: [551e6c52fbefe32b795992649fa04af7] COMMAND SetTimeouts {
   "ms": 0,
   "type": "implicit"
}
[1557413532.439][INFO]: [551e6c52fbefe32b795992649fa04af7] RESPONSE SetTimeouts
[1557413532.442][INFO]: [551e6c52fbefe32b795992649fa04af7] COMMAND FindElement {
   "using": "xpath",
   "value": "//span[@class='positiveBalance ng-binding']"
}
[1557413532.442][INFO]: Waiting for pending navigations...
[1557413532.444][INFO]: Done waiting for pending navigations. Status: ok
[1557413532.474][INFO]: Waiting for pending navigations...
[1557413532.475][INFO]: Done waiting for pending navigations. Status: ok
[1557413532.475][INFO]: [551e6c52fbefe32b795992649fa04af7] RESPONSE FindElement {
   "ELEMENT": "0.30083161213687815-5"
}
[1557413532.479][INFO]: [551e6c52fbefe32b795992649fa04af7] COMMAND FindElement {
   "using": "xpath",
   "value": "//span[@class='positiveBalance ng-binding']"
}
[1557413532.480][INFO]: Waiting for pending navigations...
[1557413532.481][INFO]: Done waiting for pending navigations. Status: ok
[1557413532.493][INFO]: Waiting for pending navigations...
[1557413532.494][INFO]: Done waiting for pending navigations. Status: ok
[1557413532.494][INFO]: [551e6c52fbefe32b795992649fa04af7] RESPONSE FindElement {
   "ELEMENT": "0.30083161213687815-5"
}
[1557413532.499][INFO]: [551e6c52fbefe32b795992649fa04af7] COMMAND GetElementText {
   "id": "0.30083161213687815-5"
}
[1557413532.499][INFO]: Waiting for pending navigations...
[1557413532.500][INFO]: Done waiting for pending navigations. Status: ok
[1557413532.530][INFO]: Waiting for pending navigations...
[1557413532.531][INFO]: Done waiting for pending navigations. Status: ok
[1557413532.531][INFO]: [551e6c52fbefe32b795992649fa04af7] RESPONSE GetElementText "$729.50"
[1557413537.534][INFO]: [551e6c52fbefe32b795992649fa04af7] COMMAND SetTimeouts {
   "ms": 0,
   "type": "implicit"
}
[1557413537.534][INFO]: [551e6c52fbefe32b795992649fa04af7] RESPONSE SetTimeouts
[1557413537.537][INFO]: [551e6c52fbefe32b795992649fa04af7] COMMAND FindElement {
   "using": "xpath",
   "value": "//div[@class='filter-input-container col-xs-8']//select"
}
[1557413537.537][INFO]: Waiting for pending navigations...
[1557413537.539][INFO]: Done waiting for pending navigations. Status: ok
[1557413537.559][INFO]: Waiting for pending navigations...
[1557413537.561][INFO]: Done waiting for pending navigations. Status: ok
[1557413537.561][INFO]: [551e6c52fbefe32b795992649fa04af7] RESPONSE FindElement {
   "ELEMENT": "0.30083161213687815-6"
}
[1557413537.566][INFO]: [551e6c52fbefe32b795992649fa04af7] COMMAND FindElement {
   "using": "xpath",
   "value": "//div[@class='filter-input-container col-xs-8']//select"
}
[1557413537.566][INFO]: Waiting for pending navigations...
[1557413537.567][INFO]: Done waiting for pending navigations. Status: ok
[1557413537.576][INFO]: Waiting for pending navigations...
[1557413537.577][INFO]: Done waiting for pending navigations. Status: ok
[1557413537.577][INFO]: [551e6c52fbefe32b795992649fa04af7] RESPONSE FindElement {
   "ELEMENT": "0.30083161213687815-6"
}
[1557413537.581][INFO]: [551e6c52fbefe32b795992649fa04af7] COMMAND TypeElement {
   "id": "0.30083161213687815-6",
   "value": [ "Atascosa" ]
}
[1557413537.581][INFO]: Waiting for pending navigations...
[1557413537.583][INFO]: Done waiting for pending navigations. Status: ok
[1557413538.114][INFO]: Waiting for pending navigations...
[1557413538.115][INFO]: Done waiting for pending navigations. Status: ok
[1557413538.115][INFO]: [551e6c52fbefe32b795992649fa04af7] RESPONSE TypeElement
[1557413543.119][INFO]: [551e6c52fbefe32b795992649fa04af7] COMMAND SetTimeouts {
   "ms": 0,
   "type": "implicit"
}
[1557413543.119][INFO]: [551e6c52fbefe32b795992649fa04af7] RESPONSE SetTimeouts
[1557413543.123][INFO]: [551e6c52fbefe32b795992649fa04af7] COMMAND FindElement {
   "using": "xpath",
   "value": "//label[@for='grantor']"
}
[1557413543.123][INFO]: Waiting for pending navigations...
[1557413543.124][INFO]: Done waiting for pending navigations. Status: ok
[1557413543.141][INFO]: Waiting for pending navigations...
[1557413543.143][INFO]: Done waiting for pending navigations. Status: ok
[1557413543.143][INFO]: [551e6c52fbefe32b795992649fa04af7] RESPONSE FindElement {
   "ELEMENT": "0.30083161213687815-7"
}
[1557413544.148][INFO]: [551e6c52fbefe32b795992649fa04af7] COMMAND SetTimeouts {
   "ms": 0,
   "type": "implicit"
}
[1557413544.148][INFO]: [551e6c52fbefe32b795992649fa04af7] RESPONSE SetTimeouts
[1557413544.152][INFO]: [551e6c52fbefe32b795992649fa04af7] COMMAND FindElement {
   "using": "xpath",
   "value": "//input[@name='grantor']"
}
[1557413544.152][INFO]: Waiting for pending navigations...
[1557413544.153][INFO]: Done waiting for pending navigations. Status: ok
[1557413544.173][INFO]: Waiting for pending navigations...
[1557413544.174][INFO]: Done waiting for pending navigations. Status: ok
[1557413544.174][INFO]: [551e6c52fbefe32b795992649fa04af7] RESPONSE FindElement {
   "ELEMENT": "0.30083161213687815-8"
}
[1557413544.178][INFO]: [551e6c52fbefe32b795992649fa04af7] COMMAND FindElement {
   "using": "xpath",
   "value": "//input[@name='grantor']"
}
[1557413544.178][INFO]: Waiting for pending navigations...
[1557413544.179][INFO]: Done waiting for pending navigations. Status: ok
[1557413544.188][INFO]: Waiting for pending navigations...
[1557413544.190][INFO]: Done waiting for pending navigations. Status: ok
[1557413544.190][INFO]: [551e6c52fbefe32b795992649fa04af7] RESPONSE FindElement {
   "ELEMENT": "0.30083161213687815-8"
}
[1557413544.194][INFO]: [551e6c52fbefe32b795992649fa04af7] COMMAND TypeElement {
   "id": "0.30083161213687815-8",
   "value": [ "James" ]
}
[1557413544.194][INFO]: Waiting for pending navigations...
[1557413544.195][INFO]: Done waiting for pending navigations. Status: ok
[1557413544.324][INFO]: Waiting for pending navigations...
[1557413544.325][INFO]: Done waiting for pending navigations. Status: ok
[1557413544.325][INFO]: [551e6c52fbefe32b795992649fa04af7] RESPONSE TypeElement
[1557413547.329][INFO]: [551e6c52fbefe32b795992649fa04af7] COMMAND FindElements {
   "using": "xpath",
   "value": "//aside[@ui-view='filters']//button[@class='btn btn-primary'][@type='submit']"
}
[1557413547.329][INFO]: Waiting for pending navigations...
[1557413547.330][INFO]: Done waiting for pending navigations. Status: ok
[1557413547.348][INFO]: Waiting for pending navigations...
[1557413547.349][INFO]: Done waiting for pending navigations. Status: ok
[1557413547.349][INFO]: [551e6c52fbefe32b795992649fa04af7] RESPONSE FindElements [ {
   "ELEMENT": "0.30083161213687815-9"
} ]
[1557413547.353][INFO]: [551e6c52fbefe32b795992649fa04af7] COMMAND ClickElement {
   "id": "0.30083161213687815-9"
}
[1557413547.353][INFO]: Waiting for pending navigations...
[1557413547.354][INFO]: Done waiting for pending navigations. Status: ok
[1557413547.560][INFO]: Waiting for pending navigations...
[1557413549.155][INFO]: Done waiting for pending navigations. Status: ok
[1557413549.155][INFO]: [551e6c52fbefe32b795992649fa04af7] RESPONSE ClickElement
[1557413552.160][INFO]: [551e6c52fbefe32b795992649fa04af7] COMMAND SetTimeouts {
   "ms": 0,
   "type": "implicit"
}
[1557413552.160][INFO]: [551e6c52fbefe32b795992649fa04af7] RESPONSE SetTimeouts
[1557413552.163][INFO]: [551e6c52fbefe32b795992649fa04af7] COMMAND FindElement {
   "using": "xpath",
   "value": "//div[@class='modal-dialog']"
}
[1557413552.163][INFO]: Waiting for pending navigations...
[1557413552.164][INFO]: Done waiting for pending navigations. Status: ok
[1557413552.191][INFO]: Waiting for pending navigations...
[1557413552.192][INFO]: Done waiting for pending navigations. Status: ok
[1557413552.192][INFO]: [551e6c52fbefe32b795992649fa04af7] RESPONSE FindElement {
   "ELEMENT": "0.30083161213687815-10"
}
[1557413553.196][INFO]: [551e6c52fbefe32b795992649fa04af7] COMMAND FindElements {
   "using": "xpath",
   "value": "//button[@class='btn btn-success ng-binding']"
}
[1557413553.196][INFO]: Waiting for pending navigations...
[1557413553.198][INFO]: Done waiting for pending navigations. Status: ok
[1557413553.224][INFO]: Waiting for pending navigations...
[1557413553.249][INFO]: Done waiting for pending navigations. Status: ok
[1557413553.249][INFO]: [551e6c52fbefe32b795992649fa04af7] RESPONSE FindElements [ {
   "ELEMENT": "0.30083161213687815-11"
} ]
[1557413553.253][INFO]: [551e6c52fbefe32b795992649fa04af7] COMMAND ClickElement {
   "id": "0.30083161213687815-11"
}
[1557413553.254][INFO]: Waiting for pending navigations...
[1557413553.255][INFO]: Done waiting for pending navigations. Status: ok
[1557413553.388][INFO]: Waiting for pending navigations...
[1557413553.395][INFO]: Done waiting for pending navigations. Status: ok
[1557413553.395][INFO]: [551e6c52fbefe32b795992649fa04af7] RESPONSE ClickElement
[1557413554.396][INFO]: [551e6c52fbefe32b795992649fa04af7] COMMAND FindElements {
   "using": "xpath",
   "value": "//div[@class='spinner']"
}
[1557413554.397][INFO]: Waiting for pending navigations...
[1557413554.398][INFO]: Done waiting for pending navigations. Status: ok
[1557413554.432][INFO]: Waiting for pending navigations...
[1557413554.434][INFO]: Done waiting for pending navigations. Status: ok
[1557413554.434][INFO]: [551e6c52fbefe32b795992649fa04af7] RESPONSE FindElements [ {
   "ELEMENT": "0.30083161213687815-12"
} ]
[1557413554.436][INFO]: [551e6c52fbefe32b795992649fa04af7] COMMAND IsElementDisplayed {
   "id": "0.30083161213687815-12"
}
[1557413554.436][INFO]: Waiting for pending navigations...
[1557413554.437][INFO]: Done waiting for pending navigations. Status: ok
[1557413554.461][INFO]: Waiting for pending navigations...
[1557413554.462][INFO]: Done waiting for pending navigations. Status: ok
[1557413554.462][INFO]: [551e6c52fbefe32b795992649fa04af7] RESPONSE IsElementDisplayed true
[1557413554.964][INFO]: [551e6c52fbefe32b795992649fa04af7] COMMAND FindElements {
   "using": "xpath",
   "value": "//div[@class='spinner']"
}
[1557413554.964][INFO]: Waiting for pending navigations...
[1557413554.965][INFO]: Done waiting for pending navigations. Status: ok
[1557413554.976][INFO]: Waiting for pending navigations...
[1557413554.977][INFO]: Done waiting for pending navigations. Status: ok
[1557413554.977][INFO]: [551e6c52fbefe32b795992649fa04af7] RESPONSE FindElements [ {
   "ELEMENT": "0.30083161213687815-12"
} ]
[1557413554.979][INFO]: [551e6c52fbefe32b795992649fa04af7] COMMAND IsElementDisplayed {
   "id": "0.30083161213687815-12"
}
[1557413554.979][INFO]: Waiting for pending navigations...
[1557413554.980][INFO]: Done waiting for pending navigations. Status: ok
[1557413554.987][INFO]: Waiting for pending navigations...
[1557413554.988][INFO]: Done waiting for pending navigations. Status: ok
[1557413554.988][INFO]: [551e6c52fbefe32b795992649fa04af7] RESPONSE IsElementDisplayed true
[1557413555.491][INFO]: [551e6c52fbefe32b795992649fa04af7] COMMAND FindElements {
   "using": "xpath",
   "value": "//div[@class='spinner']"
}
[1557413555.492][INFO]: Waiting for pending navigations...
[1557413555.493][INFO]: Done waiting for pending navigations. Status: ok
[1557413555.501][INFO]: Waiting for pending navigations...
[1557413555.502][INFO]: Done waiting for pending navigations. Status: ok
[1557413555.502][INFO]: [551e6c52fbefe32b795992649fa04af7] RESPONSE FindElements [ {
   "ELEMENT": "0.30083161213687815-12"
} ]
[1557413555.504][INFO]: [551e6c52fbefe32b795992649fa04af7] COMMAND IsElementDisplayed {
   "id": "0.30083161213687815-12"
}
[1557413555.504][INFO]: Waiting for pending navigations...
[1557413555.505][INFO]: Done waiting for pending navigations. Status: ok
[1557413555.513][INFO]: Waiting for pending navigations...
[1557413555.514][INFO]: Done waiting for pending navigations. Status: ok
[1557413555.514][INFO]: [551e6c52fbefe32b795992649fa04af7] RESPONSE IsElementDisplayed true
[1557413556.016][INFO]: [551e6c52fbefe32b795992649fa04af7] COMMAND FindElements {
   "using": "xpath",
   "value": "//div[@class='spinner']"
}
[1557413556.016][INFO]: Waiting for pending navigations...
[1557413556.017][INFO]: Done waiting for pending navigations. Status: ok
[1557413556.029][INFO]: Waiting for pending navigations...
[1557413556.032][INFO]: Done waiting for pending navigations. Status: ok
[1557413556.033][INFO]: [551e6c52fbefe32b795992649fa04af7] RESPONSE FindElements [ {
   "ELEMENT": "0.30083161213687815-12"
} ]
[1557413556.035][INFO]: [551e6c52fbefe32b795992649fa04af7] COMMAND IsElementDisplayed {
   "id": "0.30083161213687815-12"
}
[1557413556.035][INFO]: Waiting for pending navigations...
[1557413556.037][INFO]: Done waiting for pending navigations. Status: ok
[1557413556.048][INFO]: Waiting for pending navigations...
[1557413556.049][INFO]: Done waiting for pending navigations. Status: ok
[1557413556.049][INFO]: [551e6c52fbefe32b795992649fa04af7] RESPONSE IsElementDisplayed true
[1557413556.553][INFO]: [551e6c52fbefe32b795992649fa04af7] COMMAND FindElements {
   "using": "xpath",
   "value": "//div[@class='spinner']"
}
[1557413556.553][INFO]: Waiting for pending navigations...
[1557413556.554][INFO]: Done waiting for pending navigations. Status: ok
[1557413556.563][INFO]: Waiting for pending navigations...
[1557413556.564][INFO]: Done waiting for pending navigations. Status: ok
[1557413556.564][INFO]: [551e6c52fbefe32b795992649fa04af7] RESPONSE FindElements [ {
   "ELEMENT": "0.30083161213687815-12"
} ]
[1557413556.566][INFO]: [551e6c52fbefe32b795992649fa04af7] COMMAND IsElementDisplayed {
   "id": "0.30083161213687815-12"
}
[1557413556.566][INFO]: Waiting for pending navigations...
[1557413556.567][INFO]: Done waiting for pending navigations. Status: ok
[1557413556.579][INFO]: Waiting for pending navigations...
[1557413556.580][INFO]: Done waiting for pending navigations. Status: ok
[1557413556.580][INFO]: [551e6c52fbefe32b795992649fa04af7] RESPONSE IsElementDisplayed true
[1557413557.085][INFO]: [551e6c52fbefe32b795992649fa04af7] COMMAND FindElements {
   "using": "xpath",
   "value": "//div[@class='spinner']"
}
[1557413557.085][INFO]: Waiting for pending navigations...
[1557413557.086][INFO]: Done waiting for pending navigations. Status: ok
[1557413557.097][INFO]: Waiting for pending navigations...
[1557413557.098][INFO]: Done waiting for pending navigations. Status: ok
[1557413557.098][INFO]: [551e6c52fbefe32b795992649fa04af7] RESPONSE FindElements [  ]
[1557413572.401][INFO]: [551e6c52fbefe32b795992649fa04af7] COMMAND SetTimeouts {
   "ms": 0,
   "type": "implicit"
}
[1557413572.401][INFO]: [551e6c52fbefe32b795992649fa04af7] RESPONSE SetTimeouts
[1557413572.415][INFO]: [551e6c52fbefe32b795992649fa04af7] COMMAND FindElement {
   "using": "xpath",
   "value": "//span[@class='positiveBalance ng-binding']"
}
[1557413572.415][INFO]: Waiting for pending navigations...
[1557413572.417][INFO]: Done waiting for pending navigations. Status: ok
[1557413572.438][INFO]: Waiting for pending navigations...
[1557413572.439][INFO]: Done waiting for pending navigations. Status: ok
[1557413572.439][INFO]: [551e6c52fbefe32b795992649fa04af7] RESPONSE FindElement {
   "ELEMENT": "0.30083161213687815-5"
}
[1557413572.462][INFO]: [551e6c52fbefe32b795992649fa04af7] COMMAND FindElement {
   "using": "xpath",
   "value": "//span[@class='positiveBalance ng-binding']"
}
[1557413572.462][INFO]: Waiting for pending navigations...
[1557413572.463][INFO]: Done waiting for pending navigations. Status: ok
[1557413572.474][INFO]: Waiting for pending navigations...
[1557413572.475][INFO]: Done waiting for pending navigations. Status: ok
[1557413572.475][INFO]: [551e6c52fbefe32b795992649fa04af7] RESPONSE FindElement {
   "ELEMENT": "0.30083161213687815-5"
}
[1557413572.482][INFO]: [551e6c52fbefe32b795992649fa04af7] COMMAND GetElementText {
   "id": "0.30083161213687815-5"
}
[1557413572.482][INFO]: Waiting for pending navigations...
[1557413572.483][INFO]: Done waiting for pending navigations. Status: ok
[1557413572.500][INFO]: Waiting for pending navigations...
[1557413572.501][INFO]: Done waiting for pending navigations. Status: ok
[1557413572.501][INFO]: [551e6c52fbefe32b795992649fa04af7] RESPONSE GetElementText "$729.25"
[1557413575.158][INFO]: [551e6c52fbefe32b795992649fa04af7] COMMAND SetTimeouts {
   "ms": 0,
   "type": "implicit"
}
[1557413575.158][INFO]: [551e6c52fbefe32b795992649fa04af7] RESPONSE SetTimeouts
[1557413575.167][INFO]: [551e6c52fbefe32b795992649fa04af7] COMMAND FindElement {
   "using": "css selector",
   "value": "div.ngCell.col0.colt0"
}
[1557413575.167][INFO]: Waiting for pending navigations...
[1557413575.168][INFO]: Done waiting for pending navigations. Status: ok
[1557413575.184][INFO]: Waiting for pending navigations...
[1557413575.186][INFO]: Done waiting for pending navigations. Status: ok
[1557413575.186][INFO]: [551e6c52fbefe32b795992649fa04af7] RESPONSE FindElement {
   "ELEMENT": "0.30083161213687815-13"
}
[1557413599.080][INFO]: [551e6c52fbefe32b795992649fa04af7] COMMAND FindElements {
   "using": "css selector",
   "value": "div.ngCell.col0.colt0"
}
[1557413599.080][INFO]: Waiting for pending navigations...
[1557413599.081][INFO]: Done waiting for pending navigations. Status: ok
[1557413599.098][INFO]: Waiting for pending navigations...
[1557413599.099][INFO]: Done waiting for pending navigations. Status: ok
[1557413599.099][INFO]: [551e6c52fbefe32b795992649fa04af7] RESPONSE FindElements [ {
   "ELEMENT": "0.30083161213687815-13"
}, {
   "ELEMENT": "0.30083161213687815-14"
}, {
   "ELEMENT": "0.30083161213687815-15"
}, {
   "ELEMENT": "0.30083161213687815-16"
}, {
   "ELEMENT": "0.30083161213687815-17"
} ]
[1557413599.113][INFO]: [551e6c52fbefe32b795992649fa04af7] COMMAND ClickElement {
   "id": "0.30083161213687815-13"
}
[1557413599.113][INFO]: Waiting for pending navigations...
[1557413599.114][INFO]: Done waiting for pending navigations. Status: ok
[1557413599.195][INFO]: Waiting for pending navigations...
[1557413599.203][INFO]: Done waiting for pending navigations. Status: ok
[1557413599.203][INFO]: [551e6c52fbefe32b795992649fa04af7] RESPONSE ClickElement
[1557413612.752][INFO]: [551e6c52fbefe32b795992649fa04af7] COMMAND FindElements {
   "using": "xpath",
   "value": "//i[@class='fa fa-search fa-flip-horizontal']"
}
[1557413612.752][INFO]: Waiting for pending navigations...
[1557413612.753][INFO]: Done waiting for pending navigations. Status: ok
[1557413612.767][INFO]: Waiting for pending navigations...
[1557413612.768][INFO]: Done waiting for pending navigations. Status: ok
[1557413612.768][INFO]: [551e6c52fbefe32b795992649fa04af7] RESPONSE FindElements [ {
   "ELEMENT": "0.30083161213687815-3"
} ]
[1557413612.771][INFO]: [551e6c52fbefe32b795992649fa04af7] COMMAND ClickElement {
   "id": "0.30083161213687815-3"
}
[1557413612.771][INFO]: Waiting for pending navigations...
[1557413612.772][INFO]: Done waiting for pending navigations. Status: ok
[1557413613.027][INFO]: Waiting for pending navigations...
[1557413613.333][INFO]: Done waiting for pending navigations. Status: ok
[1557413613.333][INFO]: [551e6c52fbefe32b795992649fa04af7] RESPONSE ClickElement
[1557413613.335][INFO]: [551e6c52fbefe32b795992649fa04af7] COMMAND FindElements {
   "using": "xpath",
   "value": "//i[@class='fa fa-search fa-flip-horizontal']"
}
[1557413613.336][INFO]: Waiting for pending navigations...
[1557413613.337][INFO]: Done waiting for pending navigations. Status: ok
[1557413613.347][INFO]: Waiting for pending navigations...
[1557413613.348][INFO]: Done waiting for pending navigations. Status: ok
[1557413613.348][INFO]: [551e6c52fbefe32b795992649fa04af7] RESPONSE FindElements [ {
   "ELEMENT": "0.30083161213687815-3"
} ]
[1557413613.352][INFO]: [551e6c52fbefe32b795992649fa04af7] COMMAND ClickElement {
   "id": "0.30083161213687815-3"
}
[1557413613.352][INFO]: Waiting for pending navigations...
[1557413613.353][INFO]: Done waiting for pending navigations. Status: ok
[1557413613.523][INFO]: Waiting for pending navigations...
[1557413613.541][INFO]: Done waiting for pending navigations. Status: ok
[1557413613.541][INFO]: [551e6c52fbefe32b795992649fa04af7] RESPONSE ClickElement
[1557413613.546][INFO]: [551e6c52fbefe32b795992649fa04af7] COMMAND SetTimeouts {
   "ms": 0,
   "type": "implicit"
}
[1557413613.546][INFO]: [551e6c52fbefe32b795992649fa04af7] RESPONSE SetTimeouts
[1557413613.551][INFO]: [551e6c52fbefe32b795992649fa04af7] COMMAND FindElement {
   "using": "xpath",
   "value": "//h4[text()='EXPLORE']"
}
[1557413613.551][INFO]: Waiting for pending navigations...
[1557413613.590][INFO]: Done waiting for pending navigations. Status: ok
[1557413613.637][INFO]: Waiting for pending navigations...
[1557413613.638][INFO]: Done waiting for pending navigations. Status: ok
[1557413613.639][INFO]: [551e6c52fbefe32b795992649fa04af7] RESPONSE FindElement {
   "ELEMENT": "0.30083161213687815-4"
}
[1557413618.642][INFO]: [551e6c52fbefe32b795992649fa04af7] COMMAND SetTimeouts {
   "ms": 0,
   "type": "implicit"
}
[1557413618.642][INFO]: [551e6c52fbefe32b795992649fa04af7] RESPONSE SetTimeouts
[1557413618.644][INFO]: [551e6c52fbefe32b795992649fa04af7] COMMAND FindElement {
   "using": "xpath",
   "value": "//span[@class='positiveBalance ng-binding']"
}
[1557413618.644][INFO]: Waiting for pending navigations...
[1557413618.645][INFO]: Done waiting for pending navigations. Status: ok
[1557413618.653][INFO]: Waiting for pending navigations...
[1557413618.654][INFO]: Done waiting for pending navigations. Status: ok
[1557413618.654][INFO]: [551e6c52fbefe32b795992649fa04af7] RESPONSE FindElement {
   "ELEMENT": "0.30083161213687815-5"
}
[1557413618.658][INFO]: [551e6c52fbefe32b795992649fa04af7] COMMAND FindElement {
   "using": "xpath",
   "value": "//span[@class='positiveBalance ng-binding']"
}
[1557413618.658][INFO]: Waiting for pending navigations...
[1557413618.659][INFO]: Done waiting for pending navigations. Status: ok
[1557413618.667][INFO]: Waiting for pending navigations...
[1557413618.668][INFO]: Done waiting for pending navigations. Status: ok
[1557413618.668][INFO]: [551e6c52fbefe32b795992649fa04af7] RESPONSE FindElement {
   "ELEMENT": "0.30083161213687815-5"
}
[1557413618.670][INFO]: [551e6c52fbefe32b795992649fa04af7] COMMAND GetElementText {
   "id": "0.30083161213687815-5"
}
[1557413618.670][INFO]: Waiting for pending navigations...
[1557413618.671][INFO]: Done waiting for pending navigations. Status: ok
[1557413618.680][INFO]: Waiting for pending navigations...
[1557413618.682][INFO]: Done waiting for pending navigations. Status: ok
[1557413618.682][INFO]: [551e6c52fbefe32b795992649fa04af7] RESPONSE GetElementText "$729.25"
[1557413623.685][INFO]: [551e6c52fbefe32b795992649fa04af7] COMMAND SetTimeouts {
   "ms": 0,
   "type": "implicit"
}
[1557413623.685][INFO]: [551e6c52fbefe32b795992649fa04af7] RESPONSE SetTimeouts
[1557413623.688][INFO]: [551e6c52fbefe32b795992649fa04af7] COMMAND FindElement {
   "using": "xpath",
   "value": "//div[@class='filter-input-container col-xs-8']//select"
}
[1557413623.688][INFO]: Waiting for pending navigations...
[1557413623.689][INFO]: Done waiting for pending navigations. Status: ok
[1557413623.703][INFO]: Waiting for pending navigations...
[1557413623.704][INFO]: Done waiting for pending navigations. Status: ok
[1557413623.704][INFO]: [551e6c52fbefe32b795992649fa04af7] RESPONSE FindElement {
   "ELEMENT": "0.30083161213687815-6"
}
[1557413623.707][INFO]: [551e6c52fbefe32b795992649fa04af7] COMMAND FindElement {
   "using": "xpath",
   "value": "//div[@class='filter-input-container col-xs-8']//select"
}
[1557413623.707][INFO]: Waiting for pending navigations...
[1557413623.708][INFO]: Done waiting for pending navigations. Status: ok
[1557413623.716][INFO]: Waiting for pending navigations...
[1557413623.717][INFO]: Done waiting for pending navigations. Status: ok
[1557413623.717][INFO]: [551e6c52fbefe32b795992649fa04af7] RESPONSE FindElement {
   "ELEMENT": "0.30083161213687815-6"
}
[1557413623.721][INFO]: [551e6c52fbefe32b795992649fa04af7] COMMAND TypeElement {
   "id": "0.30083161213687815-6",
   "value": [ "Atascosa" ]
}
[1557413623.721][INFO]: Waiting for pending navigations...
[1557413623.722][INFO]: Done waiting for pending navigations. Status: ok
[1557413623.853][INFO]: Waiting for pending navigations...
[1557413623.853][INFO]: Done waiting for pending navigations. Status: ok
[1557413623.854][INFO]: [551e6c52fbefe32b795992649fa04af7] RESPONSE TypeElement
[1557413628.856][INFO]: [551e6c52fbefe32b795992649fa04af7] COMMAND SetTimeouts {
   "ms": 0,
   "type": "implicit"
}
[1557413628.856][INFO]: [551e6c52fbefe32b795992649fa04af7] RESPONSE SetTimeouts
[1557413628.859][INFO]: [551e6c52fbefe32b795992649fa04af7] COMMAND FindElement {
   "using": "xpath",
   "value": "//label[@for='grantor']"
}
[1557413628.859][INFO]: Waiting for pending navigations...
[1557413628.860][INFO]: Done waiting for pending navigations. Status: ok
[1557413628.873][INFO]: Waiting for pending navigations...
[1557413628.874][INFO]: Done waiting for pending navigations. Status: ok
[1557413628.874][INFO]: [551e6c52fbefe32b795992649fa04af7] RESPONSE FindElement {
   "ELEMENT": "0.30083161213687815-18"
}
[1557413629.876][INFO]: [551e6c52fbefe32b795992649fa04af7] COMMAND SetTimeouts {
   "ms": 0,
   "type": "implicit"
}
[1557413629.876][INFO]: [551e6c52fbefe32b795992649fa04af7] RESPONSE SetTimeouts
[1557413629.879][INFO]: [551e6c52fbefe32b795992649fa04af7] COMMAND FindElement {
   "using": "xpath",
   "value": "//input[@name='grantor']"
}
[1557413629.879][INFO]: Waiting for pending navigations...
[1557413629.880][INFO]: Done waiting for pending navigations. Status: ok
[1557413629.899][INFO]: Waiting for pending navigations...
[1557413629.900][INFO]: Done waiting for pending navigations. Status: ok
[1557413629.900][INFO]: [551e6c52fbefe32b795992649fa04af7] RESPONSE FindElement {
   "ELEMENT": "0.30083161213687815-19"
}
[1557413629.903][INFO]: [551e6c52fbefe32b795992649fa04af7] COMMAND FindElement {
   "using": "xpath",
   "value": "//input[@name='grantor']"
}
[1557413629.903][INFO]: Waiting for pending navigations...
[1557413629.904][INFO]: Done waiting for pending navigations. Status: ok
[1557413629.912][INFO]: Waiting for pending navigations...
[1557413629.913][INFO]: Done waiting for pending navigations. Status: ok
[1557413629.913][INFO]: [551e6c52fbefe32b795992649fa04af7] RESPONSE FindElement {
   "ELEMENT": "0.30083161213687815-19"
}
[1557413629.916][INFO]: [551e6c52fbefe32b795992649fa04af7] COMMAND TypeElement {
   "id": "0.30083161213687815-19",
   "value": [ "James" ]
}
[1557413629.916][INFO]: Waiting for pending navigations...
[1557413629.917][INFO]: Done waiting for pending navigations. Status: ok
[1557413630.119][INFO]: Waiting for pending navigations...
[1557413630.125][INFO]: Done waiting for pending navigations. Status: ok
[1557413630.125][INFO]: [551e6c52fbefe32b795992649fa04af7] RESPONSE TypeElement
[1557413633.127][INFO]: [551e6c52fbefe32b795992649fa04af7] COMMAND FindElements {
   "using": "xpath",
   "value": "//aside[@ui-view='filters']//button[@class='btn btn-primary'][@type='submit']"
}
[1557413633.127][INFO]: Waiting for pending navigations...
[1557413633.129][INFO]: Done waiting for pending navigations. Status: ok
[1557413633.142][INFO]: Waiting for pending navigations...
[1557413633.144][INFO]: Done waiting for pending navigations. Status: ok
[1557413633.144][INFO]: [551e6c52fbefe32b795992649fa04af7] RESPONSE FindElements [ {
   "ELEMENT": "0.30083161213687815-9"
} ]
[1557413633.146][INFO]: [551e6c52fbefe32b795992649fa04af7] COMMAND ClickElement {
   "id": "0.30083161213687815-9"
}
[1557413633.146][INFO]: Waiting for pending navigations...
[1557413633.148][INFO]: Done waiting for pending navigations. Status: ok
[1557413633.303][INFO]: Waiting for pending navigations...
[1557413634.656][INFO]: Done waiting for pending navigations. Status: ok
[1557413634.656][INFO]: [551e6c52fbefe32b795992649fa04af7] RESPONSE ClickElement
[1557413637.657][INFO]: [551e6c52fbefe32b795992649fa04af7] COMMAND SetTimeouts {
   "ms": 0,
   "type": "implicit"
}
[1557413637.658][INFO]: [551e6c52fbefe32b795992649fa04af7] RESPONSE SetTimeouts
[1557413637.660][INFO]: [551e6c52fbefe32b795992649fa04af7] COMMAND FindElement {
   "using": "xpath",
   "value": "//div[@class='modal-dialog']"
}
[1557413637.660][INFO]: Waiting for pending navigations...
[1557413637.661][INFO]: Done waiting for pending navigations. Status: ok
[1557413637.675][INFO]: Waiting for pending navigations...
[1557413637.677][INFO]: Done waiting for pending navigations. Status: ok
[1557413637.677][INFO]: [551e6c52fbefe32b795992649fa04af7] RESPONSE FindElement {
   "ELEMENT": "0.30083161213687815-20"
}
[1557413638.679][INFO]: [551e6c52fbefe32b795992649fa04af7] COMMAND FindElements {
   "using": "xpath",
   "value": "//button[@class='btn btn-success ng-binding']"
}
[1557413638.679][INFO]: Waiting for pending navigations...
[1557413638.681][INFO]: Done waiting for pending navigations. Status: ok
[1557413638.693][INFO]: Waiting for pending navigations...
[1557413638.694][INFO]: Done waiting for pending navigations. Status: ok
[1557413638.695][INFO]: [551e6c52fbefe32b795992649fa04af7] RESPONSE FindElements [ {
   "ELEMENT": "0.30083161213687815-21"
} ]
[1557413638.697][INFO]: [551e6c52fbefe32b795992649fa04af7] COMMAND ClickElement {
   "id": "0.30083161213687815-21"
}
[1557413638.697][INFO]: Waiting for pending navigations...
[1557413638.698][INFO]: Done waiting for pending navigations. Status: ok
[1557413638.812][INFO]: Waiting for pending navigations...
[1557413638.821][INFO]: Done waiting for pending navigations. Status: ok
[1557413638.821][INFO]: [551e6c52fbefe32b795992649fa04af7] RESPONSE ClickElement
[1557413639.824][INFO]: [551e6c52fbefe32b795992649fa04af7] COMMAND FindElements {
   "using": "xpath",
   "value": "//div[@class='spinner']"
}
[1557413639.825][INFO]: Waiting for pending navigations...
[1557413639.826][INFO]: Done waiting for pending navigations. Status: ok
[1557413639.843][INFO]: Waiting for pending navigations...
[1557413639.844][INFO]: Done waiting for pending navigations. Status: ok
[1557413639.844][INFO]: [551e6c52fbefe32b795992649fa04af7] RESPONSE FindElements [ {
   "ELEMENT": "0.30083161213687815-22"
} ]
[1557413639.847][INFO]: [551e6c52fbefe32b795992649fa04af7] COMMAND IsElementDisplayed {
   "id": "0.30083161213687815-22"
}
[1557413639.847][INFO]: Waiting for pending navigations...
[1557413639.848][INFO]: Done waiting for pending navigations. Status: ok
[1557413639.866][INFO]: Waiting for pending navigations...
[1557413639.868][INFO]: Done waiting for pending navigations. Status: ok
[1557413639.868][INFO]: [551e6c52fbefe32b795992649fa04af7] RESPONSE IsElementDisplayed true
[1557413640.372][INFO]: [551e6c52fbefe32b795992649fa04af7] COMMAND FindElements {
   "using": "xpath",
   "value": "//div[@class='spinner']"
}
[1557413640.372][INFO]: Waiting for pending navigations...
[1557413640.373][INFO]: Done waiting for pending navigations. Status: ok
[1557413640.381][INFO]: Waiting for pending navigations...
[1557413640.382][INFO]: Done waiting for pending navigations. Status: ok
[1557413640.382][INFO]: [551e6c52fbefe32b795992649fa04af7] RESPONSE FindElements [ {
   "ELEMENT": "0.30083161213687815-22"
} ]
[1557413640.384][INFO]: [551e6c52fbefe32b795992649fa04af7] COMMAND IsElementDisplayed {
   "id": "0.30083161213687815-22"
}
[1557413640.384][INFO]: Waiting for pending navigations...
[1557413640.385][INFO]: Done waiting for pending navigations. Status: ok
[1557413640.393][INFO]: Waiting for pending navigations...
[1557413640.394][INFO]: Done waiting for pending navigations. Status: ok
[1557413640.394][INFO]: [551e6c52fbefe32b795992649fa04af7] RESPONSE IsElementDisplayed true
[1557413640.897][INFO]: [551e6c52fbefe32b795992649fa04af7] COMMAND FindElements {
   "using": "xpath",
   "value": "//div[@class='spinner']"
}
[1557413640.897][INFO]: Waiting for pending navigations...
[1557413640.898][INFO]: Done waiting for pending navigations. Status: ok
[1557413640.908][INFO]: Waiting for pending navigations...
[1557413640.909][INFO]: Done waiting for pending navigations. Status: ok
[1557413640.909][INFO]: [551e6c52fbefe32b795992649fa04af7] RESPONSE FindElements [ {
   "ELEMENT": "0.30083161213687815-22"
} ]
[1557413640.911][INFO]: [551e6c52fbefe32b795992649fa04af7] COMMAND IsElementDisplayed {
   "id": "0.30083161213687815-22"
}
[1557413640.911][INFO]: Waiting for pending navigations...
[1557413640.912][INFO]: Done waiting for pending navigations. Status: ok
[1557413640.920][INFO]: Waiting for pending navigations...
[1557413640.921][INFO]: Done waiting for pending navigations. Status: ok
[1557413640.922][INFO]: [551e6c52fbefe32b795992649fa04af7] RESPONSE IsElementDisplayed true
[1557413641.425][INFO]: [551e6c52fbefe32b795992649fa04af7] COMMAND FindElements {
   "using": "xpath",
   "value": "//div[@class='spinner']"
}
[1557413641.425][INFO]: Waiting for pending navigations...
[1557413641.426][INFO]: Done waiting for pending navigations. Status: ok
[1557413641.434][INFO]: Waiting for pending navigations...
[1557413641.436][INFO]: Done waiting for pending navigations. Status: ok
[1557413641.436][INFO]: [551e6c52fbefe32b795992649fa04af7] RESPONSE FindElements [ {
   "ELEMENT": "0.30083161213687815-22"
} ]
[1557413641.438][INFO]: [551e6c52fbefe32b795992649fa04af7] COMMAND IsElementDisplayed {
   "id": "0.30083161213687815-22"
}
[1557413641.438][INFO]: Waiting for pending navigations...
[1557413641.439][INFO]: Done waiting for pending navigations. Status: ok
[1557413641.447][INFO]: Waiting for pending navigations...
[1557413641.448][INFO]: Done waiting for pending navigations. Status: ok
[1557413641.448][INFO]: [551e6c52fbefe32b795992649fa04af7] RESPONSE IsElementDisplayed true
[1557413641.951][INFO]: [551e6c52fbefe32b795992649fa04af7] COMMAND FindElements {
   "using": "xpath",
   "value": "//div[@class='spinner']"
}
[1557413641.952][INFO]: Waiting for pending navigations...
[1557413641.953][INFO]: Done waiting for pending navigations. Status: ok
[1557413641.962][INFO]: Waiting for pending navigations...
[1557413641.963][INFO]: Done waiting for pending navigations. Status: ok
[1557413641.963][INFO]: [551e6c52fbefe32b795992649fa04af7] RESPONSE FindElements [ {
   "ELEMENT": "0.30083161213687815-22"
} ]
[1557413641.965][INFO]: [551e6c52fbefe32b795992649fa04af7] COMMAND IsElementDisplayed {
   "id": "0.30083161213687815-22"
}
[1557413641.965][INFO]: Waiting for pending navigations...
[1557413641.966][INFO]: Done waiting for pending navigations. Status: ok
[1557413641.974][INFO]: Waiting for pending navigations...
[1557413641.975][INFO]: Done waiting for pending navigations. Status: ok
[1557413641.975][INFO]: [551e6c52fbefe32b795992649fa04af7] RESPONSE IsElementDisplayed true
[1557413642.479][INFO]: [551e6c52fbefe32b795992649fa04af7] COMMAND FindElements {
   "using": "xpath",
   "value": "//div[@class='spinner']"
}
[1557413642.479][INFO]: Waiting for pending navigations...
[1557413642.480][INFO]: Done waiting for pending navigations. Status: ok
[1557413642.492][INFO]: Waiting for pending navigations...
[1557413642.493][INFO]: Done waiting for pending navigations. Status: ok
[1557413642.493][INFO]: [551e6c52fbefe32b795992649fa04af7] RESPONSE FindElements [ {
   "ELEMENT": "0.30083161213687815-22"
} ]
[1557413642.495][INFO]: [551e6c52fbefe32b795992649fa04af7] COMMAND IsElementDisplayed {
   "id": "0.30083161213687815-22"
}
[1557413642.495][INFO]: Waiting for pending navigations...
[1557413642.497][INFO]: Done waiting for pending navigations. Status: ok
[1557413642.506][INFO]: Waiting for pending navigations...
[1557413642.507][INFO]: Done waiting for pending navigations. Status: ok
[1557413642.507][INFO]: [551e6c52fbefe32b795992649fa04af7] RESPONSE IsElementDisplayed true
[1557413643.010][INFO]: [551e6c52fbefe32b795992649fa04af7] COMMAND FindElements {
   "using": "xpath",
   "value": "//div[@class='spinner']"
}
[1557413643.010][INFO]: Waiting for pending navigations...
[1557413643.012][INFO]: Done waiting for pending navigations. Status: ok
[1557413643.025][INFO]: Waiting for pending navigations...
[1557413643.057][INFO]: Done waiting for pending navigations. Status: ok
[1557413643.057][INFO]: [551e6c52fbefe32b795992649fa04af7] RESPONSE FindElements [ {
   "ELEMENT": "0.30083161213687815-22"
} ]
[1557413643.059][INFO]: [551e6c52fbefe32b795992649fa04af7] COMMAND IsElementDisplayed {
   "id": "0.30083161213687815-22"
}
[1557413643.059][INFO]: Waiting for pending navigations...
[1557413643.060][INFO]: Done waiting for pending navigations. Status: ok
[1557413643.077][INFO]: Waiting for pending navigations...
[1557413643.079][INFO]: Done waiting for pending navigations. Status: ok
[1557413643.079][INFO]: [551e6c52fbefe32b795992649fa04af7] RESPONSE IsElementDisplayed true
[1557413643.582][INFO]: [551e6c52fbefe32b795992649fa04af7] COMMAND FindElements {
   "using": "xpath",
   "value": "//div[@class='spinner']"
}
[1557413643.582][INFO]: Waiting for pending navigations...
[1557413643.583][INFO]: Done waiting for pending navigations. Status: ok
[1557413643.592][INFO]: Waiting for pending navigations...
[1557413643.593][INFO]: Done waiting for pending navigations. Status: ok
[1557413643.593][INFO]: [551e6c52fbefe32b795992649fa04af7] RESPONSE FindElements [ {
   "ELEMENT": "0.30083161213687815-22"
} ]
[1557413643.595][INFO]: [551e6c52fbefe32b795992649fa04af7] COMMAND IsElementDisplayed {
   "id": "0.30083161213687815-22"
}
[1557413643.595][INFO]: Waiting for pending navigations...
[1557413643.597][INFO]: Done waiting for pending navigations. Status: ok
[1557413643.606][INFO]: Waiting for pending navigations...
[1557413643.607][INFO]: Done waiting for pending navigations. Status: ok
[1557413643.607][INFO]: [551e6c52fbefe32b795992649fa04af7] RESPONSE IsElementDisplayed true
[1557413644.111][INFO]: [551e6c52fbefe32b795992649fa04af7] COMMAND FindElements {
   "using": "xpath",
   "value": "//div[@class='spinner']"
}
[1557413644.111][INFO]: Waiting for pending navigations...
[1557413644.112][INFO]: Done waiting for pending navigations. Status: ok
[1557413644.121][INFO]: Waiting for pending navigations...
[1557413644.122][INFO]: Done waiting for pending navigations. Status: ok
[1557413644.122][INFO]: [551e6c52fbefe32b795992649fa04af7] RESPONSE FindElements [ {
   "ELEMENT": "0.30083161213687815-22"
} ]
[1557413644.124][INFO]: [551e6c52fbefe32b795992649fa04af7] COMMAND IsElementDisplayed {
   "id": "0.30083161213687815-22"
}
[1557413644.124][INFO]: Waiting for pending navigations...
[1557413644.125][INFO]: Done waiting for pending navigations. Status: ok
[1557413644.133][INFO]: Waiting for pending navigations...
[1557413644.135][INFO]: Done waiting for pending navigations. Status: ok
[1557413644.135][INFO]: [551e6c52fbefe32b795992649fa04af7] RESPONSE IsElementDisplayed true
[1557413644.638][INFO]: [551e6c52fbefe32b795992649fa04af7] COMMAND FindElements {
   "using": "xpath",
   "value": "//div[@class='spinner']"
}
[1557413644.638][INFO]: Waiting for pending navigations...
[1557413644.640][INFO]: Done waiting for pending navigations. Status: ok
[1557413644.648][INFO]: Waiting for pending navigations...
[1557413644.649][INFO]: Done waiting for pending navigations. Status: ok
[1557413644.649][INFO]: [551e6c52fbefe32b795992649fa04af7] RESPONSE FindElements [ {
   "ELEMENT": "0.30083161213687815-22"
} ]
[1557413644.651][INFO]: [551e6c52fbefe32b795992649fa04af7] COMMAND IsElementDisplayed {
   "id": "0.30083161213687815-22"
}
[1557413644.651][INFO]: Waiting for pending navigations...
[1557413644.653][INFO]: Done waiting for pending navigations. Status: ok
[1557413644.659][INFO]: Waiting for pending navigations...
[1557413644.660][INFO]: Done waiting for pending navigations. Status: ok
[1557413644.661][INFO]: [551e6c52fbefe32b795992649fa04af7] RESPONSE IsElementDisplayed true
[1557413645.164][INFO]: [551e6c52fbefe32b795992649fa04af7] COMMAND FindElements {
   "using": "xpath",
   "value": "//div[@class='spinner']"
}
[1557413645.164][INFO]: Waiting for pending navigations...
[1557413645.165][INFO]: Done waiting for pending navigations. Status: ok
[1557413645.173][INFO]: Waiting for pending navigations...
[1557413645.174][INFO]: Done waiting for pending navigations. Status: ok
[1557413645.174][INFO]: [551e6c52fbefe32b795992649fa04af7] RESPONSE FindElements [  ]
[1557413650.177][INFO]: [551e6c52fbefe32b795992649fa04af7] COMMAND SetTimeouts {
   "ms": 0,
   "type": "implicit"
}
[1557413650.177][INFO]: [551e6c52fbefe32b795992649fa04af7] RESPONSE SetTimeouts
[1557413650.180][INFO]: [551e6c52fbefe32b795992649fa04af7] COMMAND FindElement {
   "using": "xpath",
   "value": "//span[@class='positiveBalance ng-binding']"
}
[1557413650.180][INFO]: Waiting for pending navigations...
[1557413650.181][INFO]: Done waiting for pending navigations. Status: ok
[1557413650.194][INFO]: Waiting for pending navigations...
[1557413650.195][INFO]: Done waiting for pending navigations. Status: ok
[1557413650.195][INFO]: [551e6c52fbefe32b795992649fa04af7] RESPONSE FindElement {
   "ELEMENT": "0.30083161213687815-5"
}
[1557413650.198][INFO]: [551e6c52fbefe32b795992649fa04af7] COMMAND FindElement {
   "using": "xpath",
   "value": "//span[@class='positiveBalance ng-binding']"
}
[1557413650.198][INFO]: Waiting for pending navigations...
[1557413650.199][INFO]: Done waiting for pending navigations. Status: ok
[1557413650.207][INFO]: Waiting for pending navigations...
[1557413650.208][INFO]: Done waiting for pending navigations. Status: ok
[1557413650.208][INFO]: [551e6c52fbefe32b795992649fa04af7] RESPONSE FindElement {
   "ELEMENT": "0.30083161213687815-5"
}
[1557413650.210][INFO]: [551e6c52fbefe32b795992649fa04af7] COMMAND GetElementText {
   "id": "0.30083161213687815-5"
}
[1557413650.210][INFO]: Waiting for pending navigations...
[1557413650.211][INFO]: Done waiting for pending navigations. Status: ok
[1557413650.227][INFO]: Waiting for pending navigations...
[1557413650.229][INFO]: Done waiting for pending navigations. Status: ok
[1557413650.229][INFO]: [551e6c52fbefe32b795992649fa04af7] RESPONSE GetElementText "$729.00"
[1557413650.233][INFO]: [551e6c52fbefe32b795992649fa04af7] COMMAND SetTimeouts {
   "ms": 0,
   "type": "implicit"
}
[1557413650.233][INFO]: [551e6c52fbefe32b795992649fa04af7] RESPONSE SetTimeouts
[1557413650.236][INFO]: [551e6c52fbefe32b795992649fa04af7] COMMAND FindElement {
   "using": "css selector",
   "value": "div.ngCell.col0.colt0"
}
[1557413650.236][INFO]: Waiting for pending navigations...
[1557413650.237][INFO]: Done waiting for pending navigations. Status: ok
[1557413650.249][INFO]: Waiting for pending navigations...
[1557413650.250][INFO]: Done waiting for pending navigations. Status: ok
[1557413650.250][INFO]: [551e6c52fbefe32b795992649fa04af7] RESPONSE FindElement {
   "ELEMENT": "0.30083161213687815-13"
}
[1557413653.252][INFO]: [551e6c52fbefe32b795992649fa04af7] COMMAND FindElements {
   "using": "css selector",
   "value": "div.ngCell.col0.colt0"
}
[1557413653.252][INFO]: Waiting for pending navigations...
[1557413653.253][INFO]: Done waiting for pending navigations. Status: ok
[1557413653.278][INFO]: Waiting for pending navigations...
[1557413653.279][INFO]: Done waiting for pending navigations. Status: ok
[1557413653.279][INFO]: [551e6c52fbefe32b795992649fa04af7] RESPONSE FindElements [ {
   "ELEMENT": "0.30083161213687815-13"
}, {
   "ELEMENT": "0.30083161213687815-14"
}, {
   "ELEMENT": "0.30083161213687815-15"
}, {
   "ELEMENT": "0.30083161213687815-16"
}, {
   "ELEMENT": "0.30083161213687815-17"
} ]
[1557413653.282][INFO]: [551e6c52fbefe32b795992649fa04af7] COMMAND ClickElement {
   "id": "0.30083161213687815-13"
}
[1557413653.282][INFO]: Waiting for pending navigations...
[1557413653.283][INFO]: Done waiting for pending navigations. Status: ok
[1557413653.391][INFO]: Waiting for pending navigations...
[1557413653.396][INFO]: Done waiting for pending navigations. Status: ok
[1557413653.397][INFO]: [551e6c52fbefe32b795992649fa04af7] RESPONSE ClickElement
[1557413656.400][INFO]: [551e6c52fbefe32b795992649fa04af7] COMMAND FindElements {
   "using": "xpath",
   "value": "//i[@class='fa fa-search fa-flip-horizontal']"
}
[1557413656.401][INFO]: Waiting for pending navigations...
[1557413656.402][INFO]: Done waiting for pending navigations. Status: ok
[1557413656.421][INFO]: Waiting for pending navigations...
[1557413656.422][INFO]: Done waiting for pending navigations. Status: ok
[1557413656.422][INFO]: [551e6c52fbefe32b795992649fa04af7] RESPONSE FindElements [ {
   "ELEMENT": "0.30083161213687815-3"
} ]
[1557413656.425][INFO]: [551e6c52fbefe32b795992649fa04af7] COMMAND ClickElement {
   "id": "0.30083161213687815-3"
}
[1557413656.425][INFO]: Waiting for pending navigations...
[1557413656.427][INFO]: Done waiting for pending navigations. Status: ok
[1557413656.666][INFO]: Waiting for pending navigations...
[1557413656.854][INFO]: Done waiting for pending navigations. Status: ok
[1557413656.854][INFO]: [551e6c52fbefe32b795992649fa04af7] RESPONSE ClickElement
[1557413656.858][INFO]: [551e6c52fbefe32b795992649fa04af7] COMMAND FindElements {
   "using": "xpath",
   "value": "//i[@class='fa fa-search fa-flip-horizontal']"
}
[1557413656.858][INFO]: Waiting for pending navigations...
[1557413656.859][INFO]: Done waiting for pending navigations. Status: ok
[1557413656.868][INFO]: Waiting for pending navigations...
[1557413656.869][INFO]: Done waiting for pending navigations. Status: ok
[1557413656.869][INFO]: [551e6c52fbefe32b795992649fa04af7] RESPONSE FindElements [ {
   "ELEMENT": "0.30083161213687815-3"
} ]
[1557413656.872][INFO]: [551e6c52fbefe32b795992649fa04af7] COMMAND ClickElement {
   "id": "0.30083161213687815-3"
}
[1557413656.872][INFO]: Waiting for pending navigations...
[1557413656.873][INFO]: Done waiting for pending navigations. Status: ok
[1557413657.065][INFO]: Waiting for pending navigations...
[1557413657.158][INFO]: Done waiting for pending navigations. Status: ok
[1557413657.158][INFO]: [551e6c52fbefe32b795992649fa04af7] RESPONSE ClickElement
[1557413657.162][INFO]: [551e6c52fbefe32b795992649fa04af7] COMMAND SetTimeouts {
   "ms": 0,
   "type": "implicit"
}
[1557413657.162][INFO]: [551e6c52fbefe32b795992649fa04af7] RESPONSE SetTimeouts
[1557413657.166][INFO]: [551e6c52fbefe32b795992649fa04af7] COMMAND FindElement {
   "using": "xpath",
   "value": "//h4[text()='EXPLORE']"
}
[1557413657.166][INFO]: Waiting for pending navigations...
[1557413657.208][INFO]: Done waiting for pending navigations. Status: ok
[1557413657.234][INFO]: Waiting for pending navigations...
[1557413657.236][INFO]: Done waiting for pending navigations. Status: ok
[1557413657.236][INFO]: [551e6c52fbefe32b795992649fa04af7] RESPONSE FindElement {
   "ELEMENT": "0.30083161213687815-4"
}
[1557413662.240][INFO]: [551e6c52fbefe32b795992649fa04af7] COMMAND SetTimeouts {
   "ms": 0,
   "type": "implicit"
}
[1557413662.240][INFO]: [551e6c52fbefe32b795992649fa04af7] RESPONSE SetTimeouts
[1557413662.244][INFO]: [551e6c52fbefe32b795992649fa04af7] COMMAND FindElement {
   "using": "xpath",
   "value": "//span[@class='positiveBalance ng-binding']"
}
[1557413662.244][INFO]: Waiting for pending navigations...
[1557413662.246][INFO]: Done waiting for pending navigations. Status: ok
[1557413662.258][INFO]: Waiting for pending navigations...
[1557413662.259][INFO]: Done waiting for pending navigations. Status: ok
[1557413662.259][INFO]: [551e6c52fbefe32b795992649fa04af7] RESPONSE FindElement {
   "ELEMENT": "0.30083161213687815-5"
}
[1557413662.263][INFO]: [551e6c52fbefe32b795992649fa04af7] COMMAND FindElement {
   "using": "xpath",
   "value": "//span[@class='positiveBalance ng-binding']"
}
[1557413662.263][INFO]: Waiting for pending navigations...
[1557413662.264][INFO]: Done waiting for pending navigations. Status: ok
[1557413662.273][INFO]: Waiting for pending navigations...
[1557413662.274][INFO]: Done waiting for pending navigations. Status: ok
[1557413662.274][INFO]: [551e6c52fbefe32b795992649fa04af7] RESPONSE FindElement {
   "ELEMENT": "0.30083161213687815-5"
}
[1557413662.276][INFO]: [551e6c52fbefe32b795992649fa04af7] COMMAND GetElementText {
   "id": "0.30083161213687815-5"
}
[1557413662.276][INFO]: Waiting for pending navigations...
[1557413662.278][INFO]: Done waiting for pending navigations. Status: ok
[1557413662.288][INFO]: Waiting for pending navigations...
[1557413662.289][INFO]: Done waiting for pending navigations. Status: ok
[1557413662.289][INFO]: [551e6c52fbefe32b795992649fa04af7] RESPONSE GetElementText "$729.00"
[1557413667.292][INFO]: [551e6c52fbefe32b795992649fa04af7] COMMAND SetTimeouts {
   "ms": 0,
   "type": "implicit"
}
[1557413667.292][INFO]: [551e6c52fbefe32b795992649fa04af7] RESPONSE SetTimeouts
[1557413667.295][INFO]: [551e6c52fbefe32b795992649fa04af7] COMMAND FindElement {
   "using": "xpath",
   "value": "//div[@class='filter-input-container col-xs-8']//select"
}
[1557413667.295][INFO]: Waiting for pending navigations...
[1557413667.296][INFO]: Done waiting for pending navigations. Status: ok
[1557413667.314][INFO]: Waiting for pending navigations...
[1557413667.315][INFO]: Done waiting for pending navigations. Status: ok
[1557413667.315][INFO]: [551e6c52fbefe32b795992649fa04af7] RESPONSE FindElement {
   "ELEMENT": "0.30083161213687815-6"
}
[1557413667.317][INFO]: [551e6c52fbefe32b795992649fa04af7] COMMAND FindElement {
   "using": "xpath",
   "value": "//div[@class='filter-input-container col-xs-8']//select"
}
[1557413667.317][INFO]: Waiting for pending navigations...
[1557413667.318][INFO]: Done waiting for pending navigations. Status: ok
[1557413667.327][INFO]: Waiting for pending navigations...
[1557413667.328][INFO]: Done waiting for pending navigations. Status: ok
[1557413667.328][INFO]: [551e6c52fbefe32b795992649fa04af7] RESPONSE FindElement {
   "ELEMENT": "0.30083161213687815-6"
}
[1557413667.331][INFO]: [551e6c52fbefe32b795992649fa04af7] COMMAND TypeElement {
   "id": "0.30083161213687815-6",
   "value": [ "Atascosa" ]
}
[1557413667.331][INFO]: Waiting for pending navigations...
[1557413667.333][INFO]: Done waiting for pending navigations. Status: ok
[1557413667.526][INFO]: Waiting for pending navigations...
[1557413667.532][INFO]: Done waiting for pending navigations. Status: ok
[1557413667.532][INFO]: [551e6c52fbefe32b795992649fa04af7] RESPONSE TypeElement
[1557413672.536][INFO]: [551e6c52fbefe32b795992649fa04af7] COMMAND SetTimeouts {
   "ms": 0,
   "type": "implicit"
}
[1557413672.536][INFO]: [551e6c52fbefe32b795992649fa04af7] RESPONSE SetTimeouts
[1557413672.540][INFO]: [551e6c52fbefe32b795992649fa04af7] COMMAND FindElement {
   "using": "xpath",
   "value": "//label[@for='grantor']"
}
[1557413672.540][INFO]: Waiting for pending navigations...
[1557413672.541][INFO]: Done waiting for pending navigations. Status: ok
[1557413672.566][INFO]: Waiting for pending navigations...
[1557413672.567][INFO]: Done waiting for pending navigations. Status: ok
[1557413672.567][INFO]: [551e6c52fbefe32b795992649fa04af7] RESPONSE FindElement {
   "ELEMENT": "0.30083161213687815-23"
}
[1557413673.569][INFO]: [551e6c52fbefe32b795992649fa04af7] COMMAND SetTimeouts {
   "ms": 0,
   "type": "implicit"
}
[1557413673.570][INFO]: [551e6c52fbefe32b795992649fa04af7] RESPONSE SetTimeouts
[1557413673.573][INFO]: [551e6c52fbefe32b795992649fa04af7] COMMAND FindElement {
   "using": "xpath",
   "value": "//input[@name='grantor']"
}
[1557413673.573][INFO]: Waiting for pending navigations...
[1557413673.573][INFO]: Done waiting for pending navigations. Status: ok
[1557413673.590][INFO]: Waiting for pending navigations...
[1557413673.591][INFO]: Done waiting for pending navigations. Status: ok
[1557413673.591][INFO]: [551e6c52fbefe32b795992649fa04af7] RESPONSE FindElement {
   "ELEMENT": "0.30083161213687815-24"
}
[1557413673.595][INFO]: [551e6c52fbefe32b795992649fa04af7] COMMAND FindElement {
   "using": "xpath",
   "value": "//input[@name='grantor']"
}
[1557413673.595][INFO]: Waiting for pending navigations...
[1557413673.596][INFO]: Done waiting for pending navigations. Status: ok
[1557413673.608][INFO]: Waiting for pending navigations...
[1557413673.610][INFO]: Done waiting for pending navigations. Status: ok
[1557413673.610][INFO]: [551e6c52fbefe32b795992649fa04af7] RESPONSE FindElement {
   "ELEMENT": "0.30083161213687815-24"
}
[1557413673.613][INFO]: [551e6c52fbefe32b795992649fa04af7] COMMAND TypeElement {
   "id": "0.30083161213687815-24",
   "value": [ "James" ]
}
[1557413673.613][INFO]: Waiting for pending navigations...
[1557413673.614][INFO]: Done waiting for pending navigations. Status: ok
[1557413673.780][INFO]: Waiting for pending navigations...
[1557413673.786][INFO]: Done waiting for pending navigations. Status: ok
[1557413673.786][INFO]: [551e6c52fbefe32b795992649fa04af7] RESPONSE TypeElement
[1557413676.788][INFO]: [551e6c52fbefe32b795992649fa04af7] COMMAND FindElements {
   "using": "xpath",
   "value": "//aside[@ui-view='filters']//button[@class='btn btn-primary'][@type='submit']"
}
[1557413676.788][INFO]: Waiting for pending navigations...
[1557413676.789][INFO]: Done waiting for pending navigations. Status: ok
[1557413676.807][INFO]: Waiting for pending navigations...
[1557413676.809][INFO]: Done waiting for pending navigations. Status: ok
[1557413676.809][INFO]: [551e6c52fbefe32b795992649fa04af7] RESPONSE FindElements [ {
   "ELEMENT": "0.30083161213687815-9"
} ]
[1557413676.812][INFO]: [551e6c52fbefe32b795992649fa04af7] COMMAND ClickElement {
   "id": "0.30083161213687815-9"
}
[1557413676.812][INFO]: Waiting for pending navigations...
[1557413676.813][INFO]: Done waiting for pending navigations. Status: ok
[1557413676.998][INFO]: Waiting for pending navigations...
[1557413677.562][INFO]: Done waiting for pending navigations. Status: ok
[1557413677.562][INFO]: [551e6c52fbefe32b795992649fa04af7] RESPONSE ClickElement
[1557413680.566][INFO]: [551e6c52fbefe32b795992649fa04af7] COMMAND SetTimeouts {
   "ms": 0,
   "type": "implicit"
}
[1557413680.566][INFO]: [551e6c52fbefe32b795992649fa04af7] RESPONSE SetTimeouts
[1557413680.569][INFO]: [551e6c52fbefe32b795992649fa04af7] COMMAND FindElement {
   "using": "xpath",
   "value": "//div[@class='modal-dialog']"
}
[1557413680.569][INFO]: Waiting for pending navigations...
[1557413680.570][INFO]: Done waiting for pending navigations. Status: ok
[1557413680.588][INFO]: Waiting for pending navigations...
[1557413680.589][INFO]: Done waiting for pending navigations. Status: ok
[1557413680.589][INFO]: [551e6c52fbefe32b795992649fa04af7] RESPONSE FindElement {
   "ELEMENT": "0.30083161213687815-25"
}
[1557413681.591][INFO]: [551e6c52fbefe32b795992649fa04af7] COMMAND FindElements {
   "using": "xpath",
   "value": "//button[@class='btn btn-success ng-binding']"
}
[1557413681.591][INFO]: Waiting for pending navigations...
[1557413681.592][INFO]: Done waiting for pending navigations. Status: ok
[1557413681.617][INFO]: Waiting for pending navigations...
[1557413681.618][INFO]: Done waiting for pending navigations. Status: ok
[1557413681.618][INFO]: [551e6c52fbefe32b795992649fa04af7] RESPONSE FindElements [ {
   "ELEMENT": "0.30083161213687815-26"
} ]
[1557413681.620][INFO]: [551e6c52fbefe32b795992649fa04af7] COMMAND ClickElement {
   "id": "0.30083161213687815-26"
}
[1557413681.620][INFO]: Waiting for pending navigations...
[1557413681.621][INFO]: Done waiting for pending navigations. Status: ok
[1557413681.720][INFO]: Waiting for pending navigations...
[1557413681.730][INFO]: Done waiting for pending navigations. Status: ok
[1557413681.730][INFO]: [551e6c52fbefe32b795992649fa04af7] RESPONSE ClickElement
[1557413682.733][INFO]: [551e6c52fbefe32b795992649fa04af7] COMMAND FindElements {
   "using": "xpath",
   "value": "//div[@class='spinner']"
}
[1557413682.733][INFO]: Waiting for pending navigations...
[1557413682.735][INFO]: Done waiting for pending navigations. Status: ok
[1557413682.742][INFO]: Waiting for pending navigations...
[1557413682.744][INFO]: Done waiting for pending navigations. Status: ok
[1557413682.744][INFO]: [551e6c52fbefe32b795992649fa04af7] RESPONSE FindElements [ {
   "ELEMENT": "0.30083161213687815-27"
} ]
[1557413682.745][INFO]: [551e6c52fbefe32b795992649fa04af7] COMMAND IsElementDisplayed {
   "id": "0.30083161213687815-27"
}
[1557413682.745][INFO]: Waiting for pending navigations...
[1557413682.746][INFO]: Done waiting for pending navigations. Status: ok
[1557413682.763][INFO]: Waiting for pending navigations...
[1557413682.765][INFO]: Done waiting for pending navigations. Status: ok
[1557413682.765][INFO]: [551e6c52fbefe32b795992649fa04af7] RESPONSE IsElementDisplayed true
[1557413683.269][INFO]: [551e6c52fbefe32b795992649fa04af7] COMMAND FindElements {
   "using": "xpath",
   "value": "//div[@class='spinner']"
}
[1557413683.269][INFO]: Waiting for pending navigations...
[1557413683.271][INFO]: Done waiting for pending navigations. Status: ok
[1557413683.279][INFO]: Waiting for pending navigations...
[1557413683.280][INFO]: Done waiting for pending navigations. Status: ok
[1557413683.280][INFO]: [551e6c52fbefe32b795992649fa04af7] RESPONSE FindElements [ {
   "ELEMENT": "0.30083161213687815-27"
} ]
[1557413683.282][INFO]: [551e6c52fbefe32b795992649fa04af7] COMMAND IsElementDisplayed {
   "id": "0.30083161213687815-27"
}
[1557413683.282][INFO]: Waiting for pending navigations...
[1557413683.283][INFO]: Done waiting for pending navigations. Status: ok
[1557413683.290][INFO]: Waiting for pending navigations...
[1557413683.291][INFO]: Done waiting for pending navigations. Status: ok
[1557413683.291][INFO]: [551e6c52fbefe32b795992649fa04af7] RESPONSE IsElementDisplayed true
[1557413683.794][INFO]: [551e6c52fbefe32b795992649fa04af7] COMMAND FindElements {
   "using": "xpath",
   "value": "//div[@class='spinner']"
}
[1557413683.794][INFO]: Waiting for pending navigations...
[1557413683.795][INFO]: Done waiting for pending navigations. Status: ok
[1557413683.804][INFO]: Waiting for pending navigations...
[1557413683.806][INFO]: Done waiting for pending navigations. Status: ok
[1557413683.806][INFO]: [551e6c52fbefe32b795992649fa04af7] RESPONSE FindElements [ {
   "ELEMENT": "0.30083161213687815-27"
} ]
[1557413683.807][INFO]: [551e6c52fbefe32b795992649fa04af7] COMMAND IsElementDisplayed {
   "id": "0.30083161213687815-27"
}
[1557413683.807][INFO]: Waiting for pending navigations...
[1557413683.808][INFO]: Done waiting for pending navigations. Status: ok
[1557413683.817][INFO]: Waiting for pending navigations...
[1557413683.819][INFO]: Done waiting for pending navigations. Status: ok
[1557413683.819][INFO]: [551e6c52fbefe32b795992649fa04af7] RESPONSE IsElementDisplayed true
[1557413684.322][INFO]: [551e6c52fbefe32b795992649fa04af7] COMMAND FindElements {
   "using": "xpath",
   "value": "//div[@class='spinner']"
}
[1557413684.322][INFO]: Waiting for pending navigations...
[1557413684.323][INFO]: Done waiting for pending navigations. Status: ok
[1557413684.330][INFO]: Waiting for pending navigations...
[1557413684.332][INFO]: Done waiting for pending navigations. Status: ok
[1557413684.332][INFO]: [551e6c52fbefe32b795992649fa04af7] RESPONSE FindElements [ {
   "ELEMENT": "0.30083161213687815-27"
} ]
[1557413684.334][INFO]: [551e6c52fbefe32b795992649fa04af7] COMMAND IsElementDisplayed {
   "id": "0.30083161213687815-27"
}
[1557413684.334][INFO]: Waiting for pending navigations...
[1557413684.335][INFO]: Done waiting for pending navigations. Status: ok
[1557413684.342][INFO]: Waiting for pending navigations...
[1557413684.343][INFO]: Done waiting for pending navigations. Status: ok
[1557413684.343][INFO]: [551e6c52fbefe32b795992649fa04af7] RESPONSE IsElementDisplayed true
[1557413684.847][INFO]: [551e6c52fbefe32b795992649fa04af7] COMMAND FindElements {
   "using": "xpath",
   "value": "//div[@class='spinner']"
}
[1557413684.847][INFO]: Waiting for pending navigations...
[1557413684.850][INFO]: Done waiting for pending navigations. Status: ok
[1557413684.858][INFO]: Waiting for pending navigations...
[1557413684.859][INFO]: Done waiting for pending navigations. Status: ok
[1557413684.859][INFO]: [551e6c52fbefe32b795992649fa04af7] RESPONSE FindElements [ {
   "ELEMENT": "0.30083161213687815-27"
} ]
[1557413684.861][INFO]: [551e6c52fbefe32b795992649fa04af7] COMMAND IsElementDisplayed {
   "id": "0.30083161213687815-27"
}
[1557413684.861][INFO]: Waiting for pending navigations...
[1557413684.862][INFO]: Done waiting for pending navigations. Status: ok
[1557413684.870][INFO]: Waiting for pending navigations...
[1557413684.871][INFO]: Done waiting for pending navigations. Status: ok
[1557413684.871][INFO]: [551e6c52fbefe32b795992649fa04af7] RESPONSE IsElementDisplayed true
[1557413685.375][INFO]: [551e6c52fbefe32b795992649fa04af7] COMMAND FindElements {
   "using": "xpath",
   "value": "//div[@class='spinner']"
}
[1557413685.375][INFO]: Waiting for pending navigations...
[1557413685.376][INFO]: Done waiting for pending navigations. Status: ok
[1557413685.386][INFO]: Waiting for pending navigations...
[1557413685.387][INFO]: Done waiting for pending navigations. Status: ok
[1557413685.387][INFO]: [551e6c52fbefe32b795992649fa04af7] RESPONSE FindElements [ {
   "ELEMENT": "0.30083161213687815-27"
} ]
[1557413685.388][INFO]: [551e6c52fbefe32b795992649fa04af7] COMMAND IsElementDisplayed {
   "id": "0.30083161213687815-27"
}
[1557413685.388][INFO]: Waiting for pending navigations...
[1557413685.389][INFO]: Done waiting for pending navigations. Status: ok
[1557413685.396][INFO]: Waiting for pending navigations...
[1557413685.433][INFO]: Done waiting for pending navigations. Status: ok
[1557413685.434][INFO]: [551e6c52fbefe32b795992649fa04af7] RESPONSE IsElementDisplayed true
[1557413685.937][INFO]: [551e6c52fbefe32b795992649fa04af7] COMMAND FindElements {
   "using": "xpath",
   "value": "//div[@class='spinner']"
}
[1557413685.938][INFO]: Waiting for pending navigations...
[1557413685.939][INFO]: Done waiting for pending navigations. Status: ok
[1557413685.954][INFO]: Waiting for pending navigations...
[1557413685.955][INFO]: Done waiting for pending navigations. Status: ok
[1557413685.955][INFO]: [551e6c52fbefe32b795992649fa04af7] RESPONSE FindElements [ {
   "ELEMENT": "0.30083161213687815-27"
} ]
[1557413685.957][INFO]: [551e6c52fbefe32b795992649fa04af7] COMMAND IsElementDisplayed {
   "id": "0.30083161213687815-27"
}
[1557413685.957][INFO]: Waiting for pending navigations...
[1557413685.958][INFO]: Done waiting for pending navigations. Status: ok
[1557413685.971][INFO]: Waiting for pending navigations...
[1557413685.973][INFO]: Done waiting for pending navigations. Status: ok
[1557413685.973][INFO]: [551e6c52fbefe32b795992649fa04af7] RESPONSE IsElementDisplayed true
[1557413686.478][INFO]: [551e6c52fbefe32b795992649fa04af7] COMMAND FindElements {
   "using": "xpath",
   "value": "//div[@class='spinner']"
}
[1557413686.478][INFO]: Waiting for pending navigations...
[1557413686.479][INFO]: Done waiting for pending navigations. Status: ok
[1557413686.489][INFO]: Waiting for pending navigations...
[1557413686.490][INFO]: Done waiting for pending navigations. Status: ok
[1557413686.490][INFO]: [551e6c52fbefe32b795992649fa04af7] RESPONSE FindElements [ {
   "ELEMENT": "0.30083161213687815-27"
} ]
[1557413686.492][INFO]: [551e6c52fbefe32b795992649fa04af7] COMMAND IsElementDisplayed {
   "id": "0.30083161213687815-27"
}
[1557413686.492][INFO]: Waiting for pending navigations...
[1557413686.494][INFO]: Done waiting for pending navigations. Status: ok
[1557413686.504][INFO]: Waiting for pending navigations...
[1557413686.505][INFO]: Done waiting for pending navigations. Status: ok
[1557413686.505][INFO]: [551e6c52fbefe32b795992649fa04af7] RESPONSE IsElementDisplayed true
[1557413687.010][INFO]: [551e6c52fbefe32b795992649fa04af7] COMMAND FindElements {
   "using": "xpath",
   "value": "//div[@class='spinner']"
}
[1557413687.010][INFO]: Waiting for pending navigations...
[1557413687.012][INFO]: Done waiting for pending navigations. Status: ok
[1557413687.020][INFO]: Waiting for pending navigations...
[1557413687.021][INFO]: Done waiting for pending navigations. Status: ok
[1557413687.021][INFO]: [551e6c52fbefe32b795992649fa04af7] RESPONSE FindElements [  ]
[1557413692.024][INFO]: [551e6c52fbefe32b795992649fa04af7] COMMAND SetTimeouts {
   "ms": 0,
   "type": "implicit"
}
[1557413692.024][INFO]: [551e6c52fbefe32b795992649fa04af7] RESPONSE SetTimeouts
[1557413692.027][INFO]: [551e6c52fbefe32b795992649fa04af7] COMMAND FindElement {
   "using": "xpath",
   "value": "//span[@class='positiveBalance ng-binding']"
}
[1557413692.028][INFO]: Waiting for pending navigations...
[1557413692.029][INFO]: Done waiting for pending navigations. Status: ok
[1557413692.038][INFO]: Waiting for pending navigations...
[1557413692.039][INFO]: Done waiting for pending navigations. Status: ok
[1557413692.039][INFO]: [551e6c52fbefe32b795992649fa04af7] RESPONSE FindElement {
   "ELEMENT": "0.30083161213687815-5"
}
[1557413692.042][INFO]: [551e6c52fbefe32b795992649fa04af7] COMMAND FindElement {
   "using": "xpath",
   "value": "//span[@class='positiveBalance ng-binding']"
}
[1557413692.042][INFO]: Waiting for pending navigations...
[1557413692.044][INFO]: Done waiting for pending navigations. Status: ok
[1557413692.052][INFO]: Waiting for pending navigations...
[1557413692.053][INFO]: Done waiting for pending navigations. Status: ok
[1557413692.053][INFO]: [551e6c52fbefe32b795992649fa04af7] RESPONSE FindElement {
   "ELEMENT": "0.30083161213687815-5"
}
[1557413692.055][INFO]: [551e6c52fbefe32b795992649fa04af7] COMMAND GetElementText {
   "id": "0.30083161213687815-5"
}
[1557413692.055][INFO]: Waiting for pending navigations...
[1557413692.056][INFO]: Done waiting for pending navigations. Status: ok
[1557413692.065][INFO]: Waiting for pending navigations...
[1557413692.066][INFO]: Done waiting for pending navigations. Status: ok
[1557413692.066][INFO]: [551e6c52fbefe32b795992649fa04af7] RESPONSE GetElementText "$728.75"
[1557413692.069][INFO]: [551e6c52fbefe32b795992649fa04af7] COMMAND SetTimeouts {
   "ms": 0,
   "type": "implicit"
}
[1557413692.069][INFO]: [551e6c52fbefe32b795992649fa04af7] RESPONSE SetTimeouts
[1557413692.072][INFO]: [551e6c52fbefe32b795992649fa04af7] COMMAND FindElement {
   "using": "css selector",
   "value": "div.ngCell.col0.colt0"
}
[1557413692.072][INFO]: Waiting for pending navigations...
[1557413692.073][INFO]: Done waiting for pending navigations. Status: ok
[1557413692.091][INFO]: Waiting for pending navigations...
[1557413692.092][INFO]: Done waiting for pending navigations. Status: ok
[1557413692.092][INFO]: [551e6c52fbefe32b795992649fa04af7] RESPONSE FindElement {
   "ELEMENT": "0.30083161213687815-13"
}
[1557413695.096][INFO]: [551e6c52fbefe32b795992649fa04af7] COMMAND FindElements {
   "using": "css selector",
   "value": "div.ngCell.col0.colt0"
}
[1557413695.096][INFO]: Waiting for pending navigations...
[1557413695.097][INFO]: Done waiting for pending navigations. Status: ok
[1557413695.115][INFO]: Waiting for pending navigations...
[1557413695.116][INFO]: Done waiting for pending navigations. Status: ok
[1557413695.116][INFO]: [551e6c52fbefe32b795992649fa04af7] RESPONSE FindElements [ {
   "ELEMENT": "0.30083161213687815-13"
}, {
   "ELEMENT": "0.30083161213687815-14"
}, {
   "ELEMENT": "0.30083161213687815-15"
}, {
   "ELEMENT": "0.30083161213687815-16"
}, {
   "ELEMENT": "0.30083161213687815-17"
} ]
[1557413695.121][INFO]: [551e6c52fbefe32b795992649fa04af7] COMMAND ClickElement {
   "id": "0.30083161213687815-13"
}
[1557413695.121][INFO]: Waiting for pending navigations...
[1557413695.122][INFO]: Done waiting for pending navigations. Status: ok
[1557413695.229][INFO]: Waiting for pending navigations...
[1557413695.248][INFO]: Done waiting for pending navigations. Status: ok
[1557413695.248][INFO]: [551e6c52fbefe32b795992649fa04af7] RESPONSE ClickElement
[1557413698.250][INFO]: [551e6c52fbefe32b795992649fa04af7] COMMAND FindElements {
   "using": "xpath",
   "value": "//i[@class='fa fa-search fa-flip-horizontal']"
}
[1557413698.250][INFO]: Waiting for pending navigations...
[1557413698.251][INFO]: Done waiting for pending navigations. Status: ok
[1557413698.264][INFO]: Waiting for pending navigations...
[1557413698.265][INFO]: Done waiting for pending navigations. Status: ok
[1557413698.265][INFO]: [551e6c52fbefe32b795992649fa04af7] RESPONSE FindElements [ {
   "ELEMENT": "0.30083161213687815-3"
} ]
[1557413698.269][INFO]: [551e6c52fbefe32b795992649fa04af7] COMMAND ClickElement {
   "id": "0.30083161213687815-3"
}
[1557413698.269][INFO]: Waiting for pending navigations...
[1557413698.270][INFO]: Done waiting for pending navigations. Status: ok
[1557413698.505][INFO]: Waiting for pending navigations...
[1557413698.742][INFO]: Done waiting for pending navigations. Status: ok
[1557413698.742][INFO]: [551e6c52fbefe32b795992649fa04af7] RESPONSE ClickElement
