[1557864223.186][INFO]: Starting ChromeDriver 74.0.3729.6 (255758eccf3d244491b8a1317aa76e1ce10d57e9-refs/branch-heads/3729@{#29})
[1557864223.186][INFO]: Please protect ports used by ChromeDriver and related test frameworks to prevent access by malicious code.
[1557864223.630][INFO]: [17366e5292e308b5304ce00791e0c4d2] COMMAND InitSession {
   "capabilities": {
      "firstMatch": [ {
         "browserName": "chrome",
         "goog:chromeOptions": {
            "args": [  ],
            "extensions": [  ]
         }
      } ]
   },
   "desiredCapabilities": {
      "browserName": "chrome",
      "goog:chromeOptions": {
         "args": [  ],
         "extensions": [  ]
      }
   }
}
[1557864223.640][INFO]: Populating Preferences file: {
   "alternate_error_pages": {
      "enabled": false
   },
   "autofill": {
      "enabled": false
   },
   "browser": {
      "check_default_browser": false
   },
   "distribution": {
      "import_bookmarks": false,
      "import_history": false,
      "import_search_engine": false,
      "make_chrome_default_for_user": false,
      "skip_first_run_ui": true
   },
   "dns_prefetching": {
      "enabled": false
   },
   "profile": {
      "content_settings": {
         "pattern_pairs": {
            "https://*,*": {
               "media-stream": {
                  "audio": "Default",
                  "video": "Default"
               }
            }
         }
      },
      "default_content_setting_values": {
         "geolocation": 1
      },
      "default_content_settings": {
         "geolocation": 1,
         "mouselock": 1,
         "notifications": 1,
         "popups": 1,
         "ppapi-broker": 1
      },
      "password_manager_enabled": false
   },
   "safebrowsing": {
      "enabled": false
   },
   "search": {
      "suggest_enabled": false
   },
   "translate": {
      "enabled": false
   }
}
[1557864223.642][INFO]: Populating Local State file: {
   "background_mode": {
      "enabled": false
   },
   "ssl": {
      "rev_checking": {
         "enabled": false
      }
   }
}
[1557864223.659][INFO]: Launching chrome: "C:\Program Files (x86)\Google\Chrome\Application\chrome.exe" --disable-background-networking --disable-client-side-phishing-detection --disable-default-apps --disable-hang-monitor --disable-popup-blocking --disable-prompt-on-repost --disable-sync --disable-web-resources --enable-automation --enable-blink-features=ShadowDOMV0 --enable-logging --force-fieldtrials=SiteIsolationExtensions/Control --ignore-certificate-errors --load-extension="C:\Users\Adrian\AppData\Local\Temp\scoped_dir18760_21206\internal" --log-level=0 --no-first-run --password-store=basic --remote-debugging-port=0 --test-type=webdriver --use-mock-keychain --user-data-dir="C:\Users\Adrian\AppData\Local\Temp\scoped_dir18760_23632" data:,
[1557864224.667][INFO]: resolved localhost to ["::1","127.0.0.1"]
[1557864225.699][INFO]: [17366e5292e308b5304ce00791e0c4d2] RESPONSE InitSession {
   "acceptInsecureCerts": false,
   "acceptSslCerts": false,
   "applicationCacheEnabled": false,
   "browserConnectionEnabled": false,
   "browserName": "chrome",
   "chrome": {
      "chromedriverVersion": "74.0.3729.6 (255758eccf3d244491b8a1317aa76e1ce10d57e9-refs/branch-heads/3729@{#29})",
      "userDataDir": "C:\\Users\\Adrian\\AppData\\Local\\Temp\\scoped_dir18760_23632"
   },
   "cssSelectorsEnabled": true,
   "databaseEnabled": false,
   "goog:chromeOptions": {
      "debuggerAddress": "localhost:54030"
   },
   "handlesAlerts": true,
   "hasTouchScreen": false,
   "javascriptEnabled": true,
   "locationContextEnabled": true,
   "mobileEmulationEnabled": false,
   "nativeEvents": true,
   "networkConnectionEnabled": false,
   "pageLoadStrategy": "normal",
   "platform": "Windows NT",
   "proxy": {

   },
   "~~~": "..."
}
[1557864225.738][INFO]: [17366e5292e308b5304ce00791e0c4d2] COMMAND MaximizeWindow {
   "handle": "current",
   "windowHandle": "current"
}
[1557864225.738][INFO]: Waiting for pending navigations...
[1557864225.749][INFO]: Done waiting for pending navigations. Status: ok
[1557864225.750][INFO]: resolved localhost to ["::1","127.0.0.1"]
[1557864226.910][INFO]: Waiting for pending navigations...
[1557864226.911][INFO]: Done waiting for pending navigations. Status: ok
[1557864226.911][INFO]: [17366e5292e308b5304ce00791e0c4d2] RESPONSE MaximizeWindow {
   "height": 744,
   "width": 1382,
   "x": -8,
   "y": -8
}
[1557864226.914][INFO]: [17366e5292e308b5304ce00791e0c4d2] COMMAND SetTimeouts {
   "ms": 5000,
   "type": "implicit"
}
[1557864226.914][INFO]: [17366e5292e308b5304ce00791e0c4d2] RESPONSE SetTimeouts
[1557864226.918][INFO]: [17366e5292e308b5304ce00791e0c4d2] COMMAND Navigate {
   "url": "https://app.dev.drillinginfo.com/courthouse/"
}
[1557864226.918][INFO]: Waiting for pending navigations...
[1557864226.919][INFO]: Done waiting for pending navigations. Status: ok
[1557864227.610][INFO]: Waiting for pending navigations...
[1557864238.874][INFO]: Done waiting for pending navigations. Status: ok
[1557864238.874][INFO]: [17366e5292e308b5304ce00791e0c4d2] RESPONSE Navigate
[1557864238.880][INFO]: [17366e5292e308b5304ce00791e0c4d2] COMMAND FindElements {
   "using": "xpath",
   "value": "//p[@class='signInText-login']"
}
[1557864238.880][INFO]: Waiting for pending navigations...
[1557864238.885][INFO]: Done waiting for pending navigations. Status: ok
[1557864238.912][INFO]: Waiting for pending navigations...
[1557864238.914][INFO]: Done waiting for pending navigations. Status: ok
[1557864238.914][INFO]: [17366e5292e308b5304ce00791e0c4d2] RESPONSE FindElements [ {
   "ELEMENT": "0.5328191283228805-1"
} ]
[1557864238.916][INFO]: [17366e5292e308b5304ce00791e0c4d2] COMMAND IsElementDisplayed {
   "id": "0.5328191283228805-1"
}
[1557864238.916][INFO]: Waiting for pending navigations...
[1557864238.917][INFO]: Done waiting for pending navigations. Status: ok
[1557864238.942][INFO]: Waiting for pending navigations...
[1557864238.943][INFO]: Done waiting for pending navigations. Status: ok
[1557864238.943][INFO]: [17366e5292e308b5304ce00791e0c4d2] RESPONSE IsElementDisplayed true
[1557864238.947][INFO]: [17366e5292e308b5304ce00791e0c4d2] COMMAND FindElements {
   "using": "xpath",
   "value": "//a[@href='https://app.dev.drillinginfo.com/courthouse/login']"
}
[1557864238.947][INFO]: Waiting for pending navigations...
[1557864238.950][INFO]: Done waiting for pending navigations. Status: ok
[1557864239.021][INFO]: Waiting for pending navigations...
[1557864239.029][INFO]: Done waiting for pending navigations. Status: ok
[1557864239.029][INFO]: [17366e5292e308b5304ce00791e0c4d2] RESPONSE FindElements [ {
   "ELEMENT": "0.5328191283228805-2"
} ]
[1557864239.036][INFO]: [17366e5292e308b5304ce00791e0c4d2] COMMAND ClickElement {
   "id": "0.5328191283228805-2"
}
[1557864239.036][INFO]: Waiting for pending navigations...
[1557864239.049][INFO]: Done waiting for pending navigations. Status: ok
[1557864239.314][INFO]: Waiting for pending navigations...
[1557864241.713][INFO]: Done waiting for pending navigations. Status: ok
[1557864241.713][INFO]: [17366e5292e308b5304ce00791e0c4d2] RESPONSE ClickElement
[1557864241.717][INFO]: [17366e5292e308b5304ce00791e0c4d2] COMMAND FindElements {
   "using": "xpath",
   "value": "//div[@class='di-app-loading-message']"
}
[1557864241.717][INFO]: Waiting for pending navigations...
[1557864241.734][INFO]: Done waiting for pending navigations. Status: ok
[1557864246.777][INFO]: Waiting for pending navigations...
[1557864246.779][INFO]: Done waiting for pending navigations. Status: ok
[1557864246.779][INFO]: [17366e5292e308b5304ce00791e0c4d2] RESPONSE FindElements [  ]
[1557864247.781][INFO]: [17366e5292e308b5304ce00791e0c4d2] COMMAND SetTimeouts {
   "ms": 0,
   "type": "implicit"
}
[1557864247.781][INFO]: [17366e5292e308b5304ce00791e0c4d2] RESPONSE SetTimeouts
[1557864247.783][INFO]: [17366e5292e308b5304ce00791e0c4d2] COMMAND FindElement {
   "using": "xpath",
   "value": "//p[text()='DI Courthouse Contractor/PayGo/Free Trial']"
}
[1557864247.783][INFO]: Waiting for pending navigations...
[1557864247.784][INFO]: Done waiting for pending navigations. Status: ok
[1557864247.801][INFO]: Waiting for pending navigations...
[1557864247.802][INFO]: Done waiting for pending navigations. Status: ok
[1557864247.802][INFO]: [17366e5292e308b5304ce00791e0c4d2] RESPONSE FindElement {
   "ELEMENT": "0.10180584556157357-1"
}
[1557864247.804][INFO]: [17366e5292e308b5304ce00791e0c4d2] COMMAND SetTimeouts {
   "ms": 0,
   "type": "implicit"
}
[1557864247.804][INFO]: [17366e5292e308b5304ce00791e0c4d2] RESPONSE SetTimeouts
[1557864247.808][INFO]: [17366e5292e308b5304ce00791e0c4d2] COMMAND FindElement {
   "using": "id",
   "value": "username"
}
[1557864247.808][INFO]: Waiting for pending navigations...
[1557864247.809][INFO]: Done waiting for pending navigations. Status: ok
[1557864247.826][INFO]: Waiting for pending navigations...
[1557864247.827][INFO]: Done waiting for pending navigations. Status: ok
[1557864247.827][INFO]: [17366e5292e308b5304ce00791e0c4d2] RESPONSE FindElement {
   "ELEMENT": "0.10180584556157357-2"
}
[1557864247.830][INFO]: [17366e5292e308b5304ce00791e0c4d2] COMMAND FindElement {
   "using": "id",
   "value": "username"
}
[1557864247.830][INFO]: Waiting for pending navigations...
[1557864247.831][INFO]: Done waiting for pending navigations. Status: ok
[1557864247.838][INFO]: Waiting for pending navigations...
[1557864247.839][INFO]: Done waiting for pending navigations. Status: ok
[1557864247.839][INFO]: [17366e5292e308b5304ce00791e0c4d2] RESPONSE FindElement {
   "ELEMENT": "0.10180584556157357-2"
}
[1557864247.842][INFO]: [17366e5292e308b5304ce00791e0c4d2] COMMAND TypeElement {
   "id": "0.10180584556157357-2",
   "value": [ "newfreetrial_1" ]
}
[1557864247.842][INFO]: Waiting for pending navigations...
[1557864247.843][INFO]: Done waiting for pending navigations. Status: ok
[1557864247.971][INFO]: Waiting for pending navigations...
[1557864247.972][INFO]: Done waiting for pending navigations. Status: ok
[1557864247.972][INFO]: [17366e5292e308b5304ce00791e0c4d2] RESPONSE TypeElement
[1557864247.975][INFO]: [17366e5292e308b5304ce00791e0c4d2] COMMAND SetTimeouts {
   "ms": 0,
   "type": "implicit"
}
[1557864247.975][INFO]: [17366e5292e308b5304ce00791e0c4d2] RESPONSE SetTimeouts
[1557864247.979][INFO]: [17366e5292e308b5304ce00791e0c4d2] COMMAND FindElement {
   "using": "id",
   "value": "password"
}
[1557864247.979][INFO]: Waiting for pending navigations...
[1557864247.981][INFO]: Done waiting for pending navigations. Status: ok
[1557864248.001][INFO]: Waiting for pending navigations...
[1557864248.003][INFO]: Done waiting for pending navigations. Status: ok
[1557864248.003][INFO]: [17366e5292e308b5304ce00791e0c4d2] RESPONSE FindElement {
   "ELEMENT": "0.10180584556157357-3"
}
[1557864248.006][INFO]: [17366e5292e308b5304ce00791e0c4d2] COMMAND FindElement {
   "using": "id",
   "value": "password"
}
[1557864248.006][INFO]: Waiting for pending navigations...
[1557864248.007][INFO]: Done waiting for pending navigations. Status: ok
[1557864248.014][INFO]: Waiting for pending navigations...
[1557864248.015][INFO]: Done waiting for pending navigations. Status: ok
[1557864248.015][INFO]: [17366e5292e308b5304ce00791e0c4d2] RESPONSE FindElement {
   "ELEMENT": "0.10180584556157357-3"
}
[1557864248.019][INFO]: [17366e5292e308b5304ce00791e0c4d2] COMMAND TypeElement {
   "id": "0.10180584556157357-3",
   "value": [ "As123456789" ]
}
[1557864248.019][INFO]: Waiting for pending navigations...
[1557864248.020][INFO]: Done waiting for pending navigations. Status: ok
[1557864248.133][INFO]: Waiting for pending navigations...
[1557864248.134][INFO]: Done waiting for pending navigations. Status: ok
[1557864248.134][INFO]: [17366e5292e308b5304ce00791e0c4d2] RESPONSE TypeElement
[1557864249.135][INFO]: [17366e5292e308b5304ce00791e0c4d2] COMMAND FindElements {
   "using": "id",
   "value": "login"
}
[1557864249.135][INFO]: Waiting for pending navigations...
[1557864249.136][INFO]: Done waiting for pending navigations. Status: ok
[1557864249.153][INFO]: Waiting for pending navigations...
[1557864249.154][INFO]: Done waiting for pending navigations. Status: ok
[1557864249.154][INFO]: [17366e5292e308b5304ce00791e0c4d2] RESPONSE FindElements [ {
   "ELEMENT": "0.10180584556157357-4"
} ]
[1557864249.157][INFO]: [17366e5292e308b5304ce00791e0c4d2] COMMAND ClickElement {
   "id": "0.10180584556157357-4"
}
[1557864249.157][INFO]: Waiting for pending navigations...
[1557864249.158][INFO]: Done waiting for pending navigations. Status: ok
[1557864249.238][INFO]: Waiting for pending navigations...
[1557864249.240][INFO]: Done waiting for pending navigations. Status: ok
[1557864249.240][INFO]: [17366e5292e308b5304ce00791e0c4d2] RESPONSE ClickElement
[1557864249.245][INFO]: [17366e5292e308b5304ce00791e0c4d2] COMMAND SetTimeouts {
   "ms": 0,
   "type": "implicit"
}
[1557864249.245][INFO]: [17366e5292e308b5304ce00791e0c4d2] RESPONSE SetTimeouts
[1557864249.248][INFO]: [17366e5292e308b5304ce00791e0c4d2] COMMAND FindElement {
   "using": "xpath",
   "value": "//a[@class='home-btn active-item']"
}
[1557864249.248][INFO]: Waiting for pending navigations...
[1557864249.249][INFO]: Done waiting for pending navigations. Status: ok
[1557864249.270][INFO]: Waiting for pending navigations...
[1557864249.271][INFO]: Done waiting for pending navigations. Status: ok
[1557864249.271][INFO]: [17366e5292e308b5304ce00791e0c4d2] RESPONSE FindElement ERROR no such element: Unable to locate element: {"method":"xpath","selector":"//a[@class='home-btn active-item']"}
  (Session info: chrome=74.0.3729.131)
[1557864249.778][INFO]: [17366e5292e308b5304ce00791e0c4d2] COMMAND SetTimeouts {
   "ms": 0,
   "type": "implicit"
}
[1557864249.778][INFO]: [17366e5292e308b5304ce00791e0c4d2] RESPONSE SetTimeouts
[1557864249.785][INFO]: [17366e5292e308b5304ce00791e0c4d2] COMMAND FindElement {
   "using": "xpath",
   "value": "//a[@class='home-btn active-item']"
}
[1557864249.789][INFO]: Waiting for pending navigations...
[1557864254.683][INFO]: Done waiting for pending navigations. Status: ok
[1557864254.694][INFO]: Waiting for pending navigations...
[1557864254.703][INFO]: Done waiting for pending navigations. Status: ok
[1557864254.703][INFO]: [17366e5292e308b5304ce00791e0c4d2] RESPONSE FindElement {
   "ELEMENT": "0.9027752154206086-1"
}
[1557864259.704][INFO]: [17366e5292e308b5304ce00791e0c4d2] COMMAND FindElements {
   "using": "xpath",
   "value": "//a[@class='home-btn active-item']"
}
[1557864259.704][INFO]: Waiting for pending navigations...
[1557864259.705][INFO]: Done waiting for pending navigations. Status: ok
[1557864259.724][INFO]: Waiting for pending navigations...
[1557864259.726][INFO]: Done waiting for pending navigations. Status: ok
[1557864259.726][INFO]: [17366e5292e308b5304ce00791e0c4d2] RESPONSE FindElements [ {
   "ELEMENT": "0.9027752154206086-1"
} ]
[1557864259.728][INFO]: [17366e5292e308b5304ce00791e0c4d2] COMMAND ClickElement {
   "id": "0.9027752154206086-1"
}
[1557864259.728][INFO]: Waiting for pending navigations...
[1557864259.729][INFO]: Done waiting for pending navigations. Status: ok
[1557864259.819][INFO]: Waiting for pending navigations...
[1557864259.825][INFO]: Done waiting for pending navigations. Status: ok
[1557864259.825][INFO]: [17366e5292e308b5304ce00791e0c4d2] RESPONSE ClickElement
[1557864266.829][INFO]: [17366e5292e308b5304ce00791e0c4d2] COMMAND SetTimeouts {
   "ms": 0,
   "type": "implicit"
}
[1557864266.829][INFO]: [17366e5292e308b5304ce00791e0c4d2] RESPONSE SetTimeouts
[1557864266.833][INFO]: [17366e5292e308b5304ce00791e0c4d2] COMMAND FindElement {
   "using": "xpath",
   "value": "//h5[@name='Search Results']"
}
[1557864266.833][INFO]: Waiting for pending navigations...
[1557864266.835][INFO]: Done waiting for pending navigations. Status: ok
[1557864266.861][INFO]: Waiting for pending navigations...
[1557864266.862][INFO]: Done waiting for pending navigations. Status: ok
[1557864266.862][INFO]: [17366e5292e308b5304ce00791e0c4d2] RESPONSE FindElement {
   "ELEMENT": "0.9027752154206086-2"
}
[1557864266.866][INFO]: [17366e5292e308b5304ce00791e0c4d2] COMMAND FindElements {
   "using": "xpath",
   "value": "//a[@ng-click='activateMidlandFilter()']"
}
[1557864266.866][INFO]: Waiting for pending navigations...
[1557864266.867][INFO]: Done waiting for pending navigations. Status: ok
[1557864266.884][INFO]: Waiting for pending navigations...
[1557864266.884][INFO]: Done waiting for pending navigations. Status: ok
[1557864266.884][INFO]: [17366e5292e308b5304ce00791e0c4d2] RESPONSE FindElements [ {
   "ELEMENT": "0.9027752154206086-3"
} ]
[1557864266.887][INFO]: [17366e5292e308b5304ce00791e0c4d2] COMMAND ClickElement {
   "id": "0.9027752154206086-3"
}
[1557864266.887][INFO]: Waiting for pending navigations...
[1557864266.888][INFO]: Done waiting for pending navigations. Status: ok
[1557864267.026][INFO]: Waiting for pending navigations...
[1557864267.032][INFO]: Done waiting for pending navigations. Status: ok
[1557864267.032][INFO]: [17366e5292e308b5304ce00791e0c4d2] RESPONSE ClickElement
[1557864270.034][INFO]: [17366e5292e308b5304ce00791e0c4d2] COMMAND SetTimeouts {
   "ms": 0,
   "type": "implicit"
}
[1557864270.034][INFO]: [17366e5292e308b5304ce00791e0c4d2] RESPONSE SetTimeouts
[1557864270.037][INFO]: [17366e5292e308b5304ce00791e0c4d2] COMMAND FindElement {
   "using": "xpath",
   "value": "//div[contains(text(),'Ownership maps are only available to Courthouse subscribers. Contact Sales for more information.')]"
}
[1557864270.037][INFO]: Waiting for pending navigations...
[1557864270.039][INFO]: Done waiting for pending navigations. Status: ok
[1557864270.060][INFO]: Waiting for pending navigations...
[1557864270.061][INFO]: Done waiting for pending navigations. Status: ok
[1557864270.061][INFO]: [17366e5292e308b5304ce00791e0c4d2] RESPONSE FindElement {
   "ELEMENT": "0.9027752154206086-4"
}
