[1560911724.301][INFO]: Starting ChromeDriver 74.0.3729.6 (255758eccf3d244491b8a1317aa76e1ce10d57e9-refs/branch-heads/3729@{#29})
[1560911724.301][INFO]: Please protect ports used by ChromeDriver and related test frameworks to prevent access by malicious code.
[1560911724.709][INFO]: [eeea6249e2475a6ca31dd2407370b44c] COMMAND InitSession {
   "capabilities": {
      "firstMatch": [ {
         "browserName": "chrome",
         "goog:chromeOptions": {
            "args": [  ],
            "extensions": [  ]
         }
      } ]
   },
   "desiredCapabilities": {
      "browserName": "chrome",
      "goog:chromeOptions": {
         "args": [  ],
         "extensions": [  ]
      }
   }
}
[1560911724.714][INFO]: Populating Preferences file: {
   "alternate_error_pages": {
      "enabled": false
   },
   "autofill": {
      "enabled": false
   },
   "browser": {
      "check_default_browser": false
   },
   "distribution": {
      "import_bookmarks": false,
      "import_history": false,
      "import_search_engine": false,
      "make_chrome_default_for_user": false,
      "skip_first_run_ui": true
   },
   "dns_prefetching": {
      "enabled": false
   },
   "profile": {
      "content_settings": {
         "pattern_pairs": {
            "https://*,*": {
               "media-stream": {
                  "audio": "Default",
                  "video": "Default"
               }
            }
         }
      },
      "default_content_setting_values": {
         "geolocation": 1
      },
      "default_content_settings": {
         "geolocation": 1,
         "mouselock": 1,
         "notifications": 1,
         "popups": 1,
         "ppapi-broker": 1
      },
      "password_manager_enabled": false
   },
   "safebrowsing": {
      "enabled": false
   },
   "search": {
      "suggest_enabled": false
   },
   "translate": {
      "enabled": false
   }
}
[1560911724.715][INFO]: Populating Local State file: {
   "background_mode": {
      "enabled": false
   },
   "ssl": {
      "rev_checking": {
         "enabled": false
      }
   }
}
[1560911724.724][INFO]: Launching chrome: "C:\Program Files (x86)\Google\Chrome\Application\chrome.exe" --disable-background-networking --disable-client-side-phishing-detection --disable-default-apps --disable-hang-monitor --disable-popup-blocking --disable-prompt-on-repost --disable-sync --disable-web-resources --enable-automation --enable-blink-features=ShadowDOMV0 --enable-logging --force-fieldtrials=SiteIsolationExtensions/Control --ignore-certificate-errors --load-extension="C:\Users\Adrian\AppData\Local\Temp\scoped_dir9176_15597\internal" --log-level=0 --no-first-run --password-store=basic --remote-debugging-port=0 --test-type=webdriver --use-mock-keychain --user-data-dir="C:\Users\Adrian\AppData\Local\Temp\scoped_dir9176_21562" data:,
[1560911726.177][INFO]: resolved localhost to ["::1","127.0.0.1"]
[1560911727.204][INFO]: [eeea6249e2475a6ca31dd2407370b44c] RESPONSE InitSession {
   "acceptInsecureCerts": false,
   "acceptSslCerts": false,
   "applicationCacheEnabled": false,
   "browserConnectionEnabled": false,
   "browserName": "chrome",
   "chrome": {
      "chromedriverVersion": "74.0.3729.6 (255758eccf3d244491b8a1317aa76e1ce10d57e9-refs/branch-heads/3729@{#29})",
      "userDataDir": "C:\\Users\\Adrian\\AppData\\Local\\Temp\\scoped_dir9176_21562"
   },
   "cssSelectorsEnabled": true,
   "databaseEnabled": false,
   "goog:chromeOptions": {
      "debuggerAddress": "localhost:50291"
   },
   "handlesAlerts": true,
   "hasTouchScreen": false,
   "javascriptEnabled": true,
   "locationContextEnabled": true,
   "mobileEmulationEnabled": false,
   "nativeEvents": true,
   "networkConnectionEnabled": false,
   "pageLoadStrategy": "normal",
   "platform": "Windows NT",
   "proxy": {

   },
   "~~~": "..."
}
[1560911727.208][INFO]: [eeea6249e2475a6ca31dd2407370b44c] COMMAND MaximizeWindow {
   "handle": "current",
   "windowHandle": "current"
}
[1560911727.208][INFO]: Waiting for pending navigations...
[1560911727.223][INFO]: Done waiting for pending navigations. Status: ok
[1560911727.226][INFO]: resolved localhost to ["::1","127.0.0.1"]
[1560911728.437][INFO]: Waiting for pending navigations...
[1560911728.443][INFO]: Done waiting for pending navigations. Status: ok
[1560911728.443][INFO]: [eeea6249e2475a6ca31dd2407370b44c] RESPONSE MaximizeWindow {
   "height": 744,
   "width": 1382,
   "x": -8,
   "y": -8
}
[1560911728.447][INFO]: [eeea6249e2475a6ca31dd2407370b44c] COMMAND SetTimeouts {
   "ms": 5000,
   "type": "implicit"
}
[1560911728.447][INFO]: [eeea6249e2475a6ca31dd2407370b44c] RESPONSE SetTimeouts
[1560911728.452][INFO]: [eeea6249e2475a6ca31dd2407370b44c] COMMAND Navigate {
   "url": "https://app.dev.drillinginfo.com/courthouse/"
}
[1560911728.452][INFO]: Waiting for pending navigations...
[1560911728.453][INFO]: Done waiting for pending navigations. Status: ok
[1560911730.040][INFO]: Waiting for pending navigations...
[1560911771.553][INFO]: Done waiting for pending navigations. Status: ok
[1560911771.553][INFO]: [eeea6249e2475a6ca31dd2407370b44c] RESPONSE Navigate
[1560911771.557][INFO]: [eeea6249e2475a6ca31dd2407370b44c] COMMAND FindElements {
   "using": "xpath",
   "value": "//p[@class='signInText-login']"
}
[1560911771.557][INFO]: Waiting for pending navigations...
[1560911771.569][INFO]: Done waiting for pending navigations. Status: ok
[1560911776.571][INFO]: Waiting for pending navigations...
[1560911782.513][INFO]: Done waiting for pending navigations. Status: ok
[1560911782.513][INFO]: [eeea6249e2475a6ca31dd2407370b44c] RESPONSE FindElements [  ]
[1560911783.019][INFO]: [eeea6249e2475a6ca31dd2407370b44c] COMMAND FindElements {
   "using": "xpath",
   "value": "//p[@class='signInText-login']"
}
[1560911783.019][INFO]: Waiting for pending navigations...
[1560911783.021][INFO]: Done waiting for pending navigations. Status: ok
[1560911783.031][INFO]: Waiting for pending navigations...
[1560911783.032][INFO]: Done waiting for pending navigations. Status: ok
[1560911783.032][INFO]: [eeea6249e2475a6ca31dd2407370b44c] RESPONSE FindElements [ {
   "ELEMENT": "0.006813265223165388-1"
} ]
[1560911783.035][INFO]: [eeea6249e2475a6ca31dd2407370b44c] COMMAND IsElementDisplayed {
   "id": "0.006813265223165388-1"
}
[1560911783.035][INFO]: Waiting for pending navigations...
[1560911783.036][INFO]: Done waiting for pending navigations. Status: ok
[1560911783.079][INFO]: Waiting for pending navigations...
[1560911783.083][INFO]: Done waiting for pending navigations. Status: ok
[1560911783.083][INFO]: [eeea6249e2475a6ca31dd2407370b44c] RESPONSE IsElementDisplayed true
[1560911783.088][INFO]: [eeea6249e2475a6ca31dd2407370b44c] COMMAND FindElements {
   "using": "xpath",
   "value": "//a[@href='https://app.dev.drillinginfo.com/courthouse/login']"
}
[1560911783.088][INFO]: Waiting for pending navigations...
[1560911783.089][INFO]: Done waiting for pending navigations. Status: ok
[1560911783.120][INFO]: Waiting for pending navigations...
[1560911783.122][INFO]: Done waiting for pending navigations. Status: ok
[1560911783.122][INFO]: [eeea6249e2475a6ca31dd2407370b44c] RESPONSE FindElements [ {
   "ELEMENT": "0.006813265223165388-2"
} ]
[1560911783.130][INFO]: [eeea6249e2475a6ca31dd2407370b44c] COMMAND ClickElement {
   "id": "0.006813265223165388-2"
}
[1560911783.130][INFO]: Waiting for pending navigations...
[1560911783.132][INFO]: Done waiting for pending navigations. Status: ok
[1560911783.259][INFO]: Waiting for pending navigations...
NFO]: Waiting for pending navigations...
[1560911729.153][INFO]: Done waiting for pending navigations. Status: ok
[1560911729.308][INFO]: Waiting for pending navigations...
[1560911729.320][INFO]: Done waiting for pending navigations. Status: ok
[1560911729.320][INFO]: [0ea2ce6097aaa43d5004ae974fac892b] RESPONSE TypeElement
[1560911729.335][INFO]: [0ea2ce6097aaa43d5004ae974fac892b] COMMAND SetTimeouts {
   "ms": 0,
   "type": "implicit"
}
[1560911729.335][INFO]: [0ea2ce6097aaa43d5004ae974fac892b] RESPONSE SetTimeouts
[1560911729.340][INFO]: [0ea2ce6097aaa43d5004ae974fac892b] COMMAND FindElement {
   "using": "id",
   "value": "password"
}
[1560911729.340][INFO]: Waiting for pending navigations...
[1560911729.359][INFO]: Done waiting for pending navigations. Status: ok
[1560911729.393][INFO]: Waiting for pending navigations...
[1560911729.396][INFO]: Done waiting for pending navigations. Status: ok
[1560911729.396][INFO]: [0ea2ce6097aaa43d5004ae974fac892b] RESPONSE FindElement {
   "ELEMENT": "0.38812830128438325-3"
}
[1560911729.439][INFO]: [0ea2ce6097aaa43d5004ae974fac892b] COMMAND FindElement {
   "using": "id",
   "value": "password"
}
[1560911729.439][INFO]: Waiting for pending navigations...
[1560911729.450][INFO]: Done waiting for pending navigations. Status: ok
[1560911729.459][INFO]: Waiting for pending navigations...
[1560911729.460][INFO]: Done waiting for pending navigations. Status: ok
[1560911729.461][INFO]: [0ea2ce6097aaa43d5004ae974fac892b] RESPONSE FindElement {
   "ELEMENT": "0.38812830128438325-3"
}
[1560911729.485][INFO]: [0ea2ce6097aaa43d5004ae974fac892b] COMMAND TypeElement {
   "id": "0.38812830128438325-3",
   "value": [ "diplus1" ]
}
[1560911729.485][INFO]: Waiting for pending navigations...
[1560911729.491][INFO]: Done waiting for pending navigations. Status: ok
[1560911729.675][INFO]: Waiting for pending navigations...
[1560911729.676][INFO]: Done waiting for pending navigations. Status: ok
[1560911729.676][INFO]: [0ea2ce6097aaa43d5004ae974fac892b] RESPONSE TypeElement
[1560911730.677][INFO]: [0ea2ce6097aaa43d5004ae974fac892b] COMMAND FindElements {
   "using": "id",
   "value": "login"
}
[1560911730.677][INFO]: Waiting for pending navigations...
[1560911730.679][INFO]: Done waiting for pending navigations. Status: ok
[1560911730.703][INFO]: Waiting for pending navigations...
[1560911730.704][INFO]: Done waiting for pending navigations. Status: ok
[1560911730.704][INFO]: [0ea2ce6097aaa43d5004ae974fac892b] RESPONSE FindElements [ {
   "ELEMENT": "0.38812830128438325-4"
} ]
[1560911730.706][INFO]: [0ea2ce6097aaa43d5004ae974fac892b] COMMAND ClickElement {
   "id": "0.38812830128438325-4"
}
[1560911730.706][INFO]: Waiting for pending navigations...
[1560911730.708][INFO]: Done waiting for pending navigations. Status: ok
[1560911730.872][INFO]: Waiting for pending navigations...
[1560911773.860][INFO]: Done waiting for pending navigations. Status: ok
[1560911773.860][INFO]: [0ea2ce6097aaa43d5004ae974fac892b] RESPONSE ClickElement
[1560911773.864][INFO]: [0ea2ce6097aaa43d5004ae974fac892b] COMMAND FindElements {
   "using": "xpath",
   "value": "//div[@class='di-app-loading-message']"
}
[1560911773.864][INFO]: Waiting for pending navigations...
[1560911773.869][INFO]: Done waiting for pending navigations. Status: ok
[1560911773.899][INFO]: Waiting for pending navigations...
[1560911773.901][INFO]: Done waiting for pending navigations. Status: ok
[1560911773.902][INFO]: [0ea2ce6097aaa43d5004ae974fac892b] RESPONSE FindElements [ {
   "ELEMENT": "0.8607948541807615-1"
} ]
[1560911773.903][INFO]: [0ea2ce6097aaa43d5004ae974fac892b] COMMAND IsElementDisplayed {
   "id": "0.8607948541807615-1"
}
[1560911773.903][INFO]: Waiting for pending navigations...
[1560911773.904][INFO]: Done waiting for pending navigations. Status: ok
[1560911773.935][INFO]: Waiting for pending navigations...
[1560911773.937][INFO]: Done waiting for pending navigations. Status: ok
[1560911773.937][INFO]: [0ea2ce6097aaa43d5004ae974fac892b] RESPONSE IsElementDisplayed true
[1560911774.449][INFO]: [0ea2ce6097aaa43d5004ae974fac892b] COMMAND FindElements {
   "using": "xpath",
   "value": "//div[@class='di-app-loading-message']"
}
[1560911774.449][INFO]: Waiting for pending navigations...
[1560911774.451][INFO]: Done waiting for pending navigations. Status: ok
[1560911774.460][INFO]: Waiting for pending navigations...
[1560911774.466][INFO]: Done waiting for pending navigations. Status: ok
[1560911774.466][INFO]: [0ea2ce6097aaa43d5004ae974fac892b] RESPONSE FindElements [ {
   "ELEMENT": "0.8607948541807615-1"
} ]
[1560911774.467][INFO]: [0ea2ce6097aaa43d5004ae974fac892b] COMMAND IsElementDisplayed {
   "id": "0.8607948541807615-1"
}
[1560911774.467][INFO]: Waiting for pending navigations...
[1560911774.468][INFO]: Done waiting for pending navigations. Status: ok
[1560911774.476][INFO]: Waiting for pending navigations...
[1560911774.482][INFO]: Done waiting for pending navigations. Status: ok
[1560911774.482][INFO]: [0ea2ce6097aaa43d5004ae974fac892b] RESPONSE IsElementDisplayed true
[1560911774.986][INFO]: [0ea2ce6097aaa43d5004ae974fac892b] COMMAND FindElements {
   "using": "xpath",
   "value": "//div[@class='di-app-loading-message']"
}
[1560911774.987][INFO]: Waiting for pending navigations...
[1560911775.108][INFO]: Done waiting for pending navigations. Status: ok
[1560911775.157][INFO]: Waiting for pending navigations...
[1560911775.165][INFO]: Done waiting for pending navigations. Status: ok
[1560911775.165][INFO]: [0ea2ce6097aaa43d5004ae974fac892b] RESPONSE FindElements [ {
   "ELEMENT": "0.8607948541807615-2"
} ]
[1560911775.167][INFO]: [0ea2ce6097aaa43d5004ae974fac892b] COMMAND IsElementDisplayed {
   "id": "0.8607948541807615-2"
}
[1560911775.167][INFO]: Waiting for pending navigations...
[1560911775.178][INFO]: Done waiting for pending navigations. Status: ok
[1560911775.252][INFO]: Waiting for pending navigations...
[1560911775.272][INFO]: Done waiting for pending navigations. Status: ok
[1560911775.272][INFO]: [0ea2ce6097aaa43d5004ae974fac892b] RESPONSE IsElementDisplayed true
[1560911775.775][INFO]: [0ea2ce6097aaa43d5004ae974fac892b] COMMAND FindElements {
   "using": "xpath",
   "value": "//div[@class='di-app-loading-message']"
}
[1560911775.775][INFO]: Waiting for pending navigations...
[1560911775.776][INFO]: Done waiting for pending navigations. Status: ok
[1560911775.785][INFO]: Waiting for pending navigations...
[1560911775.787][INFO]: Done waiting for pending navigations. Status: ok
[1560911775.787][INFO]: [0ea2ce6097aaa43d5004ae974fac892b] RESPONSE FindElements [ {
   "ELEMENT": "0.8607948541807615-2"
} ]
[1560911775.788][INFO]: [0ea2ce6097aaa43d5004ae974fac892b] COMMAND IsElementDisplayed {
   "id": "0.8607948541807615-2"
}
[1560911775.788][INFO]: Waiting for pending navigations...
[1560911775.789][INFO]: Done waiting for pending navigations. Status: ok
[1560911775.798][INFO]: Waiting for pending navigations...
[1560911775.800][INFO]: Done waiting for pending navigations. Status: ok
[1560911775.800][INFO]: [0ea2ce6097aaa43d5004ae974fac892b] RESPONSE IsElementDisplayed true
[1560911776.302][INFO]: [0ea2ce6097aaa43d5004ae974fac892b] COMMAND FindElements {
   "using": "xpath",
   "value": "//div[@class='di-app-loading-message']"
}
[1560911776.303][INFO]: Waiting for pending navigations...
[1560911776.305][INFO]: Done waiting for pending navigations. Status: ok
[1560911776.320][INFO]: Waiting for pending navigations...
[1560911776.323][INFO]: Done waiting for pending navigations. Status: ok
[1560911776.323][INFO]: [0ea2ce6097aaa43d5004ae974fac892b] RESPONSE FindElements [ {
   "ELEMENT": "0.8607948541807615-2"
} ]
[1560911776.324][INFO]: [0ea2ce6097aaa43d5004ae974fac892b] COMMAND IsElementDisplayed {
   "id": "0.8607948541807615-2"
}
[1560911776.324][INFO]: Waiting for pending navigations...
[1560911776.325][INFO]: Done waiting for pending navigations. Status: ok
[1560911776.337][INFO]: Waiting for pending navigations...
[1560911776.339][INFO]: Done waiting for pending navigations. Status: ok
[1560911776.339][INFO]: [0ea2ce6097aaa43d5004ae974fac892b] RESPONSE IsElementDisplayed true
[1560911776.841][INFO]: [0ea2ce6097aaa43d5004ae974fac892b] COMMAND FindElements {
   "using": "xpath",
   "value": "//div[@class='di-app-loading-message']"
}
[1560911776.841][INFO]: Waiting for pending navigations...
[1560911776.843][INFO]: Done waiting for pending navigations. Status: ok
[1560911776.852][INFO]: Waiting for pending navigations...
[1560911776.853][INFO]: Done waiting for pending navigations. Status: ok
[1560911776.853][INFO]: [0ea2ce6097aaa43d5004ae974fac892b] RESPONSE FindElements [ {
   "ELEMENT": "0.8607948541807615-2"
} ]
[1560911776.854][INFO]: [0ea2ce6097aaa43d5004ae974fac892b] COMMAND IsElementDisplayed {
   "id": "0.8607948541807615-2"
}
[1560911776.854][INFO]: Waiting for pending navigations...
[1560911776.856][INFO]: Done waiting for pending navigations. Status: ok
[1560911776.865][INFO]: Waiting for pending navigations...
[1560911776.867][INFO]: Done waiting for pending navigations. Status: ok
[1560911776.867][INFO]: [0ea2ce6097aaa43d5004ae974fac892b] RESPONSE IsElementDisplayed true
[1560911777.370][INFO]: [0ea2ce6097aaa43d5004ae974fac892b] COMMAND FindElements {
   "using": "xpath",
   "value": "//div[@class='di-app-loading-message']"
}
[1560911777.370][INFO]: Waiting for pending navigations...
[1560911777.371][INFO]: Done waiting for pending navigations. Status: ok
[1560911777.381][INFO]: Waiting for pending navigations...
[1560911777.384][INFO]: Done waiting for pending navigations. Status: ok
[1560911777.384][INFO]: [0ea2ce6097aaa43d5004ae974fac892b] RESPONSE FindElements [ {
   "ELEMENT": "0.8607948541807615-2"
} ]
[1560911777.385][INFO]: [0ea2ce6097aaa43d5004ae974fac892b] COMMAND IsElementDisplayed {
   "id": "0.8607948541807615-2"
}
[1560911777.385][INFO]: Waiting for pending navigations...
[1560911777.386][INFO]: Done waiting for pending navigations. Status: ok
[1560911777.395][INFO]: Waiting for pending navigations...
[1560911777.397][INFO]: Done waiting for pending navigations. Status: ok
[1560911777.397][INFO]: [0ea2ce6097aaa43d5004ae974fac892b] RESPONSE IsElementDisplayed true
[1560911777.900][INFO]: [0ea2ce6097aaa43d5004ae974fac892b] COMMAND FindElements {
   "using": "xpath",
   "value": "//div[@class='di-app-loading-message']"
}
[1560911777.900][INFO]: Waiting for pending navigations...
[1560911777.901][INFO]: Done waiting for pending navigations. Status: ok
[1560911777.918][INFO]: Waiting for pending navigations...
[1560911777.920][INFO]: Done waiting for pending navigations. Status: ok
[1560911777.920][INFO]: [0ea2ce6097aaa43d5004ae974fac892b] RESPONSE FindElements [ {
   "ELEMENT": "0.8607948541807615-2"
} ]
[1560911777.921][INFO]: [0ea2ce6097aaa43d5004ae974fac892b] COMMAND IsElementDisplayed {
   "id": "0.8607948541807615-2"
}
[1560911777.921][INFO]: Waiting for pending navigations...
[1560911777.922][INFO]: Done waiting for pending navigations. Status: ok
[1560911777.930][INFO]: Waiting for pending navigations...
[1560911777.935][INFO]: Done waiting for pending navigations. Status: ok
[1560911777.935][INFO]: [0ea2ce6097aaa43d5004ae974fac892b] RESPONSE IsElementDisplayed true
[1560911778.438][INFO]: [0ea2ce6097aaa43d5004ae974fac892b] COMMAND FindElements {
   "using": "xpath",
   "value": "//div[@class='di-app-loading-message']"
}
[1560911778.438][INFO]: Waiting for pending navigations...
[1560911778.439][INFO]: Done waiting for pending navigations. Status: ok
[1560911778.451][INFO]: Waiting for pending navigations...
[1560911778.452][INFO]: Done waiting for pending navigations. Status: ok
[1560911778.452][INFO]: [0ea2ce6097aaa43d5004ae974fac892b] RESPONSE FindElements [ {
   "ELEMENT": "0.8607948541807615-2"
} ]
[1560911778.453][INFO]: [0ea2ce6097aaa43d5004ae974fac892b] COMMAND IsElementDisplayed {
   "id": "0.8607948541807615-2"
}
[1560911778.453][INFO]: Waiting for pending navigations...
[1560911778.454][INFO]: Done waiting for pending navigations. Status: ok
[1560911778.464][INFO]: Waiting for pending navigations...
[1560911778.468][INFO]: Done waiting for pending navigations. Status: ok
[1560911778.468][INFO]: [0ea2ce6097aaa43d5004ae974fac892b] RESPONSE IsElementDisplayed true
[1560911778.971][INFO]: [0ea2ce6097aaa43d5004ae974fac892b] COMMAND FindElements {
   "using": "xpath",
   "value": "//div[@class='di-app-loading-message']"
}
[1560911778.971][INFO]: Waiting for pending navigations...
[1560911779.064][INFO]: Done waiting for pending navigations. Status: ok
[1560911779.078][INFO]: Waiting for pending navigations...
[1560911779.082][INFO]: Done waiting for pending navigations. Status: ok
[1560911779.082][INFO]: [0ea2ce6097aaa43d5004ae974fac892b] RESPONSE FindElements [ {
   "ELEMENT": "0.8607948541807615-2"
} ]
[1560911779.084][INFO]: [0ea2ce6097aaa43d5004ae974fac892b] COMMAND IsElementDisplayed {
   "id": "0.8607948541807615-2"
}
[1560911779.084][INFO]: Waiting for pending navigations...
[1560911779.085][INFO]: Done waiting for pending navigations. Status: ok
[1560911779.091][INFO]: Waiting for pending navigations...
[1560911779.096][INFO]: Done waiting for pending navigations. Status: ok
[1560911779.096][INFO]: [0ea2ce6097aaa43d5004ae974fac892b] RESPONSE IsElementDisplayed true
[1560911779.599][INFO]: [0ea2ce6097aaa43d5004ae974fac892b] COMMAND FindElements {
   "using": "xpath",
   "value": "//div[@class='di-app-loading-message']"
}
[1560911779.600][INFO]: Waiting for pending navigations...
[1560911779.601][INFO]: Done waiting for pending navigations. Status: ok
[1560911779.611][INFO]: Waiting for pending navigations...
[1560911779.613][INFO]: Done waiting for pending navigations. Status: ok
[1560911779.613][INFO]: [0ea2ce6097aaa43d5004ae974fac892b] RESPONSE FindElements [ {
   "ELEMENT": "0.8607948541807615-2"
} ]
[1560911779.614][INFO]: [0ea2ce6097aaa43d5004ae974fac892b] COMMAND IsElementDisplayed {
   "id": "0.8607948541807615-2"
}
[1560911779.614][INFO]: Waiting for pending navigations...
[1560911779.615][INFO]: Done waiting for pending navigations. Status: ok
[1560911779.622][INFO]: Waiting for pending navigations...
[1560911779.623][INFO]: Done waiting for pending navigations. Status: ok
[1560911779.623][INFO]: [0ea2ce6097aaa43d5004ae974fac892b] RESPONSE IsElementDisplayed true
[1560911780.126][INFO]: [0ea2ce6097aaa43d5004ae974fac892b] COMMAND FindElements {
   "using": "xpath",
   "value": "//div[@class='di-app-loading-message']"
}
[1560911780.126][INFO]: Waiting for pending navigations...
[1560911780.172][INFO]: Done waiting for pending navigations. Status: ok
[1560911780.206][INFO]: Waiting for pending navigations...
[1560911780.216][INFO]: Done waiting for pending navigations. Status: ok
[1560911780.216][INFO]: [0ea2ce6097aaa43d5004ae974fac892b] RESPONSE FindElements [ {
   "ELEMENT": "0.8607948541807615-2"
} ]
[1560911780.218][INFO]: [0ea2ce6097aaa43d5004ae974fac892b] COMMAND IsElementDisplayed {
   "id": "0.8607948541807615-2"
}
[1560911780.218][INFO]: Waiting for pending navigations...
[1560911780.219][INFO]: Done waiting for pending navigations. Status: ok
[1560911780.236][INFO]: Waiting for pending navigations...
[1560911780.248][INFO]: Done waiting for pending navigations. Status: ok
[1560911780.248][INFO]: [0ea2ce6097aaa43d5004ae974fac892b] RESPONSE IsElementDisplayed true
[1560911780.773][INFO]: [0ea2ce6097aaa43d5004ae974fac892b] COMMAND FindElements {
   "using": "xpath",
   "value": "//div[@class='di-app-loading-message']"
}
[1560911780.774][INFO]: Waiting for pending navigations...
[1560911780.782][INFO]: Done waiting for pending navigations. Status: ok
[1560911780.797][INFO]: Waiting for pending navigations...
[1560911780.798][INFO]: Done waiting for pending navigations. Status: ok
[1560911780.798][INFO]: [0ea2ce6097aaa43d5004ae974fac892b] RESPONSE FindElements [ {
   "ELEMENT": "0.8607948541807615-2"
} ]
[1560911780.800][INFO]: [0ea2ce6097aaa43d5004ae974fac892b] COMMAND IsElementDisplayed {
   "id": "0.8607948541807615-2"
}
[1560911780.800][INFO]: Waiting for pending navigations...
[1560911780.802][INFO]: Done waiting for pending navigations. Status: ok
[1560911780.816][INFO]: Waiting for pending navigations...
[1560911780.819][INFO]: Done waiting for pending navigations. Status: ok
[1560911780.819][INFO]: [0ea2ce6097aaa43d5004ae974fac892b] RESPONSE IsElementDisplayed true
[1560911781.321][INFO]: [0ea2ce6097aaa43d5004ae974fac892b] COMMAND FindElements {
   "using": "xpath",
   "value": "//div[@class='di-app-loading-message']"
}
[1560911781.322][INFO]: Waiting for pending navigations...
[1560911781.323][INFO]: Done waiting for pending navigations. Status: ok
[1560911781.335][INFO]: Waiting for pending navigations...
[1560911781.337][INFO]: Done waiting for pending navigations. Status: ok
[1560911781.337][INFO]: [0ea2ce6097aaa43d5004ae974fac892b] RESPONSE FindElements [ {
   "ELEMENT": "0.8607948541807615-2"
} ]
[1560911781.338][INFO]: [0ea2ce6097aaa43d5004ae974fac892b] COMMAND IsElementDisplayed {
   "id": "0.8607948541807615-2"
}
[1560911781.338][INFO]: Waiting for pending navigations...
[1560911781.341][INFO]: Done waiting for pending navigations. Status: ok
[1560911781.356][INFO]: Waiting for pending navigations...
[1560911781.363][INFO]: Done waiting for pending navigations. Status: ok
[1560911781.363][INFO]: [0ea2ce6097aaa43d5004ae974fac892b] RESPONSE IsElementDisplayed true
[1560911781.865][INFO]: [0ea2ce6097aaa43d5004ae974fac892b] COMMAND FindElements {
   "using": "xpath",
   "value": "//div[@class='di-app-loading-message']"
}
[1560911781.865][INFO]: Waiting for pending navigations...
[1560911781.867][INFO]: Done waiting for pending navigations. Status: ok
[1560911781.874][INFO]: Waiting for pending navigations...
[1560911781.880][INFO]: Done waiting for pending navigations. Status: ok
[1560911781.880][INFO]: [0ea2ce6097aaa43d5004ae974fac892b] RESPONSE FindElements [ {
   "ELEMENT": "0.8607948541807615-2"
} ]
[1560911781.898][INFO]: [0ea2ce6097aaa43d5004ae974fac892b] COMMAND IsElementDisplayed {
   "id": "0.8607948541807615-2"
}
[1560911781.898][INFO]: Waiting for pending navigations...
[1560911781.910][INFO]: Done waiting for pending navigations. Status: ok
[1560911781.920][INFO]: Waiting for pending navigations...
[1560911781.921][INFO]: Done waiting for pending navigations. Status: ok
[1560911781.921][INFO]: [0ea2ce6097aaa43d5004ae974fac892b] RESPONSE IsElementDisplayed true
[1560911782.423][INFO]: [0ea2ce6097aaa43d5004ae974fac892b] COMMAND FindElements {
   "using": "xpath",
   "value": "//div[@class='di-app-loading-message']"
}
[1560911782.423][INFO]: Waiting for pending navigations...
[1560911782.430][INFO]: Done waiting for pending navigations. Status: ok
[1560911782.439][INFO]: Waiting for pending navigations...
[1560911782.456][INFO]: Done waiting for pending navigations. Status: ok
[1560911782.456][INFO]: [0ea2ce6097aaa43d5004ae974fac892b] RESPONSE FindElements [ {
   "ELEMENT": "0.8607948541807615-2"
} ]
[1560911782.495][INFO]: [0ea2ce6097aaa43d5004ae974fac892b] COMMAND IsElementDisplayed {
   "id": "0.8607948541807615-2"
}
[1560911782.495][INFO]: Waiting for pending navigations...
[1560911782.520][INFO]: Done waiting for pending navigations. Status: ok
[1560911782.536][INFO]: Waiting for pending navigations...
[1560911782.537][INFO]: Done waiting for pending navigations. Status: ok
[1560911782.538][INFO]: [0ea2ce6097aaa43d5004ae974fac892b] RESPONSE IsElementDisplayed true
[1560911783.051][INFO]: [0ea2ce6097aaa43d5004ae974fac892b] COMMAND FindElements {
   "using": "xpath",
   "value": "//div[@class='di-app-loading-message']"
}
[1560911783.051][INFO]: Waiting for pending navigations...
[1560911783.072][INFO]: Done waiting for pending navigations. Status: ok
[1560911783.091][INFO]: Waiting for pending navigations...
[1560911783.098][INFO]: Done waiting for pending navigations. Status: ok
[1560911783.098][INFO]: [0ea2ce6097aaa43d5004ae974fac892b] RESPONSE FindElements [ {
   "ELEMENT": "0.8607948541807615-2"
} ]
[1560911783.099][INFO]: [0ea2ce6097aaa43d5004ae974fac892b] COMMAND IsElementDisplayed {
   "id": "0.8607948541807615-2"
}
[1560911783.099][INFO]: Waiting for pending navigations...
[1560911783.104][INFO]: Done waiting for pending navigations. Status: ok
[1560911783.122][INFO]: Waiting for pending navigations...
[1560911783.130][INFO]: Done waiting for pending navigations. Status: ok
[1560911783.130][INFO]: [0ea2ce6097aaa43d5004ae974fac892b] RESPONSE IsElementDisplayed true
[1560911783.635][INFO]: [0ea2ce6097aaa43d5004ae974fac892b] COMMAND FindElements {
   "using": "xpath",
   "value": "//div[@class='di-app-loading-message']"
}
[1560911783.635][INFO]: Waiting for pending navigations...
[1560911783.651][INFO]: Done waiting for pending navigations. Status: ok
[1560911783.667][INFO]: Waiting for pending navigations...
[1560911783.669][INFO]: Done waiting for pending navigations. Status: ok
[1560911783.669][INFO]: [0ea2ce6097aaa43d5004ae974fac892b] RESPONSE FindElements [ {
   "ELEMENT": "0.8607948541807615-2"
} ]
[1560911783.670][INFO]: [0ea2ce6097aaa43d5004ae974fac892b] COMMAND IsElementDisplayed {
   "id": "0.8607948541807615-2"
}
[1560911783.670][INFO]: Waiting for pending navigations...
[1560911783.672][INFO]: Done waiting for pending navigations. Status: ok
[1560911783.686][INFO]: Waiting for pending navigations...
[1560911783.697][INFO]: Done waiting for pending navigations. Status: ok
[1560911783.697][INFO]: [0ea2ce6097aaa43d5004ae974fac892b] RESPONSE IsElementDisplayed true
[1560911784.200][INFO]: [0ea2ce6097aaa43d5004ae974fac892b] COMMAND FindElements {
   "using": "xpath",
   "value": "//div[@class='di-app-loading-message']"
}
[1560911784.200][INFO]: Waiting for pending navigations...
[1560911784.201][INFO]: Done waiting for pending navigations. Status: ok
[1560911784.210][INFO]: Waiting for pending navigations...
[1560911784.214][INFO]: Done waiting for pending navigations. Status: ok
[1560911784.214][INFO]: [0ea2ce6097aaa43d5004ae974fac892b] RESPONSE FindElements [ {
   "ELEMENT": "0.8607948541807615-2"
} ]
[1560911784.216][INFO]: [0ea2ce6097aaa43d5004ae974fac892b] COMMAND IsElementDisplayed {
   "id": "0.8607948541807615-2"
}
[1560911784.216][INFO]: Waiting for pending navigations...
[1560911784.217][INFO]: Done waiting for pending navigations. Status: ok
[1560911784.225][INFO]: Waiting for pending navigations...
[1560911784.227][INFO]: Done waiting for pending navigations. Status: ok
[1560911784.227][INFO]: [0ea2ce6097aaa43d5004ae974fac892b] RESPONSE IsElementDisplayed true
[1560911784.730][INFO]: [0ea2ce6097aaa43d5004ae974fac892b] COMMAND FindElements {
   "using": "xpath",
   "value": "//div[@class='di-app-loading-message']"
}
[1560911784.730][INFO]: Waiting for pending navigations...
[1560911784.815][INFO]: Done waiting for pending navigations. Status: ok
[1560911784.831][INFO]: Waiting for pending navigations...
[1560911784.832][INFO]: Done waiting for pending navigations. Status: ok
[1560911784.832][INFO]: [0ea2ce6097aaa43d5004ae974fac892b] RESPONSE FindElements [  ]
[1560911789.834][INFO]: [0ea2ce6097aaa43d5004ae974fac892b] COMMAND SetTimeouts {
   "ms": 0,
   "type": "implicit"
}
[1560911789.834][INFO]: [0ea2ce6097aaa43d5004ae974fac892b] RESPONSE SetTimeouts
[1560911789.837][INFO]: [0ea2ce6097aaa43d5004ae974fac892b] COMMAND FindElement {
   "using": "xpath",
   "value": "//img[@class='di_county_scans_20']"
}
[1560911789.837][INFO]: Waiting for pending navigations...
[1560911789.839][INFO]: Done waiting for pending navigations. Status: ok
[1560911789.856][INFO]: Waiting for pending navigations...
[1560911789.857][INFO]: Done waiting for pending navigations. Status: ok
[1560911789.857][INFO]: [0ea2ce6097aaa43d5004ae974fac892b] RESPONSE FindElement {
   "ELEMENT": "0.8607948541807615-3"
}
[1560911789.859][INFO]: [0ea2ce6097aaa43d5004ae974fac892b] COMMAND SetTimeouts {
   "ms": 0,
   "type": "implicit"
}
[1560911789.859][INFO]: [0ea2ce6097aaa43d5004ae974fac892b] RESPONSE SetTimeouts
[1560911789.863][INFO]: [0ea2ce6097aaa43d5004ae974fac892b] COMMAND FindElement {
   "using": "xpath",
   "value": "//span[@title='DI Courthouse 2.0']"
}
[1560911789.863][INFO]: Waiting for pending navigations...
[1560911789.864][INFO]: Done waiting for pending navigations. Status: ok
[1560911789.887][INFO]: Waiting for pending navigations...
[1560911789.889][INFO]: Done waiting for pending navigations. Status: ok
[1560911789.889][INFO]: [0ea2ce6097aaa43d5004ae974fac892b] RESPONSE FindElement {
   "ELEMENT": "0.8607948541807615-4"
}
[1560911790.908][INFO]: [0ea2ce6097aaa43d5004ae974fac892b] COMMAND SetTimeouts {
   "ms": 0,
   "type": "implicit"
}
[1560911790.908][INFO]: [0ea2ce6097aaa43d5004ae974fac892b] RESPONSE SetTimeouts
[1560911790.912][INFO]: [0ea2ce6097aaa43d5004ae974fac892b] COMMAND FindElement {
   "using": "xpath",
   "value": "//img[@class='di_county_scans_20']"
}
[1560911790.912][INFO]: Waiting for pending navigations...
[1560911790.918][INFO]: Done waiting for pending navigations. Status: ok
[1560911790.933][INFO]: Waiting for pending navigations...
[1560911790.934][INFO]: Done waiting for pending navigations. Status: ok
[1560911790.934][INFO]: [0ea2ce6097aaa43d5004ae974fac892b] RESPONSE FindElement {
   "ELEMENT": "0.8607948541807615-3"
}
 for pending navigations. Status: ok
[1560911769.724][INFO]: [f5ea4dc1b760cb4a32240600f08186ab] RESPONSE IsElementDisplayed true
[1560911770.226][INFO]: [f5ea4dc1b760cb4a32240600f08186ab] COMMAND FindElements {
   "using": "xpath",
   "value": "//div[@class='spinner']"
}
[1560911770.226][INFO]: Waiting for pending navigations...
[1560911770.228][INFO]: Done waiting for pending navigations. Status: ok
[1560911770.237][INFO]: Waiting for pending navigations...
[1560911770.238][INFO]: Done waiting for pending navigations. Status: ok
[1560911770.238][INFO]: [f5ea4dc1b760cb4a32240600f08186ab] RESPONSE FindElements [ {
   "ELEMENT": "0.8526921385400972-11"
} ]
[1560911770.240][INFO]: [f5ea4dc1b760cb4a32240600f08186ab] COMMAND IsElementDisplayed {
   "id": "0.8526921385400972-11"
}
[1560911770.240][INFO]: Waiting for pending navigations...
[1560911770.241][INFO]: Done waiting for pending navigations. Status: ok
[1560911770.250][INFO]: Waiting for pending navigations...
[1560911770.252][INFO]: Done waiting for pending navigations. Status: ok
[1560911770.252][INFO]: [f5ea4dc1b760cb4a32240600f08186ab] RESPONSE IsElementDisplayed true
[1560911770.760][INFO]: [f5ea4dc1b760cb4a32240600f08186ab] COMMAND FindElements {
   "using": "xpath",
   "value": "//div[@class='spinner']"
}
[1560911770.760][INFO]: Waiting for pending navigations...
[1560911770.777][INFO]: Done waiting for pending navigations. Status: ok
[1560911770.833][INFO]: Waiting for pending navigations...
[1560911770.839][INFO]: Done waiting for pending navigations. Status: ok
[1560911770.839][INFO]: [f5ea4dc1b760cb4a32240600f08186ab] RESPONSE FindElements [ {
   "ELEMENT": "0.8526921385400972-11"
} ]
[1560911770.840][INFO]: [f5ea4dc1b760cb4a32240600f08186ab] COMMAND IsElementDisplayed {
   "id": "0.8526921385400972-11"
}
[1560911770.840][INFO]: Waiting for pending navigations...
[1560911770.841][INFO]: Done waiting for pending navigations. Status: ok
[1560911770.859][INFO]: Waiting for pending navigations...
[1560911770.867][INFO]: Done waiting for pending navigations. Status: ok
[1560911770.867][INFO]: [f5ea4dc1b760cb4a32240600f08186ab] RESPONSE IsElementDisplayed true
[1560911771.396][INFO]: [f5ea4dc1b760cb4a32240600f08186ab] COMMAND FindElements {
   "using": "xpath",
   "value": "//div[@class='spinner']"
}
[1560911771.397][INFO]: Waiting for pending navigations...
[1560911771.418][INFO]: Done waiting for pending navigations. Status: ok
[1560911771.437][INFO]: Waiting for pending navigations...
[1560911771.442][INFO]: Done waiting for pending navigations. Status: ok
[1560911771.442][INFO]: [f5ea4dc1b760cb4a32240600f08186ab] RESPONSE FindElements [ {
   "ELEMENT": "0.8526921385400972-11"
} ]
[1560911771.443][INFO]: [f5ea4dc1b760cb4a32240600f08186ab] COMMAND IsElementDisplayed {
   "id": "0.8526921385400972-11"
}
[1560911771.444][INFO]: Waiting for pending navigations...
[1560911771.450][INFO]: Done waiting for pending navigations. Status: ok
[1560911771.468][INFO]: Waiting for pending navigations...
[1560911771.472][INFO]: Done waiting for pending navigations. Status: ok
[1560911771.472][INFO]: [f5ea4dc1b760cb4a32240600f08186ab] RESPONSE IsElementDisplayed true
[1560911771.975][INFO]: [f5ea4dc1b760cb4a32240600f08186ab] COMMAND FindElements {
   "using": "xpath",
   "value": "//div[@class='spinner']"
}
[1560911771.975][INFO]: Waiting for pending navigations...
[1560911771.976][INFO]: Done waiting for pending navigations. Status: ok
[1560911771.993][INFO]: Waiting for pending navigations...
[1560911771.998][INFO]: Done waiting for pending navigations. Status: ok
[1560911771.998][INFO]: [f5ea4dc1b760cb4a32240600f08186ab] RESPONSE FindElements [ {
   "ELEMENT": "0.8526921385400972-11"
} ]
[1560911771.999][INFO]: [f5ea4dc1b760cb4a32240600f08186ab] COMMAND IsElementDisplayed {
   "id": "0.8526921385400972-11"
}
[1560911771.999][INFO]: Waiting for pending navigations...
[1560911772.000][INFO]: Done waiting for pending navigations. Status: ok
[1560911772.009][INFO]: Waiting for pending navigations...
[1560911772.010][INFO]: Done waiting for pending navigations. Status: ok
[1560911772.010][INFO]: [f5ea4dc1b760cb4a32240600f08186ab] RESPONSE IsElementDisplayed true
[1560911772.518][INFO]: [f5ea4dc1b760cb4a32240600f08186ab] COMMAND FindElements {
   "using": "xpath",
   "value": "//div[@class='spinner']"
}
[1560911772.518][INFO]: Waiting for pending navigations...
[1560911772.531][INFO]: Done waiting for pending navigations. Status: ok
[1560911772.569][INFO]: Waiting for pending navigations...
[1560911772.571][INFO]: Done waiting for pending navigations. Status: ok
[1560911772.571][INFO]: [f5ea4dc1b760cb4a32240600f08186ab] RESPONSE FindElements [ {
   "ELEMENT": "0.8526921385400972-11"
} ]
[1560911772.572][INFO]: [f5ea4dc1b760cb4a32240600f08186ab] COMMAND IsElementDisplayed {
   "id": "0.8526921385400972-11"
}
[1560911772.572][INFO]: Waiting for pending navigations...
[1560911772.574][INFO]: Done waiting for pending navigations. Status: ok
[1560911772.588][INFO]: Waiting for pending navigations...
[1560911772.592][INFO]: Done waiting for pending navigations. Status: ok
[1560911772.592][INFO]: [f5ea4dc1b760cb4a32240600f08186ab] RESPONSE IsElementDisplayed true
[1560911773.103][INFO]: [f5ea4dc1b760cb4a32240600f08186ab] COMMAND FindElements {
   "using": "xpath",
   "value": "//div[@class='spinner']"
}
[1560911773.103][INFO]: Waiting for pending navigations...
[1560911773.114][INFO]: Done waiting for pending navigations. Status: ok
[1560911773.134][INFO]: Waiting for pending navigations...
[1560911773.143][INFO]: Done waiting for pending navigations. Status: ok
[1560911773.143][INFO]: [f5ea4dc1b760cb4a32240600f08186ab] RESPONSE FindElements [ {
   "ELEMENT": "0.8526921385400972-11"
} ]
[1560911773.147][INFO]: [f5ea4dc1b760cb4a32240600f08186ab] COMMAND IsElementDisplayed {
   "id": "0.8526921385400972-11"
}
[1560911773.147][INFO]: Waiting for pending navigations...
[1560911773.151][INFO]: Done waiting for pending navigations. Status: ok
[1560911773.167][INFO]: Waiting for pending navigations...
[1560911773.169][INFO]: Done waiting for pending navigations. Status: ok
[1560911773.169][INFO]: [f5ea4dc1b760cb4a32240600f08186ab] RESPONSE IsElementDisplayed true
[1560911773.672][INFO]: [f5ea4dc1b760cb4a32240600f08186ab] COMMAND FindElements {
   "using": "xpath",
   "value": "//div[@class='spinner']"
}
[1560911773.672][INFO]: Waiting for pending navigations...
[1560911773.673][INFO]: Done waiting for pending navigations. Status: ok
[1560911773.684][INFO]: Waiting for pending navigations...
[1560911773.686][INFO]: Done waiting for pending navigations. Status: ok
[1560911773.686][INFO]: [f5ea4dc1b760cb4a32240600f08186ab] RESPONSE FindElements [ {
   "ELEMENT": "0.8526921385400972-11"
} ]
[1560911773.687][INFO]: [f5ea4dc1b760cb4a32240600f08186ab] COMMAND IsElementDisplayed {
   "id": "0.8526921385400972-11"
}
[1560911773.687][INFO]: Waiting for pending navigations...
[1560911773.689][INFO]: Done waiting for pending navigations. Status: ok
[1560911773.700][INFO]: Waiting for pending navigations...
[1560911773.701][INFO]: Done waiting for pending navigations. Status: ok
[1560911773.701][INFO]: [f5ea4dc1b760cb4a32240600f08186ab] RESPONSE IsElementDisplayed true
[1560911774.203][INFO]: [f5ea4dc1b760cb4a32240600f08186ab] COMMAND FindElements {
   "using": "xpath",
   "value": "//div[@class='spinner']"
}
[1560911774.203][INFO]: Waiting for pending navigations...
[1560911774.205][INFO]: Done waiting for pending navigations. Status: ok
[1560911774.216][INFO]: Waiting for pending navigations...
[1560911774.217][INFO]: Done waiting for pending navigations. Status: ok
[1560911774.217][INFO]: [f5ea4dc1b760cb4a32240600f08186ab] RESPONSE FindElements [ {
   "ELEMENT": "0.8526921385400972-11"
} ]
[1560911774.218][INFO]: [f5ea4dc1b760cb4a32240600f08186ab] COMMAND IsElementDisplayed {
   "id": "0.8526921385400972-11"
}
[1560911774.218][INFO]: Waiting for pending navigations...
[1560911774.219][INFO]: Done waiting for pending navigations. Status: ok
[1560911774.226][INFO]: Waiting for pending navigations...
[1560911774.231][INFO]: Done waiting for pending navigations. Status: ok
[1560911774.231][INFO]: [f5ea4dc1b760cb4a32240600f08186ab] RESPONSE IsElementDisplayed true
[1560911774.733][INFO]: [f5ea4dc1b760cb4a32240600f08186ab] COMMAND FindElements {
   "using": "xpath",
   "value": "//div[@class='spinner']"
}
[1560911774.733][INFO]: Waiting for pending navigations...
[1560911774.819][INFO]: Done waiting for pending navigations. Status: ok
[1560911774.873][INFO]: Waiting for pending navigations...
[1560911774.875][INFO]: Done waiting for pending navigations. Status: ok
[1560911774.875][INFO]: [f5ea4dc1b760cb4a32240600f08186ab] RESPONSE FindElements [  ]
[1560911774.878][INFO]: [f5ea4dc1b760cb4a32240600f08186ab] COMMAND SetTimeouts {
   "ms": 0,
   "type": "implicit"
}
[1560911774.878][INFO]: [f5ea4dc1b760cb4a32240600f08186ab] RESPONSE SetTimeouts
[1560911774.880][INFO]: [f5ea4dc1b760cb4a32240600f08186ab] COMMAND FindElement {
   "using": "css selector",
   "value": "div.ngCell.col0.colt0"
}
[1560911774.880][INFO]: Waiting for pending navigations...
[1560911774.881][INFO]: Done waiting for pending navigations. Status: ok
[1560911774.902][INFO]: Waiting for pending navigations...
[1560911774.903][INFO]: Done waiting for pending navigations. Status: ok
[1560911774.903][INFO]: [f5ea4dc1b760cb4a32240600f08186ab] RESPONSE FindElement {
   "ELEMENT": "0.8526921385400972-12"
}
[1560911775.905][INFO]: [f5ea4dc1b760cb4a32240600f08186ab] COMMAND FindElements {
   "using": "css selector",
   "value": "div:nth-child(1) > div.ngCell.col0.colt0"
}
[1560911775.905][INFO]: Waiting for pending navigations...
[1560911775.906][INFO]: Done waiting for pending navigations. Status: ok
[1560911775.926][INFO]: Waiting for pending navigations...
[1560911775.928][INFO]: Done waiting for pending navigations. Status: ok
[1560911775.928][INFO]: [f5ea4dc1b760cb4a32240600f08186ab] RESPONSE FindElements [ {
   "ELEMENT": "0.8526921385400972-12"
} ]
[1560911775.929][INFO]: [f5ea4dc1b760cb4a32240600f08186ab] COMMAND ClickElement {
   "id": "0.8526921385400972-12"
}
[1560911775.929][INFO]: Waiting for pending navigations...
[1560911775.932][INFO]: Done waiting for pending navigations. Status: ok
[1560911776.054][INFO]: Waiting for pending navigations...
[1560911776.064][INFO]: Done waiting for pending navigations. Status: ok
[1560911776.064][INFO]: [f5ea4dc1b760cb4a32240600f08186ab] RESPONSE ClickElement
[1560911778.066][INFO]: [f5ea4dc1b760cb4a32240600f08186ab] COMMAND FindElements {
   "using": "css selector",
   "value": "div:nth-child(2) > div.ngCell.col0.colt0"
}
[1560911778.066][INFO]: Waiting for pending navigations...
[1560911778.068][INFO]: Done waiting for pending navigations. Status: ok
[1560911778.098][INFO]: Waiting for pending navigations...
[1560911778.099][INFO]: Done waiting for pending navigations. Status: ok
[1560911778.099][INFO]: [f5ea4dc1b760cb4a32240600f08186ab] RESPONSE FindElements [ {
   "ELEMENT": "0.8526921385400972-13"
} ]
[1560911778.102][INFO]: [f5ea4dc1b760cb4a32240600f08186ab] COMMAND ClickElement {
   "id": "0.8526921385400972-13"
}
[1560911778.102][INFO]: Waiting for pending navigations...
[1560911778.103][INFO]: Done waiting for pending navigations. Status: ok
[1560911778.217][INFO]: Waiting for pending navigations...
[1560911778.223][INFO]: Done waiting for pending navigations. Status: ok
[1560911778.223][INFO]: [f5ea4dc1b760cb4a32240600f08186ab] RESPONSE ClickElement
[1560911780.227][INFO]: [f5ea4dc1b760cb4a32240600f08186ab] COMMAND FindElements {
   "using": "css selector",
   "value": "div:nth-child(3) > div.ngCell.col0.colt0"
}
[1560911780.227][INFO]: Waiting for pending navigations...
[1560911780.234][INFO]: Done waiting for pending navigations. Status: ok
[1560911780.281][INFO]: Waiting for pending navigations...
[1560911780.328][INFO]: Done waiting for pending navigations. Status: ok
[1560911780.328][INFO]: [f5ea4dc1b760cb4a32240600f08186ab] RESPONSE FindElements [ {
   "ELEMENT": "0.8526921385400972-14"
} ]
[1560911780.349][INFO]: [f5ea4dc1b760cb4a32240600f08186ab] COMMAND ClickElement {
   "id": "0.8526921385400972-14"
}
[1560911780.349][INFO]: Waiting for pending navigations...
[1560911780.369][INFO]: Done waiting for pending navigations. Status: ok
[1560911780.671][INFO]: Waiting for pending navigations...
[1560911780.688][INFO]: Done waiting for pending navigations. Status: ok
[1560911780.688][INFO]: [f5ea4dc1b760cb4a32240600f08186ab] RESPONSE ClickElement
[1560911782.690][INFO]: [f5ea4dc1b760cb4a32240600f08186ab] COMMAND FindElements {
   "using": "css selector",
   "value": "button[ng-click='newRunsheetBtn()']"
}
[1560911782.691][INFO]: Waiting for pending navigations...
[1560911782.692][INFO]: Done waiting for pending navigations. Status: ok
[1560911782.710][INFO]: Waiting for pending navigations...
[1560911782.711][INFO]: Done waiting for pending navigations. Status: ok
[1560911782.711][INFO]: [f5ea4dc1b760cb4a32240600f08186ab] RESPONSE FindElements [ {
   "ELEMENT": "0.8526921385400972-15"
} ]
[1560911782.714][INFO]: [f5ea4dc1b760cb4a32240600f08186ab] COMMAND ClickElement {
   "id": "0.8526921385400972-15"
}
[1560911782.714][INFO]: Waiting for pending navigations...
[1560911782.715][INFO]: Done waiting for pending navigations. Status: ok
[1560911782.853][INFO]: Waiting for pending navigations...
[1560911782.866][INFO]: Done waiting for pending navigations. Status: ok
[1560911782.866][INFO]: [f5ea4dc1b760cb4a32240600f08186ab] RESPONSE ClickElement
[1560911784.871][INFO]: [f5ea4dc1b760cb4a32240600f08186ab] COMMAND SetTimeouts {
   "ms": 0,
   "type": "implicit"
}
[1560911784.871][INFO]: [f5ea4dc1b760cb4a32240600f08186ab] RESPONSE SetTimeouts
[1560911784.874][INFO]: [f5ea4dc1b760cb4a32240600f08186ab] COMMAND FindElement {
   "using": "css selector",
   "value": "input[ng-model='newRunsheet.name']"
}
[1560911784.874][INFO]: Waiting for pending navigations...
[1560911784.876][INFO]: Done waiting for pending navigations. Status: ok
[1560911784.900][INFO]: Waiting for pending navigations...
[1560911784.901][INFO]: Done waiting for pending navigations. Status: ok
[1560911784.901][INFO]: [f5ea4dc1b760cb4a32240600f08186ab] RESPONSE FindElement {
   "ELEMENT": "0.8526921385400972-16"
}
[1560911784.904][INFO]: [f5ea4dc1b760cb4a32240600f08186ab] COMMAND FindElement {
   "using": "css selector",
   "value": "input[ng-model='newRunsheet.name']"
}
[1560911784.904][INFO]: Waiting for pending navigations...
[1560911784.909][INFO]: Done waiting for pending navigations. Status: ok
[1560911784.920][INFO]: Waiting for pending navigations...
[1560911784.924][INFO]: Done waiting for pending navigations. Status: ok
[1560911784.924][INFO]: [f5ea4dc1b760cb4a32240600f08186ab] RESPONSE FindElement {
   "ELEMENT": "0.8526921385400972-16"
}
[1560911784.928][INFO]: [f5ea4dc1b760cb4a32240600f08186ab] COMMAND TypeElement {
   "id": "0.8526921385400972-16",
   "value": [ "XPFT6 18 2019" ]
}
[1560911784.929][INFO]: Waiting for pending navigations...
[1560911784.930][INFO]: Done waiting for pending navigations. Status: ok
[1560911785.412][INFO]: Waiting for pending navigations...
[1560911785.414][INFO]: Done waiting for pending navigations. Status: ok
[1560911785.414][INFO]: [f5ea4dc1b760cb4a32240600f08186ab] RESPONSE TypeElement
[1560911786.422][INFO]: [f5ea4dc1b760cb4a32240600f08186ab] COMMAND FindElements {
   "using": "css selector",
   "value": "button[ng-bind='runsheetCreateEditBtnTxt']"
}
[1560911786.422][INFO]: Waiting for pending navigations...
[1560911786.425][INFO]: Done waiting for pending navigations. Status: ok
[1560911786.445][INFO]: Waiting for pending navigations...
[1560911786.468][INFO]: Done waiting for pending navigations. Status: ok
[1560911786.468][INFO]: [f5ea4dc1b760cb4a32240600f08186ab] RESPONSE FindElements [ {
   "ELEMENT": "0.8526921385400972-17"
} ]
[1560911786.471][INFO]: [f5ea4dc1b760cb4a32240600f08186ab] COMMAND ClickElement {
   "id": "0.8526921385400972-17"
}
[1560911786.471][INFO]: Waiting for pending navigations...
[1560911786.473][INFO]: Done waiting for pending navigations. Status: ok
[1560911786.686][INFO]: Waiting for pending navigations...
[1560911786.700][INFO]: Done waiting for pending navigations. Status: ok
[1560911786.700][INFO]: [f5ea4dc1b760cb4a32240600f08186ab] RESPONSE ClickElement
[1560911787.701][INFO]: [f5ea4dc1b760cb4a32240600f08186ab] COMMAND SetTimeouts {
   "ms": 0,
   "type": "implicit"
}
[1560911787.701][INFO]: [f5ea4dc1b760cb4a32240600f08186ab] RESPONSE SetTimeouts
[1560911787.703][INFO]: [f5ea4dc1b760cb4a32240600f08186ab] COMMAND FindElement {
   "using": "xpath",
   "value": "//div[contains(text(),'Runsheet has been successfully saved.')]"
}
[1560911787.703][INFO]: Waiting for pending navigations...
[1560911787.706][INFO]: Done waiting for pending navigations. Status: ok
[1560911787.768][INFO]: Waiting for pending navigations...
[1560911787.797][INFO]: Done waiting for pending navigations. Status: ok
[1560911787.797][INFO]: [f5ea4dc1b760cb4a32240600f08186ab] RESPONSE FindElement ERROR no such element: Unable to locate element: {"method":"xpath","selector":"//div[contains(text(),'Runsheet has been successfully saved.')]"}
  (Session info: chrome=74.0.3729.169)
[1560911788.301][INFO]: [f5ea4dc1b760cb4a32240600f08186ab] COMMAND SetTimeouts {
   "ms": 0,
   "type": "implicit"
}
[1560911788.301][INFO]: [f5ea4dc1b760cb4a32240600f08186ab] RESPONSE SetTimeouts
[1560911788.306][INFO]: [f5ea4dc1b760cb4a32240600f08186ab] COMMAND FindElement {
   "using": "xpath",
   "value": "//div[contains(text(),'Runsheet has been successfully saved.')]"
}
[1560911788.307][INFO]: Waiting for pending navigations...
[1560911788.308][INFO]: Done waiting for pending navigations. Status: ok
[1560911788.318][INFO]: Waiting for pending navigations...
[1560911788.319][INFO]: Done waiting for pending navigations. Status: ok
[1560911788.319][INFO]: [f5ea4dc1b760cb4a32240600f08186ab] RESPONSE FindElement ERROR no such element: Unable to locate element: {"method":"xpath","selector":"//div[contains(text(),'Runsheet has been successfully saved.')]"}
  (Session info: chrome=74.0.3729.169)
[1560911788.824][INFO]: [f5ea4dc1b760cb4a32240600f08186ab] COMMAND SetTimeouts {
   "ms": 0,
   "type": "implicit"
}
[1560911788.824][INFO]: [f5ea4dc1b760cb4a32240600f08186ab] RESPONSE SetTimeouts
[1560911788.826][INFO]: [f5ea4dc1b760cb4a32240600f08186ab] COMMAND FindElement {
   "using": "xpath",
   "value": "//div[contains(text(),'Runsheet has been successfully saved.')]"
}
[1560911788.826][INFO]: Waiting for pending navigations...
[1560911788.827][INFO]: Done waiting for pending navigations. Status: ok
[1560911788.835][INFO]: Waiting for pending navigations...
[1560911788.836][INFO]: Done waiting for pending navigations. Status: ok
[1560911788.836][INFO]: [f5ea4dc1b760cb4a32240600f08186ab] RESPONSE FindElement ERROR no such element: Unable to locate element: {"method":"xpath","selector":"//div[contains(text(),'Runsheet has been successfully saved.')]"}
  (Session info: chrome=74.0.3729.169)
[1560911789.341][INFO]: [f5ea4dc1b760cb4a32240600f08186ab] COMMAND SetTimeouts {
   "ms": 0,
   "type": "implicit"
}
[1560911789.341][INFO]: [f5ea4dc1b760cb4a32240600f08186ab] RESPONSE SetTimeouts
[1560911789.343][INFO]: [f5ea4dc1b760cb4a32240600f08186ab] COMMAND FindElement {
   "using": "xpath",
   "value": "//div[contains(text(),'Runsheet has been successfully saved.')]"
}
[1560911789.343][INFO]: Waiting for pending navigations...
[1560911789.345][INFO]: Done waiting for pending navigations. Status: ok
[1560911789.356][INFO]: Waiting for pending navigations...
[1560911789.357][INFO]: Done waiting for pending navigations. Status: ok
[1560911789.357][INFO]: [f5ea4dc1b760cb4a32240600f08186ab] RESPONSE FindElement ERROR no such element: Unable to locate element: {"method":"xpath","selector":"//div[contains(text(),'Runsheet has been successfully saved.')]"}
  (Session info: chrome=74.0.3729.169)
[1560911789.860][INFO]: [f5ea4dc1b760cb4a32240600f08186ab] COMMAND SetTimeouts {
   "ms": 0,
   "type": "implicit"
}
[1560911789.860][INFO]: [f5ea4dc1b760cb4a32240600f08186ab] RESPONSE SetTimeouts
[1560911789.863][INFO]: [f5ea4dc1b760cb4a32240600f08186ab] COMMAND FindElement {
   "using": "xpath",
   "value": "//div[contains(text(),'Runsheet has been successfully saved.')]"
}
[1560911789.863][INFO]: Waiting for pending navigations...
[1560911789.864][INFO]: Done waiting for pending navigations. Status: ok
[1560911789.876][INFO]: Waiting for pending navigations...
[1560911789.877][INFO]: Done waiting for pending navigations. Status: ok
[1560911789.877][INFO]: [f5ea4dc1b760cb4a32240600f08186ab] RESPONSE FindElement {
   "ELEMENT": "0.8526921385400972-18"
}
[1560911790.879][INFO]: [f5ea4dc1b760cb4a32240600f08186ab] COMMAND FindElements {
   "using": "css selector",
   "value": "button[ng-click='addToRunsheet(selectedItems)']"
}
[1560911790.879][INFO]: Waiting for pending navigations...
[1560911790.880][INFO]: Done waiting for pending navigations. Status: ok
[1560911790.910][INFO]: Waiting for pending navigations...
[1560911790.916][INFO]: Done waiting for pending navigations. Status: ok
[1560911790.917][INFO]: [f5ea4dc1b760cb4a32240600f08186ab] RESPONSE FindElements [ {
   "ELEMENT": "0.8526921385400972-19"
} ]
[1560911790.923][INFO]: [f5ea4dc1b760cb4a32240600f08186ab] COMMAND ClickElement {
   "id": "0.8526921385400972-19"
}
[1560911790.924][INFO]: Waiting for pending navigations...
[1560911790.926][INFO]: Done waiting for pending navigations. Status: ok
[1560911791.133][INFO]: Waiting for pending navigations...
[1560911791.146][INFO]: Done waiting for pending navigations. Status: ok
[1560911791.146][INFO]: [f5ea4dc1b760cb4a32240600f08186ab] RESPONSE ClickElement
[1560911792.149][INFO]: [f5ea4dc1b760cb4a32240600f08186ab] COMMAND SetTimeouts {
   "ms": 0,
   "type": "implicit"
}
[1560911792.149][INFO]: [f5ea4dc1b760cb4a32240600f08186ab] RESPONSE SetTimeouts
[1560911792.156][INFO]: [f5ea4dc1b760cb4a32240600f08186ab] COMMAND FindElement {
   "using": "css selector",
   "value": "div[class='modal-dialog']"
}
[1560911792.156][INFO]: Waiting for pending navigations...
[1560911792.158][INFO]: Done waiting for pending navigations. Status: ok
[1560911792.176][INFO]: Waiting for pending navigations...
[1560911792.181][INFO]: Done waiting for pending navigations. Status: ok
[1560911792.181][INFO]: [f5ea4dc1b760cb4a32240600f08186ab] RESPONSE FindElement {
   "ELEMENT": "0.8526921385400972-20"
}
[1560911793.182][INFO]: [f5ea4dc1b760cb4a32240600f08186ab] COMMAND FindElements {
   "using": "css selector",
   "value": "button[class='btn btn-success ng-binding']"
}
[1560911793.182][INFO]: Waiting for pending navigations...
[1560911793.183][INFO]: Done waiting for pending navigations. Status: ok
[1560911793.199][INFO]: Waiting for pending navigations...
[1560911793.200][INFO]: Done waiting for pending navigations. Status: ok
[1560911793.200][INFO]: [f5ea4dc1b760cb4a32240600f08186ab] RESPONSE FindElements [ {
   "ELEMENT": "0.8526921385400972-21"
} ]
[1560911793.202][INFO]: [f5ea4dc1b760cb4a32240600f08186ab] COMMAND ClickElement {
   "id": "0.8526921385400972-21"
}
[1560911793.203][INFO]: Waiting for pending navigations...
[1560911793.204][INFO]: Done waiting for pending navigations. Status: ok
[1560911793.413][INFO]: Waiting for pending navigations...
[1560911793.495][INFO]: Done waiting for pending navigations. Status: ok
[1560911793.495][INFO]: [f5ea4dc1b760cb4a32240600f08186ab] RESPONSE ClickElement
[1560911794.527][INFO]: [f5ea4dc1b760cb4a32240600f08186ab] COMMAND FindElements {
   "using": "xpath",
   "value": "//div[@class='spinner']"
}
[1560911794.527][INFO]: Waiting for pending navigations...
[1560911794.831][INFO]: Done waiting for pending navigations. Status: ok
[1560911795.007][INFO]: Waiting for pending navigations...
[1560911795.111][INFO]: Done waiting for pending navigations. Status: ok
[1560911795.111][INFO]: [f5ea4dc1b760cb4a32240600f08186ab] RESPONSE FindElements [  ]
[1560911795.113][INFO]: [f5ea4dc1b760cb4a32240600f08186ab] COMMAND SetTimeouts {
   "ms": 0,
   "type": "implicit"
}
[1560911795.113][INFO]: [f5ea4dc1b760cb4a32240600f08186ab] RESPONSE SetTimeouts
[1560911795.116][INFO]: [f5ea4dc1b760cb4a32240600f08186ab] COMMAND FindElement {
   "using": "xpath",
   "value": "//div[contains(text(),'Document(s) have been successfully added.')]"
}
[1560911795.116][INFO]: Waiting for pending navigations...
[1560911795.119][INFO]: Done waiting for pending navigations. Status: ok
[1560911795.140][INFO]: Waiting for pending navigations...
[1560911795.141][INFO]: Done waiting for pending navigations. Status: ok
[1560911795.142][INFO]: [f5ea4dc1b760cb4a32240600f08186ab] RESPONSE FindElement {
   "ELEMENT": "0.8526921385400972-22"
}
Done waiting for pending navigations. Status: ok
[1560911765.634][INFO]: [217c6f2361ab9934f3fb6cbba6f4a11f] RESPONSE IsElementDisplayed true
[1560911766.137][INFO]: [217c6f2361ab9934f3fb6cbba6f4a11f] COMMAND FindElements {
   "using": "xpath",
   "value": "//div[@class='spinner']"
}
[1560911766.137][INFO]: Waiting for pending navigations...
[1560911766.138][INFO]: Done waiting for pending navigations. Status: ok
[1560911766.145][INFO]: Waiting for pending navigations...
[1560911766.146][INFO]: Done waiting for pending navigations. Status: ok
[1560911766.146][INFO]: [217c6f2361ab9934f3fb6cbba6f4a11f] RESPONSE FindElements [ {
   "ELEMENT": "0.037386047964245384-11"
} ]
[1560911766.147][INFO]: [217c6f2361ab9934f3fb6cbba6f4a11f] COMMAND IsElementDisplayed {
   "id": "0.037386047964245384-11"
}
[1560911766.147][INFO]: Waiting for pending navigations...
[1560911766.151][INFO]: Done waiting for pending navigations. Status: ok
[1560911766.157][INFO]: Waiting for pending navigations...
[1560911766.158][INFO]: Done waiting for pending navigations. Status: ok
[1560911766.158][INFO]: [217c6f2361ab9934f3fb6cbba6f4a11f] RESPONSE IsElementDisplayed true
[1560911766.661][INFO]: [217c6f2361ab9934f3fb6cbba6f4a11f] COMMAND FindElements {
   "using": "xpath",
   "value": "//div[@class='spinner']"
}
[1560911766.661][INFO]: Waiting for pending navigations...
[1560911766.662][INFO]: Done waiting for pending navigations. Status: ok
[1560911766.671][INFO]: Waiting for pending navigations...
[1560911766.672][INFO]: Done waiting for pending navigations. Status: ok
[1560911766.672][INFO]: [217c6f2361ab9934f3fb6cbba6f4a11f] RESPONSE FindElements [ {
   "ELEMENT": "0.037386047964245384-11"
} ]
[1560911766.673][INFO]: [217c6f2361ab9934f3fb6cbba6f4a11f] COMMAND IsElementDisplayed {
   "id": "0.037386047964245384-11"
}
[1560911766.673][INFO]: Waiting for pending navigations...
[1560911766.674][INFO]: Done waiting for pending navigations. Status: ok
[1560911766.683][INFO]: Waiting for pending navigations...
[1560911766.685][INFO]: Done waiting for pending navigations. Status: ok
[1560911766.685][INFO]: [217c6f2361ab9934f3fb6cbba6f4a11f] RESPONSE IsElementDisplayed true
[1560911767.189][INFO]: [217c6f2361ab9934f3fb6cbba6f4a11f] COMMAND FindElements {
   "using": "xpath",
   "value": "//div[@class='spinner']"
}
[1560911767.189][INFO]: Waiting for pending navigations...
[1560911767.190][INFO]: Done waiting for pending navigations. Status: ok
[1560911767.201][INFO]: Waiting for pending navigations...
[1560911767.204][INFO]: Done waiting for pending navigations. Status: ok
[1560911767.204][INFO]: [217c6f2361ab9934f3fb6cbba6f4a11f] RESPONSE FindElements [ {
   "ELEMENT": "0.037386047964245384-11"
} ]
[1560911767.205][INFO]: [217c6f2361ab9934f3fb6cbba6f4a11f] COMMAND IsElementDisplayed {
   "id": "0.037386047964245384-11"
}
[1560911767.205][INFO]: Waiting for pending navigations...
[1560911767.207][INFO]: Done waiting for pending navigations. Status: ok
[1560911767.221][INFO]: Waiting for pending navigations...
[1560911767.223][INFO]: Done waiting for pending navigations. Status: ok
[1560911767.223][INFO]: [217c6f2361ab9934f3fb6cbba6f4a11f] RESPONSE IsElementDisplayed true
[1560911767.725][INFO]: [217c6f2361ab9934f3fb6cbba6f4a11f] COMMAND FindElements {
   "using": "xpath",
   "value": "//div[@class='spinner']"
}
[1560911767.725][INFO]: Waiting for pending navigations...
[1560911767.726][INFO]: Done waiting for pending navigations. Status: ok
[1560911767.740][INFO]: Waiting for pending navigations...
[1560911767.741][INFO]: Done waiting for pending navigations. Status: ok
[1560911767.742][INFO]: [217c6f2361ab9934f3fb6cbba6f4a11f] RESPONSE FindElements [ {
   "ELEMENT": "0.037386047964245384-11"
} ]
[1560911767.743][INFO]: [217c6f2361ab9934f3fb6cbba6f4a11f] COMMAND IsElementDisplayed {
   "id": "0.037386047964245384-11"
}
[1560911767.743][INFO]: Waiting for pending navigations...
[1560911767.744][INFO]: Done waiting for pending navigations. Status: ok
[1560911767.759][INFO]: Waiting for pending navigations...
[1560911767.760][INFO]: Done waiting for pending navigations. Status: ok
[1560911767.760][INFO]: [217c6f2361ab9934f3fb6cbba6f4a11f] RESPONSE IsElementDisplayed true
[1560911768.266][INFO]: [217c6f2361ab9934f3fb6cbba6f4a11f] COMMAND FindElements {
   "using": "xpath",
   "value": "//div[@class='spinner']"
}
[1560911768.266][INFO]: Waiting for pending navigations...
[1560911768.267][INFO]: Done waiting for pending navigations. Status: ok
[1560911768.273][INFO]: Waiting for pending navigations...
[1560911768.274][INFO]: Done waiting for pending navigations. Status: ok
[1560911768.274][INFO]: [217c6f2361ab9934f3fb6cbba6f4a11f] RESPONSE FindElements [ {
   "ELEMENT": "0.037386047964245384-11"
} ]
[1560911768.275][INFO]: [217c6f2361ab9934f3fb6cbba6f4a11f] COMMAND IsElementDisplayed {
   "id": "0.037386047964245384-11"
}
[1560911768.275][INFO]: Waiting for pending navigations...
[1560911768.276][INFO]: Done waiting for pending navigations. Status: ok
[1560911768.286][INFO]: Waiting for pending navigations...
[1560911768.287][INFO]: Done waiting for pending navigations. Status: ok
[1560911768.287][INFO]: [217c6f2361ab9934f3fb6cbba6f4a11f] RESPONSE IsElementDisplayed true
[1560911768.790][INFO]: [217c6f2361ab9934f3fb6cbba6f4a11f] COMMAND FindElements {
   "using": "xpath",
   "value": "//div[@class='spinner']"
}
[1560911768.790][INFO]: Waiting for pending navigations...
[1560911768.791][INFO]: Done waiting for pending navigations. Status: ok
[1560911768.802][INFO]: Waiting for pending navigations...
[1560911768.803][INFO]: Done waiting for pending navigations. Status: ok
[1560911768.803][INFO]: [217c6f2361ab9934f3fb6cbba6f4a11f] RESPONSE FindElements [ {
   "ELEMENT": "0.037386047964245384-11"
} ]
[1560911768.805][INFO]: [217c6f2361ab9934f3fb6cbba6f4a11f] COMMAND IsElementDisplayed {
   "id": "0.037386047964245384-11"
}
[1560911768.805][INFO]: Waiting for pending navigations...
[1560911768.806][INFO]: Done waiting for pending navigations. Status: ok
[1560911768.829][INFO]: Waiting for pending navigations...
[1560911768.856][INFO]: Done waiting for pending navigations. Status: ok
[1560911768.856][INFO]: [217c6f2361ab9934f3fb6cbba6f4a11f] RESPONSE IsElementDisplayed true
[1560911769.360][INFO]: [217c6f2361ab9934f3fb6cbba6f4a11f] COMMAND FindElements {
   "using": "xpath",
   "value": "//div[@class='spinner']"
}
[1560911769.360][INFO]: Waiting for pending navigations...
[1560911769.363][INFO]: Done waiting for pending navigations. Status: ok
[1560911769.372][INFO]: Waiting for pending navigations...
[1560911769.373][INFO]: Done waiting for pending navigations. Status: ok
[1560911769.373][INFO]: [217c6f2361ab9934f3fb6cbba6f4a11f] RESPONSE FindElements [ {
   "ELEMENT": "0.037386047964245384-11"
} ]
[1560911769.374][INFO]: [217c6f2361ab9934f3fb6cbba6f4a11f] COMMAND IsElementDisplayed {
   "id": "0.037386047964245384-11"
}
[1560911769.374][INFO]: Waiting for pending navigations...
[1560911769.376][INFO]: Done waiting for pending navigations. Status: ok
[1560911769.389][INFO]: Waiting for pending navigations...
[1560911769.390][INFO]: Done waiting for pending navigations. Status: ok
[1560911769.390][INFO]: [217c6f2361ab9934f3fb6cbba6f4a11f] RESPONSE IsElementDisplayed true
[1560911769.893][INFO]: [217c6f2361ab9934f3fb6cbba6f4a11f] COMMAND FindElements {
   "using": "xpath",
   "value": "//div[@class='spinner']"
}
[1560911769.893][INFO]: Waiting for pending navigations...
[1560911769.898][INFO]: Done waiting for pending navigations. Status: ok
[1560911769.905][INFO]: Waiting for pending navigations...
[1560911769.906][INFO]: Done waiting for pending navigations. Status: ok
[1560911769.906][INFO]: [217c6f2361ab9934f3fb6cbba6f4a11f] RESPONSE FindElements [ {
   "ELEMENT": "0.037386047964245384-11"
} ]
[1560911769.907][INFO]: [217c6f2361ab9934f3fb6cbba6f4a11f] COMMAND IsElementDisplayed {
   "id": "0.037386047964245384-11"
}
[1560911769.907][INFO]: Waiting for pending navigations...
[1560911769.908][INFO]: Done waiting for pending navigations. Status: ok
[1560911769.916][INFO]: Waiting for pending navigations...
[1560911769.917][INFO]: Done waiting for pending navigations. Status: ok
[1560911769.917][INFO]: [217c6f2361ab9934f3fb6cbba6f4a11f] RESPONSE IsElementDisplayed true
[1560911770.421][INFO]: [217c6f2361ab9934f3fb6cbba6f4a11f] COMMAND FindElements {
   "using": "xpath",
   "value": "//div[@class='spinner']"
}
[1560911770.421][INFO]: Waiting for pending navigations...
[1560911770.422][INFO]: Done waiting for pending navigations. Status: ok
[1560911770.433][INFO]: Waiting for pending navigations...
[1560911770.435][INFO]: Done waiting for pending navigations. Status: ok
[1560911770.435][INFO]: [217c6f2361ab9934f3fb6cbba6f4a11f] RESPONSE FindElements [ {
   "ELEMENT": "0.037386047964245384-11"
} ]
[1560911770.436][INFO]: [217c6f2361ab9934f3fb6cbba6f4a11f] COMMAND IsElementDisplayed {
   "id": "0.037386047964245384-11"
}
[1560911770.436][INFO]: Waiting for pending navigations...
[1560911770.437][INFO]: Done waiting for pending navigations. Status: ok
[1560911770.443][INFO]: Waiting for pending navigations...
[1560911770.444][INFO]: Done waiting for pending navigations. Status: ok
[1560911770.444][INFO]: [217c6f2361ab9934f3fb6cbba6f4a11f] RESPONSE IsElementDisplayed true
[1560911770.450][INFO]: [217c6f2361ab9934f3fb6cbba6f4a11f] COMMAND SetTimeouts {
   "ms": 0,
   "type": "implicit"
}
[1560911770.450][INFO]: [217c6f2361ab9934f3fb6cbba6f4a11f] RESPONSE SetTimeouts
[1560911770.452][INFO]: [217c6f2361ab9934f3fb6cbba6f4a11f] COMMAND FindElement {
   "using": "css selector",
   "value": "div.ngCell.col0.colt0"
}
[1560911770.452][INFO]: Waiting for pending navigations...
[1560911770.453][INFO]: Done waiting for pending navigations. Status: ok
[1560911770.470][INFO]: Waiting for pending navigations...
[1560911770.471][INFO]: Done waiting for pending navigations. Status: ok
[1560911770.471][INFO]: [217c6f2361ab9934f3fb6cbba6f4a11f] RESPONSE FindElement ERROR no such element: Unable to locate element: {"method":"css selector","selector":"div.ngCell.col0.colt0"}
  (Session info: chrome=74.0.3729.169)
[1560911771.000][INFO]: [217c6f2361ab9934f3fb6cbba6f4a11f] COMMAND SetTimeouts {
   "ms": 0,
   "type": "implicit"
}
[1560911771.000][INFO]: [217c6f2361ab9934f3fb6cbba6f4a11f] RESPONSE SetTimeouts
[1560911771.005][INFO]: [217c6f2361ab9934f3fb6cbba6f4a11f] COMMAND FindElement {
   "using": "css selector",
   "value": "div.ngCell.col0.colt0"
}
[1560911771.005][INFO]: Waiting for pending navigations...
[1560911771.031][INFO]: Done waiting for pending navigations. Status: ok
[1560911771.067][INFO]: Waiting for pending navigations...
[1560911771.072][INFO]: Done waiting for pending navigations. Status: ok
[1560911771.072][INFO]: [217c6f2361ab9934f3fb6cbba6f4a11f] RESPONSE FindElement ERROR no such element: Unable to locate element: {"method":"css selector","selector":"div.ngCell.col0.colt0"}
  (Session info: chrome=74.0.3729.169)
[1560911771.581][INFO]: [217c6f2361ab9934f3fb6cbba6f4a11f] COMMAND SetTimeouts {
   "ms": 0,
   "type": "implicit"
}
[1560911771.581][INFO]: [217c6f2361ab9934f3fb6cbba6f4a11f] RESPONSE SetTimeouts
[1560911771.600][INFO]: [217c6f2361ab9934f3fb6cbba6f4a11f] COMMAND FindElement {
   "using": "css selector",
   "value": "div.ngCell.col0.colt0"
}
[1560911771.600][INFO]: Waiting for pending navigations...
[1560911771.605][INFO]: Done waiting for pending navigations. Status: ok
[1560911771.626][INFO]: Waiting for pending navigations...
[1560911771.631][INFO]: Done waiting for pending navigations. Status: ok
[1560911771.631][INFO]: [217c6f2361ab9934f3fb6cbba6f4a11f] RESPONSE FindElement ERROR no such element: Unable to locate element: {"method":"css selector","selector":"div.ngCell.col0.colt0"}
  (Session info: chrome=74.0.3729.169)
[1560911772.135][INFO]: [217c6f2361ab9934f3fb6cbba6f4a11f] COMMAND SetTimeouts {
   "ms": 0,
   "type": "implicit"
}
[1560911772.135][INFO]: [217c6f2361ab9934f3fb6cbba6f4a11f] RESPONSE SetTimeouts
[1560911772.137][INFO]: [217c6f2361ab9934f3fb6cbba6f4a11f] COMMAND FindElement {
   "using": "css selector",
   "value": "div.ngCell.col0.colt0"
}
[1560911772.137][INFO]: Waiting for pending navigations...
[1560911772.138][INFO]: Done waiting for pending navigations. Status: ok
[1560911772.152][INFO]: Waiting for pending navigations...
[1560911772.153][INFO]: Done waiting for pending navigations. Status: ok
[1560911772.153][INFO]: [217c6f2361ab9934f3fb6cbba6f4a11f] RESPONSE FindElement ERROR no such element: Unable to locate element: {"method":"css selector","selector":"div.ngCell.col0.colt0"}
  (Session info: chrome=74.0.3729.169)
[1560911772.689][INFO]: [217c6f2361ab9934f3fb6cbba6f4a11f] COMMAND SetTimeouts {
   "ms": 0,
   "type": "implicit"
}
[1560911772.689][INFO]: [217c6f2361ab9934f3fb6cbba6f4a11f] RESPONSE SetTimeouts
[1560911772.732][INFO]: [217c6f2361ab9934f3fb6cbba6f4a11f] COMMAND FindElement {
   "using": "css selector",
   "value": "div.ngCell.col0.colt0"
}
[1560911772.732][INFO]: Waiting for pending navigations...
[1560911773.103][INFO]: Done waiting for pending navigations. Status: ok
[1560911773.180][INFO]: Waiting for pending navigations...
[1560911773.182][INFO]: Done waiting for pending navigations. Status: ok
[1560911773.182][INFO]: [217c6f2361ab9934f3fb6cbba6f4a11f] RESPONSE FindElement {
   "ELEMENT": "0.037386047964245384-12"
}
[1560911774.183][INFO]: [217c6f2361ab9934f3fb6cbba6f4a11f] COMMAND FindElements {
   "using": "css selector",
   "value": "div:nth-child(1) > div.ngCell.col0.colt0"
}
[1560911774.183][INFO]: Waiting for pending navigations...
[1560911774.184][INFO]: Done waiting for pending navigations. Status: ok
[1560911774.200][INFO]: Waiting for pending navigations...
[1560911774.201][INFO]: Done waiting for pending navigations. Status: ok
[1560911774.201][INFO]: [217c6f2361ab9934f3fb6cbba6f4a11f] RESPONSE FindElements [ {
   "ELEMENT": "0.037386047964245384-12"
} ]
[1560911774.203][INFO]: [217c6f2361ab9934f3fb6cbba6f4a11f] COMMAND ClickElement {
   "id": "0.037386047964245384-12"
}
[1560911774.203][INFO]: Waiting for pending navigations...
[1560911774.204][INFO]: Done waiting for pending navigations. Status: ok
[1560911774.289][INFO]: Waiting for pending navigations...
[1560911774.305][INFO]: Done waiting for pending navigations. Status: ok
[1560911774.305][INFO]: [217c6f2361ab9934f3fb6cbba6f4a11f] RESPONSE ClickElement
[1560911776.311][INFO]: [217c6f2361ab9934f3fb6cbba6f4a11f] COMMAND FindElements {
   "using": "css selector",
   "value": "div:nth-child(2) > div.ngCell.col0.colt0"
}
[1560911776.311][INFO]: Waiting for pending navigations...
[1560911776.320][INFO]: Done waiting for pending navigations. Status: ok
[1560911776.339][INFO]: Waiting for pending navigations...
[1560911776.340][INFO]: Done waiting for pending navigations. Status: ok
[1560911776.340][INFO]: [217c6f2361ab9934f3fb6cbba6f4a11f] RESPONSE FindElements [ {
   "ELEMENT": "0.037386047964245384-13"
} ]
[1560911776.346][INFO]: [217c6f2361ab9934f3fb6cbba6f4a11f] COMMAND ClickElement {
   "id": "0.037386047964245384-13"
}
[1560911776.346][INFO]: Waiting for pending navigations...
[1560911776.348][INFO]: Done waiting for pending navigations. Status: ok
[1560911776.450][INFO]: Waiting for pending navigations...
[1560911776.457][INFO]: Done waiting for pending navigations. Status: ok
[1560911776.457][INFO]: [217c6f2361ab9934f3fb6cbba6f4a11f] RESPONSE ClickElement
[1560911778.462][INFO]: [217c6f2361ab9934f3fb6cbba6f4a11f] COMMAND FindElements {
   "using": "css selector",
   "value": "div:nth-child(3) > div.ngCell.col0.colt0"
}
[1560911778.462][INFO]: Waiting for pending navigations...
[1560911778.465][INFO]: Done waiting for pending navigations. Status: ok
[1560911778.485][INFO]: Waiting for pending navigations...
[1560911778.486][INFO]: Done waiting for pending navigations. Status: ok
[1560911778.486][INFO]: [217c6f2361ab9934f3fb6cbba6f4a11f] RESPONSE FindElements [ {
   "ELEMENT": "0.037386047964245384-14"
} ]
[1560911778.492][INFO]: [217c6f2361ab9934f3fb6cbba6f4a11f] COMMAND ClickElement {
   "id": "0.037386047964245384-14"
}
[1560911778.492][INFO]: Waiting for pending navigations...
[1560911778.497][INFO]: Done waiting for pending navigations. Status: ok
[1560911778.590][INFO]: Waiting for pending navigations...
[1560911778.598][INFO]: Done waiting for pending navigations. Status: ok
[1560911778.599][INFO]: [217c6f2361ab9934f3fb6cbba6f4a11f] RESPONSE ClickElement
[1560911780.601][INFO]: [217c6f2361ab9934f3fb6cbba6f4a11f] COMMAND FindElements {
   "using": "css selector",
   "value": "button[ng-click='newRunsheetBtn()']"
}
[1560911780.601][INFO]: Waiting for pending navigations...
[1560911780.606][INFO]: Done waiting for pending navigations. Status: ok
[1560911780.630][INFO]: Waiting for pending navigations...
[1560911780.633][INFO]: Done waiting for pending navigations. Status: ok
[1560911780.633][INFO]: [217c6f2361ab9934f3fb6cbba6f4a11f] RESPONSE FindElements [ {
   "ELEMENT": "0.037386047964245384-15"
} ]
[1560911780.638][INFO]: [217c6f2361ab9934f3fb6cbba6f4a11f] COMMAND ClickElement {
   "id": "0.037386047964245384-15"
}
[1560911780.638][INFO]: Waiting for pending navigations...
[1560911780.640][INFO]: Done waiting for pending navigations. Status: ok
[1560911780.826][INFO]: Waiting for pending navigations...
[1560911780.834][INFO]: Done waiting for pending navigations. Status: ok
[1560911780.834][INFO]: [217c6f2361ab9934f3fb6cbba6f4a11f] RESPONSE ClickElement
[1560911782.851][INFO]: [217c6f2361ab9934f3fb6cbba6f4a11f] COMMAND SetTimeouts {
   "ms": 0,
   "type": "implicit"
}
[1560911782.851][INFO]: [217c6f2361ab9934f3fb6cbba6f4a11f] RESPONSE SetTimeouts
[1560911782.854][INFO]: [217c6f2361ab9934f3fb6cbba6f4a11f] COMMAND FindElement {
   "using": "css selector",
   "value": "input[ng-model='newRunsheet.name']"
}
[1560911782.854][INFO]: Waiting for pending navigations...
[1560911782.858][INFO]: Done waiting for pending navigations. Status: ok
[1560911782.882][INFO]: Waiting for pending navigations...
[1560911782.883][INFO]: Done waiting for pending navigations. Status: ok
[1560911782.883][INFO]: [217c6f2361ab9934f3fb6cbba6f4a11f] RESPONSE FindElement {
   "ELEMENT": "0.037386047964245384-16"
}
[1560911782.887][INFO]: [217c6f2361ab9934f3fb6cbba6f4a11f] COMMAND FindElement {
   "using": "css selector",
   "value": "input[ng-model='newRunsheet.name']"
}
[1560911782.887][INFO]: Waiting for pending navigations...
[1560911782.888][INFO]: Done waiting for pending navigations. Status: ok
[1560911782.901][INFO]: Waiting for pending navigations...
[1560911782.903][INFO]: Done waiting for pending navigations. Status: ok
[1560911782.903][INFO]: [217c6f2361ab9934f3fb6cbba6f4a11f] RESPONSE FindElement {
   "ELEMENT": "0.037386047964245384-16"
}
[1560911782.913][INFO]: [217c6f2361ab9934f3fb6cbba6f4a11f] COMMAND TypeElement {
   "id": "0.037386047964245384-16",
   "value": [ "XPPG6 18 2019" ]
}
[1560911782.913][INFO]: Waiting for pending navigations...
[1560911782.915][INFO]: Done waiting for pending navigations. Status: ok
[1560911783.465][INFO]: Waiting for pending navigations...
[1560911783.466][INFO]: Done waiting for pending navigations. Status: ok
[1560911783.466][INFO]: [217c6f2361ab9934f3fb6cbba6f4a11f] RESPONSE TypeElement
[1560911784.467][INFO]: [217c6f2361ab9934f3fb6cbba6f4a11f] COMMAND FindElements {
   "using": "css selector",
   "value": "button[ng-bind='runsheetCreateEditBtnTxt']"
}
[1560911784.467][INFO]: Waiting for pending navigations...
[1560911784.468][INFO]: Done waiting for pending navigations. Status: ok
[1560911784.508][INFO]: Waiting for pending navigations...
[1560911784.527][INFO]: Done waiting for pending navigations. Status: ok
[1560911784.527][INFO]: [217c6f2361ab9934f3fb6cbba6f4a11f] RESPONSE FindElements [ {
   "ELEMENT": "0.037386047964245384-17"
} ]
[1560911784.530][INFO]: [217c6f2361ab9934f3fb6cbba6f4a11f] COMMAND ClickElement {
   "id": "0.037386047964245384-17"
}
[1560911784.530][INFO]: Waiting for pending navigations...
[1560911784.531][INFO]: Done waiting for pending navigations. Status: ok
[1560911784.670][INFO]: Waiting for pending navigations...
[1560911784.678][INFO]: Done waiting for pending navigations. Status: ok
[1560911784.678][INFO]: [217c6f2361ab9934f3fb6cbba6f4a11f] RESPONSE ClickElement
[1560911785.681][INFO]: [217c6f2361ab9934f3fb6cbba6f4a11f] COMMAND SetTimeouts {
   "ms": 0,
   "type": "implicit"
}
[1560911785.681][INFO]: [217c6f2361ab9934f3fb6cbba6f4a11f] RESPONSE SetTimeouts
[1560911785.682][INFO]: [217c6f2361ab9934f3fb6cbba6f4a11f] COMMAND FindElement {
   "using": "xpath",
   "value": "//div[contains(text(),'Runsheet has been successfully saved.')]"
}
[1560911785.682][INFO]: Waiting for pending navigations...
[1560911785.683][INFO]: Done waiting for pending navigations. Status: ok
[1560911785.701][INFO]: Waiting for pending navigations...
[1560911785.707][INFO]: Done waiting for pending navigations. Status: ok
[1560911785.707][INFO]: [217c6f2361ab9934f3fb6cbba6f4a11f] RESPONSE FindElement ERROR no such element: Unable to locate element: {"method":"xpath","selector":"//div[contains(text(),'Runsheet has been successfully saved.')]"}
  (Session info: chrome=74.0.3729.169)
[1560911786.211][INFO]: [217c6f2361ab9934f3fb6cbba6f4a11f] COMMAND SetTimeouts {
   "ms": 0,
   "type": "implicit"
}
[1560911786.211][INFO]: [217c6f2361ab9934f3fb6cbba6f4a11f] RESPONSE SetTimeouts
[1560911786.212][INFO]: [217c6f2361ab9934f3fb6cbba6f4a11f] COMMAND FindElement {
   "using": "xpath",
   "value": "//div[contains(text(),'Runsheet has been successfully saved.')]"
}
[1560911786.212][INFO]: Waiting for pending navigations...
[1560911786.213][INFO]: Done waiting for pending navigations. Status: ok
[1560911786.222][INFO]: Waiting for pending navigations...
[1560911786.224][INFO]: Done waiting for pending navigations. Status: ok
[1560911786.224][INFO]: [217c6f2361ab9934f3fb6cbba6f4a11f] RESPONSE FindElement ERROR no such element: Unable to locate element: {"method":"xpath","selector":"//div[contains(text(),'Runsheet has been successfully saved.')]"}
  (Session info: chrome=74.0.3729.169)
[1560911786.734][INFO]: [217c6f2361ab9934f3fb6cbba6f4a11f] COMMAND SetTimeouts {
   "ms": 0,
   "type": "implicit"
}
[1560911786.734][INFO]: [217c6f2361ab9934f3fb6cbba6f4a11f] RESPONSE SetTimeouts
[1560911786.736][INFO]: [217c6f2361ab9934f3fb6cbba6f4a11f] COMMAND FindElement {
   "using": "xpath",
   "value": "//div[contains(text(),'Runsheet has been successfully saved.')]"
}
[1560911786.736][INFO]: Waiting for pending navigations...
[1560911786.743][INFO]: Done waiting for pending navigations. Status: ok
[1560911786.754][INFO]: Waiting for pending navigations...
[1560911786.758][INFO]: Done waiting for pending navigations. Status: ok
[1560911786.758][INFO]: [217c6f2361ab9934f3fb6cbba6f4a11f] RESPONSE FindElement ERROR no such element: Unable to locate element: {"method":"xpath","selector":"//div[contains(text(),'Runsheet has been successfully saved.')]"}
  (Session info: chrome=74.0.3729.169)
[1560911787.262][INFO]: [217c6f2361ab9934f3fb6cbba6f4a11f] COMMAND SetTimeouts {
   "ms": 0,
   "type": "implicit"
}
[1560911787.262][INFO]: [217c6f2361ab9934f3fb6cbba6f4a11f] RESPONSE SetTimeouts
[1560911787.266][INFO]: [217c6f2361ab9934f3fb6cbba6f4a11f] COMMAND FindElement {
   "using": "xpath",
   "value": "//div[contains(text(),'Runsheet has been successfully saved.')]"
}
[1560911787.266][INFO]: Waiting for pending navigations...
[1560911787.269][INFO]: Done waiting for pending navigations. Status: ok
[1560911787.283][INFO]: Waiting for pending navigations...
[1560911787.284][INFO]: Done waiting for pending navigations. Status: ok
[1560911787.284][INFO]: [217c6f2361ab9934f3fb6cbba6f4a11f] RESPONSE FindElement ERROR no such element: Unable to locate element: {"method":"xpath","selector":"//div[contains(text(),'Runsheet has been successfully saved.')]"}
  (Session info: chrome=74.0.3729.169)
[1560911787.794][INFO]: [217c6f2361ab9934f3fb6cbba6f4a11f] COMMAND SetTimeouts {
   "ms": 0,
   "type": "implicit"
}
[1560911787.794][INFO]: [217c6f2361ab9934f3fb6cbba6f4a11f] RESPONSE SetTimeouts
[1560911787.799][INFO]: [217c6f2361ab9934f3fb6cbba6f4a11f] COMMAND FindElement {
   "using": "xpath",
   "value": "//div[contains(text(),'Runsheet has been successfully saved.')]"
}
[1560911787.799][INFO]: Waiting for pending navigations...
[1560911787.801][INFO]: Done waiting for pending navigations. Status: ok
[1560911787.816][INFO]: Waiting for pending navigations...
[1560911787.817][INFO]: Done waiting for pending navigations. Status: ok
[1560911787.817][INFO]: [217c6f2361ab9934f3fb6cbba6f4a11f] RESPONSE FindElement ERROR no such element: Unable to locate element: {"method":"xpath","selector":"//div[contains(text(),'Runsheet has been successfully saved.')]"}
  (Session info: chrome=74.0.3729.169)
[1560911788.329][INFO]: [217c6f2361ab9934f3fb6cbba6f4a11f] COMMAND SetTimeouts {
   "ms": 0,
   "type": "implicit"
}
[1560911788.329][INFO]: [217c6f2361ab9934f3fb6cbba6f4a11f] RESPONSE SetTimeouts
[1560911788.340][INFO]: [217c6f2361ab9934f3fb6cbba6f4a11f] COMMAND FindElement {
   "using": "xpath",
   "value": "//div[contains(text(),'Runsheet has been successfully saved.')]"
}
[1560911788.340][INFO]: Waiting for pending navigations...
[1560911788.349][INFO]: Done waiting for pending navigations. Status: ok
[1560911788.360][INFO]: Waiting for pending navigations...
[1560911788.361][INFO]: Done waiting for pending navigations. Status: ok
[1560911788.361][INFO]: [217c6f2361ab9934f3fb6cbba6f4a11f] RESPONSE FindElement ERROR no such element: Unable to locate element: {"method":"xpath","selector":"//div[contains(text(),'Runsheet has been successfully saved.')]"}
  (Session info: chrome=74.0.3729.169)
[1560911788.865][INFO]: [217c6f2361ab9934f3fb6cbba6f4a11f] COMMAND SetTimeouts {
   "ms": 0,
   "type": "implicit"
}
[1560911788.865][INFO]: [217c6f2361ab9934f3fb6cbba6f4a11f] RESPONSE SetTimeouts
[1560911788.866][INFO]: [217c6f2361ab9934f3fb6cbba6f4a11f] COMMAND FindElement {
   "using": "xpath",
   "value": "//div[contains(text(),'Runsheet has been successfully saved.')]"
}
[1560911788.866][INFO]: Waiting for pending navigations...
[1560911788.867][INFO]: Done waiting for pending navigations. Status: ok
[1560911788.877][INFO]: Waiting for pending navigations...
[1560911788.878][INFO]: Done waiting for pending navigations. Status: ok
[1560911788.878][INFO]: [217c6f2361ab9934f3fb6cbba6f4a11f] RESPONSE FindElement {
   "ELEMENT": "0.037386047964245384-18"
}
[1560911789.880][INFO]: [217c6f2361ab9934f3fb6cbba6f4a11f] COMMAND FindElements {
   "using": "css selector",
   "value": "button[ng-click='addToRunsheet(selectedItems)']"
}
[1560911789.880][INFO]: Waiting for pending navigations...
[1560911789.881][INFO]: Done waiting for pending navigations. Status: ok
[1560911789.896][INFO]: Waiting for pending navigations...
[1560911789.897][INFO]: Done waiting for pending navigations. Status: ok
[1560911789.897][INFO]: [217c6f2361ab9934f3fb6cbba6f4a11f] RESPONSE FindElements [ {
   "ELEMENT": "0.037386047964245384-19"
} ]
[1560911789.899][INFO]: [217c6f2361ab9934f3fb6cbba6f4a11f] COMMAND ClickElement {
   "id": "0.037386047964245384-19"
}
[1560911789.899][INFO]: Waiting for pending navigations...
[1560911789.900][INFO]: Done waiting for pending navigations. Status: ok
[1560911790.006][INFO]: Waiting for pending navigations...
[1560911790.024][INFO]: Done waiting for pending navigations. Status: ok
[1560911790.024][INFO]: [217c6f2361ab9934f3fb6cbba6f4a11f] RESPONSE ClickElement
[1560911791.027][INFO]: [217c6f2361ab9934f3fb6cbba6f4a11f] COMMAND SetTimeouts {
   "ms": 0,
   "type": "implicit"
}
[1560911791.027][INFO]: [217c6f2361ab9934f3fb6cbba6f4a11f] RESPONSE SetTimeouts
[1560911791.029][INFO]: [217c6f2361ab9934f3fb6cbba6f4a11f] COMMAND FindElement {
   "using": "css selector",
   "value": "div[class='modal-dialog']"
}
[1560911791.029][INFO]: Waiting for pending navigations...
[1560911791.031][INFO]: Done waiting for pending navigations. Status: ok
[1560911791.060][INFO]: Waiting for pending navigations...
[1560911791.071][INFO]: Done waiting for pending navigations. Status: ok
[1560911791.071][INFO]: [217c6f2361ab9934f3fb6cbba6f4a11f] RESPONSE FindElement {
   "ELEMENT": "0.037386047964245384-20"
}
[1560911792.081][INFO]: [217c6f2361ab9934f3fb6cbba6f4a11f] COMMAND FindElements {
   "using": "css selector",
   "value": "button[class='btn btn-success ng-binding']"
}
[1560911792.081][INFO]: Waiting for pending navigations...
[1560911792.086][INFO]: Done waiting for pending navigations. Status: ok
[1560911792.109][INFO]: Waiting for pending navigations...
[1560911792.117][INFO]: Done waiting for pending navigations. Status: ok
[1560911792.117][INFO]: [217c6f2361ab9934f3fb6cbba6f4a11f] RESPONSE FindElements [ {
   "ELEMENT": "0.037386047964245384-21"
} ]
[1560911792.121][INFO]: [217c6f2361ab9934f3fb6cbba6f4a11f] COMMAND ClickElement {
   "id": "0.037386047964245384-21"
}
[1560911792.121][INFO]: Waiting for pending navigations...
[1560911792.141][INFO]: Done waiting for pending navigations. Status: ok
[1560911792.267][INFO]: Waiting for pending navigations...
[1560911792.296][INFO]: Done waiting for pending navigations. Status: ok
[1560911792.296][INFO]: [217c6f2361ab9934f3fb6cbba6f4a11f] RESPONSE ClickElement
[1560911793.313][INFO]: [217c6f2361ab9934f3fb6cbba6f4a11f] COMMAND FindElements {
   "using": "xpath",
   "value": "//div[@class='spinner']"
}
[1560911793.313][INFO]: Waiting for pending navigations...
[1560911793.611][INFO]: Done waiting for pending navigations. Status: ok
[1560911793.687][INFO]: Waiting for pending navigations...
[1560911793.723][INFO]: Done waiting for pending navigations. Status: ok
[1560911793.723][INFO]: [217c6f2361ab9934f3fb6cbba6f4a11f] RESPONSE FindElements [  ]
[1560911793.725][INFO]: [217c6f2361ab9934f3fb6cbba6f4a11f] COMMAND SetTimeouts {
   "ms": 0,
   "type": "implicit"
}
[1560911793.725][INFO]: [217c6f2361ab9934f3fb6cbba6f4a11f] RESPONSE SetTimeouts
[1560911793.734][INFO]: [217c6f2361ab9934f3fb6cbba6f4a11f] COMMAND FindElement {
   "using": "xpath",
   "value": "//div[contains(text(),'Document(s) have been successfully added.')]"
}
[1560911793.734][INFO]: Waiting for pending navigations...
[1560911793.742][INFO]: Done waiting for pending navigations. Status: ok
[1560911793.757][INFO]: Waiting for pending navigations...
[1560911793.758][INFO]: Done waiting for pending navigations. Status: ok
[1560911793.758][INFO]: [217c6f2361ab9934f3fb6cbba6f4a11f] RESPONSE FindElement {
   "ELEMENT": "0.037386047964245384-22"
}
[1560911793.763][INFO]: [217c6f2361ab9934f3fb6cbba6f4a11f] COMMAND Screenshot {

}
[1560911793.763][INFO]: Waiting for pending navigations...
[1560911793.765][INFO]: Done waiting for pending navigations. Status: ok
[1560911794.104][INFO]: Waiting for pending navigations...
[1560911794.105][INFO]: Done waiting for pending navigations. Status: ok
[1560911794.106][INFO]: [217c6f2361ab9934f3fb6cbba6f4a11f] RESPONSE Screenshot "iVBORw0KGgoAAAANSUhEUgAABVYAAAJlCAYAAAAxcKmfAAAAAXNSR0IArs4c6QAAIABJREFUeJzs3Xl8VNX9//HXuTOTjSUTEiBAgKBCKBAIgiiihEXxh1UgIquKIIpthQq1tirigqJWraBg/ZZKpWgBQQzggrIHCyiC7OiAQgJBAyRkgZBt5t7fH3dmMjOZhIRFg..."
[1560911794.132][INFO]: [217c6f2361ab9934f3fb6cbba6f4a11f] COMMAND Quit {

}
[1560911794.316][INFO]: [217c6f2361ab9934f3fb6cbba6f4a11f] RESPONSE Quit
