[1560912173.855][INFO]: Starting ChromeDriver 74.0.3729.6 (255758eccf3d244491b8a1317aa76e1ce10d57e9-refs/branch-heads/3729@{#29})
[1560912173.855][INFO]: Please protect ports used by ChromeDriver and related test frameworks to prevent access by malicious code.
[1560912174.210][INFO]: [7fbad7f700db195106e09a279d7fd650] COMMAND InitSession {
   "capabilities": {
      "firstMatch": [ {
         "browserName": "chrome",
         "goog:chromeOptions": {
            "args": [  ],
            "extensions": [  ]
         }
      } ]
   },
   "desiredCapabilities": {
      "browserName": "chrome",
      "goog:chromeOptions": {
         "args": [  ],
         "extensions": [  ]
      }
   }
}
[1560912174.222][INFO]: Populating Preferences file: {
   "alternate_error_pages": {
      "enabled": false
   },
   "autofill": {
      "enabled": false
   },
   "browser": {
      "check_default_browser": false
   },
   "distribution": {
      "import_bookmarks": false,
      "import_history": false,
      "import_search_engine": false,
      "make_chrome_default_for_user": false,
      "skip_first_run_ui": true
   },
   "dns_prefetching": {
      "enabled": false
   },
   "profile": {
      "content_settings": {
         "pattern_pairs": {
            "https://*,*": {
               "media-stream": {
                  "audio": "Default",
                  "video": "Default"
               }
            }
         }
      },
      "default_content_setting_values": {
         "geolocation": 1
      },
      "default_content_settings": {
         "geolocation": 1,
         "mouselock": 1,
         "notifications": 1,
         "popups": 1,
         "ppapi-broker": 1
      },
      "password_manager_enabled": false
   },
   "safebrowsing": {
      "enabled": false
   },
   "search": {
      "suggest_enabled": false
   },
   "translate": {
      "enabled": false
   }
}
[1560912174.223][INFO]: Populating Local State file: {
   "background_mode": {
      "enabled": false
   },
   "ssl": {
      "rev_checking": {
         "enabled": false
      }
   }
}
[1560912174.235][INFO]: Launching chrome: "C:\Program Files (x86)\Google\Chrome\Application\chrome.exe" --disable-background-networking --disable-client-side-phishing-detection --disable-default-apps --disable-hang-monitor --disable-popup-blocking --disable-prompt-on-repost --disable-sync --disable-web-resources --enable-automation --enable-blink-features=ShadowDOMV0 --enable-logging --force-fieldtrials=SiteIsolationExtensions/Control --ignore-certificate-errors --load-extension="C:\Users\Adrian\AppData\Local\Temp\scoped_dir24028_12432\internal" --log-level=0 --no-first-run --password-store=basic --remote-debugging-port=0 --test-type=webdriver --use-mock-keychain --user-data-dir="C:\Users\Adrian\AppData\Local\Temp\scoped_dir24028_25158" data:,
[1560912175.973][INFO]: resolved localhost to ["::1","127.0.0.1"]
[1560912177.031][INFO]: [7fbad7f700db195106e09a279d7fd650] RESPONSE InitSession {
   "acceptInsecureCerts": false,
   "acceptSslCerts": false,
   "applicationCacheEnabled": false,
   "browserConnectionEnabled": false,
   "browserName": "chrome",
   "chrome": {
      "chromedriverVersion": "74.0.3729.6 (255758eccf3d244491b8a1317aa76e1ce10d57e9-refs/branch-heads/3729@{#29})",
      "userDataDir": "C:\\Users\\Adrian\\AppData\\Local\\Temp\\scoped_dir24028_25158"
   },
   "cssSelectorsEnabled": true,
   "databaseEnabled": false,
   "goog:chromeOptions": {
      "debuggerAddress": "localhost:63400"
   },
   "handlesAlerts": true,
   "hasTouchScreen": false,
   "javascriptEnabled": true,
   "locationContextEnabled": true,
   "mobileEmulationEnabled": false,
   "nativeEvents": true,
   "networkConnectionEnabled": false,
   "pageLoadStrategy": "normal",
   "platform": "Windows NT",
   "proxy": {

   },
   "~~~": "..."
}
[1560912177.039][INFO]: [7fbad7f700db195106e09a279d7fd650] COMMAND MaximizeWindow {
   "handle": "current",
   "windowHandle": "current"
}
[1560912177.039][INFO]: Waiting for pending navigations...
[1560912177.087][INFO]: Done waiting for pending navigations. Status: ok
[1560912177.105][INFO]: resolved localhost to ["::1","127.0.0.1"]
[1560912178.266][INFO]: Waiting for pending navigations...
[1560912178.267][INFO]: Done waiting for pending navigations. Status: ok
[1560912178.267][INFO]: [7fbad7f700db195106e09a279d7fd650] RESPONSE MaximizeWindow {
   "height": 744,
   "width": 1382,
   "x": -8,
   "y": -8
}
[1560912178.271][INFO]: [7fbad7f700db195106e09a279d7fd650] COMMAND SetTimeouts {
   "ms": 5000,
   "type": "implicit"
}
[1560912178.271][INFO]: [7fbad7f700db195106e09a279d7fd650] RESPONSE SetTimeouts
[1560912178.274][INFO]: [7fbad7f700db195106e09a279d7fd650] COMMAND Navigate {
   "url": "https://app.dev.drillinginfo.com/courthouse/"
}
[1560912178.274][INFO]: Waiting for pending navigations...
[1560912178.279][INFO]: Done waiting for pending navigations. Status: ok
[1560912187.120][INFO]: Waiting for pending navigations...
[1560912254.986][INFO]: Done waiting for pending navigations. Status: ok
[1560912254.986][INFO]: [7fbad7f700db195106e09a279d7fd650] RESPONSE Navigate
[1560912255.007][INFO]: [7fbad7f700db195106e09a279d7fd650] COMMAND FindElements {
   "using": "xpath",
   "value": "//p[@class='signInText-login']"
}
[1560912255.007][INFO]: Waiting for pending navigations...
[1560912255.046][INFO]: Done waiting for pending navigations. Status: ok
[1560912260.082][INFO]: Waiting for pending navigations...
[1560912266.250][INFO]: Done waiting for pending navigations. Status: ok
[1560912266.250][INFO]: [7fbad7f700db195106e09a279d7fd650] RESPONSE FindElements [  ]
[1560912266.757][INFO]: [7fbad7f700db195106e09a279d7fd650] COMMAND FindElements {
   "using": "xpath",
   "value": "//p[@class='signInText-login']"
}
[1560912266.757][INFO]: Waiting for pending navigations...
[1560912266.758][INFO]: Done waiting for pending navigations. Status: ok
[1560912266.766][INFO]: Waiting for pending navigations...
[1560912266.767][INFO]: Done waiting for pending navigations. Status: ok
[1560912266.767][INFO]: [7fbad7f700db195106e09a279d7fd650] RESPONSE FindElements [ {
   "ELEMENT": "0.23440077629494738-1"
} ]
[1560912266.768][INFO]: [7fbad7f700db195106e09a279d7fd650] COMMAND IsElementDisplayed {
   "id": "0.23440077629494738-1"
}
[1560912266.768][INFO]: Waiting for pending navigations...
[1560912266.774][INFO]: Done waiting for pending navigations. Status: ok
[1560912266.795][INFO]: Waiting for pending navigations...
[1560912266.796][INFO]: Done waiting for pending navigations. Status: ok
[1560912266.796][INFO]: [7fbad7f700db195106e09a279d7fd650] RESPONSE IsElementDisplayed true
[1560912266.799][INFO]: [7fbad7f700db195106e09a279d7fd650] COMMAND FindElements {
   "using": "xpath",
   "value": "//a[@href='https://app.dev.drillinginfo.com/courthouse/login']"
}
[1560912266.799][INFO]: Waiting for pending navigations...
[1560912266.800][INFO]: Done waiting for pending navigations. Status: ok
[1560912266.819][INFO]: Waiting for pending navigations...
[1560912266.821][INFO]: Done waiting for pending navigations. Status: ok
[1560912266.821][INFO]: [7fbad7f700db195106e09a279d7fd650] RESPONSE FindElements [ {
   "ELEMENT": "0.23440077629494738-2"
} ]
[1560912266.825][INFO]: [7fbad7f700db195106e09a279d7fd650] COMMAND ClickElement {
   "id": "0.23440077629494738-2"
}
[1560912266.825][INFO]: Waiting for pending navigations...
[1560912266.826][INFO]: Done waiting for pending navigations. Status: ok
[1560912267.008][INFO]: Waiting for pending navigations...
[1560912289.192][INFO]: Done waiting for pending navigations. Status: ok
[1560912289.192][INFO]: [7fbad7f700db195106e09a279d7fd650] RESPONSE ClickElement
[1560912289.204][INFO]: [7fbad7f700db195106e09a279d7fd650] COMMAND FindElements {
   "using": "xpath",
   "value": "//div[@class='di-app-loading-message']"
}
[1560912289.204][INFO]: Waiting for pending navigations...
[1560912289.236][INFO]: Done waiting for pending navigations. Status: ok
[1560912294.285][INFO]: Waiting for pending navigations...
[1560912294.286][INFO]: Done waiting for pending navigations. Status: ok
[1560912294.286][INFO]: [7fbad7f700db195106e09a279d7fd650] RESPONSE FindElements [  ]
[1560912295.288][INFO]: [7fbad7f700db195106e09a279d7fd650] COMMAND SetTimeouts {
   "ms": 0,
   "type": "implicit"
}
[1560912295.288][INFO]: [7fbad7f700db195106e09a279d7fd650] RESPONSE SetTimeouts
[1560912295.294][INFO]: [7fbad7f700db195106e09a279d7fd650] COMMAND FindElement {
   "using": "xpath",
   "value": "//p[text()='DI Courthouse Contractor/PayGo/Free Trial']"
}
[1560912295.294][INFO]: Waiting for pending navigations...
[1560912295.295][INFO]: Done waiting for pending navigations. Status: ok
[1560912295.315][INFO]: Waiting for pending navigations...
[1560912295.316][INFO]: Done waiting for pending navigations. Status: ok
[1560912295.316][INFO]: [7fbad7f700db195106e09a279d7fd650] RESPONSE FindElement {
   "ELEMENT": "0.7269412730403704-1"
}
[1560912295.319][INFO]: [7fbad7f700db195106e09a279d7fd650] COMMAND SetTimeouts {
   "ms": 0,
   "type": "implicit"
}
[1560912295.319][INFO]: [7fbad7f700db195106e09a279d7fd650] RESPONSE SetTimeouts
[1560912295.322][INFO]: [7fbad7f700db195106e09a279d7fd650] COMMAND FindElement {
   "using": "id",
   "value": "username"
}
[1560912295.322][INFO]: Waiting for pending navigations...
[1560912295.324][INFO]: Done waiting for pending navigations. Status: ok
[1560912295.345][INFO]: Waiting for pending navigations...
[1560912295.347][INFO]: Done waiting for pending navigations. Status: ok
[1560912295.347][INFO]: [7fbad7f700db195106e09a279d7fd650] RESPONSE FindElement {
   "ELEMENT": "0.7269412730403704-2"
}
[1560912295.350][INFO]: [7fbad7f700db195106e09a279d7fd650] COMMAND FindElement {
   "using": "id",
   "value": "username"
}
[1560912295.350][INFO]: Waiting for pending navigations...
[1560912295.351][INFO]: Done waiting for pending navigations. Status: ok
[1560912295.358][INFO]: Waiting for pending navigations...
[1560912295.360][INFO]: Done waiting for pending navigations. Status: ok
[1560912295.360][INFO]: [7fbad7f700db195106e09a279d7fd650] RESPONSE FindElement {
   "ELEMENT": "0.7269412730403704-2"
}
[1560912295.363][INFO]: [7fbad7f700db195106e09a279d7fd650] COMMAND TypeElement {
   "id": "0.7269412730403704-2",
   "value": [ "adrojascontract" ]
}
[1560912295.363][INFO]: Waiting for pending navigations...
[1560912295.364][INFO]: Done waiting for pending navigations. Status: ok
[1560912295.554][INFO]: Waiting for pending navigations...
[1560912295.555][INFO]: Done waiting for pending navigations. Status: ok
[1560912295.555][INFO]: [7fbad7f700db195106e09a279d7fd650] RESPONSE TypeElement
[1560912295.561][INFO]: [7fbad7f700db195106e09a279d7fd650] COMMAND SetTimeouts {
   "ms": 0,
   "type": "implicit"
}
[1560912295.561][INFO]: [7fbad7f700db195106e09a279d7fd650] RESPONSE SetTimeouts
[1560912295.566][INFO]: [7fbad7f700db195106e09a279d7fd650] COMMAND FindElement {
   "using": "id",
   "value": "password"
}
[1560912295.566][INFO]: Waiting for pending navigations...
[1560912295.567][INFO]: Done waiting for pending navigations. Status: ok
[1560912295.604][INFO]: Waiting for pending navigations...
[1560912295.605][INFO]: Done waiting for pending navigations. Status: ok
[1560912295.605][INFO]: [7fbad7f700db195106e09a279d7fd650] RESPONSE FindElement {
   "ELEMENT": "0.7269412730403704-3"
}
[1560912295.613][INFO]: [7fbad7f700db195106e09a279d7fd650] COMMAND FindElement {
   "using": "id",
   "value": "password"
}
[1560912295.613][INFO]: Waiting for pending navigations...
[1560912295.614][INFO]: Done waiting for pending navigations. Status: ok
[1560912295.629][INFO]: Waiting for pending navigations...
[1560912295.631][INFO]: Done waiting for pending navigations. Status: ok
[1560912295.631][INFO]: [7fbad7f700db195106e09a279d7fd650] RESPONSE FindElement {
   "ELEMENT": "0.7269412730403704-3"
}
[1560912295.634][INFO]: [7fbad7f700db195106e09a279d7fd650] COMMAND TypeElement {
   "id": "0.7269412730403704-3",
   "value": [ "DSCI7lsc1" ]
}
[1560912295.634][INFO]: Waiting for pending navigations...
[1560912295.636][INFO]: Done waiting for pending navigations. Status: ok
[1560912295.887][INFO]: Waiting for pending navigations...
[1560912295.888][INFO]: Done waiting for pending navigations. Status: ok
[1560912295.888][INFO]: [7fbad7f700db195106e09a279d7fd650] RESPONSE TypeElement
[1560912296.926][INFO]: [7fbad7f700db195106e09a279d7fd650] COMMAND FindElements {
   "using": "id",
   "value": "login"
}
[1560912296.926][INFO]: Waiting for pending navigations...
[1560912296.984][INFO]: Done waiting for pending navigations. Status: ok
[1560912297.031][INFO]: Waiting for pending navigations...
[1560912297.033][INFO]: Done waiting for pending navigations. Status: ok
[1560912297.033][INFO]: [7fbad7f700db195106e09a279d7fd650] RESPONSE FindElements [ {
   "ELEMENT": "0.7269412730403704-4"
} ]
[1560912297.075][INFO]: [7fbad7f700db195106e09a279d7fd650] COMMAND ClickElement {
   "id": "0.7269412730403704-4"
}
[1560912297.075][INFO]: Waiting for pending navigations...
[1560912297.100][INFO]: Done waiting for pending navigations. Status: ok
[1560912297.292][INFO]: Waiting for pending navigations...
[1560912297.304][INFO]: Done waiting for pending navigations. Status: ok
[1560912297.304][INFO]: [7fbad7f700db195106e09a279d7fd650] RESPONSE ClickElement
[1560912297.308][INFO]: [7fbad7f700db195106e09a279d7fd650] COMMAND SetTimeouts {
   "ms": 0,
   "type": "implicit"
}
[1560912297.308][INFO]: [7fbad7f700db195106e09a279d7fd650] RESPONSE SetTimeouts
[1560912297.315][INFO]: [7fbad7f700db195106e09a279d7fd650] COMMAND FindElement {
   "using": "css selector",
   "value": ".home-btn.active-item"
}
[1560912297.316][INFO]: Waiting for pending navigations...
[1560912297.317][INFO]: Done waiting for pending navigations. Status: ok
[1560912297.350][INFO]: Waiting for pending navigations...
[1560912297.351][INFO]: Done waiting for pending navigations. Status: ok
[1560912297.351][INFO]: [7fbad7f700db195106e09a279d7fd650] RESPONSE FindElement ERROR no such element: Unable to locate element: {"method":"css selector","selector":".home-btn.active-item"}
  (Session info: chrome=74.0.3729.169)
[1560912297.854][INFO]: [7fbad7f700db195106e09a279d7fd650] COMMAND SetTimeouts {
   "ms": 0,
   "type": "implicit"
}
[1560912297.854][INFO]: [7fbad7f700db195106e09a279d7fd650] RESPONSE SetTimeouts
[1560912297.859][INFO]: [7fbad7f700db195106e09a279d7fd650] COMMAND FindElement {
   "using": "css selector",
   "value": ".home-btn.active-item"
}
[1560912297.860][INFO]: Waiting for pending navigations...
[1560912305.393][INFO]: Done waiting for pending navigations. Status: ok
[1560912305.436][INFO]: Waiting for pending navigations...
[1560912305.438][INFO]: Done waiting for pending navigations. Status: ok
[1560912305.438][INFO]: [7fbad7f700db195106e09a279d7fd650] RESPONSE FindElement {
   "ELEMENT": "0.42949041295326507-1"
}
[1560912310.440][INFO]: [7fbad7f700db195106e09a279d7fd650] COMMAND FindElements {
   "using": "css selector",
   "value": ".home-btn.active-item"
}
[1560912310.440][INFO]: Waiting for pending navigations...
[1560912310.442][INFO]: Done waiting for pending navigations. Status: ok
[1560912310.459][INFO]: Waiting for pending navigations...
[1560912310.461][INFO]: Done waiting for pending navigations. Status: ok
[1560912310.461][INFO]: [7fbad7f700db195106e09a279d7fd650] RESPONSE FindElements [ {
   "ELEMENT": "0.42949041295326507-1"
} ]
[1560912310.463][INFO]: [7fbad7f700db195106e09a279d7fd650] COMMAND ClickElement {
   "id": "0.42949041295326507-1"
}
[1560912310.463][INFO]: Waiting for pending navigations...
[1560912310.465][INFO]: Done waiting for pending navigations. Status: ok
[1560912310.680][INFO]: Waiting for pending navigations...
[1560912310.685][INFO]: Done waiting for pending navigations. Status: ok
[1560912310.685][INFO]: [7fbad7f700db195106e09a279d7fd650] RESPONSE ClickElement
[1560912317.707][INFO]: [7fbad7f700db195106e09a279d7fd650] COMMAND SetTimeouts {
   "ms": 0,
   "type": "implicit"
}
[1560912317.707][INFO]: [7fbad7f700db195106e09a279d7fd650] RESPONSE SetTimeouts
[1560912317.722][INFO]: [7fbad7f700db195106e09a279d7fd650] COMMAND FindElement {
   "using": "xpath",
   "value": "//h5[@name='Search Results']"
}
[1560912317.722][INFO]: Waiting for pending navigations...
[1560912317.723][INFO]: Done waiting for pending navigations. Status: ok
[1560912317.743][INFO]: Waiting for pending navigations...
[1560912317.744][INFO]: Done waiting for pending navigations. Status: ok
[1560912317.744][INFO]: [7fbad7f700db195106e09a279d7fd650] RESPONSE FindElement {
   "ELEMENT": "0.42949041295326507-2"
}
[1560912318.761][INFO]: [7fbad7f700db195106e09a279d7fd650] COMMAND FindElements {
   "using": "css selector",
   "value": "select[class='form-control input-sm inline-block runsheet-select ng-pristine ng-untouched ng-valid']"
}
[1560912318.761][INFO]: Waiting for pending navigations...
[1560912318.800][INFO]: Done waiting for pending navigations. Status: ok
[1560912318.852][INFO]: Waiting for pending navigations...
[1560912318.859][INFO]: Done waiting for pending navigations. Status: ok
[1560912318.859][INFO]: [7fbad7f700db195106e09a279d7fd650] RESPONSE FindElements [ {
   "ELEMENT": "0.42949041295326507-3"
} ]
[1560912318.862][INFO]: [7fbad7f700db195106e09a279d7fd650] COMMAND ClickElement {
   "id": "0.42949041295326507-3"
}
[1560912318.862][INFO]: Waiting for pending navigations...
[1560912318.881][INFO]: Done waiting for pending navigations. Status: ok
[1560912319.372][INFO]: Waiting for pending navigations...
[1560912319.504][INFO]: Done waiting for pending navigations. Status: ok
[1560912319.504][INFO]: [7fbad7f700db195106e09a279d7fd650] RESPONSE ClickElement
[1560912320.511][INFO]: [7fbad7f700db195106e09a279d7fd650] COMMAND FindElements {
   "using": "css selector",
   "value": "option[label='XP6 18 2019']"
}
[1560912320.511][INFO]: Waiting for pending navigations...
[1560912320.513][INFO]: Done waiting for pending navigations. Status: ok
[1560912320.531][INFO]: Waiting for pending navigations...
[1560912320.533][INFO]: Done waiting for pending navigations. Status: ok
[1560912320.533][INFO]: [7fbad7f700db195106e09a279d7fd650] RESPONSE FindElements [  ]
[1560912321.066][INFO]: [7fbad7f700db195106e09a279d7fd650] COMMAND FindElements {
   "using": "css selector",
   "value": "option[label='XP6 18 2019']"
}
[1560912321.067][INFO]: Waiting for pending navigations...
[1560912321.069][INFO]: Done waiting for pending navigations. Status: ok
[1560912321.083][INFO]: Waiting for pending navigations...
[1560912321.091][INFO]: Done waiting for pending navigations. Status: ok
[1560912321.091][INFO]: [7fbad7f700db195106e09a279d7fd650] RESPONSE FindElements [  ]
[1560912321.603][INFO]: [7fbad7f700db195106e09a279d7fd650] COMMAND FindElements {
   "using": "css selector",
   "value": "option[label='XP6 18 2019']"
}
[1560912321.603][INFO]: Waiting for pending navigations...
[1560912321.605][INFO]: Done waiting for pending navigations. Status: ok
[1560912321.610][INFO]: Waiting for pending navigations...
[1560912321.611][INFO]: Done waiting for pending navigations. Status: ok
[1560912321.611][INFO]: [7fbad7f700db195106e09a279d7fd650] RESPONSE FindElements [  ]
[1560912322.120][INFO]: [7fbad7f700db195106e09a279d7fd650] COMMAND FindElements {
   "using": "css selector",
   "value": "option[label='XP6 18 2019']"
}
[1560912322.120][INFO]: Waiting for pending navigations...
[1560912322.121][INFO]: Done waiting for pending navigations. Status: ok
[1560912322.129][INFO]: Waiting for pending navigations...
[1560912322.131][INFO]: Done waiting for pending navigations. Status: ok
[1560912322.132][INFO]: [7fbad7f700db195106e09a279d7fd650] RESPONSE FindElements [  ]
[1560912322.659][INFO]: [7fbad7f700db195106e09a279d7fd650] COMMAND FindElements {
   "using": "css selector",
   "value": "option[label='XP6 18 2019']"
}
[1560912322.659][INFO]: Waiting for pending navigations...
[1560912322.660][INFO]: Done waiting for pending navigations. Status: ok
[1560912322.666][INFO]: Waiting for pending navigations...
[1560912322.667][INFO]: Done waiting for pending navigations. Status: ok
[1560912322.667][INFO]: [7fbad7f700db195106e09a279d7fd650] RESPONSE FindElements [  ]
[1560912323.176][INFO]: [7fbad7f700db195106e09a279d7fd650] COMMAND FindElements {
   "using": "css selector",
   "value": "option[label='XP6 18 2019']"
}
[1560912323.176][INFO]: Waiting for pending navigations...
[1560912323.177][INFO]: Done waiting for pending navigations. Status: ok
[1560912323.183][INFO]: Waiting for pending navigations...
[1560912323.184][INFO]: Done waiting for pending navigations. Status: ok
[1560912323.184][INFO]: [7fbad7f700db195106e09a279d7fd650] RESPONSE FindElements [  ]
[1560912323.692][INFO]: [7fbad7f700db195106e09a279d7fd650] COMMAND FindElements {
   "using": "css selector",
   "value": "option[label='XP6 18 2019']"
}
[1560912323.693][INFO]: Waiting for pending navigations...
[1560912323.694][INFO]: Done waiting for pending navigations. Status: ok
[1560912323.699][INFO]: Waiting for pending navigations...
[1560912323.700][INFO]: Done waiting for pending navigations. Status: ok
[1560912323.700][INFO]: [7fbad7f700db195106e09a279d7fd650] RESPONSE FindElements [  ]
lements [  ]
[1560912305.970][INFO]: [2e77d02814bcd5cf40e911a71de1105b] COMMAND FindElements {
   "using": "css selector",
   "value": "option[label='XPFT6 18 2019']"
}
[1560912305.970][INFO]: Waiting for pending navigations...
[1560912305.971][INFO]: Done waiting for pending navigations. Status: ok
[1560912305.982][INFO]: Waiting for pending navigations...
[1560912305.983][INFO]: Done waiting for pending navigations. Status: ok
[1560912305.984][INFO]: [2e77d02814bcd5cf40e911a71de1105b] RESPONSE FindElements [  ]
[1560912306.486][INFO]: [2e77d02814bcd5cf40e911a71de1105b] COMMAND FindElements {
   "using": "css selector",
   "value": "option[label='XPFT6 18 2019']"
}
[1560912306.486][INFO]: Waiting for pending navigations...
[1560912306.488][INFO]: Done waiting for pending navigations. Status: ok
[1560912306.494][INFO]: Waiting for pending navigations...
[1560912306.495][INFO]: Done waiting for pending navigations. Status: ok
[1560912306.495][INFO]: [2e77d02814bcd5cf40e911a71de1105b] RESPONSE FindElements [  ]
[1560912306.998][INFO]: [2e77d02814bcd5cf40e911a71de1105b] COMMAND FindElements {
   "using": "css selector",
   "value": "option[label='XPFT6 18 2019']"
}
[1560912306.998][INFO]: Waiting for pending navigations...
[1560912307.000][INFO]: Done waiting for pending navigations. Status: ok
[1560912307.012][INFO]: Waiting for pending navigations...
[1560912307.014][INFO]: Done waiting for pending navigations. Status: ok
[1560912307.015][INFO]: [2e77d02814bcd5cf40e911a71de1105b] RESPONSE FindElements [  ]
[1560912307.534][INFO]: [2e77d02814bcd5cf40e911a71de1105b] COMMAND FindElements {
   "using": "css selector",
   "value": "option[label='XPFT6 18 2019']"
}
[1560912307.534][INFO]: Waiting for pending navigations...
[1560912307.573][INFO]: Done waiting for pending navigations. Status: ok
[1560912307.614][INFO]: Waiting for pending navigations...
[1560912307.620][INFO]: Done waiting for pending navigations. Status: ok
[1560912307.620][INFO]: [2e77d02814bcd5cf40e911a71de1105b] RESPONSE FindElements [  ]
[1560912308.152][INFO]: [2e77d02814bcd5cf40e911a71de1105b] COMMAND FindElements {
   "using": "css selector",
   "value": "option[label='XPFT6 18 2019']"
}
[1560912308.152][INFO]: Waiting for pending navigations...
[1560912308.154][INFO]: Done waiting for pending navigations. Status: ok
[1560912308.163][INFO]: Waiting for pending navigations...
[1560912308.164][INFO]: Done waiting for pending navigations. Status: ok
[1560912308.164][INFO]: [2e77d02814bcd5cf40e911a71de1105b] RESPONSE FindElements [  ]
[1560912308.699][INFO]: [2e77d02814bcd5cf40e911a71de1105b] COMMAND FindElements {
   "using": "css selector",
   "value": "option[label='XPFT6 18 2019']"
}
[1560912308.699][INFO]: Waiting for pending navigations...
[1560912308.700][INFO]: Done waiting for pending navigations. Status: ok
[1560912308.710][INFO]: Waiting for pending navigations...
[1560912308.711][INFO]: Done waiting for pending navigations. Status: ok
[1560912308.711][INFO]: [2e77d02814bcd5cf40e911a71de1105b] RESPONSE FindElements [  ]
[1560912309.210][INFO]: [2e77d02814bcd5cf40e911a71de1105b] COMMAND FindElements {
   "using": "css selector",
   "value": "option[label='XPFT6 18 2019']"
}
[1560912309.210][INFO]: Waiting for pending navigations...
[1560912309.211][INFO]: Done waiting for pending navigations. Status: ok
[1560912309.221][INFO]: Waiting for pending navigations...
[1560912309.222][INFO]: Done waiting for pending navigations. Status: ok
[1560912309.222][INFO]: [2e77d02814bcd5cf40e911a71de1105b] RESPONSE FindElements [  ]
[1560912309.725][INFO]: [2e77d02814bcd5cf40e911a71de1105b] COMMAND FindElements {
   "using": "css selector",
   "value": "option[label='XPFT6 18 2019']"
}
[1560912309.725][INFO]: Waiting for pending navigations...
[1560912309.727][INFO]: Done waiting for pending navigations. Status: ok
[1560912309.736][INFO]: Waiting for pending navigations...
[1560912309.738][INFO]: Done waiting for pending navigations. Status: ok
[1560912309.738][INFO]: [2e77d02814bcd5cf40e911a71de1105b] RESPONSE FindElements [  ]
[1560912310.240][INFO]: [2e77d02814bcd5cf40e911a71de1105b] COMMAND FindElements {
   "using": "css selector",
   "value": "option[label='XPFT6 18 2019']"
}
[1560912310.240][INFO]: Waiting for pending navigations...
[1560912310.241][INFO]: Done waiting for pending navigations. Status: ok
[1560912310.252][INFO]: Waiting for pending navigations...
[1560912310.253][INFO]: Done waiting for pending navigations. Status: ok
[1560912310.253][INFO]: [2e77d02814bcd5cf40e911a71de1105b] RESPONSE FindElements [  ]
[1560912310.778][INFO]: [2e77d02814bcd5cf40e911a71de1105b] COMMAND FindElements {
   "using": "css selector",
   "value": "option[label='XPFT6 18 2019']"
}
[1560912310.778][INFO]: Waiting for pending navigations...
[1560912310.832][INFO]: Done waiting for pending navigations. Status: ok
[1560912310.865][INFO]: Waiting for pending navigations...
[1560912310.874][INFO]: Done waiting for pending navigations. Status: ok
[1560912310.875][INFO]: [2e77d02814bcd5cf40e911a71de1105b] RESPONSE FindElements [  ]
[1560912311.379][INFO]: [2e77d02814bcd5cf40e911a71de1105b] COMMAND FindElements {
   "using": "css selector",
   "value": "option[label='XPFT6 18 2019']"
}
[1560912311.379][INFO]: Waiting for pending navigations...
[1560912311.388][INFO]: Done waiting for pending navigations. Status: ok
[1560912311.406][INFO]: Waiting for pending navigations...
[1560912311.407][INFO]: Done waiting for pending navigations. Status: ok
[1560912311.407][INFO]: [2e77d02814bcd5cf40e911a71de1105b] RESPONSE FindElements [  ]
[1560912311.974][INFO]: [2e77d02814bcd5cf40e911a71de1105b] COMMAND FindElements {
   "using": "css selector",
   "value": "option[label='XPFT6 18 2019']"
}
[1560912311.974][INFO]: Waiting for pending navigations...
[1560912312.114][INFO]: Done waiting for pending navigations. Status: ok
[1560912312.351][INFO]: Waiting for pending navigations...
[1560912312.663][INFO]: Done waiting for pending navigations. Status: ok
[1560912312.663][INFO]: [2e77d02814bcd5cf40e911a71de1105b] RESPONSE FindElements [  ]
[1560912313.172][INFO]: [2e77d02814bcd5cf40e911a71de1105b] COMMAND FindElements {
   "using": "css selector",
   "value": "option[label='XPFT6 18 2019']"
}
[1560912313.172][INFO]: Waiting for pending navigations...
[1560912313.181][INFO]: Done waiting for pending navigations. Status: ok
[1560912313.246][INFO]: Waiting for pending navigations...
[1560912313.286][INFO]: Done waiting for pending navigations. Status: ok
[1560912313.286][INFO]: [2e77d02814bcd5cf40e911a71de1105b] RESPONSE FindElements [  ]
[1560912313.818][INFO]: [2e77d02814bcd5cf40e911a71de1105b] COMMAND FindElements {
   "using": "css selector",
   "value": "option[label='XPFT6 18 2019']"
}
[1560912313.818][INFO]: Waiting for pending navigations...
[1560912313.855][INFO]: Done waiting for pending navigations. Status: ok
[1560912313.922][INFO]: Waiting for pending navigations...
[1560912313.962][INFO]: Done waiting for pending navigations. Status: ok
[1560912313.962][INFO]: [2e77d02814bcd5cf40e911a71de1105b] RESPONSE FindElements [  ]
[1560912314.506][INFO]: [2e77d02814bcd5cf40e911a71de1105b] COMMAND FindElements {
   "using": "css selector",
   "value": "option[label='XPFT6 18 2019']"
}
[1560912314.506][INFO]: Waiting for pending navigations...
[1560912314.528][INFO]: Done waiting for pending navigations. Status: ok
[1560912314.552][INFO]: Waiting for pending navigations...
[1560912314.558][INFO]: Done waiting for pending navigations. Status: ok
[1560912314.558][INFO]: [2e77d02814bcd5cf40e911a71de1105b] RESPONSE FindElements [  ]
[1560912315.083][INFO]: [2e77d02814bcd5cf40e911a71de1105b] COMMAND FindElements {
   "using": "css selector",
   "value": "option[label='XPFT6 18 2019']"
}
[1560912315.083][INFO]: Waiting for pending navigations...
[1560912315.088][INFO]: Done waiting for pending navigations. Status: ok
[1560912315.104][INFO]: Waiting for pending navigations...
[1560912315.109][INFO]: Done waiting for pending navigations. Status: ok
[1560912315.109][INFO]: [2e77d02814bcd5cf40e911a71de1105b] RESPONSE FindElements [  ]
[1560912315.643][INFO]: [2e77d02814bcd5cf40e911a71de1105b] COMMAND FindElements {
   "using": "css selector",
   "value": "option[label='XPFT6 18 2019']"
}
[1560912315.644][INFO]: Waiting for pending navigations...
[1560912315.650][INFO]: Done waiting for pending navigations. Status: ok
[1560912315.658][INFO]: Waiting for pending navigations...
[1560912315.660][INFO]: Done waiting for pending navigations. Status: ok
[1560912315.660][INFO]: [2e77d02814bcd5cf40e911a71de1105b] RESPONSE FindElements [  ]
[1560912316.187][INFO]: [2e77d02814bcd5cf40e911a71de1105b] COMMAND FindElements {
   "using": "css selector",
   "value": "option[label='XPFT6 18 2019']"
}
[1560912316.187][INFO]: Waiting for pending navigations...
[1560912316.197][INFO]: Done waiting for pending navigations. Status: ok
[1560912316.212][INFO]: Waiting for pending navigations...
[1560912316.213][INFO]: Done waiting for pending navigations. Status: ok
[1560912316.213][INFO]: [2e77d02814bcd5cf40e911a71de1105b] RESPONSE FindElements [  ]
[1560912316.733][INFO]: [2e77d02814bcd5cf40e911a71de1105b] COMMAND FindElements {
   "using": "css selector",
   "value": "option[label='XPFT6 18 2019']"
}
[1560912316.733][INFO]: Waiting for pending navigations...
[1560912316.735][INFO]: Done waiting for pending navigations. Status: ok
[1560912316.746][INFO]: Waiting for pending navigations...
[1560912316.755][INFO]: Done waiting for pending navigations. Status: ok
[1560912316.755][INFO]: [2e77d02814bcd5cf40e911a71de1105b] RESPONSE FindElements [  ]
[1560912317.277][INFO]: [2e77d02814bcd5cf40e911a71de1105b] COMMAND FindElements {
   "using": "css selector",
   "value": "option[label='XPFT6 18 2019']"
}
[1560912317.277][INFO]: Waiting for pending navigations...
[1560912317.279][INFO]: Done waiting for pending navigations. Status: ok
[1560912317.290][INFO]: Waiting for pending navigations...
[1560912317.292][INFO]: Done waiting for pending navigations. Status: ok
[1560912317.292][INFO]: [2e77d02814bcd5cf40e911a71de1105b] RESPONSE FindElements [  ]
[1560912317.825][INFO]: [2e77d02814bcd5cf40e911a71de1105b] COMMAND FindElements {
   "using": "css selector",
   "value": "option[label='XPFT6 18 2019']"
}
[1560912317.826][INFO]: Waiting for pending navigations...
[1560912317.852][INFO]: Done waiting for pending navigations. Status: ok
[1560912317.862][INFO]: Waiting for pending navigations...
[1560912317.864][INFO]: Done waiting for pending navigations. Status: ok
[1560912317.864][INFO]: [2e77d02814bcd5cf40e911a71de1105b] RESPONSE FindElements [  ]
[1560912318.388][INFO]: [2e77d02814bcd5cf40e911a71de1105b] COMMAND FindElements {
   "using": "css selector",
   "value": "option[label='XPFT6 18 2019']"
}
[1560912318.388][INFO]: Waiting for pending navigations...
[1560912318.391][INFO]: Done waiting for pending navigations. Status: ok
[1560912318.404][INFO]: Waiting for pending navigations...
[1560912318.409][INFO]: Done waiting for pending navigations. Status: ok
[1560912318.409][INFO]: [2e77d02814bcd5cf40e911a71de1105b] RESPONSE FindElements [  ]
[1560912318.920][INFO]: [2e77d02814bcd5cf40e911a71de1105b] COMMAND FindElements {
   "using": "css selector",
   "value": "option[label='XPFT6 18 2019']"
}
[1560912318.920][INFO]: Waiting for pending navigations...
[1560912318.933][INFO]: Done waiting for pending navigations. Status: ok
[1560912318.960][INFO]: Waiting for pending navigations...
[1560912318.978][INFO]: Done waiting for pending navigations. Status: ok
[1560912318.978][INFO]: [2e77d02814bcd5cf40e911a71de1105b] RESPONSE FindElements [  ]
[1560912319.492][INFO]: [2e77d02814bcd5cf40e911a71de1105b] COMMAND FindElements {
   "using": "css selector",
   "value": "option[label='XPFT6 18 2019']"
}
[1560912319.492][INFO]: Waiting for pending navigations...
[1560912319.543][INFO]: Done waiting for pending navigations. Status: ok
[1560912319.608][INFO]: Waiting for pending navigations...
[1560912319.642][INFO]: Done waiting for pending navigations. Status: ok
[1560912319.642][INFO]: [2e77d02814bcd5cf40e911a71de1105b] RESPONSE FindElements [  ]
[1560912320.189][INFO]: [2e77d02814bcd5cf40e911a71de1105b] COMMAND FindElements {
   "using": "css selector",
   "value": "option[label='XPFT6 18 2019']"
}
[1560912320.189][INFO]: Waiting for pending navigations...
[1560912320.190][INFO]: Done waiting for pending navigations. Status: ok
[1560912320.204][INFO]: Waiting for pending navigations...
[1560912320.205][INFO]: Done waiting for pending navigations. Status: ok
[1560912320.205][INFO]: [2e77d02814bcd5cf40e911a71de1105b] RESPONSE FindElements [  ]
[1560912320.707][INFO]: [2e77d02814bcd5cf40e911a71de1105b] COMMAND FindElements {
   "using": "css selector",
   "value": "option[label='XPFT6 18 2019']"
}
[1560912320.707][INFO]: Waiting for pending navigations...
[1560912320.709][INFO]: Done waiting for pending navigations. Status: ok
[1560912320.723][INFO]: Waiting for pending navigations...
[1560912320.725][INFO]: Done waiting for pending navigations. Status: ok
[1560912320.725][INFO]: [2e77d02814bcd5cf40e911a71de1105b] RESPONSE FindElements [  ]
[1560912321.257][INFO]: [2e77d02814bcd5cf40e911a71de1105b] COMMAND FindElements {
   "using": "css selector",
   "value": "option[label='XPFT6 18 2019']"
}
[1560912321.257][INFO]: Waiting for pending navigations...
[1560912321.258][INFO]: Done waiting for pending navigations. Status: ok
[1560912321.263][INFO]: Waiting for pending navigations...
[1560912321.264][INFO]: Done waiting for pending navigations. Status: ok
[1560912321.264][INFO]: [2e77d02814bcd5cf40e911a71de1105b] RESPONSE FindElements [  ]
[1560912321.773][INFO]: [2e77d02814bcd5cf40e911a71de1105b] COMMAND FindElements {
   "using": "css selector",
   "value": "option[label='XPFT6 18 2019']"
}
[1560912321.773][INFO]: Waiting for pending navigations...
[1560912321.775][INFO]: Done waiting for pending navigations. Status: ok
[1560912321.789][INFO]: Waiting for pending navigations...
[1560912321.791][INFO]: Done waiting for pending navigations. Status: ok
[1560912321.791][INFO]: [2e77d02814bcd5cf40e911a71de1105b] RESPONSE FindElements [  ]
[1560912322.306][INFO]: [2e77d02814bcd5cf40e911a71de1105b] COMMAND FindElements {
   "using": "css selector",
   "value": "option[label='XPFT6 18 2019']"
}
[1560912322.306][INFO]: Waiting for pending navigations...
[1560912322.307][INFO]: Done waiting for pending navigations. Status: ok
[1560912322.320][INFO]: Waiting for pending navigations...
[1560912322.322][INFO]: Done waiting for pending navigations. Status: ok
[1560912322.322][INFO]: [2e77d02814bcd5cf40e911a71de1105b] RESPONSE FindElements [  ]
[1560912322.845][INFO]: [2e77d02814bcd5cf40e911a71de1105b] COMMAND FindElements {
   "using": "css selector",
   "value": "option[label='XPFT6 18 2019']"
}
[1560912322.845][INFO]: Waiting for pending navigations...
[1560912322.846][INFO]: Done waiting for pending navigations. Status: ok
[1560912322.851][INFO]: Waiting for pending navigations...
[1560912322.852][INFO]: Done waiting for pending navigations. Status: ok
[1560912322.852][INFO]: [2e77d02814bcd5cf40e911a71de1105b] RESPONSE FindElements [  ]
[1560912323.361][INFO]: [2e77d02814bcd5cf40e911a71de1105b] COMMAND FindElements {
   "using": "css selector",
   "value": "option[label='XPFT6 18 2019']"
}
[1560912323.361][INFO]: Waiting for pending navigations...
[1560912323.363][INFO]: Done waiting for pending navigations. Status: ok
[1560912323.371][INFO]: Waiting for pending navigations...
[1560912323.372][INFO]: Done waiting for pending navigations. Status: ok
[1560912323.372][INFO]: [2e77d02814bcd5cf40e911a71de1105b] RESPONSE FindElements [  ]
46][INFO]: [12e574491bfb7a5b79444f4dec626238] COMMAND FindElements {
   "using": "css selector",
   "value": "option[label='XPPG6 18 2019']"
}
[1560912315.546][INFO]: Waiting for pending navigations...
[1560912315.555][INFO]: Done waiting for pending navigations. Status: ok
[1560912315.570][INFO]: Waiting for pending navigations...
[1560912315.603][INFO]: Done waiting for pending navigations. Status: ok
[1560912315.603][INFO]: [12e574491bfb7a5b79444f4dec626238] RESPONSE FindElements [  ]
[1560912316.144][INFO]: [12e574491bfb7a5b79444f4dec626238] COMMAND FindElements {
   "using": "css selector",
   "value": "option[label='XPPG6 18 2019']"
}
[1560912316.144][INFO]: Waiting for pending navigations...
[1560912316.158][INFO]: Done waiting for pending navigations. Status: ok
[1560912316.169][INFO]: Waiting for pending navigations...
[1560912316.171][INFO]: Done waiting for pending navigations. Status: ok
[1560912316.171][INFO]: [12e574491bfb7a5b79444f4dec626238] RESPONSE FindElements [  ]
[1560912316.690][INFO]: [12e574491bfb7a5b79444f4dec626238] COMMAND FindElements {
   "using": "css selector",
   "value": "option[label='XPPG6 18 2019']"
}
[1560912316.690][INFO]: Waiting for pending navigations...
[1560912316.691][INFO]: Done waiting for pending navigations. Status: ok
[1560912316.706][INFO]: Waiting for pending navigations...
[1560912316.707][INFO]: Done waiting for pending navigations. Status: ok
[1560912316.707][INFO]: [12e574491bfb7a5b79444f4dec626238] RESPONSE FindElements [  ]
[1560912317.235][INFO]: [12e574491bfb7a5b79444f4dec626238] COMMAND FindElements {
   "using": "css selector",
   "value": "option[label='XPPG6 18 2019']"
}
[1560912317.235][INFO]: Waiting for pending navigations...
[1560912317.252][INFO]: Done waiting for pending navigations. Status: ok
[1560912317.266][INFO]: Waiting for pending navigations...
[1560912317.267][INFO]: Done waiting for pending navigations. Status: ok
[1560912317.267][INFO]: [12e574491bfb7a5b79444f4dec626238] RESPONSE FindElements [  ]
[1560912317.797][INFO]: [12e574491bfb7a5b79444f4dec626238] COMMAND FindElements {
   "using": "css selector",
   "value": "option[label='XPPG6 18 2019']"
}
[1560912317.797][INFO]: Waiting for pending navigations...
[1560912317.799][INFO]: Done waiting for pending navigations. Status: ok
[1560912317.809][INFO]: Waiting for pending navigations...
[1560912317.812][INFO]: Done waiting for pending navigations. Status: ok
[1560912317.812][INFO]: [12e574491bfb7a5b79444f4dec626238] RESPONSE FindElements [  ]
[1560912318.311][INFO]: [12e574491bfb7a5b79444f4dec626238] COMMAND FindElements {
   "using": "css selector",
   "value": "option[label='XPPG6 18 2019']"
}
[1560912318.311][INFO]: Waiting for pending navigations...
[1560912318.314][INFO]: Done waiting for pending navigations. Status: ok
[1560912318.330][INFO]: Waiting for pending navigations...
[1560912318.331][INFO]: Done waiting for pending navigations. Status: ok
[1560912318.332][INFO]: [12e574491bfb7a5b79444f4dec626238] RESPONSE FindElements [  ]
[1560912318.845][INFO]: [12e574491bfb7a5b79444f4dec626238] COMMAND FindElements {
   "using": "css selector",
   "value": "option[label='XPPG6 18 2019']"
}
[1560912318.845][INFO]: Waiting for pending navigations...
[1560912318.864][INFO]: Done waiting for pending navigations. Status: ok
[1560912318.888][INFO]: Waiting for pending navigations...
[1560912318.921][INFO]: Done waiting for pending navigations. Status: ok
[1560912318.921][INFO]: [12e574491bfb7a5b79444f4dec626238] RESPONSE FindElements [  ]
[1560912319.450][INFO]: [12e574491bfb7a5b79444f4dec626238] COMMAND FindElements {
   "using": "css selector",
   "value": "option[label='XPPG6 18 2019']"
}
[1560912319.450][INFO]: Waiting for pending navigations...
[1560912319.459][INFO]: Done waiting for pending navigations. Status: ok
[1560912319.494][INFO]: Waiting for pending navigations...
[1560912319.537][INFO]: Done waiting for pending navigations. Status: ok
[1560912319.537][INFO]: [12e574491bfb7a5b79444f4dec626238] RESPONSE FindElements [  ]
[1560912320.085][INFO]: [12e574491bfb7a5b79444f4dec626238] COMMAND FindElements {
   "using": "css selector",
   "value": "option[label='XPPG6 18 2019']"
}
[1560912320.085][INFO]: Waiting for pending navigations...
[1560912320.087][INFO]: Done waiting for pending navigations. Status: ok
[1560912320.101][INFO]: Waiting for pending navigations...
[1560912320.104][INFO]: Done waiting for pending navigations. Status: ok
[1560912320.104][INFO]: [12e574491bfb7a5b79444f4dec626238] RESPONSE FindElements [  ]
[1560912320.605][INFO]: [12e574491bfb7a5b79444f4dec626238] COMMAND FindElements {
   "using": "css selector",
   "value": "option[label='XPPG6 18 2019']"
}
[1560912320.605][INFO]: Waiting for pending navigations...
[1560912320.606][INFO]: Done waiting for pending navigations. Status: ok
[1560912320.615][INFO]: Waiting for pending navigations...
[1560912320.617][INFO]: Done waiting for pending navigations. Status: ok
[1560912320.617][INFO]: [12e574491bfb7a5b79444f4dec626238] RESPONSE FindElements [  ]
[1560912321.144][INFO]: [12e574491bfb7a5b79444f4dec626238] COMMAND FindElements {
   "using": "css selector",
   "value": "option[label='XPPG6 18 2019']"
}
[1560912321.145][INFO]: Waiting for pending navigations...
[1560912321.146][INFO]: Done waiting for pending navigations. Status: ok
[1560912321.151][INFO]: Waiting for pending navigations...
[1560912321.152][INFO]: Done waiting for pending navigations. Status: ok
[1560912321.152][INFO]: [12e574491bfb7a5b79444f4dec626238] RESPONSE FindElements [  ]
[1560912321.673][INFO]: [12e574491bfb7a5b79444f4dec626238] COMMAND FindElements {
   "using": "css selector",
   "value": "option[label='XPPG6 18 2019']"
}
[1560912321.673][INFO]: Waiting for pending navigations...
[1560912321.674][INFO]: Done waiting for pending navigations. Status: ok
[1560912321.685][INFO]: Waiting for pending navigations...
[1560912321.686][INFO]: Done waiting for pending navigations. Status: ok
[1560912321.686][INFO]: [12e574491bfb7a5b79444f4dec626238] RESPONSE FindElements [  ]
[1560912322.197][INFO]: [12e574491bfb7a5b79444f4dec626238] COMMAND FindElements {
   "using": "css selector",
   "value": "option[label='XPPG6 18 2019']"
}
[1560912322.197][INFO]: Waiting for pending navigations...
[1560912322.205][INFO]: Done waiting for pending navigations. Status: ok
[1560912322.217][INFO]: Waiting for pending navigations...
[1560912322.219][INFO]: Done waiting for pending navigations. Status: ok
[1560912322.219][INFO]: [12e574491bfb7a5b79444f4dec626238] RESPONSE FindElements [  ]
[1560912322.722][INFO]: [12e574491bfb7a5b79444f4dec626238] COMMAND FindElements {
   "using": "css selector",
   "value": "option[label='XPPG6 18 2019']"
}
[1560912322.722][INFO]: Waiting for pending navigations...
[1560912322.724][INFO]: Done waiting for pending navigations. Status: ok
[1560912322.736][INFO]: Waiting for pending navigations...
[1560912322.738][INFO]: Done waiting for pending navigations. Status: ok
[1560912322.738][INFO]: [12e574491bfb7a5b79444f4dec626238] RESPONSE FindElements [  ]
[1560912323.261][INFO]: [12e574491bfb7a5b79444f4dec626238] COMMAND FindElements {
   "using": "css selector",
   "value": "option[label='XPPG6 18 2019']"
}
[1560912323.261][INFO]: Waiting for pending navigations...
[1560912323.263][INFO]: Done waiting for pending navigations. Status: ok
[1560912323.270][INFO]: Waiting for pending navigations...
[1560912323.271][INFO]: Done waiting for pending navigations. Status: ok
[1560912323.271][INFO]: [12e574491bfb7a5b79444f4dec626238] RESPONSE FindElements [  ]
[1560912323.777][INFO]: [12e574491bfb7a5b79444f4dec626238] COMMAND FindElements {
   "using": "css selector",
   "value": "option[label='XPPG6 18 2019']"
}
[1560912323.777][INFO]: Waiting for pending navigations...
[1560912323.778][INFO]: Done waiting for pending navigations. Status: ok
[1560912323.783][INFO]: Waiting for pending navigations...
[1560912323.784][INFO]: Done waiting for pending navigations. Status: ok
[1560912323.784][INFO]: [12e574491bfb7a5b79444f4dec626238] RESPONSE FindElements [  ]
 "ELEMENT": "0.5378782896614249-3"
} ]
[1560912305.705][INFO]: [d7cb66639561c938d622429b6957496f] COMMAND ClickElement {
   "id": "0.5378782896614249-3"
}
[1560912305.705][INFO]: Waiting for pending navigations...
[1560912305.707][INFO]: Done waiting for pending navigations. Status: ok
[1560912305.856][INFO]: Waiting for pending navigations...
[1560912305.860][INFO]: Done waiting for pending navigations. Status: ok
[1560912305.860][INFO]: [d7cb66639561c938d622429b6957496f] RESPONSE ClickElement
[1560912305.864][INFO]: [d7cb66639561c938d622429b6957496f] COMMAND SetTimeouts {
   "ms": 0,
   "type": "implicit"
}
[1560912305.864][INFO]: [d7cb66639561c938d622429b6957496f] RESPONSE SetTimeouts
[1560912305.882][INFO]: [d7cb66639561c938d622429b6957496f] COMMAND FindElement {
   "using": "css selector",
   "value": ".caret"
}
[1560912305.882][INFO]: Waiting for pending navigations...
[1560912305.956][INFO]: Done waiting for pending navigations. Status: ok
[1560912305.982][INFO]: Waiting for pending navigations...
[1560912305.983][INFO]: Done waiting for pending navigations. Status: ok
[1560912305.983][INFO]: [d7cb66639561c938d622429b6957496f] RESPONSE FindElement {
   "ELEMENT": "0.5378782896614249-3"
}
[1560912308.997][INFO]: [d7cb66639561c938d622429b6957496f] COMMAND FindElements {
   "using": "css selector",
   "value": "a[href='/users']"
}
[1560912308.997][INFO]: Waiting for pending navigations...
[1560912308.999][INFO]: Done waiting for pending navigations. Status: ok
[1560912309.016][INFO]: Waiting for pending navigations...
[1560912309.018][INFO]: Done waiting for pending navigations. Status: ok
[1560912309.018][INFO]: [d7cb66639561c938d622429b6957496f] RESPONSE FindElements [ {
   "ELEMENT": "0.5378782896614249-4"
} ]
[1560912309.037][INFO]: [d7cb66639561c938d622429b6957496f] COMMAND ClickElement {
   "id": "0.5378782896614249-4"
}
[1560912309.037][INFO]: Waiting for pending navigations...
[1560912309.039][INFO]: Done waiting for pending navigations. Status: ok
[1560912309.135][INFO]: Waiting for pending navigations...
[1560912311.218][INFO]: Done waiting for pending navigations. Status: ok
[1560912311.218][INFO]: [d7cb66639561c938d622429b6957496f] RESPONSE ClickElement
[1560912311.251][INFO]: [d7cb66639561c938d622429b6957496f] COMMAND SetTimeouts {
   "ms": 0,
   "type": "implicit"
}
[1560912311.251][INFO]: [d7cb66639561c938d622429b6957496f] RESPONSE SetTimeouts
[1560912311.262][INFO]: [d7cb66639561c938d622429b6957496f] COMMAND FindElement {
   "using": "css selector",
   "value": "section[class='row user-container ng-scope']"
}
[1560912311.263][INFO]: Waiting for pending navigations...
[1560912312.512][INFO]: Done waiting for pending navigations. Status: ok
[1560912313.172][INFO]: Waiting for pending navigations...
[1560912313.209][INFO]: Done waiting for pending navigations. Status: ok
[1560912313.209][INFO]: [d7cb66639561c938d622429b6957496f] RESPONSE FindElement {
   "ELEMENT": "0.5378782896614249-5"
}
[1560912318.220][INFO]: [d7cb66639561c938d622429b6957496f] COMMAND SetTimeouts {
   "ms": 0,
   "type": "implicit"
}
[1560912318.220][INFO]: [d7cb66639561c938d622429b6957496f] RESPONSE SetTimeouts
[1560912318.240][INFO]: [d7cb66639561c938d622429b6957496f] COMMAND FindElement {
   "using": "css selector",
   "value": "input[ng-model='gridOptionsMirror.filterOptions.filterText']"
}
[1560912318.240][INFO]: Waiting for pending navigations...
[1560912318.241][INFO]: Done waiting for pending navigations. Status: ok
[1560912318.298][INFO]: Waiting for pending navigations...
[1560912318.299][INFO]: Done waiting for pending navigations. Status: ok
[1560912318.300][INFO]: [d7cb66639561c938d622429b6957496f] RESPONSE FindElement {
   "ELEMENT": "0.5378782896614249-6"
}
[1560912318.302][INFO]: [d7cb66639561c938d622429b6957496f] COMMAND FindElement {
   "using": "css selector",
   "value": "input[ng-model='gridOptionsMirror.filterOptions.filterText']"
}
[1560912318.302][INFO]: Waiting for pending navigations...
[1560912318.304][INFO]: Done waiting for pending navigations. Status: ok
[1560912318.311][INFO]: Waiting for pending navigations...
[1560912318.328][INFO]: Done waiting for pending navigations. Status: ok
[1560912318.328][INFO]: [d7cb66639561c938d622429b6957496f] RESPONSE FindElement {
   "ELEMENT": "0.5378782896614249-6"
}
[1560912318.350][INFO]: [d7cb66639561c938d622429b6957496f] COMMAND TypeElement {
   "id": "0.5378782896614249-6",
   "value": [ "adrojascontract" ]
}
[1560912318.350][INFO]: Waiting for pending navigations...
[1560912318.351][INFO]: Done waiting for pending navigations. Status: ok
[1560912319.806][INFO]: Waiting for pending navigations...
[1560912319.808][INFO]: Done waiting for pending navigations. Status: ok
[1560912319.808][INFO]: [d7cb66639561c938d622429b6957496f] RESPONSE TypeElement
