[1560909180.216][INFO]: Starting ChromeDriver 74.0.3729.6 (255758eccf3d244491b8a1317aa76e1ce10d57e9-refs/branch-heads/3729@{#29})
[1560909180.216][INFO]: Please protect ports used by ChromeDriver and related test frameworks to prevent access by malicious code.
[1560909180.610][INFO]: [e0a031821994bbc5ed77e98e2f94df36] COMMAND InitSession {
   "capabilities": {
      "firstMatch": [ {
         "browserName": "chrome",
         "goog:chromeOptions": {
            "args": [  ],
            "extensions": [  ]
         }
      } ]
   },
   "desiredCapabilities": {
      "browserName": "chrome",
      "goog:chromeOptions": {
         "args": [  ],
         "extensions": [  ]
      }
   }
}
[1560909180.616][INFO]: Populating Preferences file: {
   "alternate_error_pages": {
      "enabled": false
   },
   "autofill": {
      "enabled": false
   },
   "browser": {
      "check_default_browser": false
   },
   "distribution": {
      "import_bookmarks": false,
      "import_history": false,
      "import_search_engine": false,
      "make_chrome_default_for_user": false,
      "skip_first_run_ui": true
   },
   "dns_prefetching": {
      "enabled": false
   },
   "profile": {
      "content_settings": {
         "pattern_pairs": {
            "https://*,*": {
               "media-stream": {
                  "audio": "Default",
                  "video": "Default"
               }
            }
         }
      },
      "default_content_setting_values": {
         "geolocation": 1
      },
      "default_content_settings": {
         "geolocation": 1,
         "mouselock": 1,
         "notifications": 1,
         "popups": 1,
         "ppapi-broker": 1
      },
      "password_manager_enabled": false
   },
   "safebrowsing": {
      "enabled": false
   },
   "search": {
      "suggest_enabled": false
   },
   "translate": {
      "enabled": false
   }
}
[1560909180.617][INFO]: Populating Local State file: {
   "background_mode": {
      "enabled": false
   },
   "ssl": {
      "rev_checking": {
         "enabled": false
      }
   }
}
[1560909180.629][INFO]: Launching chrome: "C:\Program Files (x86)\Google\Chrome\Application\chrome.exe" --disable-background-networking --disable-client-side-phishing-detection --disable-default-apps --disable-hang-monitor --disable-popup-blocking --disable-prompt-on-repost --disable-sync --disable-web-resources --enable-automation --enable-blink-features=ShadowDOMV0 --enable-logging --force-fieldtrials=SiteIsolationExtensions/Control --ignore-certificate-errors --load-extension="C:\Users\Adrian\AppData\Local\Temp\scoped_dir8948_15650\internal" --log-level=0 --no-first-run --password-store=basic --remote-debugging-port=0 --test-type=webdriver --use-mock-keychain --user-data-dir="C:\Users\Adrian\AppData\Local\Temp\scoped_dir8948_6823" data:,
[1560909182.416][INFO]: resolved localhost to ["::1","127.0.0.1"]
[1560909183.536][INFO]: [e0a031821994bbc5ed77e98e2f94df36] RESPONSE InitSession {
   "acceptInsecureCerts": false,
   "acceptSslCerts": false,
   "applicationCacheEnabled": false,
   "browserConnectionEnabled": false,
   "browserName": "chrome",
   "chrome": {
      "chromedriverVersion": "74.0.3729.6 (255758eccf3d244491b8a1317aa76e1ce10d57e9-refs/branch-heads/3729@{#29})",
      "userDataDir": "C:\\Users\\Adrian\\AppData\\Local\\Temp\\scoped_dir8948_6823"
   },
   "cssSelectorsEnabled": true,
   "databaseEnabled": false,
   "goog:chromeOptions": {
      "debuggerAddress": "localhost:62902"
   },
   "handlesAlerts": true,
   "hasTouchScreen": false,
   "javascriptEnabled": true,
   "locationContextEnabled": true,
   "mobileEmulationEnabled": false,
   "nativeEvents": true,
   "networkConnectionEnabled": false,
   "pageLoadStrategy": "normal",
   "platform": "Windows NT",
   "proxy": {

   },
   "~~~": "..."
}
[1560909183.539][INFO]: [e0a031821994bbc5ed77e98e2f94df36] COMMAND MaximizeWindow {
   "handle": "current",
   "windowHandle": "current"
}
[1560909183.539][INFO]: Waiting for pending navigations...
[1560909183.590][INFO]: Done waiting for pending navigations. Status: ok
[1560909183.592][INFO]: resolved localhost to ["::1","127.0.0.1"]
[1560909184.773][INFO]: Waiting for pending navigations...
[1560909184.774][INFO]: Done waiting for pending navigations. Status: ok
[1560909184.774][INFO]: [e0a031821994bbc5ed77e98e2f94df36] RESPONSE MaximizeWindow {
   "height": 744,
   "width": 1382,
   "x": -8,
   "y": -8
}
[1560909184.777][INFO]: [e0a031821994bbc5ed77e98e2f94df36] COMMAND SetTimeouts {
   "ms": 5000,
   "type": "implicit"
}
[1560909184.777][INFO]: [e0a031821994bbc5ed77e98e2f94df36] RESPONSE SetTimeouts
[1560909184.778][INFO]: [e0a031821994bbc5ed77e98e2f94df36] COMMAND Navigate {
   "url": "https://app.dev.drillinginfo.com/courthouse/"
}
[1560909184.778][INFO]: Waiting for pending navigations...
[1560909184.779][INFO]: Done waiting for pending navigations. Status: ok
[1560909188.651][INFO]: Waiting for pending navigations...
[1560909256.041][INFO]: Done waiting for pending navigations. Status: ok
[1560909256.041][INFO]: [e0a031821994bbc5ed77e98e2f94df36] RESPONSE Navigate
[1560909256.045][INFO]: [e0a031821994bbc5ed77e98e2f94df36] COMMAND FindElements {
   "using": "xpath",
   "value": "//p[@class='signInText-login']"
}
[1560909256.046][INFO]: Waiting for pending navigations...
[1560909256.047][INFO]: Done waiting for pending navigations. Status: ok
[1560909266.809][INFO]: Waiting for pending navigations...
[1560909281.404][INFO]: Done waiting for pending navigations. Status: ok
[1560909281.404][INFO]: [e0a031821994bbc5ed77e98e2f94df36] RESPONSE FindElements [  ]
[1560909281.911][INFO]: [e0a031821994bbc5ed77e98e2f94df36] COMMAND FindElements {
   "using": "xpath",
   "value": "//p[@class='signInText-login']"
}
[1560909281.911][INFO]: Waiting for pending navigations...
[1560909281.917][INFO]: Done waiting for pending navigations. Status: ok
[1560909281.952][INFO]: Waiting for pending navigations...
[1560909281.953][INFO]: Done waiting for pending navigations. Status: ok
[1560909281.953][INFO]: [e0a031821994bbc5ed77e98e2f94df36] RESPONSE FindElements [ {
   "ELEMENT": "0.16084096277749915-1"
} ]
[1560909281.954][INFO]: [e0a031821994bbc5ed77e98e2f94df36] COMMAND IsElementDisplayed {
   "id": "0.16084096277749915-1"
}
[1560909281.954][INFO]: Waiting for pending navigations...
[1560909281.958][INFO]: Done waiting for pending navigations. Status: ok
[1560909281.981][INFO]: Waiting for pending navigations...
[1560909281.982][INFO]: Done waiting for pending navigations. Status: ok
[1560909281.982][INFO]: [e0a031821994bbc5ed77e98e2f94df36] RESPONSE IsElementDisplayed true
[1560909281.983][INFO]: [e0a031821994bbc5ed77e98e2f94df36] COMMAND FindElements {
   "using": "xpath",
   "value": "//a[@href='https://app.dev.drillinginfo.com/courthouse/login']"
}
[1560909281.983][INFO]: Waiting for pending navigations...
[1560909281.985][INFO]: Done waiting for pending navigations. Status: ok
[1560909282.040][INFO]: Waiting for pending navigations...
[1560909282.042][INFO]: Done waiting for pending navigations. Status: ok
[1560909282.042][INFO]: [e0a031821994bbc5ed77e98e2f94df36] RESPONSE FindElements [ {
   "ELEMENT": "0.16084096277749915-2"
} ]
[1560909282.048][INFO]: [e0a031821994bbc5ed77e98e2f94df36] COMMAND ClickElement {
   "id": "0.16084096277749915-2"
}
[1560909282.048][INFO]: Waiting for pending navigations...
[1560909282.050][INFO]: Done waiting for pending navigations. Status: ok
[1560909282.181][INFO]: Waiting for pending navigations...
[1560909321.459][INFO]: Done waiting for pending navigations. Status: ok
[1560909321.459][INFO]: [e0a031821994bbc5ed77e98e2f94df36] RESPONSE ClickElement
[1560909321.478][INFO]: [e0a031821994bbc5ed77e98e2f94df36] COMMAND FindElements {
   "using": "xpath",
   "value": "//div[@class='di-app-loading-message']"
}
[1560909321.478][INFO]: Waiting for pending navigations...
[1560909321.509][INFO]: Done waiting for pending navigations. Status: ok
[1560909326.546][INFO]: Waiting for pending navigations...
[1560909326.554][INFO]: Done waiting for pending navigations. Status: ok
[1560909326.554][INFO]: [e0a031821994bbc5ed77e98e2f94df36] RESPONSE FindElements [  ]
[1560909327.559][INFO]: [e0a031821994bbc5ed77e98e2f94df36] COMMAND SetTimeouts {
   "ms": 0,
   "type": "implicit"
}
[1560909327.559][INFO]: [e0a031821994bbc5ed77e98e2f94df36] RESPONSE SetTimeouts
[1560909327.564][INFO]: [e0a031821994bbc5ed77e98e2f94df36] COMMAND FindElement {
   "using": "xpath",
   "value": "//p[text()='DI Courthouse Contractor/PayGo/Free Trial']"
}
[1560909327.564][INFO]: Waiting for pending navigations...
[1560909327.569][INFO]: Done waiting for pending navigations. Status: ok
[1560909327.604][INFO]: Waiting for pending navigations...
[1560909327.607][INFO]: Done waiting for pending navigations. Status: ok
[1560909327.607][INFO]: [e0a031821994bbc5ed77e98e2f94df36] RESPONSE FindElement {
   "ELEMENT": "0.6057172306488405-1"
}
[1560909327.609][INFO]: [e0a031821994bbc5ed77e98e2f94df36] COMMAND SetTimeouts {
   "ms": 0,
   "type": "implicit"
}
[1560909327.609][INFO]: [e0a031821994bbc5ed77e98e2f94df36] RESPONSE SetTimeouts
[1560909327.614][INFO]: [e0a031821994bbc5ed77e98e2f94df36] COMMAND FindElement {
   "using": "id",
   "value": "username"
}
[1560909327.614][INFO]: Waiting for pending navigations...
[1560909327.617][INFO]: Done waiting for pending navigations. Status: ok
[1560909327.651][INFO]: Waiting for pending navigations...
[1560909327.662][INFO]: Done waiting for pending navigations. Status: ok
[1560909327.662][INFO]: [e0a031821994bbc5ed77e98e2f94df36] RESPONSE FindElement {
   "ELEMENT": "0.6057172306488405-2"
}
[1560909327.674][INFO]: [e0a031821994bbc5ed77e98e2f94df36] COMMAND FindElement {
   "using": "id",
   "value": "username"
}
[1560909327.674][INFO]: Waiting for pending navigations...
[1560909327.675][INFO]: Done waiting for pending navigations. Status: ok
[1560909327.704][INFO]: Waiting for pending navigations...
[1560909327.706][INFO]: Done waiting for pending navigations. Status: ok
[1560909327.706][INFO]: [e0a031821994bbc5ed77e98e2f94df36] RESPONSE FindElement {
   "ELEMENT": "0.6057172306488405-2"
}
[1560909327.726][INFO]: [e0a031821994bbc5ed77e98e2f94df36] COMMAND TypeElement {
   "id": "0.6057172306488405-2",
   "value": [ "newpaygo_1" ]
}
[1560909327.726][INFO]: Waiting for pending navigations...
[1560909327.737][INFO]: Done waiting for pending navigations. Status: ok
[1560909328.199][INFO]: Waiting for pending navigations...
[1560909328.203][INFO]: Done waiting for pending navigations. Status: ok
[1560909328.203][INFO]: [e0a031821994bbc5ed77e98e2f94df36] RESPONSE TypeElement
[1560909328.207][INFO]: [e0a031821994bbc5ed77e98e2f94df36] COMMAND SetTimeouts {
   "ms": 0,
   "type": "implicit"
}
[1560909328.207][INFO]: [e0a031821994bbc5ed77e98e2f94df36] RESPONSE SetTimeouts
[1560909328.210][INFO]: [e0a031821994bbc5ed77e98e2f94df36] COMMAND FindElement {
   "using": "id",
   "value": "password"
}
[1560909328.210][INFO]: Waiting for pending navigations...
[1560909328.212][INFO]: Done waiting for pending navigations. Status: ok
[1560909328.239][INFO]: Waiting for pending navigations...
[1560909328.249][INFO]: Done waiting for pending navigations. Status: ok
[1560909328.249][INFO]: [e0a031821994bbc5ed77e98e2f94df36] RESPONSE FindElement {
   "ELEMENT": "0.6057172306488405-3"
}
[1560909328.256][INFO]: [e0a031821994bbc5ed77e98e2f94df36] COMMAND FindElement {
   "using": "id",
   "value": "password"
}
[1560909328.256][INFO]: Waiting for pending navigations...
[1560909328.260][INFO]: Done waiting for pending navigations. Status: ok
[1560909328.270][INFO]: Waiting for pending navigations...
[1560909328.272][INFO]: Done waiting for pending navigations. Status: ok
[1560909328.272][INFO]: [e0a031821994bbc5ed77e98e2f94df36] RESPONSE FindElement {
   "ELEMENT": "0.6057172306488405-3"
}
[1560909328.276][INFO]: [e0a031821994bbc5ed77e98e2f94df36] COMMAND TypeElement {
   "id": "0.6057172306488405-3",
   "value": [ "As123456789" ]
}
[1560909328.276][INFO]: Waiting for pending navigations...
[1560909328.277][INFO]: Done waiting for pending navigations. Status: ok
[1560909328.471][INFO]: Waiting for pending navigations...
[1560909328.474][INFO]: Done waiting for pending navigations. Status: ok
[1560909328.474][INFO]: [e0a031821994bbc5ed77e98e2f94df36] RESPONSE TypeElement
[1560909329.483][INFO]: [e0a031821994bbc5ed77e98e2f94df36] COMMAND FindElements {
   "using": "id",
   "value": "login"
}
[1560909329.483][INFO]: Waiting for pending navigations...
[1560909329.485][INFO]: Done waiting for pending navigations. Status: ok
[1560909329.520][INFO]: Waiting for pending navigations...
[1560909329.527][INFO]: Done waiting for pending navigations. Status: ok
[1560909329.527][INFO]: [e0a031821994bbc5ed77e98e2f94df36] RESPONSE FindElements [ {
   "ELEMENT": "0.6057172306488405-4"
} ]
[1560909329.536][INFO]: [e0a031821994bbc5ed77e98e2f94df36] COMMAND ClickElement {
   "id": "0.6057172306488405-4"
}
[1560909329.536][INFO]: Waiting for pending navigations...
[1560909329.539][INFO]: Done waiting for pending navigations. Status: ok
[1560909329.727][INFO]: Waiting for pending navigations...
[1560909329.731][INFO]: Done waiting for pending navigations. Status: ok
[1560909329.731][INFO]: [e0a031821994bbc5ed77e98e2f94df36] RESPONSE ClickElement
[1560909329.747][INFO]: [e0a031821994bbc5ed77e98e2f94df36] COMMAND SetTimeouts {
   "ms": 0,
   "type": "implicit"
}
[1560909329.747][INFO]: [e0a031821994bbc5ed77e98e2f94df36] RESPONSE SetTimeouts
[1560909329.763][INFO]: [e0a031821994bbc5ed77e98e2f94df36] COMMAND FindElement {
   "using": "css selector",
   "value": ".home-btn.active-item"
}
[1560909329.763][INFO]: Waiting for pending navigations...
[1560909329.769][INFO]: Done waiting for pending navigations. Status: ok
[1560909329.842][INFO]: Waiting for pending navigations...
[1560909329.859][INFO]: Done waiting for pending navigations. Status: ok
[1560909329.859][INFO]: [e0a031821994bbc5ed77e98e2f94df36] RESPONSE FindElement ERROR no such element: Unable to locate element: {"method":"css selector","selector":".home-btn.active-item"}
  (Session info: chrome=74.0.3729.169)
[1560909330.372][INFO]: [e0a031821994bbc5ed77e98e2f94df36] COMMAND SetTimeouts {
   "ms": 0,
   "type": "implicit"
}
[1560909330.373][INFO]: [e0a031821994bbc5ed77e98e2f94df36] RESPONSE SetTimeouts
[1560909330.376][INFO]: [e0a031821994bbc5ed77e98e2f94df36] COMMAND FindElement {
   "using": "css selector",
   "value": ".home-btn.active-item"
}
[1560909330.376][INFO]: Waiting for pending navigations...
[1560909330.380][INFO]: Done waiting for pending navigations. Status: ok
[1560909330.404][INFO]: Waiting for pending navigations...
[1560909330.406][INFO]: Done waiting for pending navigations. Status: ok
[1560909330.406][INFO]: [e0a031821994bbc5ed77e98e2f94df36] RESPONSE FindElement ERROR no such element: Unable to locate element: {"method":"css selector","selector":".home-btn.active-item"}
  (Session info: chrome=74.0.3729.169)
[1560909330.919][INFO]: [e0a031821994bbc5ed77e98e2f94df36] COMMAND SetTimeouts {
   "ms": 0,
   "type": "implicit"
}
[1560909330.920][INFO]: [e0a031821994bbc5ed77e98e2f94df36] RESPONSE SetTimeouts
[1560909330.926][INFO]: [e0a031821994bbc5ed77e98e2f94df36] COMMAND FindElement {
   "using": "css selector",
   "value": ".home-btn.active-item"
}
[1560909330.926][INFO]: Waiting for pending navigations...
[1560909342.371][INFO]: Done waiting for pending navigations. Status: ok
[1560909342.456][INFO]: Waiting for pending navigations...
[1560909342.532][INFO]: Done waiting for pending navigations. Status: ok
[1560909342.532][INFO]: [e0a031821994bbc5ed77e98e2f94df36] RESPONSE FindElement {
   "ELEMENT": "0.47702468229791517-1"
}
[1560909347.556][INFO]: [e0a031821994bbc5ed77e98e2f94df36] COMMAND FindElements {
   "using": "css selector",
   "value": ".home-btn.active-item"
}
[1560909347.556][INFO]: Waiting for pending navigations...
[1560909347.557][INFO]: Done waiting for pending navigations. Status: ok
[1560909347.590][INFO]: Waiting for pending navigations...
[1560909347.593][INFO]: Done waiting for pending navigations. Status: ok
[1560909347.593][INFO]: [e0a031821994bbc5ed77e98e2f94df36] RESPONSE FindElements [ {
   "ELEMENT": "0.47702468229791517-1"
} ]
[1560909347.622][INFO]: [e0a031821994bbc5ed77e98e2f94df36] COMMAND ClickElement {
   "id": "0.47702468229791517-1"
}
[1560909347.622][INFO]: Waiting for pending navigations...
[1560909347.626][INFO]: Done waiting for pending navigations. Status: ok
[1560909347.883][INFO]: Waiting for pending navigations...
[1560909347.894][INFO]: Done waiting for pending navigations. Status: ok
[1560909347.895][INFO]: [e0a031821994bbc5ed77e98e2f94df36] RESPONSE ClickElement
[1560909354.963][INFO]: [e0a031821994bbc5ed77e98e2f94df36] COMMAND SetTimeouts {
   "ms": 0,
   "type": "implicit"
}
[1560909354.964][INFO]: [e0a031821994bbc5ed77e98e2f94df36] RESPONSE SetTimeouts
[1560909355.009][INFO]: [e0a031821994bbc5ed77e98e2f94df36] COMMAND FindElement {
   "using": "xpath",
   "value": "//h5[@name='Search Results']"
}
[1560909355.009][INFO]: Waiting for pending navigations...
[1560909355.060][INFO]: Done waiting for pending navigations. Status: ok
[1560909355.178][INFO]: Waiting for pending navigations...
[1560909355.212][INFO]: Done waiting for pending navigations. Status: ok
[1560909355.213][INFO]: [e0a031821994bbc5ed77e98e2f94df36] RESPONSE FindElement {
   "ELEMENT": "0.47702468229791517-2"
}
[1560909357.228][INFO]: [e0a031821994bbc5ed77e98e2f94df36] COMMAND FindElements {
   "using": "css selector",
   "value": ".fa-search"
}
[1560909357.228][INFO]: Waiting for pending navigations...
[1560909357.230][INFO]: Done waiting for pending navigations. Status: ok
[1560909357.285][INFO]: Waiting for pending navigations...
[1560909357.325][INFO]: Done waiting for pending navigations. Status: ok
[1560909357.325][INFO]: [e0a031821994bbc5ed77e98e2f94df36] RESPONSE FindElements [ {
   "ELEMENT": "0.47702468229791517-3"
} ]
[1560909357.329][INFO]: [e0a031821994bbc5ed77e98e2f94df36] COMMAND ClickElement {
   "id": "0.47702468229791517-3"
}
[1560909357.329][INFO]: Waiting for pending navigations...
[1560909357.365][INFO]: Done waiting for pending navigations. Status: ok
[1560909357.879][INFO]: Waiting for pending navigations...
[1560909357.965][INFO]: Done waiting for pending navigations. Status: ok
[1560909357.966][INFO]: [e0a031821994bbc5ed77e98e2f94df36] RESPONSE ClickElement
[1560909357.997][INFO]: [e0a031821994bbc5ed77e98e2f94df36] COMMAND SetTimeouts {
   "ms": 0,
   "type": "implicit"
}
[1560909357.997][INFO]: [e0a031821994bbc5ed77e98e2f94df36] RESPONSE SetTimeouts
[1560909358.009][INFO]: [e0a031821994bbc5ed77e98e2f94df36] COMMAND FindElement {
   "using": "xpath",
   "value": "//h4[text()='EXPLORE']"
}
[1560909358.009][INFO]: Waiting for pending navigations...
[1560909358.041][INFO]: Done waiting for pending navigations. Status: ok
[1560909358.075][INFO]: Waiting for pending navigations...
[1560909358.085][INFO]: Done waiting for pending navigations. Status: ok
[1560909358.085][INFO]: [e0a031821994bbc5ed77e98e2f94df36] RESPONSE FindElement {
   "ELEMENT": "0.47702468229791517-4"
}
[1560909363.089][INFO]: [e0a031821994bbc5ed77e98e2f94df36] COMMAND SetTimeouts {
   "ms": 0,
   "type": "implicit"
}
[1560909363.089][INFO]: [e0a031821994bbc5ed77e98e2f94df36] RESPONSE SetTimeouts
[1560909363.092][INFO]: [e0a031821994bbc5ed77e98e2f94df36] COMMAND FindElement {
   "using": "css selector",
   "value": "aside[ui-view='filters'] select[name='countyParishId']"
}
[1560909363.092][INFO]: Waiting for pending navigations...
[1560909363.093][INFO]: Done waiting for pending navigations. Status: ok
[1560909363.122][INFO]: Waiting for pending navigations...
[1560909363.125][INFO]: Done waiting for pending navigations. Status: ok
[1560909363.125][INFO]: [e0a031821994bbc5ed77e98e2f94df36] RESPONSE FindElement {
   "ELEMENT": "0.47702468229791517-5"
}
[1560909363.128][INFO]: [e0a031821994bbc5ed77e98e2f94df36] COMMAND FindElement {
   "using": "css selector",
   "value": "aside[ui-view='filters'] select[name='countyParishId']"
}
[1560909363.128][INFO]: Waiting for pending navigations...
[1560909363.129][INFO]: Done waiting for pending navigations. Status: ok
[1560909363.146][INFO]: Waiting for pending navigations...
[1560909363.149][INFO]: Done waiting for pending navigations. Status: ok
[1560909363.149][INFO]: [e0a031821994bbc5ed77e98e2f94df36] RESPONSE FindElement {
   "ELEMENT": "0.47702468229791517-5"
}
[1560909363.154][INFO]: [e0a031821994bbc5ed77e98e2f94df36] COMMAND TypeElement {
   "id": "0.47702468229791517-5",
   "value": [ "Liberty" ]
}
[1560909363.154][INFO]: Waiting for pending navigations...
[1560909363.156][INFO]: Done waiting for pending navigations. Status: ok
[1560909364.201][INFO]: Waiting for pending navigations...
[1560909364.213][INFO]: Done waiting for pending navigations. Status: ok
[1560909364.213][INFO]: [e0a031821994bbc5ed77e98e2f94df36] RESPONSE TypeElement
[1560909369.247][INFO]: [e0a031821994bbc5ed77e98e2f94df36] COMMAND SetTimeouts {
   "ms": 0,
   "type": "implicit"
}
[1560909369.248][INFO]: [e0a031821994bbc5ed77e98e2f94df36] RESPONSE SetTimeouts
[1560909369.267][INFO]: [e0a031821994bbc5ed77e98e2f94df36] COMMAND FindElement {
   "using": "css selector",
   "value": "label[for='grantor']"
}
[1560909369.267][INFO]: Waiting for pending navigations...
[1560909369.271][INFO]: Done waiting for pending navigations. Status: ok
[1560909369.295][INFO]: Waiting for pending navigations...
[1560909369.297][INFO]: Done waiting for pending navigations. Status: ok
[1560909369.297][INFO]: [e0a031821994bbc5ed77e98e2f94df36] RESPONSE FindElement {
   "ELEMENT": "0.47702468229791517-6"
}
[1560909370.307][INFO]: [e0a031821994bbc5ed77e98e2f94df36] COMMAND SetTimeouts {
   "ms": 0,
   "type": "implicit"
}
[1560909370.307][INFO]: [e0a031821994bbc5ed77e98e2f94df36] RESPONSE SetTimeouts
[1560909370.311][INFO]: [e0a031821994bbc5ed77e98e2f94df36] COMMAND FindElement {
   "using": "css selector",
   "value": "input[name='grantor']"
}
[1560909370.311][INFO]: Waiting for pending navigations...
[1560909370.313][INFO]: Done waiting for pending navigations. Status: ok
[1560909370.344][INFO]: Waiting for pending navigations...
[1560909370.345][INFO]: Done waiting for pending navigations. Status: ok
[1560909370.345][INFO]: [e0a031821994bbc5ed77e98e2f94df36] RESPONSE FindElement {
   "ELEMENT": "0.47702468229791517-7"
}
[1560909370.352][INFO]: [e0a031821994bbc5ed77e98e2f94df36] COMMAND FindElement {
   "using": "css selector",
   "value": "input[name='grantor']"
}
[1560909370.352][INFO]: Waiting for pending navigations...
[1560909370.358][INFO]: Done waiting for pending navigations. Status: ok
[1560909370.370][INFO]: Waiting for pending navigations...
[1560909370.371][INFO]: Done waiting for pending navigations. Status: ok
[1560909370.371][INFO]: [e0a031821994bbc5ed77e98e2f94df36] RESPONSE FindElement {
   "ELEMENT": "0.47702468229791517-7"
}
[1560909370.375][INFO]: [e0a031821994bbc5ed77e98e2f94df36] COMMAND TypeElement {
   "id": "0.47702468229791517-7",
   "value": [ "Smith" ]
}
[1560909370.375][INFO]: Waiting for pending navigations...
[1560909370.376][INFO]: Done waiting for pending navigations. Status: ok
[1560909370.637][INFO]: Waiting for pending navigations...
[1560909370.639][INFO]: Done waiting for pending navigations. Status: ok
[1560909370.639][INFO]: [e0a031821994bbc5ed77e98e2f94df36] RESPONSE TypeElement

}
[1560909335.177][INFO]: Waiting for pending navigations...
[1560909335.180][INFO]: Done waiting for pending navigations. Status: ok
[1560909335.196][INFO]: Waiting for pending navigations...
[1560909335.210][INFO]: Done waiting for pending navigations. Status: ok
[1560909335.210][INFO]: [e0dce3eaf6e3bbcee9c0afef270e30b3] RESPONSE FindElements [ {
   "ELEMENT": "0.1492286959232465-2"
} ]
[1560909335.211][INFO]: [e0dce3eaf6e3bbcee9c0afef270e30b3] COMMAND IsElementDisplayed {
   "id": "0.1492286959232465-2"
}
[1560909335.211][INFO]: Waiting for pending navigations...
[1560909335.213][INFO]: Done waiting for pending navigations. Status: ok
[1560909335.246][INFO]: Waiting for pending navigations...
[1560909335.262][INFO]: Done waiting for pending navigations. Status: ok
[1560909335.262][INFO]: [e0dce3eaf6e3bbcee9c0afef270e30b3] RESPONSE IsElementDisplayed true
[1560909335.778][INFO]: [e0dce3eaf6e3bbcee9c0afef270e30b3] COMMAND FindElements {
   "using": "xpath",
   "value": "//div[@class='di-app-loading-message']"
}
[1560909335.778][INFO]: Waiting for pending navigations...
[1560909335.823][INFO]: Done waiting for pending navigations. Status: ok
[1560909335.850][INFO]: Waiting for pending navigations...
[1560909335.856][INFO]: Done waiting for pending navigations. Status: ok
[1560909335.856][INFO]: [e0dce3eaf6e3bbcee9c0afef270e30b3] RESPONSE FindElements [ {
   "ELEMENT": "0.1492286959232465-2"
} ]
[1560909335.869][INFO]: [e0dce3eaf6e3bbcee9c0afef270e30b3] COMMAND IsElementDisplayed {
   "id": "0.1492286959232465-2"
}
[1560909335.869][INFO]: Waiting for pending navigations...
[1560909335.872][INFO]: Done waiting for pending navigations. Status: ok
[1560909335.888][INFO]: Waiting for pending navigations...
[1560909335.895][INFO]: Done waiting for pending navigations. Status: ok
[1560909335.895][INFO]: [e0dce3eaf6e3bbcee9c0afef270e30b3] RESPONSE IsElementDisplayed true
[1560909336.434][INFO]: [e0dce3eaf6e3bbcee9c0afef270e30b3] COMMAND FindElements {
   "using": "xpath",
   "value": "//div[@class='di-app-loading-message']"
}
[1560909336.434][INFO]: Waiting for pending navigations...
[1560909336.445][INFO]: Done waiting for pending navigations. Status: ok
[1560909336.485][INFO]: Waiting for pending navigations...
[1560909336.519][INFO]: Done waiting for pending navigations. Status: ok
[1560909336.519][INFO]: [e0dce3eaf6e3bbcee9c0afef270e30b3] RESPONSE FindElements [ {
   "ELEMENT": "0.1492286959232465-2"
} ]
[1560909336.526][INFO]: [e0dce3eaf6e3bbcee9c0afef270e30b3] COMMAND IsElementDisplayed {
   "id": "0.1492286959232465-2"
}
[1560909336.526][INFO]: Waiting for pending navigations...
[1560909336.596][INFO]: Done waiting for pending navigations. Status: ok
[1560909336.637][INFO]: Waiting for pending navigations...
[1560909336.638][INFO]: Done waiting for pending navigations. Status: ok
[1560909336.639][INFO]: [e0dce3eaf6e3bbcee9c0afef270e30b3] RESPONSE IsElementDisplayed ERROR stale element reference: element is not attached to the page document
  (Session info: chrome=74.0.3729.169)
[1560909341.648][INFO]: [e0dce3eaf6e3bbcee9c0afef270e30b3] COMMAND SetTimeouts {
   "ms": 0,
   "type": "implicit"
}
[1560909341.648][INFO]: [e0dce3eaf6e3bbcee9c0afef270e30b3] RESPONSE SetTimeouts
[1560909341.653][INFO]: [e0dce3eaf6e3bbcee9c0afef270e30b3] COMMAND FindElement {
   "using": "xpath",
   "value": "//img[@class='di_county_scans_20']"
}
[1560909341.653][INFO]: Waiting for pending navigations...
[1560909341.655][INFO]: Done waiting for pending navigations. Status: ok
[1560909341.675][INFO]: Waiting for pending navigations...
[1560909341.686][INFO]: Done waiting for pending navigations. Status: ok
[1560909341.686][INFO]: [e0dce3eaf6e3bbcee9c0afef270e30b3] RESPONSE FindElement {
   "ELEMENT": "0.1492286959232465-3"
}
[1560909341.690][INFO]: [e0dce3eaf6e3bbcee9c0afef270e30b3] COMMAND SetTimeouts {
   "ms": 0,
   "type": "implicit"
}
[1560909341.690][INFO]: [e0dce3eaf6e3bbcee9c0afef270e30b3] RESPONSE SetTimeouts
[1560909341.697][INFO]: [e0dce3eaf6e3bbcee9c0afef270e30b3] COMMAND FindElement {
   "using": "xpath",
   "value": "//span[@title='DI Courthouse 2.0']"
}
[1560909341.697][INFO]: Waiting for pending navigations...
[1560909341.708][INFO]: Done waiting for pending navigations. Status: ok
[1560909341.741][INFO]: Waiting for pending navigations...
[1560909341.786][INFO]: Done waiting for pending navigations. Status: ok
[1560909341.786][INFO]: [e0dce3eaf6e3bbcee9c0afef270e30b3] RESPONSE FindElement {
   "ELEMENT": "0.1492286959232465-4"
}
[1560909342.836][INFO]: [e0dce3eaf6e3bbcee9c0afef270e30b3] COMMAND SetTimeouts {
   "ms": 0,
   "type": "implicit"
}
[1560909342.836][INFO]: [e0dce3eaf6e3bbcee9c0afef270e30b3] RESPONSE SetTimeouts
[1560909342.878][INFO]: [e0dce3eaf6e3bbcee9c0afef270e30b3] COMMAND FindElement {
   "using": "xpath",
   "value": "//img[@class='di_county_scans_20']"
}
[1560909342.878][INFO]: Waiting for pending navigations...
[1560909342.889][INFO]: Done waiting for pending navigations. Status: ok
[1560909342.908][INFO]: Waiting for pending navigations...
[1560909342.921][INFO]: Done waiting for pending navigations. Status: ok
[1560909342.921][INFO]: [e0dce3eaf6e3bbcee9c0afef270e30b3] RESPONSE FindElement {
   "ELEMENT": "0.1492286959232465-3"
}
[1560909347.936][INFO]: [e0dce3eaf6e3bbcee9c0afef270e30b3] COMMAND FindElements {
   "using": "xpath",
   "value": "//img[@class='di_county_scans_20']"
}
[1560909347.937][INFO]: Waiting for pending navigations...
[1560909347.968][INFO]: Done waiting for pending navigations. Status: ok
[1560909347.994][INFO]: Waiting for pending navigations...
[1560909348.047][INFO]: Done waiting for pending navigations. Status: ok
[1560909348.047][INFO]: [e0dce3eaf6e3bbcee9c0afef270e30b3] RESPONSE FindElements [ {
   "ELEMENT": "0.1492286959232465-3"
} ]
[1560909348.053][INFO]: [e0dce3eaf6e3bbcee9c0afef270e30b3] COMMAND ClickElement {
   "id": "0.1492286959232465-3"
}
[1560909348.053][INFO]: Waiting for pending navigations...
[1560909348.074][INFO]: Done waiting for pending navigations. Status: ok
[1560909348.498][INFO]: Waiting for pending navigations...
[1560909348.598][INFO]: Done waiting for pending navigations. Status: ok
[1560909348.598][INFO]: [e0dce3eaf6e3bbcee9c0afef270e30b3] RESPONSE ClickElement
[1560909353.655][INFO]: [e0dce3eaf6e3bbcee9c0afef270e30b3] COMMAND GetWindows {

}
[1560909353.683][INFO]: [e0dce3eaf6e3bbcee9c0afef270e30b3] RESPONSE GetWindows [ "CDwindow-358028EE5F26691C89D214C8C92E17C7", "CDwindow-73B84465B68BCEC824C28D4AC9EB4C24" ]
[1560909353.686][INFO]: [e0dce3eaf6e3bbcee9c0afef270e30b3] COMMAND SwitchToWindow {
   "name": "CDwindow-73B84465B68BCEC824C28D4AC9EB4C24"
}
[1560909353.812][INFO]: [e0dce3eaf6e3bbcee9c0afef270e30b3] RESPONSE SwitchToWindow
[1560909353.815][INFO]: [e0dce3eaf6e3bbcee9c0afef270e30b3] COMMAND SwitchToWindow {
   "name": "CDwindow-358028EE5F26691C89D214C8C92E17C7"
}
[1560909353.964][INFO]: [e0dce3eaf6e3bbcee9c0afef270e30b3] RESPONSE SwitchToWindow
[1560909354.010][INFO]: [e0dce3eaf6e3bbcee9c0afef270e30b3] COMMAND CloseWindow {

}
[1560909355.408][INFO]: [e0dce3eaf6e3bbcee9c0afef270e30b3] RESPONSE CloseWindow [ "CDwindow-73B84465B68BCEC824C28D4AC9EB4C24" ]
[1560909355.444][INFO]: [e0dce3eaf6e3bbcee9c0afef270e30b3] COMMAND SwitchToWindow {
   "name": "CDwindow-73B84465B68BCEC824C28D4AC9EB4C24"
}
[1560909355.683][INFO]: [e0dce3eaf6e3bbcee9c0afef270e30b3] RESPONSE SwitchToWindow
[1560909355.711][INFO]: [e0dce3eaf6e3bbcee9c0afef270e30b3] COMMAND SetTimeouts {
   "ms": 0,
   "type": "implicit"
}
[1560909355.711][INFO]: [e0dce3eaf6e3bbcee9c0afef270e30b3] RESPONSE SetTimeouts
[1560909355.720][INFO]: [e0dce3eaf6e3bbcee9c0afef270e30b3] COMMAND FindElement {
   "using": "xpath",
   "value": "//a[@class='home-btn active-item']"
}
[1560909355.729][INFO]: resolved localhost to ["::1","127.0.0.1"]
[1560909356.852][INFO]: Waiting for pending navigations...
[1560909356.873][INFO]: Done waiting for pending navigations. Status: ok
[1560909356.907][INFO]: Waiting for pending navigations...
[1560909356.917][INFO]: Done waiting for pending navigations. Status: ok
[1560909356.917][INFO]: [e0dce3eaf6e3bbcee9c0afef270e30b3] RESPONSE FindElement {
   "ELEMENT": "0.8567849594486361-1"
}
[1560909361.922][INFO]: [e0dce3eaf6e3bbcee9c0afef270e30b3] COMMAND FindElements {
   "using": "xpath",
   "value": "//a[@class='home-btn active-item']"
}
[1560909361.922][INFO]: Waiting for pending navigations...
[1560909361.931][INFO]: Done waiting for pending navigations. Status: ok
[1560909361.956][INFO]: Waiting for pending navigations...
[1560909361.958][INFO]: Done waiting for pending navigations. Status: ok
[1560909361.958][INFO]: [e0dce3eaf6e3bbcee9c0afef270e30b3] RESPONSE FindElements [ {
   "ELEMENT": "0.8567849594486361-1"
} ]
[1560909361.960][INFO]: [e0dce3eaf6e3bbcee9c0afef270e30b3] COMMAND ClickElement {
   "id": "0.8567849594486361-1"
}
[1560909361.960][INFO]: Waiting for pending navigations...
[1560909361.961][INFO]: Done waiting for pending navigations. Status: ok
[1560909362.103][INFO]: Waiting for pending navigations...
[1560909362.105][INFO]: Done waiting for pending navigations. Status: ok
[1560909362.105][INFO]: [e0dce3eaf6e3bbcee9c0afef270e30b3] RESPONSE ClickElement
[1560909369.126][INFO]: [e0dce3eaf6e3bbcee9c0afef270e30b3] COMMAND SetTimeouts {
   "ms": 0,
   "type": "implicit"
}
[1560909369.126][INFO]: [e0dce3eaf6e3bbcee9c0afef270e30b3] RESPONSE SetTimeouts
[1560909369.146][INFO]: [e0dce3eaf6e3bbcee9c0afef270e30b3] COMMAND FindElement {
   "using": "xpath",
   "value": "//h5[@name='Search Results']"
}
[1560909369.146][INFO]: Waiting for pending navigations...
[1560909369.147][INFO]: Done waiting for pending navigations. Status: ok
[1560909369.166][INFO]: Waiting for pending navigations...
[1560909369.167][INFO]: Done waiting for pending navigations. Status: ok
[1560909369.167][INFO]: [e0dce3eaf6e3bbcee9c0afef270e30b3] RESPONSE FindElement {
   "ELEMENT": "0.8567849594486361-2"
}
[1560909369.192][INFO]: [e0dce3eaf6e3bbcee9c0afef270e30b3] COMMAND SetTimeouts {
   "ms": 0,
   "type": "implicit"
}
[1560909369.192][INFO]: [e0dce3eaf6e3bbcee9c0afef270e30b3] RESPONSE SetTimeouts
[1560909369.208][INFO]: [e0dce3eaf6e3bbcee9c0afef270e30b3] COMMAND FindElement {
   "using": "css selector",
   "value": "span[class='requestCounter ng-binding']"
}
[1560909369.208][INFO]: Waiting for pending navigations...
[1560909369.211][INFO]: Done waiting for pending navigations. Status: ok
[1560909369.234][INFO]: Waiting for pending navigations...
[1560909369.236][INFO]: Done waiting for pending navigations. Status: ok
[1560909369.236][INFO]: [e0dce3eaf6e3bbcee9c0afef270e30b3] RESPONSE FindElement {
   "ELEMENT": "0.8567849594486361-3"
}
[1560909369.247][INFO]: [e0dce3eaf6e3bbcee9c0afef270e30b3] COMMAND FindElement {
   "using": "css selector",
   "value": "span[class='requestCounter ng-binding']"
}
[1560909369.247][INFO]: Waiting for pending navigations...
[1560909369.249][INFO]: Done waiting for pending navigations. Status: ok
[1560909369.259][INFO]: Waiting for pending navigations...
[1560909369.260][INFO]: Done waiting for pending navigations. Status: ok
[1560909369.260][INFO]: [e0dce3eaf6e3bbcee9c0afef270e30b3] RESPONSE FindElement {
   "ELEMENT": "0.8567849594486361-3"
}
[1560909369.261][INFO]: [e0dce3eaf6e3bbcee9c0afef270e30b3] COMMAND GetElementText {
   "id": "0.8567849594486361-3"
}
[1560909369.261][INFO]: Waiting for pending navigations...
[1560909369.262][INFO]: Done waiting for pending navigations. Status: ok
[1560909369.292][INFO]: Waiting for pending navigations...
[1560909369.294][INFO]: Done waiting for pending navigations. Status: ok
[1560909369.294][INFO]: [e0dce3eaf6e3bbcee9c0afef270e30b3] RESPONSE GetElementText "1"
[1560909369.307][INFO]: [e0dce3eaf6e3bbcee9c0afef270e30b3] COMMAND FindElements {
   "using": "css selector",
   "value": ".caret"
}
[1560909369.308][INFO]: Waiting for pending navigations...
[1560909369.309][INFO]: Done waiting for pending navigations. Status: ok
[1560909369.326][INFO]: Waiting for pending navigations...
[1560909369.331][INFO]: Done waiting for pending navigations. Status: ok
[1560909369.331][INFO]: [e0dce3eaf6e3bbcee9c0afef270e30b3] RESPONSE FindElements [ {
   "ELEMENT": "0.8567849594486361-4"
} ]
[1560909369.333][INFO]: [e0dce3eaf6e3bbcee9c0afef270e30b3] COMMAND IsElementDisplayed {
   "id": "0.8567849594486361-4"
}
[1560909369.333][INFO]: Waiting for pending navigations...
[1560909369.334][INFO]: Done waiting for pending navigations. Status: ok
[1560909369.353][INFO]: Waiting for pending navigations...
[1560909369.355][INFO]: Done waiting for pending navigations. Status: ok
[1560909369.355][INFO]: [e0dce3eaf6e3bbcee9c0afef270e30b3] RESPONSE IsElementDisplayed true
[1560909369.356][INFO]: [e0dce3eaf6e3bbcee9c0afef270e30b3] COMMAND IsElementEnabled {
   "id": "0.8567849594486361-4"
}
[1560909369.356][INFO]: Waiting for pending navigations...
[1560909369.357][INFO]: Done waiting for pending navigations. Status: ok
[1560909369.370][INFO]: Waiting for pending navigations...
[1560909369.371][INFO]: Done waiting for pending navigations. Status: ok
[1560909369.371][INFO]: [e0dce3eaf6e3bbcee9c0afef270e30b3] RESPONSE IsElementEnabled true
[1560909369.388][INFO]: [e0dce3eaf6e3bbcee9c0afef270e30b3] COMMAND FindElements {
   "using": "css selector",
   "value": ".caret"
}
[1560909369.388][INFO]: Waiting for pending navigations...
[1560909369.390][INFO]: Done waiting for pending navigations. Status: ok
[1560909369.401][INFO]: Waiting for pending navigations...
[1560909369.402][INFO]: Done waiting for pending navigations. Status: ok
[1560909369.402][INFO]: [e0dce3eaf6e3bbcee9c0afef270e30b3] RESPONSE FindElements [ {
   "ELEMENT": "0.8567849594486361-4"
} ]
[1560909369.409][INFO]: [e0dce3eaf6e3bbcee9c0afef270e30b3] COMMAND ClickElement {
   "id": "0.8567849594486361-4"
}
[1560909369.409][INFO]: Waiting for pending navigations...
[1560909369.410][INFO]: Done waiting for pending navigations. Status: ok
[1560909369.521][INFO]: Waiting for pending navigations...
[1560909369.525][INFO]: Done waiting for pending navigations. Status: ok
[1560909369.525][INFO]: [e0dce3eaf6e3bbcee9c0afef270e30b3] RESPONSE ClickElement
[1560909369.528][INFO]: [e0dce3eaf6e3bbcee9c0afef270e30b3] COMMAND SetTimeouts {
   "ms": 0,
   "type": "implicit"
}
[1560909369.528][INFO]: [e0dce3eaf6e3bbcee9c0afef270e30b3] RESPONSE SetTimeouts
[1560909369.532][INFO]: [e0dce3eaf6e3bbcee9c0afef270e30b3] COMMAND FindElement {
   "using": "css selector",
   "value": ".caret"
}
[1560909369.532][INFO]: Waiting for pending navigations...
[1560909369.533][INFO]: Done waiting for pending navigations. Status: ok
[1560909369.551][INFO]: Waiting for pending navigations...
[1560909369.552][INFO]: Done waiting for pending navigations. Status: ok
[1560909369.552][INFO]: [e0dce3eaf6e3bbcee9c0afef270e30b3] RESPONSE FindElement {
   "ELEMENT": "0.8567849594486361-4"
}
[1560909372.553][INFO]: [e0dce3eaf6e3bbcee9c0afef270e30b3] COMMAND FindElements {
   "using": "css selector",
   "value": "a[href='/runsheet'][role='menuitem']"
}
[1560909372.553][INFO]: Waiting for pending navigations...
[1560909372.555][INFO]: Done waiting for pending navigations. Status: ok
[1560909372.574][INFO]: Waiting for pending navigations...
[1560909372.576][INFO]: Done waiting for pending navigations. Status: ok
[1560909372.576][INFO]: [e0dce3eaf6e3bbcee9c0afef270e30b3] RESPONSE FindElements [ {
   "ELEMENT": "0.8567849594486361-5"
} ]
[1560909372.579][INFO]: [e0dce3eaf6e3bbcee9c0afef270e30b3] COMMAND ClickElement {
   "id": "0.8567849594486361-5"
}
[1560909372.579][INFO]: Waiting for pending navigations...
[1560909372.581][INFO]: Done waiting for pending navigations. Status: ok
[1560909372.702][INFO]: Waiting for pending navigations...
9319.929][INFO]: Done waiting for pending navigations. Status: ok
[1560909319.930][INFO]: [517bc88de16fdd9d7b5734974bd986af] RESPONSE FindElements [ {
   "ELEMENT": "0.6682184883120121-2"
} ]
[1560909319.931][INFO]: [517bc88de16fdd9d7b5734974bd986af] COMMAND IsElementDisplayed {
   "id": "0.6682184883120121-2"
}
[1560909319.931][INFO]: Waiting for pending navigations...
[1560909319.933][INFO]: Done waiting for pending navigations. Status: ok
[1560909319.979][INFO]: Waiting for pending navigations...
[1560909320.028][INFO]: Done waiting for pending navigations. Status: ok
[1560909320.028][INFO]: [517bc88de16fdd9d7b5734974bd986af] RESPONSE IsElementDisplayed true
[1560909320.532][INFO]: [517bc88de16fdd9d7b5734974bd986af] COMMAND FindElements {
   "using": "xpath",
   "value": "//div[@class='di-app-loading-message']"
}
[1560909320.532][INFO]: Waiting for pending navigations...
[1560909320.533][INFO]: Done waiting for pending navigations. Status: ok
[1560909320.541][INFO]: Waiting for pending navigations...
[1560909320.542][INFO]: Done waiting for pending navigations. Status: ok
[1560909320.542][INFO]: [517bc88de16fdd9d7b5734974bd986af] RESPONSE FindElements [ {
   "ELEMENT": "0.6682184883120121-2"
} ]
[1560909320.543][INFO]: [517bc88de16fdd9d7b5734974bd986af] COMMAND IsElementDisplayed {
   "id": "0.6682184883120121-2"
}
[1560909320.543][INFO]: Waiting for pending navigations...
[1560909320.544][INFO]: Done waiting for pending navigations. Status: ok
[1560909320.553][INFO]: Waiting for pending navigations...
[1560909320.554][INFO]: Done waiting for pending navigations. Status: ok
[1560909320.554][INFO]: [517bc88de16fdd9d7b5734974bd986af] RESPONSE IsElementDisplayed true
[1560909321.072][INFO]: [517bc88de16fdd9d7b5734974bd986af] COMMAND FindElements {
   "using": "xpath",
   "value": "//div[@class='di-app-loading-message']"
}
[1560909321.072][INFO]: Waiting for pending navigations...
[1560909321.080][INFO]: Done waiting for pending navigations. Status: ok
[1560909321.094][INFO]: Waiting for pending navigations...
[1560909321.097][INFO]: Done waiting for pending navigations. Status: ok
[1560909321.097][INFO]: [517bc88de16fdd9d7b5734974bd986af] RESPONSE FindElements [ {
   "ELEMENT": "0.6682184883120121-2"
} ]
[1560909321.099][INFO]: [517bc88de16fdd9d7b5734974bd986af] COMMAND IsElementDisplayed {
   "id": "0.6682184883120121-2"
}
[1560909321.099][INFO]: Waiting for pending navigations...
[1560909321.100][INFO]: Done waiting for pending navigations. Status: ok
[1560909321.110][INFO]: Waiting for pending navigations...
[1560909321.113][INFO]: Done waiting for pending navigations. Status: ok
[1560909321.113][INFO]: [517bc88de16fdd9d7b5734974bd986af] RESPONSE IsElementDisplayed true
[1560909321.617][INFO]: [517bc88de16fdd9d7b5734974bd986af] COMMAND FindElements {
   "using": "xpath",
   "value": "//div[@class='di-app-loading-message']"
}
[1560909321.617][INFO]: Waiting for pending navigations...
[1560909321.620][INFO]: Done waiting for pending navigations. Status: ok
[1560909321.634][INFO]: Waiting for pending navigations...
[1560909321.635][INFO]: Done waiting for pending navigations. Status: ok
[1560909321.635][INFO]: [517bc88de16fdd9d7b5734974bd986af] RESPONSE FindElements [ {
   "ELEMENT": "0.6682184883120121-2"
} ]
[1560909321.636][INFO]: [517bc88de16fdd9d7b5734974bd986af] COMMAND IsElementDisplayed {
   "id": "0.6682184883120121-2"
}
[1560909321.636][INFO]: Waiting for pending navigations...
[1560909321.638][INFO]: Done waiting for pending navigations. Status: ok
[1560909321.662][INFO]: Waiting for pending navigations...
[1560909321.666][INFO]: Done waiting for pending navigations. Status: ok
[1560909321.667][INFO]: [517bc88de16fdd9d7b5734974bd986af] RESPONSE IsElementDisplayed true
[1560909322.169][INFO]: [517bc88de16fdd9d7b5734974bd986af] COMMAND FindElements {
   "using": "xpath",
   "value": "//div[@class='di-app-loading-message']"
}
[1560909322.169][INFO]: Waiting for pending navigations...
[1560909322.171][INFO]: Done waiting for pending navigations. Status: ok
[1560909322.180][INFO]: Waiting for pending navigations...
[1560909322.181][INFO]: Done waiting for pending navigations. Status: ok
[1560909322.181][INFO]: [517bc88de16fdd9d7b5734974bd986af] RESPONSE FindElements [ {
   "ELEMENT": "0.6682184883120121-2"
} ]
[1560909322.182][INFO]: [517bc88de16fdd9d7b5734974bd986af] COMMAND IsElementDisplayed {
   "id": "0.6682184883120121-2"
}
[1560909322.182][INFO]: Waiting for pending navigations...
[1560909322.183][INFO]: Done waiting for pending navigations. Status: ok
[1560909322.191][INFO]: Waiting for pending navigations...
[1560909322.194][INFO]: Done waiting for pending navigations. Status: ok
[1560909322.194][INFO]: [517bc88de16fdd9d7b5734974bd986af] RESPONSE IsElementDisplayed true
[1560909322.697][INFO]: [517bc88de16fdd9d7b5734974bd986af] COMMAND FindElements {
   "using": "xpath",
   "value": "//div[@class='di-app-loading-message']"
}
[1560909322.697][INFO]: Waiting for pending navigations...
[1560909322.699][INFO]: Done waiting for pending navigations. Status: ok
[1560909322.716][INFO]: Waiting for pending navigations...
[1560909322.718][INFO]: Done waiting for pending navigations. Status: ok
[1560909322.718][INFO]: [517bc88de16fdd9d7b5734974bd986af] RESPONSE FindElements [ {
   "ELEMENT": "0.6682184883120121-2"
} ]
[1560909322.719][INFO]: [517bc88de16fdd9d7b5734974bd986af] COMMAND IsElementDisplayed {
   "id": "0.6682184883120121-2"
}
[1560909322.719][INFO]: Waiting for pending navigations...
[1560909322.720][INFO]: Done waiting for pending navigations. Status: ok
[1560909322.727][INFO]: Waiting for pending navigations...
[1560909322.729][INFO]: Done waiting for pending navigations. Status: ok
[1560909322.729][INFO]: [517bc88de16fdd9d7b5734974bd986af] RESPONSE IsElementDisplayed true
[1560909323.231][INFO]: [517bc88de16fdd9d7b5734974bd986af] COMMAND FindElements {
   "using": "xpath",
   "value": "//div[@class='di-app-loading-message']"
}
[1560909323.231][INFO]: Waiting for pending navigations...
[1560909323.232][INFO]: Done waiting for pending navigations. Status: ok
[1560909323.241][INFO]: Waiting for pending navigations...
[1560909323.248][INFO]: Done waiting for pending navigations. Status: ok
[1560909323.248][INFO]: [517bc88de16fdd9d7b5734974bd986af] RESPONSE FindElements [ {
   "ELEMENT": "0.6682184883120121-2"
} ]
[1560909323.250][INFO]: [517bc88de16fdd9d7b5734974bd986af] COMMAND IsElementDisplayed {
   "id": "0.6682184883120121-2"
}
[1560909323.250][INFO]: Waiting for pending navigations...
[1560909323.252][INFO]: Done waiting for pending navigations. Status: ok
[1560909323.267][INFO]: Waiting for pending navigations...
[1560909323.269][INFO]: Done waiting for pending navigations. Status: ok
[1560909323.269][INFO]: [517bc88de16fdd9d7b5734974bd986af] RESPONSE IsElementDisplayed true
[1560909323.777][INFO]: [517bc88de16fdd9d7b5734974bd986af] COMMAND FindElements {
   "using": "xpath",
   "value": "//div[@class='di-app-loading-message']"
}
[1560909323.777][INFO]: Waiting for pending navigations...
[1560909323.795][INFO]: Done waiting for pending navigations. Status: ok
[1560909323.879][INFO]: Waiting for pending navigations...
[1560909323.913][INFO]: Done waiting for pending navigations. Status: ok
[1560909323.913][INFO]: [517bc88de16fdd9d7b5734974bd986af] RESPONSE FindElements [ {
   "ELEMENT": "0.6682184883120121-2"
} ]
[1560909323.916][INFO]: [517bc88de16fdd9d7b5734974bd986af] COMMAND IsElementDisplayed {
   "id": "0.6682184883120121-2"
}
[1560909323.916][INFO]: Waiting for pending navigations...
[1560909323.925][INFO]: Done waiting for pending navigations. Status: ok
[1560909323.935][INFO]: Waiting for pending navigations...
[1560909323.980][INFO]: Done waiting for pending navigations. Status: ok
[1560909323.980][INFO]: [517bc88de16fdd9d7b5734974bd986af] RESPONSE IsElementDisplayed true
[1560909324.489][INFO]: [517bc88de16fdd9d7b5734974bd986af] COMMAND FindElements {
   "using": "xpath",
   "value": "//div[@class='di-app-loading-message']"
}
[1560909324.489][INFO]: Waiting for pending navigations...
[1560909324.496][INFO]: Done waiting for pending navigations. Status: ok
[1560909324.514][INFO]: Waiting for pending navigations...
[1560909324.518][INFO]: Done waiting for pending navigations. Status: ok
[1560909324.518][INFO]: [517bc88de16fdd9d7b5734974bd986af] RESPONSE FindElements [ {
   "ELEMENT": "0.6682184883120121-2"
} ]
[1560909324.522][INFO]: [517bc88de16fdd9d7b5734974bd986af] COMMAND IsElementDisplayed {
   "id": "0.6682184883120121-2"
}
[1560909324.523][INFO]: Waiting for pending navigations...
[1560909324.528][INFO]: Done waiting for pending navigations. Status: ok
[1560909324.564][INFO]: Waiting for pending navigations...
[1560909324.566][INFO]: Done waiting for pending navigations. Status: ok
[1560909324.566][INFO]: [517bc88de16fdd9d7b5734974bd986af] RESPONSE IsElementDisplayed true
[1560909325.073][INFO]: [517bc88de16fdd9d7b5734974bd986af] COMMAND FindElements {
   "using": "xpath",
   "value": "//div[@class='di-app-loading-message']"
}
[1560909325.073][INFO]: Waiting for pending navigations...
[1560909325.076][INFO]: Done waiting for pending navigations. Status: ok
[1560909325.091][INFO]: Waiting for pending navigations...
[1560909325.093][INFO]: Done waiting for pending navigations. Status: ok
[1560909325.093][INFO]: [517bc88de16fdd9d7b5734974bd986af] RESPONSE FindElements [ {
   "ELEMENT": "0.6682184883120121-2"
} ]
[1560909325.094][INFO]: [517bc88de16fdd9d7b5734974bd986af] COMMAND IsElementDisplayed {
   "id": "0.6682184883120121-2"
}
[1560909325.094][INFO]: Waiting for pending navigations...
[1560909325.096][INFO]: Done waiting for pending navigations. Status: ok
[1560909325.107][INFO]: Waiting for pending navigations...
[1560909325.109][INFO]: Done waiting for pending navigations. Status: ok
[1560909325.109][INFO]: [517bc88de16fdd9d7b5734974bd986af] RESPONSE IsElementDisplayed true
[1560909325.611][INFO]: [517bc88de16fdd9d7b5734974bd986af] COMMAND FindElements {
   "using": "xpath",
   "value": "//div[@class='di-app-loading-message']"
}
[1560909325.611][INFO]: Waiting for pending navigations...
[1560909325.683][INFO]: Done waiting for pending navigations. Status: ok
[1560909325.725][INFO]: Waiting for pending navigations...
[1560909325.728][INFO]: Done waiting for pending navigations. Status: ok
[1560909325.728][INFO]: [517bc88de16fdd9d7b5734974bd986af] RESPONSE FindElements [  ]
[1560909330.739][INFO]: [517bc88de16fdd9d7b5734974bd986af] COMMAND SetTimeouts {
   "ms": 0,
   "type": "implicit"
}
[1560909330.739][INFO]: [517bc88de16fdd9d7b5734974bd986af] RESPONSE SetTimeouts
[1560909330.746][INFO]: [517bc88de16fdd9d7b5734974bd986af] COMMAND FindElement {
   "using": "xpath",
   "value": "//img[@class='di_county_scans_20']"
}
[1560909330.746][INFO]: Waiting for pending navigations...
[1560909330.748][INFO]: Done waiting for pending navigations. Status: ok
[1560909330.809][INFO]: Waiting for pending navigations...
[1560909330.869][INFO]: Done waiting for pending navigations. Status: ok
[1560909330.869][INFO]: [517bc88de16fdd9d7b5734974bd986af] RESPONSE FindElement {
   "ELEMENT": "0.6682184883120121-3"
}
[1560909330.906][INFO]: [517bc88de16fdd9d7b5734974bd986af] COMMAND SetTimeouts {
   "ms": 0,
   "type": "implicit"
}
[1560909330.906][INFO]: [517bc88de16fdd9d7b5734974bd986af] RESPONSE SetTimeouts
[1560909330.920][INFO]: [517bc88de16fdd9d7b5734974bd986af] COMMAND FindElement {
   "using": "xpath",
   "value": "//span[@title='DI Courthouse 2.0']"
}
[1560909330.920][INFO]: Waiting for pending navigations...
[1560909330.936][INFO]: Done waiting for pending navigations. Status: ok
[1560909330.959][INFO]: Waiting for pending navigations...
[1560909330.961][INFO]: Done waiting for pending navigations. Status: ok
[1560909330.961][INFO]: [517bc88de16fdd9d7b5734974bd986af] RESPONSE FindElement {
   "ELEMENT": "0.6682184883120121-4"
}
[1560909331.964][INFO]: [517bc88de16fdd9d7b5734974bd986af] COMMAND SetTimeouts {
   "ms": 0,
   "type": "implicit"
}
[1560909331.964][INFO]: [517bc88de16fdd9d7b5734974bd986af] RESPONSE SetTimeouts
[1560909331.973][INFO]: [517bc88de16fdd9d7b5734974bd986af] COMMAND FindElement {
   "using": "xpath",
   "value": "//img[@class='di_county_scans_20']"
}
[1560909331.973][INFO]: Waiting for pending navigations...
[1560909331.976][INFO]: Done waiting for pending navigations. Status: ok
[1560909331.994][INFO]: Waiting for pending navigations...
[1560909331.995][INFO]: Done waiting for pending navigations. Status: ok
[1560909331.995][INFO]: [517bc88de16fdd9d7b5734974bd986af] RESPONSE FindElement {
   "ELEMENT": "0.6682184883120121-3"
}
[1560909337.005][INFO]: [517bc88de16fdd9d7b5734974bd986af] COMMAND FindElements {
   "using": "xpath",
   "value": "//img[@class='di_county_scans_20']"
}
[1560909337.005][INFO]: Waiting for pending navigations...
[1560909337.040][INFO]: Done waiting for pending navigations. Status: ok
[1560909337.133][INFO]: Waiting for pending navigations...
[1560909337.134][INFO]: Done waiting for pending navigations. Status: ok
[1560909337.134][INFO]: [517bc88de16fdd9d7b5734974bd986af] RESPONSE FindElements [ {
   "ELEMENT": "0.6682184883120121-3"
} ]
[1560909337.136][INFO]: [517bc88de16fdd9d7b5734974bd986af] COMMAND ClickElement {
   "id": "0.6682184883120121-3"
}
[1560909337.136][INFO]: Waiting for pending navigations...
[1560909337.137][INFO]: Done waiting for pending navigations. Status: ok
[1560909337.505][INFO]: Waiting for pending navigations...
[1560909337.576][INFO]: Done waiting for pending navigations. Status: ok
[1560909337.576][INFO]: [517bc88de16fdd9d7b5734974bd986af] RESPONSE ClickElement
[1560909342.638][INFO]: [517bc88de16fdd9d7b5734974bd986af] COMMAND GetWindows {

}
[1560909342.713][INFO]: [517bc88de16fdd9d7b5734974bd986af] RESPONSE GetWindows [ "CDwindow-DAE54534F10228D47C8242947058DB09", "CDwindow-C7CC9FC24CF60A029987955FB3430EDC" ]
[1560909342.716][INFO]: [517bc88de16fdd9d7b5734974bd986af] COMMAND SwitchToWindow {
   "name": "CDwindow-C7CC9FC24CF60A029987955FB3430EDC"
}
[1560909342.885][INFO]: [517bc88de16fdd9d7b5734974bd986af] RESPONSE SwitchToWindow
[1560909342.887][INFO]: [517bc88de16fdd9d7b5734974bd986af] COMMAND SwitchToWindow {
   "name": "CDwindow-DAE54534F10228D47C8242947058DB09"
}
[1560909342.973][INFO]: [517bc88de16fdd9d7b5734974bd986af] RESPONSE SwitchToWindow
[1560909343.014][INFO]: [517bc88de16fdd9d7b5734974bd986af] COMMAND CloseWindow {

}
[1560909344.630][INFO]: [517bc88de16fdd9d7b5734974bd986af] RESPONSE CloseWindow [ "CDwindow-C7CC9FC24CF60A029987955FB3430EDC" ]
[1560909344.684][INFO]: [517bc88de16fdd9d7b5734974bd986af] COMMAND SwitchToWindow {
   "name": "CDwindow-C7CC9FC24CF60A029987955FB3430EDC"
}
[1560909344.814][INFO]: [517bc88de16fdd9d7b5734974bd986af] RESPONSE SwitchToWindow
[1560909344.835][INFO]: [517bc88de16fdd9d7b5734974bd986af] COMMAND SetTimeouts {
   "ms": 0,
   "type": "implicit"
}
[1560909344.835][INFO]: [517bc88de16fdd9d7b5734974bd986af] RESPONSE SetTimeouts
[1560909344.842][INFO]: [517bc88de16fdd9d7b5734974bd986af] COMMAND FindElement {
   "using": "xpath",
   "value": "//section[@class='row user-container ng-scope']"
}
[1560909344.885][INFO]: resolved localhost to ["::1","127.0.0.1"]
[1560909346.220][INFO]: Waiting for pending navigations...
[1560909346.299][INFO]: Done waiting for pending navigations. Status: ok
[1560909346.334][INFO]: Waiting for pending navigations...
[1560909346.335][INFO]: Done waiting for pending navigations. Status: ok
[1560909346.335][INFO]: [517bc88de16fdd9d7b5734974bd986af] RESPONSE FindElement {
   "ELEMENT": "0.01748002799798698-1"
}
[1560909346.340][INFO]: [517bc88de16fdd9d7b5734974bd986af] COMMAND FindElements {
   "using": "xpath",
   "value": "//span[@class='caret']"
}
[1560909346.340][INFO]: Waiting for pending navigations...
[1560909346.342][INFO]: Done waiting for pending navigations. Status: ok
[1560909346.365][INFO]: Waiting for pending navigations...
[1560909346.366][INFO]: Done waiting for pending navigations. Status: ok
[1560909346.366][INFO]: [517bc88de16fdd9d7b5734974bd986af] RESPONSE FindElements [ {
   "ELEMENT": "0.01748002799798698-2"
} ]
[1560909346.367][INFO]: [517bc88de16fdd9d7b5734974bd986af] COMMAND IsElementDisplayed {
   "id": "0.01748002799798698-2"
}
[1560909346.367][INFO]: Waiting for pending navigations...
[1560909346.368][INFO]: Done waiting for pending navigations. Status: ok
[1560909346.384][INFO]: Waiting for pending navigations...
[1560909346.385][INFO]: Done waiting for pending navigations. Status: ok
[1560909346.385][INFO]: [517bc88de16fdd9d7b5734974bd986af] RESPONSE IsElementDisplayed true
[1560909346.386][INFO]: [517bc88de16fdd9d7b5734974bd986af] COMMAND IsElementEnabled {
   "id": "0.01748002799798698-2"
}
[1560909346.386][INFO]: Waiting for pending navigations...
[1560909346.387][INFO]: Done waiting for pending navigations. Status: ok
[1560909346.405][INFO]: Waiting for pending navigations...
[1560909346.406][INFO]: Done waiting for pending navigations. Status: ok
[1560909346.406][INFO]: [517bc88de16fdd9d7b5734974bd986af] RESPONSE IsElementEnabled true
[1560909346.419][INFO]: [517bc88de16fdd9d7b5734974bd986af] COMMAND FindElements {
   "using": "xpath",
   "value": "//span[@class='caret']"
}
[1560909346.419][INFO]: Waiting for pending navigations...
[1560909346.423][INFO]: Done waiting for pending navigations. Status: ok
[1560909346.432][INFO]: Waiting for pending navigations...
[1560909346.434][INFO]: Done waiting for pending navigations. Status: ok
[1560909346.434][INFO]: [517bc88de16fdd9d7b5734974bd986af] RESPONSE FindElements [ {
   "ELEMENT": "0.01748002799798698-2"
} ]
[1560909346.447][INFO]: [517bc88de16fdd9d7b5734974bd986af] COMMAND ClickElement {
   "id": "0.01748002799798698-2"
}
[1560909346.447][INFO]: Waiting for pending navigations...
[1560909346.453][INFO]: Done waiting for pending navigations. Status: ok
[1560909346.595][INFO]: Waiting for pending navigations...
[1560909346.597][INFO]: Done waiting for pending navigations. Status: ok
[1560909346.597][INFO]: [517bc88de16fdd9d7b5734974bd986af] RESPONSE ClickElement
[1560909346.600][INFO]: [517bc88de16fdd9d7b5734974bd986af] COMMAND SetTimeouts {
   "ms": 0,
   "type": "implicit"
}
[1560909346.600][INFO]: [517bc88de16fdd9d7b5734974bd986af] RESPONSE SetTimeouts
[1560909346.602][INFO]: [517bc88de16fdd9d7b5734974bd986af] COMMAND FindElement {
   "using": "css selector",
   "value": ".caret"
}
[1560909346.602][INFO]: Waiting for pending navigations...
[1560909346.603][INFO]: Done waiting for pending navigations. Status: ok
[1560909346.621][INFO]: Waiting for pending navigations...
[1560909346.622][INFO]: Done waiting for pending navigations. Status: ok
[1560909346.622][INFO]: [517bc88de16fdd9d7b5734974bd986af] RESPONSE FindElement {
   "ELEMENT": "0.01748002799798698-2"
}
[1560909349.629][INFO]: [517bc88de16fdd9d7b5734974bd986af] COMMAND FindElements {
   "using": "css selector",
   "value": "a[href*='users/management']"
}
[1560909349.629][INFO]: Waiting for pending navigations...
[1560909349.720][INFO]: Done waiting for pending navigations. Status: ok
[1560909349.789][INFO]: Waiting for pending navigations...
[1560909349.804][INFO]: Done waiting for pending navigations. Status: ok
[1560909349.804][INFO]: [517bc88de16fdd9d7b5734974bd986af] RESPONSE FindElements [ {
   "ELEMENT": "0.01748002799798698-3"
} ]
[1560909349.813][INFO]: [517bc88de16fdd9d7b5734974bd986af] COMMAND ClickElement {
   "id": "0.01748002799798698-3"
}
[1560909349.813][INFO]: Waiting for pending navigations...
[1560909349.836][INFO]: Done waiting for pending navigations. Status: ok
[1560909350.100][INFO]: Waiting for pending navigations...
[1560909351.965][INFO]: Done waiting for pending navigations. Status: ok
[1560909351.965][INFO]: [517bc88de16fdd9d7b5734974bd986af] RESPONSE ClickElement
[1560909351.976][INFO]: [517bc88de16fdd9d7b5734974bd986af] COMMAND SetTimeouts {
   "ms": 0,
   "type": "implicit"
}
[1560909351.976][INFO]: [517bc88de16fdd9d7b5734974bd986af] RESPONSE SetTimeouts
[1560909352.039][INFO]: [517bc88de16fdd9d7b5734974bd986af] COMMAND FindElement {
   "using": "css selector",
   "value": ".user-grid-company-mgt.ng-scope"
}
[1560909352.039][INFO]: Waiting for pending navigations...
[1560909352.489][INFO]: Done waiting for pending navigations. Status: ok
[1560909352.605][INFO]: Waiting for pending navigations...
[1560909352.697][INFO]: Done waiting for pending navigations. Status: ok
[1560909352.697][INFO]: [517bc88de16fdd9d7b5734974bd986af] RESPONSE FindElement {
   "ELEMENT": "0.01748002799798698-4"
}
[1560909355.735][INFO]: [517bc88de16fdd9d7b5734974bd986af] COMMAND SetTimeouts {
   "ms": 0,
   "type": "implicit"
}
[1560909355.735][INFO]: [517bc88de16fdd9d7b5734974bd986af] RESPONSE SetTimeouts
[1560909355.801][INFO]: [517bc88de16fdd9d7b5734974bd986af] COMMAND FindElement {
   "using": "css selector",
   "value": "input[ng-model='gridOptions.filterOptions.filterText']"
}
[1560909355.801][INFO]: Waiting for pending navigations...
[1560909355.894][INFO]: Done waiting for pending navigations. Status: ok
[1560909355.938][INFO]: Waiting for pending navigations...
[1560909355.942][INFO]: Done waiting for pending navigations. Status: ok
[1560909355.942][INFO]: [517bc88de16fdd9d7b5734974bd986af] RESPONSE FindElement {
   "ELEMENT": "0.01748002799798698-5"
}
[1560909355.951][INFO]: [517bc88de16fdd9d7b5734974bd986af] COMMAND FindElement {
   "using": "css selector",
   "value": "input[ng-model='gridOptions.filterOptions.filterText']"
}
[1560909355.951][INFO]: Waiting for pending navigations...
[1560909355.961][INFO]: Done waiting for pending navigations. Status: ok
[1560909355.975][INFO]: Waiting for pending navigations...
[1560909355.997][INFO]: Done waiting for pending navigations. Status: ok
[1560909355.997][INFO]: [517bc88de16fdd9d7b5734974bd986af] RESPONSE FindElement {
   "ELEMENT": "0.01748002799798698-5"
}
[1560909356.015][INFO]: [517bc88de16fdd9d7b5734974bd986af] COMMAND TypeElement {
   "id": "0.01748002799798698-5",
   "value": [ "12691" ]
}
[1560909356.015][INFO]: Waiting for pending navigations...
[1560909356.028][INFO]: Done waiting for pending navigations. Status: ok
[1560909356.532][INFO]: Waiting for pending navigations...
[1560909356.534][INFO]: Done waiting for pending navigations. Status: ok
[1560909356.534][INFO]: [517bc88de16fdd9d7b5734974bd986af] RESPONSE TypeElement
[1560909356.537][INFO]: [517bc88de16fdd9d7b5734974bd986af] COMMAND FindElements {
   "using": "css selector",
   "value": "div[class='spinner'][role='progressbar']"
}
[1560909356.537][INFO]: Waiting for pending navigations...
[1560909356.547][INFO]: Done waiting for pending navigations. Status: ok
[1560909356.577][INFO]: Waiting for pending navigations...
[1560909356.582][INFO]: Done waiting for pending navigations. Status: ok
[1560909356.582][INFO]: [517bc88de16fdd9d7b5734974bd986af] RESPONSE FindElements [  ]
[1560909358.586][INFO]: [517bc88de16fdd9d7b5734974bd986af] COMMAND SetTimeouts {
   "ms": 0,
   "type": "implicit"
}
[1560909358.586][INFO]: [517bc88de16fdd9d7b5734974bd986af] RESPONSE SetTimeouts
[1560909358.592][INFO]: [517bc88de16fdd9d7b5734974bd986af] COMMAND FindElement {
   "using": "css selector",
   "value": "div[class='ngCellText ng-scope col1 colt1 centerCellHeader']"
}
[1560909358.592][INFO]: Waiting for pending navigations...
[1560909358.593][INFO]: Done waiting for pending navigations. Status: ok
[1560909358.615][INFO]: Waiting for pending navigations...
[1560909358.624][INFO]: Done waiting for pending navigations. Status: ok
[1560909358.624][INFO]: [517bc88de16fdd9d7b5734974bd986af] RESPONSE FindElement {
   "ELEMENT": "0.01748002799798698-6"
}
[1560909358.642][INFO]: [517bc88de16fdd9d7b5734974bd986af] COMMAND FindElement {
   "using": "css selector",
   "value": "div[class='ngCellText ng-scope col1 colt1 centerCellHeader']"
}
[1560909358.642][INFO]: Waiting for pending navigations...
[1560909358.647][INFO]: Done waiting for pending navigations. Status: ok
[1560909358.663][INFO]: Waiting for pending navigations...
[1560909358.664][INFO]: Done waiting for pending navigations. Status: ok
[1560909358.664][INFO]: [517bc88de16fdd9d7b5734974bd986af] RESPONSE FindElement {
   "ELEMENT": "0.01748002799798698-6"
}
[1560909358.665][INFO]: [517bc88de16fdd9d7b5734974bd986af] COMMAND GetElementText {
   "id": "0.01748002799798698-6"
}
[1560909358.665][INFO]: Waiting for pending navigations...
[1560909358.666][INFO]: Done waiting for pending navigations. Status: ok
[1560909358.703][INFO]: Waiting for pending navigations...
[1560909358.707][INFO]: Done waiting for pending navigations. Status: ok
[1560909358.707][INFO]: [517bc88de16fdd9d7b5734974bd986af] RESPONSE GetElementText "12691"
[1560909360.719][INFO]: [517bc88de16fdd9d7b5734974bd986af] COMMAND FindElements {
   "using": "css selector",
   "value": "div[class='ngCellText ng-scope col1 colt1 centerCellHeader']"
}
[1560909360.719][INFO]: Waiting for pending navigations...
[1560909360.728][INFO]: Done waiting for pending navigations. Status: ok
[1560909360.775][INFO]: Waiting for pending navigations...
[1560909360.784][INFO]: Done waiting for pending navigations. Status: ok
[1560909360.784][INFO]: [517bc88de16fdd9d7b5734974bd986af] RESPONSE FindElements [ {
   "ELEMENT": "0.01748002799798698-6"
} ]
[1560909360.790][INFO]: [517bc88de16fdd9d7b5734974bd986af] COMMAND ClickElement {
   "id": "0.01748002799798698-6"
}
[1560909360.790][INFO]: Waiting for pending navigations...
[1560909360.796][INFO]: Done waiting for pending navigations. Status: ok
[1560909361.056][INFO]: Waiting for pending navigations...
[1560909361.134][INFO]: Done waiting for pending navigations. Status: ok
[1560909361.134][INFO]: [517bc88de16fdd9d7b5734974bd986af] RESPONSE ClickElement
[1560909362.146][INFO]: [517bc88de16fdd9d7b5734974bd986af] COMMAND SetTimeouts {
   "ms": 0,
   "type": "implicit"
}
[1560909362.146][INFO]: [517bc88de16fdd9d7b5734974bd986af] RESPONSE SetTimeouts
[1560909362.174][INFO]: [517bc88de16fdd9d7b5734974bd986af] COMMAND FindElement {
   "using": "css selector",
   "value": "select[name='countyType']"
}
[1560909362.174][INFO]: Waiting for pending navigations...
[1560909362.176][INFO]: Done waiting for pending navigations. Status: ok
[1560909362.194][INFO]: Waiting for pending navigations...
[1560909362.195][INFO]: Done waiting for pending navigations. Status: ok
[1560909362.195][INFO]: [517bc88de16fdd9d7b5734974bd986af] RESPONSE FindElement {
   "ELEMENT": "0.01748002799798698-7"
}
[1560909362.198][INFO]: [517bc88de16fdd9d7b5734974bd986af] COMMAND FindElement {
   "using": "css selector",
   "value": "select[name='countyType']"
}
[1560909362.198][INFO]: Waiting for pending navigations...
[1560909362.205][INFO]: Done waiting for pending navigations. Status: ok
[1560909362.214][INFO]: Waiting for pending navigations...
[1560909362.215][INFO]: Done waiting for pending navigations. Status: ok
[1560909362.215][INFO]: [517bc88de16fdd9d7b5734974bd986af] RESPONSE FindElement {
   "ELEMENT": "0.01748002799798698-7"
}
[1560909362.223][INFO]: [517bc88de16fdd9d7b5734974bd986af] COMMAND TypeElement {
   "id": "0.01748002799798698-7",
   "value": [ "Midland maps" ]
}
[1560909362.223][INFO]: Waiting for pending navigations...
[1560909362.224][INFO]: Done waiting for pending navigations. Status: ok
[1560909362.828][INFO]: Waiting for pending navigations...
[1560909362.831][INFO]: Done waiting for pending navigations. Status: ok
[1560909362.831][INFO]: [517bc88de16fdd9d7b5734974bd986af] RESPONSE TypeElement
[1560909365.841][INFO]: [517bc88de16fdd9d7b5734974bd986af] COMMAND SetTimeouts {
   "ms": 0,
   "type": "implicit"
}
[1560909365.841][INFO]: [517bc88de16fdd9d7b5734974bd986af] RESPONSE SetTimeouts
[1560909365.853][INFO]: [517bc88de16fdd9d7b5734974bd986af] COMMAND FindElement {
   "using": "xpath",
   "value": "//option[text()='Midland maps']"
}
[1560909365.853][INFO]: Waiting for pending navigations...
[1560909365.865][INFO]: Done waiting for pending navigations. Status: ok
[1560909365.896][INFO]: Waiting for pending navigations...
[1560909365.902][INFO]: Done waiting for pending navigations. Status: ok
[1560909365.902][INFO]: [517bc88de16fdd9d7b5734974bd986af] RESPONSE FindElement {
   "ELEMENT": "0.01748002799798698-8"
}
[1560909367.933][INFO]: [517bc88de16fdd9d7b5734974bd986af] COMMAND FindElements {
   "using": "xpath",
   "value": "//li[@ng-repeat=\"item in diDataAssigned | filter:searchItemAssign | orderBy:'name'\"][text()='Andrews Midland Maps']"
}
[1560909367.933][INFO]: Waiting for pending navigations...
[1560909367.936][INFO]: Done waiting for pending navigations. Status: ok
[1560909367.969][INFO]: Waiting for pending navigations...
[1560909367.974][INFO]: Done waiting for pending navigations. Status: ok
[1560909367.974][INFO]: [517bc88de16fdd9d7b5734974bd986af] RESPONSE FindElements [ {
   "ELEMENT": "0.01748002799798698-9"
} ]
[1560909367.991][INFO]: [517bc88de16fdd9d7b5734974bd986af] COMMAND ClickElement {
   "id": "0.01748002799798698-9"
}
[1560909367.991][INFO]: Waiting for pending navigations...
[1560909367.996][INFO]: Done waiting for pending navigations. Status: ok
[1560909368.088][INFO]: Waiting for pending navigations...
[1560909368.093][INFO]: Done waiting for pending navigations. Status: ok
[1560909368.093][INFO]: [517bc88de16fdd9d7b5734974bd986af] RESPONSE ClickElement
[1560909368.098][INFO]: [517bc88de16fdd9d7b5734974bd986af] COMMAND SetTimeouts {
   "ms": 0,
   "type": "implicit"
}
[1560909368.098][INFO]: [517bc88de16fdd9d7b5734974bd986af] RESPONSE SetTimeouts
[1560909368.102][INFO]: [517bc88de16fdd9d7b5734974bd986af] COMMAND FindElement {
   "using": "xpath",
   "value": "//li[@ng-repeat=\"item in diDataAssigned | filter:searchItemAssign | orderBy:'name'\"][text()='Andrews Midland Maps']"
}
[1560909368.102][INFO]: Waiting for pending navigations...
[1560909368.104][INFO]: Done waiting for pending navigations. Status: ok
[1560909368.127][INFO]: Waiting for pending navigations...
[1560909368.132][INFO]: Done waiting for pending navigations. Status: ok
[1560909368.132][INFO]: [517bc88de16fdd9d7b5734974bd986af] RESPONSE FindElement {
   "ELEMENT": "0.01748002799798698-9"
}
[1560909370.145][INFO]: [517bc88de16fdd9d7b5734974bd986af] COMMAND FindElements {
   "using": "css selector",
   "value": "div[class='arrowIcon arrowLeft activeArrowLeft']"
}
[1560909370.145][INFO]: Waiting for pending navigations...
[1560909370.147][INFO]: Done waiting for pending navigations. Status: ok
[1560909370.206][INFO]: Waiting for pending navigations...
[1560909370.219][INFO]: Done waiting for pending navigations. Status: ok
[1560909370.219][INFO]: [517bc88de16fdd9d7b5734974bd986af] RESPONSE FindElements [ {
   "ELEMENT": "0.01748002799798698-10"
} ]
[1560909370.239][INFO]: [517bc88de16fdd9d7b5734974bd986af] COMMAND ClickElement {
   "id": "0.01748002799798698-10"
}
[1560909370.240][INFO]: Waiting for pending navigations...
[1560909370.242][INFO]: Done waiting for pending navigations. Status: ok
[1560909370.359][INFO]: Waiting for pending navigations...
[1560909370.361][INFO]: Done waiting for pending navigations. Status: ok
[1560909370.361][INFO]: [517bc88de16fdd9d7b5734974bd986af] RESPONSE ClickElement
[1560909370.364][INFO]: [517bc88de16fdd9d7b5734974bd986af] COMMAND SetTimeouts {
   "ms": 0,
   "type": "implicit"
}
[1560909370.364][INFO]: [517bc88de16fdd9d7b5734974bd986af] RESPONSE SetTimeouts
[1560909370.368][INFO]: [517bc88de16fdd9d7b5734974bd986af] COMMAND FindElement {
   "using": "xpath",
   "value": "//li[@ng-repeat=\"item in diData | filter:searchItem | orderBy:'name'\"][text()='Andrews Midland Maps']"
}
[1560909370.368][INFO]: Waiting for pending navigations...
[1560909370.371][INFO]: Done waiting for pending navigations. Status: ok
[1560909370.397][INFO]: Waiting for pending navigations...
[1560909370.399][INFO]: Done waiting for pending navigations. Status: ok
[1560909370.399][INFO]: [517bc88de16fdd9d7b5734974bd986af] RESPONSE FindElement {
   "ELEMENT": "0.01748002799798698-11"
}
[1560909371.410][INFO]: [517bc88de16fdd9d7b5734974bd986af] COMMAND FindElements {
   "using": "css selector",
   "value": "button[ng-click='save()']"
}
[1560909371.410][INFO]: Waiting for pending navigations...
[1560909371.411][INFO]: Done waiting for pending navigations. Status: ok
[1560909371.429][INFO]: Waiting for pending navigations...
[1560909371.432][INFO]: Done waiting for pending navigations. Status: ok
[1560909371.432][INFO]: [517bc88de16fdd9d7b5734974bd986af] RESPONSE FindElements [ {
   "ELEMENT": "0.01748002799798698-12"
} ]
[1560909371.450][INFO]: [517bc88de16fdd9d7b5734974bd986af] COMMAND ClickElement {
   "id": "0.01748002799798698-12"
}
[1560909371.450][INFO]: Waiting for pending navigations...
[1560909371.452][INFO]: Done waiting for pending navigations. Status: ok
[1560909371.593][INFO]: Waiting for pending navigations...
[1560909371.619][INFO]: Done waiting for pending navigations. Status: ok
[1560909371.619][INFO]: [517bc88de16fdd9d7b5734974bd986af] RESPONSE ClickElement
[1560909371.623][INFO]: [517bc88de16fdd9d7b5734974bd986af] COMMAND SetTimeouts {
   "ms": 0,
   "type": "implicit"
}
[1560909371.623][INFO]: [517bc88de16fdd9d7b5734974bd986af] RESPONSE SetTimeouts
[1560909371.624][INFO]: [517bc88de16fdd9d7b5734974bd986af] COMMAND FindElement {
   "using": "xpath",
   "value": "//div[contains(text(),'The new changes have been successfully applied.')]"
}
[1560909371.624][INFO]: Waiting for pending navigations...
[1560909371.626][INFO]: Done waiting for pending navigations. Status: ok
[1560909371.654][INFO]: Waiting for pending navigations...
[1560909371.657][INFO]: Done waiting for pending navigations. Status: ok
[1560909371.657][INFO]: [517bc88de16fdd9d7b5734974bd986af] RESPONSE FindElement ERROR no such element: Unable to locate element: {"method":"xpath","selector":"//div[contains(text(),'The new changes have been successfully applied.')]"}
  (Session info: chrome=74.0.3729.169)
[1560909372.159][INFO]: [517bc88de16fdd9d7b5734974bd986af] COMMAND SetTimeouts {
   "ms": 0,
   "type": "implicit"
}
[1560909372.159][INFO]: [517bc88de16fdd9d7b5734974bd986af] RESPONSE SetTimeouts
[1560909372.162][INFO]: [517bc88de16fdd9d7b5734974bd986af] COMMAND FindElement {
   "using": "xpath",
   "value": "//div[contains(text(),'The new changes have been successfully applied.')]"
}
[1560909372.162][INFO]: Waiting for pending navigations...
[1560909372.163][INFO]: Done waiting for pending navigations. Status: ok
[1560909372.185][INFO]: Waiting for pending navigations...
[1560909372.186][INFO]: Done waiting for pending navigations. Status: ok
[1560909372.186][INFO]: [517bc88de16fdd9d7b5734974bd986af] RESPONSE FindElement ERROR no such element: Unable to locate element: {"method":"xpath","selector":"//div[contains(text(),'The new changes have been successfully applied.')]"}
  (Session info: chrome=74.0.3729.169)
[1560909372.696][INFO]: [517bc88de16fdd9d7b5734974bd986af] COMMAND SetTimeouts {
   "ms": 0,
   "type": "implicit"
}
[1560909372.696][INFO]: [517bc88de16fdd9d7b5734974bd986af] RESPONSE SetTimeouts
[1560909372.702][INFO]: [517bc88de16fdd9d7b5734974bd986af] COMMAND FindElement {
   "using": "xpath",
   "value": "//div[contains(text(),'The new changes have been successfully applied.')]"
}
[1560909372.702][INFO]: Waiting for pending navigations...
[1560909372.770][INFO]: Done waiting for pending navigations. Status: ok
[1560909372.794][INFO]: Waiting for pending navigations...
[1560909372.796][INFO]: Done waiting for pending navigations. Status: ok
[1560909372.796][INFO]: [517bc88de16fdd9d7b5734974bd986af] RESPONSE FindElement {
   "ELEMENT": "0.01748002799798698-13"
}
09365.873][INFO]: Waiting for pending navigations...
[1560909365.896][INFO]: Done waiting for pending navigations. Status: ok
[1560909365.926][INFO]: Waiting for pending navigations...
[1560909365.944][INFO]: Done waiting for pending navigations. Status: ok
[1560909365.944][INFO]: [9411c3034473ed8424200790150e65e8] RESPONSE FindElement {
   "ELEMENT": "0.820272508874101-14"
}
[1560909365.953][INFO]: [9411c3034473ed8424200790150e65e8] COMMAND GetElementText {
   "id": "0.820272508874101-14"
}
[1560909365.954][INFO]: Waiting for pending navigations...
[1560909365.956][INFO]: Done waiting for pending navigations. Status: ok
[1560909365.995][INFO]: Waiting for pending navigations...
[1560909365.997][INFO]: Done waiting for pending navigations. Status: ok
[1560909365.997][INFO]: [9411c3034473ed8424200790150e65e8] RESPONSE GetElementText "3"
[1560909366.005][INFO]: [9411c3034473ed8424200790150e65e8] COMMAND Screenshot {

}
[1560909366.005][INFO]: Waiting for pending navigations...
[1560909366.008][INFO]: Done waiting for pending navigations. Status: ok
[1560909366.526][INFO]: Waiting for pending navigations...
[1560909366.551][INFO]: Done waiting for pending navigations. Status: ok
[1560909366.551][INFO]: [9411c3034473ed8424200790150e65e8] RESPONSE Screenshot "iVBORw0KGgoAAAANSUhEUgAABVYAAAJlCAYAAAAxcKmfAAAAAXNSR0IArs4c6QAAIABJREFUeJzs3Xt81IWd7//33HLjIhAJkIRLBILcQgIRlJsCSoRVabstZbusnoi7bZVF2br92eXyOA/Ettu1BVna7dkVs1p2j8UeK9oFgySIEBQIBSJeEi7hknBJCAKS21x/f..."
[1560909366.604][INFO]: [9411c3034473ed8424200790150e65e8] COMMAND Quit {

}
[1560909371.879][INFO]: [9411c3034473ed8424200790150e65e8] RESPONSE Quit
